[0.016s] Invoking command in '/home/gdtr/ros2/colcon_mk/build/plumbing_interface_demo': CMAKE_PREFIX_PATH=${CMAKE_PREFIX_PATH}:/home/gdtr/ros2/colcon_mk/install/topic_demo_py:/home/gdtr/ros2/colcon_mk/install/action_demo_py:/opt/ros/rolling /usr/bin/cmake --build /home/gdtr/ros2/colcon_mk/build/plumbing_interface_demo -- -j8 -l8
[0.077s] [  1%] Built target plumbing_interface_demo__cpp
[0.082s] [ 12%] Built target plumbing_interface_demo__rosidl_generator_c
[0.084s] [ 15%] Built target plumbing_interface_node
[0.097s] [ 15%] Built target ament_cmake_python_copy_plumbing_interface_demo
[0.114s] [ 26%] Built target plumbing_interface_demo__rosidl_typesupport_cpp
[0.117s] [ 36%] Built target plumbing_interface_demo__rosidl_typesupport_fastrtps_cpp
[0.118s] [ 47%] Built target plumbing_interface_demo__rosidl_typesupport_c
[0.120s] [ 58%] Built target plumbing_interface_demo__rosidl_typesupport_introspection_c
[0.126s] [ 69%] Built target plumbing_interface_demo__rosidl_typesupport_introspection_cpp
[0.129s] [ 80%] Built target plumbing_interface_demo__rosidl_typesupport_fastrtps_c
[0.153s] [ 80%] Built target plumbing_interface_demo
[0.175s] [ 81%] Built target plumbing_interface_demo__py
[0.200s] [ 90%] Built target plumbing_interface_demo__rosidl_generator_py
[0.233s] [ 93%] Built target plumbing_interface_demo__rosidl_typesupport_introspection_c__pyext
[0.233s] [ 96%] Built target plumbing_interface_demo__rosidl_typesupport_fastrtps_c__pyext
[0.234s] [100%] Built target plumbing_interface_demo__rosidl_typesupport_c__pyext
[0.469s] running egg_info
[0.471s] writing plumbing_interface_demo.egg-info/PKG-INFO
[0.471s] writing dependency_links to plumbing_interface_demo.egg-info/dependency_links.txt
[0.471s] writing top-level names to plumbing_interface_demo.egg-info/top_level.txt
[0.474s] reading manifest file 'plumbing_interface_demo.egg-info/SOURCES.txt'
[0.475s] writing manifest file 'plumbing_interface_demo.egg-info/SOURCES.txt'
[0.529s] [100%] Built target ament_cmake_python_build_plumbing_interface_demo_egg
[0.561s] Invoked command in '/home/gdtr/ros2/colcon_mk/build/plumbing_interface_demo' returned '0': CMAKE_PREFIX_PATH=${CMAKE_PREFIX_PATH}:/home/gdtr/ros2/colcon_mk/install/topic_demo_py:/home/gdtr/ros2/colcon_mk/install/action_demo_py:/opt/ros/rolling /usr/bin/cmake --build /home/gdtr/ros2/colcon_mk/build/plumbing_interface_demo -- -j8 -l8
[0.793s] Invoking command in '/home/gdtr/ros2/colcon_mk/build/plumbing_interface_demo': CMAKE_PREFIX_PATH=${CMAKE_PREFIX_PATH}:/home/gdtr/ros2/colcon_mk/install/topic_demo_py:/home/gdtr/ros2/colcon_mk/install/action_demo_py:/opt/ros/rolling /usr/bin/cmake --install /home/gdtr/ros2/colcon_mk/build/plumbing_interface_demo
[0.801s] -- Install configuration: ""
[0.801s] -- Up-to-date: /home/gdtr/ros2/colcon_mk/install/plumbing_interface_demo/share/ament_index/resource_index/rosidl_interfaces/plumbing_interface_demo
[0.801s] -- Up-to-date: /home/gdtr/ros2/colcon_mk/install/plumbing_interface_demo/include/plumbing_interface_demo/plumbing_interface_demo
[0.802s] -- Up-to-date: /home/gdtr/ros2/colcon_mk/install/plumbing_interface_demo/include/plumbing_interface_demo/plumbing_interface_demo/msg
[0.802s] -- Up-to-date: /home/gdtr/ros2/colcon_mk/install/plumbing_interface_demo/include/plumbing_interface_demo/plumbing_interface_demo/msg/rosidl_generator_c__visibility_control.h
[0.802s] -- Up-to-date: /home/gdtr/ros2/colcon_mk/install/plumbing_interface_demo/include/plumbing_interface_demo/plumbing_interface_demo/msg/detail
[0.802s] -- Up-to-date: /home/gdtr/ros2/colcon_mk/install/plumbing_interface_demo/include/plumbing_interface_demo/plumbing_interface_demo/msg/detail/custom_msg__functions.h
[0.802s] -- Up-to-date: /home/gdtr/ros2/colcon_mk/install/plumbing_interface_demo/include/plumbing_interface_demo/plumbing_interface_demo/msg/detail/custom_msg__functions.c
[0.803s] -- Up-to-date: /home/gdtr/ros2/colcon_mk/install/plumbing_interface_demo/include/plumbing_interface_demo/plumbing_interface_demo/msg/detail/custom_msg__struct.h
[0.803s] -- Up-to-date: /home/gdtr/ros2/colcon_mk/install/plumbing_interface_demo/include/plumbing_interface_demo/plumbing_interface_demo/msg/detail/custom_msg__type_support.h
[0.803s] -- Up-to-date: /home/gdtr/ros2/colcon_mk/install/plumbing_interface_demo/include/plumbing_interface_demo/plumbing_interface_demo/msg/custom_msg.h
[0.803s] -- Up-to-date: /home/gdtr/ros2/colcon_mk/install/plumbing_interface_demo/include/plumbing_interface_demo/plumbing_interface_demo/action
[0.803s] -- Up-to-date: /home/gdtr/ros2/colcon_mk/install/plumbing_interface_demo/include/plumbing_interface_demo/plumbing_interface_demo/action/action_msg.h
[0.803s] -- Up-to-date: /home/gdtr/ros2/colcon_mk/install/plumbing_interface_demo/include/plumbing_interface_demo/plumbing_interface_demo/action/action_exercise.h
[0.803s] -- Up-to-date: /home/gdtr/ros2/colcon_mk/install/plumbing_interface_demo/include/plumbing_interface_demo/plumbing_interface_demo/action/detail
[0.804s] -- Up-to-date: /home/gdtr/ros2/colcon_mk/install/plumbing_interface_demo/include/plumbing_interface_demo/plumbing_interface_demo/action/detail/action_msg__functions.h
[0.804s] -- Up-to-date: /home/gdtr/ros2/colcon_mk/install/plumbing_interface_demo/include/plumbing_interface_demo/plumbing_interface_demo/action/detail/action_msg__type_support.h
[0.804s] -- Up-to-date: /home/gdtr/ros2/colcon_mk/install/plumbing_interface_demo/include/plumbing_interface_demo/plumbing_interface_demo/action/detail/action_msg__struct.h
[0.804s] -- Up-to-date: /home/gdtr/ros2/colcon_mk/install/plumbing_interface_demo/include/plumbing_interface_demo/plumbing_interface_demo/action/detail/action_exercise__functions.h
[0.804s] -- Up-to-date: /home/gdtr/ros2/colcon_mk/install/plumbing_interface_demo/include/plumbing_interface_demo/plumbing_interface_demo/action/detail/action_msg__functions.c
[0.805s] -- Up-to-date: /home/gdtr/ros2/colcon_mk/install/plumbing_interface_demo/include/plumbing_interface_demo/plumbing_interface_demo/action/detail/action_exercise__functions.c
[0.805s] -- Up-to-date: /home/gdtr/ros2/colcon_mk/install/plumbing_interface_demo/include/plumbing_interface_demo/plumbing_interface_demo/action/detail/action_exercise__struct.h
[0.805s] -- Up-to-date: /home/gdtr/ros2/colcon_mk/install/plumbing_interface_demo/include/plumbing_interface_demo/plumbing_interface_demo/action/detail/action_exercise__type_support.h
[0.805s] -- Up-to-date: /home/gdtr/ros2/colcon_mk/install/plumbing_interface_demo/include/plumbing_interface_demo/plumbing_interface_demo/srv
[0.805s] -- Up-to-date: /home/gdtr/ros2/colcon_mk/install/plumbing_interface_demo/include/plumbing_interface_demo/plumbing_interface_demo/srv/service_msg.h
[0.806s] -- Up-to-date: /home/gdtr/ros2/colcon_mk/install/plumbing_interface_demo/include/plumbing_interface_demo/plumbing_interface_demo/srv/service_exercise.h
[0.806s] -- Up-to-date: /home/gdtr/ros2/colcon_mk/install/plumbing_interface_demo/include/plumbing_interface_demo/plumbing_interface_demo/srv/detail
[0.806s] -- Up-to-date: /home/gdtr/ros2/colcon_mk/install/plumbing_interface_demo/include/plumbing_interface_demo/plumbing_interface_demo/srv/detail/service_exercise__struct.h
[0.806s] -- Up-to-date: /home/gdtr/ros2/colcon_mk/install/plumbing_interface_demo/include/plumbing_interface_demo/plumbing_interface_demo/srv/detail/service_exercise__functions.c
[0.806s] -- Up-to-date: /home/gdtr/ros2/colcon_mk/install/plumbing_interface_demo/include/plumbing_interface_demo/plumbing_interface_demo/srv/detail/service_msg__functions.h
[0.806s] -- Up-to-date: /home/gdtr/ros2/colcon_mk/install/plumbing_interface_demo/include/plumbing_interface_demo/plumbing_interface_demo/srv/detail/service_msg__functions.c
[0.807s] -- Up-to-date: /home/gdtr/ros2/colcon_mk/install/plumbing_interface_demo/include/plumbing_interface_demo/plumbing_interface_demo/srv/detail/service_exercise__functions.h
[0.807s] -- Up-to-date: /home/gdtr/ros2/colcon_mk/install/plumbing_interface_demo/include/plumbing_interface_demo/plumbing_interface_demo/srv/detail/service_msg__type_support.h
[0.807s] -- Up-to-date: /home/gdtr/ros2/colcon_mk/install/plumbing_interface_demo/include/plumbing_interface_demo/plumbing_interface_demo/srv/detail/service_exercise__type_support.h
[0.807s] -- Up-to-date: /home/gdtr/ros2/colcon_mk/install/plumbing_interface_demo/include/plumbing_interface_demo/plumbing_interface_demo/srv/detail/service_msg__struct.h
[0.807s] -- Up-to-date: /home/gdtr/ros2/colcon_mk/install/plumbing_interface_demo/share/plumbing_interface_demo/environment/library_path.sh
[0.808s] -- Up-to-date: /home/gdtr/ros2/colcon_mk/install/plumbing_interface_demo/share/plumbing_interface_demo/environment/library_path.dsv
[0.808s] -- Up-to-date: /home/gdtr/ros2/colcon_mk/install/plumbing_interface_demo/lib/libplumbing_interface_demo__rosidl_generator_c.so
[0.808s] -- Up-to-date: /home/gdtr/ros2/colcon_mk/install/plumbing_interface_demo/include/plumbing_interface_demo/plumbing_interface_demo
[0.808s] -- Up-to-date: /home/gdtr/ros2/colcon_mk/install/plumbing_interface_demo/include/plumbing_interface_demo/plumbing_interface_demo/msg
[0.808s] -- Up-to-date: /home/gdtr/ros2/colcon_mk/install/plumbing_interface_demo/include/plumbing_interface_demo/plumbing_interface_demo/msg/rosidl_typesupport_fastrtps_c__visibility_control.h
[0.808s] -- Up-to-date: /home/gdtr/ros2/colcon_mk/install/plumbing_interface_demo/include/plumbing_interface_demo/plumbing_interface_demo/msg/detail
[0.808s] -- Up-to-date: /home/gdtr/ros2/colcon_mk/install/plumbing_interface_demo/include/plumbing_interface_demo/plumbing_interface_demo/msg/detail/custom_msg__rosidl_typesupport_fastrtps_c.h
[0.809s] -- Up-to-date: /home/gdtr/ros2/colcon_mk/install/plumbing_interface_demo/include/plumbing_interface_demo/plumbing_interface_demo/action
[0.809s] -- Up-to-date: /home/gdtr/ros2/colcon_mk/install/plumbing_interface_demo/include/plumbing_interface_demo/plumbing_interface_demo/action/detail
[0.809s] -- Up-to-date: /home/gdtr/ros2/colcon_mk/install/plumbing_interface_demo/include/plumbing_interface_demo/plumbing_interface_demo/action/detail/action_msg__rosidl_typesupport_fastrtps_c.h
[0.809s] -- Up-to-date: /home/gdtr/ros2/colcon_mk/install/plumbing_interface_demo/include/plumbing_interface_demo/plumbing_interface_demo/action/detail/action_exercise__rosidl_typesupport_fastrtps_c.h
[0.809s] -- Up-to-date: /home/gdtr/ros2/colcon_mk/install/plumbing_interface_demo/include/plumbing_interface_demo/plumbing_interface_demo/srv
[0.810s] -- Up-to-date: /home/gdtr/ros2/colcon_mk/install/plumbing_interface_demo/include/plumbing_interface_demo/plumbing_interface_demo/srv/detail
[0.810s] -- Up-to-date: /home/gdtr/ros2/colcon_mk/install/plumbing_interface_demo/include/plumbing_interface_demo/plumbing_interface_demo/srv/detail/service_msg__rosidl_typesupport_fastrtps_c.h
[0.810s] -- Up-to-date: /home/gdtr/ros2/colcon_mk/install/plumbing_interface_demo/include/plumbing_interface_demo/plumbing_interface_demo/srv/detail/service_exercise__rosidl_typesupport_fastrtps_c.h
[0.810s] -- Up-to-date: /home/gdtr/ros2/colcon_mk/install/plumbing_interface_demo/lib/libplumbing_interface_demo__rosidl_typesupport_fastrtps_c.so
[0.810s] -- Up-to-date: /home/gdtr/ros2/colcon_mk/install/plumbing_interface_demo/include/plumbing_interface_demo/plumbing_interface_demo
[0.810s] -- Up-to-date: /home/gdtr/ros2/colcon_mk/install/plumbing_interface_demo/include/plumbing_interface_demo/plumbing_interface_demo/msg
[0.811s] -- Up-to-date: /home/gdtr/ros2/colcon_mk/install/plumbing_interface_demo/include/plumbing_interface_demo/plumbing_interface_demo/msg/custom_msg.hpp
[0.811s] -- Up-to-date: /home/gdtr/ros2/colcon_mk/install/plumbing_interface_demo/include/plumbing_interface_demo/plumbing_interface_demo/msg/detail
[0.811s] -- Up-to-date: /home/gdtr/ros2/colcon_mk/install/plumbing_interface_demo/include/plumbing_interface_demo/plumbing_interface_demo/msg/detail/custom_msg__struct.hpp
[0.811s] -- Up-to-date: /home/gdtr/ros2/colcon_mk/install/plumbing_interface_demo/include/plumbing_interface_demo/plumbing_interface_demo/msg/detail/custom_msg__traits.hpp
[0.811s] -- Up-to-date: /home/gdtr/ros2/colcon_mk/install/plumbing_interface_demo/include/plumbing_interface_demo/plumbing_interface_demo/msg/detail/custom_msg__builder.hpp
[0.811s] -- Up-to-date: /home/gdtr/ros2/colcon_mk/install/plumbing_interface_demo/include/plumbing_interface_demo/plumbing_interface_demo/action
[0.812s] -- Up-to-date: /home/gdtr/ros2/colcon_mk/install/plumbing_interface_demo/include/plumbing_interface_demo/plumbing_interface_demo/action/action_msg.hpp
[0.812s] -- Up-to-date: /home/gdtr/ros2/colcon_mk/install/plumbing_interface_demo/include/plumbing_interface_demo/plumbing_interface_demo/action/action_exercise.hpp
[0.812s] -- Up-to-date: /home/gdtr/ros2/colcon_mk/install/plumbing_interface_demo/include/plumbing_interface_demo/plumbing_interface_demo/action/detail
[0.812s] -- Up-to-date: /home/gdtr/ros2/colcon_mk/install/plumbing_interface_demo/include/plumbing_interface_demo/plumbing_interface_demo/action/detail/action_exercise__traits.hpp
[0.812s] -- Up-to-date: /home/gdtr/ros2/colcon_mk/install/plumbing_interface_demo/include/plumbing_interface_demo/plumbing_interface_demo/action/detail/action_exercise__builder.hpp
[0.812s] -- Up-to-date: /home/gdtr/ros2/colcon_mk/install/plumbing_interface_demo/include/plumbing_interface_demo/plumbing_interface_demo/action/detail/action_msg__builder.hpp
[0.813s] -- Up-to-date: /home/gdtr/ros2/colcon_mk/install/plumbing_interface_demo/include/plumbing_interface_demo/plumbing_interface_demo/action/detail/action_exercise__struct.hpp
[0.813s] -- Up-to-date: /home/gdtr/ros2/colcon_mk/install/plumbing_interface_demo/include/plumbing_interface_demo/plumbing_interface_demo/action/detail/action_msg__traits.hpp
[0.813s] -- Up-to-date: /home/gdtr/ros2/colcon_mk/install/plumbing_interface_demo/include/plumbing_interface_demo/plumbing_interface_demo/action/detail/action_msg__struct.hpp
[0.813s] -- Up-to-date: /home/gdtr/ros2/colcon_mk/install/plumbing_interface_demo/include/plumbing_interface_demo/plumbing_interface_demo/srv
[0.813s] -- Up-to-date: /home/gdtr/ros2/colcon_mk/install/plumbing_interface_demo/include/plumbing_interface_demo/plumbing_interface_demo/srv/service_exercise.hpp
[0.813s] -- Up-to-date: /home/gdtr/ros2/colcon_mk/install/plumbing_interface_demo/include/plumbing_interface_demo/plumbing_interface_demo/srv/service_msg.hpp
[0.813s] -- Up-to-date: /home/gdtr/ros2/colcon_mk/install/plumbing_interface_demo/include/plumbing_interface_demo/plumbing_interface_demo/srv/detail
[0.813s] -- Up-to-date: /home/gdtr/ros2/colcon_mk/install/plumbing_interface_demo/include/plumbing_interface_demo/plumbing_interface_demo/srv/detail/service_exercise__struct.hpp
[0.813s] -- Up-to-date: /home/gdtr/ros2/colcon_mk/install/plumbing_interface_demo/include/plumbing_interface_demo/plumbing_interface_demo/srv/detail/service_exercise__traits.hpp
[0.814s] -- Up-to-date: /home/gdtr/ros2/colcon_mk/install/plumbing_interface_demo/include/plumbing_interface_demo/plumbing_interface_demo/srv/detail/service_msg__builder.hpp
[0.814s] -- Up-to-date: /home/gdtr/ros2/colcon_mk/install/plumbing_interface_demo/include/plumbing_interface_demo/plumbing_interface_demo/srv/detail/service_msg__struct.hpp
[0.814s] -- Up-to-date: /home/gdtr/ros2/colcon_mk/install/plumbing_interface_demo/include/plumbing_interface_demo/plumbing_interface_demo/srv/detail/service_exercise__builder.hpp
[0.814s] -- Up-to-date: /home/gdtr/ros2/colcon_mk/install/plumbing_interface_demo/include/plumbing_interface_demo/plumbing_interface_demo/srv/detail/service_msg__traits.hpp
[0.814s] -- Up-to-date: /home/gdtr/ros2/colcon_mk/install/plumbing_interface_demo/include/plumbing_interface_demo/plumbing_interface_demo
[0.814s] -- Up-to-date: /home/gdtr/ros2/colcon_mk/install/plumbing_interface_demo/include/plumbing_interface_demo/plumbing_interface_demo/msg
[0.814s] -- Up-to-date: /home/gdtr/ros2/colcon_mk/install/plumbing_interface_demo/include/plumbing_interface_demo/plumbing_interface_demo/msg/rosidl_typesupport_fastrtps_cpp__visibility_control.h
[0.814s] -- Up-to-date: /home/gdtr/ros2/colcon_mk/install/plumbing_interface_demo/include/plumbing_interface_demo/plumbing_interface_demo/msg/detail
[0.815s] -- Up-to-date: /home/gdtr/ros2/colcon_mk/install/plumbing_interface_demo/include/plumbing_interface_demo/plumbing_interface_demo/msg/detail/custom_msg__rosidl_typesupport_fastrtps_cpp.hpp
[0.815s] -- Up-to-date: /home/gdtr/ros2/colcon_mk/install/plumbing_interface_demo/include/plumbing_interface_demo/plumbing_interface_demo/msg/detail/dds_fastrtps
[0.815s] -- Up-to-date: /home/gdtr/ros2/colcon_mk/install/plumbing_interface_demo/include/plumbing_interface_demo/plumbing_interface_demo/action
[0.815s] -- Up-to-date: /home/gdtr/ros2/colcon_mk/install/plumbing_interface_demo/include/plumbing_interface_demo/plumbing_interface_demo/action/detail
[0.815s] -- Up-to-date: /home/gdtr/ros2/colcon_mk/install/plumbing_interface_demo/include/plumbing_interface_demo/plumbing_interface_demo/action/detail/action_exercise__rosidl_typesupport_fastrtps_cpp.hpp
[0.815s] -- Up-to-date: /home/gdtr/ros2/colcon_mk/install/plumbing_interface_demo/include/plumbing_interface_demo/plumbing_interface_demo/action/detail/action_msg__rosidl_typesupport_fastrtps_cpp.hpp
[0.815s] -- Up-to-date: /home/gdtr/ros2/colcon_mk/install/plumbing_interface_demo/include/plumbing_interface_demo/plumbing_interface_demo/action/detail/dds_fastrtps
[0.815s] -- Up-to-date: /home/gdtr/ros2/colcon_mk/install/plumbing_interface_demo/include/plumbing_interface_demo/plumbing_interface_demo/srv
[0.816s] -- Up-to-date: /home/gdtr/ros2/colcon_mk/install/plumbing_interface_demo/include/plumbing_interface_demo/plumbing_interface_demo/srv/detail
[0.816s] -- Up-to-date: /home/gdtr/ros2/colcon_mk/install/plumbing_interface_demo/include/plumbing_interface_demo/plumbing_interface_demo/srv/detail/service_msg__rosidl_typesupport_fastrtps_cpp.hpp
[0.816s] -- Up-to-date: /home/gdtr/ros2/colcon_mk/install/plumbing_interface_demo/include/plumbing_interface_demo/plumbing_interface_demo/srv/detail/dds_fastrtps
[0.816s] -- Up-to-date: /home/gdtr/ros2/colcon_mk/install/plumbing_interface_demo/include/plumbing_interface_demo/plumbing_interface_demo/srv/detail/service_exercise__rosidl_typesupport_fastrtps_cpp.hpp
[0.816s] -- Up-to-date: /home/gdtr/ros2/colcon_mk/install/plumbing_interface_demo/lib/libplumbing_interface_demo__rosidl_typesupport_fastrtps_cpp.so
[0.816s] -- Up-to-date: /home/gdtr/ros2/colcon_mk/install/plumbing_interface_demo/include/plumbing_interface_demo/plumbing_interface_demo
[0.816s] -- Up-to-date: /home/gdtr/ros2/colcon_mk/install/plumbing_interface_demo/include/plumbing_interface_demo/plumbing_interface_demo/msg
[0.816s] -- Up-to-date: /home/gdtr/ros2/colcon_mk/install/plumbing_interface_demo/include/plumbing_interface_demo/plumbing_interface_demo/msg/rosidl_typesupport_introspection_c__visibility_control.h
[0.816s] -- Up-to-date: /home/gdtr/ros2/colcon_mk/install/plumbing_interface_demo/include/plumbing_interface_demo/plumbing_interface_demo/msg/detail
[0.817s] -- Up-to-date: /home/gdtr/ros2/colcon_mk/install/plumbing_interface_demo/include/plumbing_interface_demo/plumbing_interface_demo/msg/detail/custom_msg__rosidl_typesupport_introspection_c.h
[0.817s] -- Up-to-date: /home/gdtr/ros2/colcon_mk/install/plumbing_interface_demo/include/plumbing_interface_demo/plumbing_interface_demo/msg/detail/custom_msg__type_support.c
[0.817s] -- Up-to-date: /home/gdtr/ros2/colcon_mk/install/plumbing_interface_demo/include/plumbing_interface_demo/plumbing_interface_demo/action
[0.817s] -- Up-to-date: /home/gdtr/ros2/colcon_mk/install/plumbing_interface_demo/include/plumbing_interface_demo/plumbing_interface_demo/action/detail
[0.817s] -- Up-to-date: /home/gdtr/ros2/colcon_mk/install/plumbing_interface_demo/include/plumbing_interface_demo/plumbing_interface_demo/action/detail/action_msg__type_support.c
[0.817s] -- Up-to-date: /home/gdtr/ros2/colcon_mk/install/plumbing_interface_demo/include/plumbing_interface_demo/plumbing_interface_demo/action/detail/action_exercise__rosidl_typesupport_introspection_c.h
[0.817s] -- Up-to-date: /home/gdtr/ros2/colcon_mk/install/plumbing_interface_demo/include/plumbing_interface_demo/plumbing_interface_demo/action/detail/action_msg__rosidl_typesupport_introspection_c.h
[0.817s] -- Up-to-date: /home/gdtr/ros2/colcon_mk/install/plumbing_interface_demo/include/plumbing_interface_demo/plumbing_interface_demo/action/detail/action_exercise__type_support.c
[0.817s] -- Up-to-date: /home/gdtr/ros2/colcon_mk/install/plumbing_interface_demo/include/plumbing_interface_demo/plumbing_interface_demo/srv
[0.818s] -- Up-to-date: /home/gdtr/ros2/colcon_mk/install/plumbing_interface_demo/include/plumbing_interface_demo/plumbing_interface_demo/srv/detail
[0.818s] -- Up-to-date: /home/gdtr/ros2/colcon_mk/install/plumbing_interface_demo/include/plumbing_interface_demo/plumbing_interface_demo/srv/detail/service_msg__type_support.c
[0.818s] -- Up-to-date: /home/gdtr/ros2/colcon_mk/install/plumbing_interface_demo/include/plumbing_interface_demo/plumbing_interface_demo/srv/detail/service_msg__rosidl_typesupport_introspection_c.h
[0.818s] -- Up-to-date: /home/gdtr/ros2/colcon_mk/install/plumbing_interface_demo/include/plumbing_interface_demo/plumbing_interface_demo/srv/detail/service_exercise__type_support.c
[0.818s] -- Up-to-date: /home/gdtr/ros2/colcon_mk/install/plumbing_interface_demo/include/plumbing_interface_demo/plumbing_interface_demo/srv/detail/service_exercise__rosidl_typesupport_introspection_c.h
[0.818s] -- Up-to-date: /home/gdtr/ros2/colcon_mk/install/plumbing_interface_demo/lib/libplumbing_interface_demo__rosidl_typesupport_introspection_c.so
[0.818s] -- Up-to-date: /home/gdtr/ros2/colcon_mk/install/plumbing_interface_demo/lib/libplumbing_interface_demo__rosidl_typesupport_c.so
[0.818s] -- Up-to-date: /home/gdtr/ros2/colcon_mk/install/plumbing_interface_demo/include/plumbing_interface_demo/plumbing_interface_demo
[0.818s] -- Up-to-date: /home/gdtr/ros2/colcon_mk/install/plumbing_interface_demo/include/plumbing_interface_demo/plumbing_interface_demo/msg
[0.819s] -- Up-to-date: /home/gdtr/ros2/colcon_mk/install/plumbing_interface_demo/include/plumbing_interface_demo/plumbing_interface_demo/msg/detail
[0.819s] -- Up-to-date: /home/gdtr/ros2/colcon_mk/install/plumbing_interface_demo/include/plumbing_interface_demo/plumbing_interface_demo/msg/detail/custom_msg__rosidl_typesupport_introspection_cpp.hpp
[0.819s] -- Up-to-date: /home/gdtr/ros2/colcon_mk/install/plumbing_interface_demo/include/plumbing_interface_demo/plumbing_interface_demo/msg/detail/custom_msg__type_support.cpp
[0.819s] -- Up-to-date: /home/gdtr/ros2/colcon_mk/install/plumbing_interface_demo/include/plumbing_interface_demo/plumbing_interface_demo/action
[0.819s] -- Up-to-date: /home/gdtr/ros2/colcon_mk/install/plumbing_interface_demo/include/plumbing_interface_demo/plumbing_interface_demo/action/detail
[0.819s] -- Up-to-date: /home/gdtr/ros2/colcon_mk/install/plumbing_interface_demo/include/plumbing_interface_demo/plumbing_interface_demo/action/detail/action_exercise__rosidl_typesupport_introspection_cpp.hpp
[0.819s] -- Up-to-date: /home/gdtr/ros2/colcon_mk/install/plumbing_interface_demo/include/plumbing_interface_demo/plumbing_interface_demo/action/detail/action_msg__rosidl_typesupport_introspection_cpp.hpp
[0.820s] -- Up-to-date: /home/gdtr/ros2/colcon_mk/install/plumbing_interface_demo/include/plumbing_interface_demo/plumbing_interface_demo/action/detail/action_msg__type_support.cpp
[0.820s] -- Up-to-date: /home/gdtr/ros2/colcon_mk/install/plumbing_interface_demo/include/plumbing_interface_demo/plumbing_interface_demo/action/detail/action_exercise__type_support.cpp
[0.820s] -- Up-to-date: /home/gdtr/ros2/colcon_mk/install/plumbing_interface_demo/include/plumbing_interface_demo/plumbing_interface_demo/srv
[0.821s] -- Up-to-date: /home/gdtr/ros2/colcon_mk/install/plumbing_interface_demo/include/plumbing_interface_demo/plumbing_interface_demo/srv/detail
[0.821s] -- Up-to-date: /home/gdtr/ros2/colcon_mk/install/plumbing_interface_demo/include/plumbing_interface_demo/plumbing_interface_demo/srv/detail/service_msg__rosidl_typesupport_introspection_cpp.hpp
[0.821s] -- Up-to-date: /home/gdtr/ros2/colcon_mk/install/plumbing_interface_demo/include/plumbing_interface_demo/plumbing_interface_demo/srv/detail/service_exercise__type_support.cpp
[0.822s] -- Up-to-date: /home/gdtr/ros2/colcon_mk/install/plumbing_interface_demo/include/plumbing_interface_demo/plumbing_interface_demo/srv/detail/service_msg__type_support.cpp
[0.822s] -- Up-to-date: /home/gdtr/ros2/colcon_mk/install/plumbing_interface_demo/include/plumbing_interface_demo/plumbing_interface_demo/srv/detail/service_exercise__rosidl_typesupport_introspection_cpp.hpp
[0.822s] -- Up-to-date: /home/gdtr/ros2/colcon_mk/install/plumbing_interface_demo/lib/libplumbing_interface_demo__rosidl_typesupport_introspection_cpp.so
[0.822s] -- Up-to-date: /home/gdtr/ros2/colcon_mk/install/plumbing_interface_demo/lib/libplumbing_interface_demo__rosidl_typesupport_cpp.so
[0.822s] -- Up-to-date: /home/gdtr/ros2/colcon_mk/install/plumbing_interface_demo/share/plumbing_interface_demo/environment/pythonpath.sh
[0.823s] -- Up-to-date: /home/gdtr/ros2/colcon_mk/install/plumbing_interface_demo/share/plumbing_interface_demo/environment/pythonpath.dsv
[0.823s] -- Up-to-date: /home/gdtr/ros2/colcon_mk/install/plumbing_interface_demo/local/lib/python3.10/dist-packages/plumbing_interface_demo-0.0.0-py3.10.egg-info
[0.824s] -- Installing: /home/gdtr/ros2/colcon_mk/install/plumbing_interface_demo/local/lib/python3.10/dist-packages/plumbing_interface_demo-0.0.0-py3.10.egg-info/SOURCES.txt
[0.824s] -- Installing: /home/gdtr/ros2/colcon_mk/install/plumbing_interface_demo/local/lib/python3.10/dist-packages/plumbing_interface_demo-0.0.0-py3.10.egg-info/top_level.txt
[0.824s] -- Installing: /home/gdtr/ros2/colcon_mk/install/plumbing_interface_demo/local/lib/python3.10/dist-packages/plumbing_interface_demo-0.0.0-py3.10.egg-info/PKG-INFO
[0.825s] -- Installing: /home/gdtr/ros2/colcon_mk/install/plumbing_interface_demo/local/lib/python3.10/dist-packages/plumbing_interface_demo-0.0.0-py3.10.egg-info/dependency_links.txt
[0.825s] -- Up-to-date: /home/gdtr/ros2/colcon_mk/install/plumbing_interface_demo/local/lib/python3.10/dist-packages/plumbing_interface_demo
[0.825s] -- Up-to-date: /home/gdtr/ros2/colcon_mk/install/plumbing_interface_demo/local/lib/python3.10/dist-packages/plumbing_interface_demo/msg
[0.825s] -- Up-to-date: /home/gdtr/ros2/colcon_mk/install/plumbing_interface_demo/local/lib/python3.10/dist-packages/plumbing_interface_demo/msg/_custom_msg_s.c
[0.825s] -- Up-to-date: /home/gdtr/ros2/colcon_mk/install/plumbing_interface_demo/local/lib/python3.10/dist-packages/plumbing_interface_demo/msg/_custom_msg.py
[0.825s] -- Up-to-date: /home/gdtr/ros2/colcon_mk/install/plumbing_interface_demo/local/lib/python3.10/dist-packages/plumbing_interface_demo/msg/__init__.py
[0.825s] -- Up-to-date: /home/gdtr/ros2/colcon_mk/install/plumbing_interface_demo/local/lib/python3.10/dist-packages/plumbing_interface_demo/action
[0.825s] -- Up-to-date: /home/gdtr/ros2/colcon_mk/install/plumbing_interface_demo/local/lib/python3.10/dist-packages/plumbing_interface_demo/action/_action_msg.py
[0.826s] -- Up-to-date: /home/gdtr/ros2/colcon_mk/install/plumbing_interface_demo/local/lib/python3.10/dist-packages/plumbing_interface_demo/action/_action_msg_s.c
[0.826s] -- Up-to-date: /home/gdtr/ros2/colcon_mk/install/plumbing_interface_demo/local/lib/python3.10/dist-packages/plumbing_interface_demo/action/_action_exercise.py
[0.826s] -- Up-to-date: /home/gdtr/ros2/colcon_mk/install/plumbing_interface_demo/local/lib/python3.10/dist-packages/plumbing_interface_demo/action/__init__.py
[0.826s] -- Up-to-date: /home/gdtr/ros2/colcon_mk/install/plumbing_interface_demo/local/lib/python3.10/dist-packages/plumbing_interface_demo/action/_action_exercise_s.c
[0.826s] -- Up-to-date: /home/gdtr/ros2/colcon_mk/install/plumbing_interface_demo/local/lib/python3.10/dist-packages/plumbing_interface_demo/libplumbing_interface_demo__rosidl_generator_py.so
[0.826s] -- Up-to-date: /home/gdtr/ros2/colcon_mk/install/plumbing_interface_demo/local/lib/python3.10/dist-packages/plumbing_interface_demo/_plumbing_interface_demo_s.ep.rosidl_typesupport_introspection_c.c
[0.826s] -- Up-to-date: /home/gdtr/ros2/colcon_mk/install/plumbing_interface_demo/local/lib/python3.10/dist-packages/plumbing_interface_demo/plumbing_interface_demo_s__rosidl_typesupport_fastrtps_c.cpython-310-x86_64-linux-gnu.so
[0.826s] -- Up-to-date: /home/gdtr/ros2/colcon_mk/install/plumbing_interface_demo/local/lib/python3.10/dist-packages/plumbing_interface_demo/plumbing_interface_demo_s__rosidl_typesupport_introspection_c.cpython-310-x86_64-linux-gnu.so
[0.826s] -- Up-to-date: /home/gdtr/ros2/colcon_mk/install/plumbing_interface_demo/local/lib/python3.10/dist-packages/plumbing_interface_demo/srv
[0.826s] -- Up-to-date: /home/gdtr/ros2/colcon_mk/install/plumbing_interface_demo/local/lib/python3.10/dist-packages/plumbing_interface_demo/srv/_service_msg_s.c
[0.826s] -- Up-to-date: /home/gdtr/ros2/colcon_mk/install/plumbing_interface_demo/local/lib/python3.10/dist-packages/plumbing_interface_demo/srv/_service_exercise.py
[0.826s] -- Up-to-date: /home/gdtr/ros2/colcon_mk/install/plumbing_interface_demo/local/lib/python3.10/dist-packages/plumbing_interface_demo/srv/_service_exercise_s.c
[0.827s] -- Up-to-date: /home/gdtr/ros2/colcon_mk/install/plumbing_interface_demo/local/lib/python3.10/dist-packages/plumbing_interface_demo/srv/_service_msg.py
[0.827s] -- Up-to-date: /home/gdtr/ros2/colcon_mk/install/plumbing_interface_demo/local/lib/python3.10/dist-packages/plumbing_interface_demo/srv/__init__.py
[0.827s] -- Up-to-date: /home/gdtr/ros2/colcon_mk/install/plumbing_interface_demo/local/lib/python3.10/dist-packages/plumbing_interface_demo/plumbing_interface_demo_s__rosidl_typesupport_c.cpython-310-x86_64-linux-gnu.so
[0.827s] -- Up-to-date: /home/gdtr/ros2/colcon_mk/install/plumbing_interface_demo/local/lib/python3.10/dist-packages/plumbing_interface_demo/__init__.py
[0.827s] -- Up-to-date: /home/gdtr/ros2/colcon_mk/install/plumbing_interface_demo/local/lib/python3.10/dist-packages/plumbing_interface_demo/_plumbing_interface_demo_s.ep.rosidl_typesupport_fastrtps_c.c
[0.827s] -- Up-to-date: /home/gdtr/ros2/colcon_mk/install/plumbing_interface_demo/local/lib/python3.10/dist-packages/plumbing_interface_demo/_plumbing_interface_demo_s.ep.rosidl_typesupport_c.c
[0.859s] Listing '/home/gdtr/ros2/colcon_mk/install/plumbing_interface_demo/local/lib/python3.10/dist-packages/plumbing_interface_demo'...
[0.859s] Listing '/home/gdtr/ros2/colcon_mk/install/plumbing_interface_demo/local/lib/python3.10/dist-packages/plumbing_interface_demo/action'...
[0.860s] Listing '/home/gdtr/ros2/colcon_mk/install/plumbing_interface_demo/local/lib/python3.10/dist-packages/plumbing_interface_demo/msg'...
[0.860s] Listing '/home/gdtr/ros2/colcon_mk/install/plumbing_interface_demo/local/lib/python3.10/dist-packages/plumbing_interface_demo/srv'...
[0.865s] -- Up-to-date: /home/gdtr/ros2/colcon_mk/install/plumbing_interface_demo/local/lib/python3.10/dist-packages/plumbing_interface_demo/plumbing_interface_demo_s__rosidl_typesupport_fastrtps_c.cpython-310-x86_64-linux-gnu.so
[0.865s] -- Up-to-date: /home/gdtr/ros2/colcon_mk/install/plumbing_interface_demo/local/lib/python3.10/dist-packages/plumbing_interface_demo/plumbing_interface_demo_s__rosidl_typesupport_introspection_c.cpython-310-x86_64-linux-gnu.so
[0.866s] -- Up-to-date: /home/gdtr/ros2/colcon_mk/install/plumbing_interface_demo/local/lib/python3.10/dist-packages/plumbing_interface_demo/plumbing_interface_demo_s__rosidl_typesupport_c.cpython-310-x86_64-linux-gnu.so
[0.866s] -- Up-to-date: /home/gdtr/ros2/colcon_mk/install/plumbing_interface_demo/lib/libplumbing_interface_demo__rosidl_generator_py.so
[0.866s] -- Up-to-date: /home/gdtr/ros2/colcon_mk/install/plumbing_interface_demo/share/plumbing_interface_demo/msg/CustomMsg.idl
[0.867s] -- Up-to-date: /home/gdtr/ros2/colcon_mk/install/plumbing_interface_demo/share/plumbing_interface_demo/srv/ServiceMsg.idl
[0.867s] -- Up-to-date: /home/gdtr/ros2/colcon_mk/install/plumbing_interface_demo/share/plumbing_interface_demo/srv/ServiceExercise.idl
[0.867s] -- Up-to-date: /home/gdtr/ros2/colcon_mk/install/plumbing_interface_demo/share/plumbing_interface_demo/action/ActionMsg.idl
[0.867s] -- Up-to-date: /home/gdtr/ros2/colcon_mk/install/plumbing_interface_demo/share/plumbing_interface_demo/action/ActionExercise.idl
[0.867s] -- Up-to-date: /home/gdtr/ros2/colcon_mk/install/plumbing_interface_demo/share/plumbing_interface_demo/msg/CustomMsg.msg
[0.868s] -- Up-to-date: /home/gdtr/ros2/colcon_mk/install/plumbing_interface_demo/share/plumbing_interface_demo/srv/ServiceMsg.srv
[0.868s] -- Up-to-date: /home/gdtr/ros2/colcon_mk/install/plumbing_interface_demo/share/plumbing_interface_demo/srv/ServiceMsg_Request.msg
[0.868s] -- Up-to-date: /home/gdtr/ros2/colcon_mk/install/plumbing_interface_demo/share/plumbing_interface_demo/srv/ServiceMsg_Response.msg
[0.868s] -- Up-to-date: /home/gdtr/ros2/colcon_mk/install/plumbing_interface_demo/share/plumbing_interface_demo/srv/ServiceExercise.srv
[0.868s] -- Up-to-date: /home/gdtr/ros2/colcon_mk/install/plumbing_interface_demo/share/plumbing_interface_demo/srv/ServiceExercise_Request.msg
[0.868s] -- Up-to-date: /home/gdtr/ros2/colcon_mk/install/plumbing_interface_demo/share/plumbing_interface_demo/srv/ServiceExercise_Response.msg
[0.868s] -- Up-to-date: /home/gdtr/ros2/colcon_mk/install/plumbing_interface_demo/share/plumbing_interface_demo/action/ActionMsg.action
[0.869s] -- Up-to-date: /home/gdtr/ros2/colcon_mk/install/plumbing_interface_demo/share/plumbing_interface_demo/action/ActionExercise.action
[0.869s] -- Up-to-date: /home/gdtr/ros2/colcon_mk/install/plumbing_interface_demo/lib/plumbing_interface_demo/plumbing_interface_node
[0.869s] -- Up-to-date: /home/gdtr/ros2/colcon_mk/install/plumbing_interface_demo/share/ament_index/resource_index/package_run_dependencies/plumbing_interface_demo
[0.869s] -- Up-to-date: /home/gdtr/ros2/colcon_mk/install/plumbing_interface_demo/share/ament_index/resource_index/parent_prefix_path/plumbing_interface_demo
[0.869s] -- Up-to-date: /home/gdtr/ros2/colcon_mk/install/plumbing_interface_demo/share/plumbing_interface_demo/environment/ament_prefix_path.sh
[0.869s] -- Up-to-date: /home/gdtr/ros2/colcon_mk/install/plumbing_interface_demo/share/plumbing_interface_demo/environment/ament_prefix_path.dsv
[0.869s] -- Up-to-date: /home/gdtr/ros2/colcon_mk/install/plumbing_interface_demo/share/plumbing_interface_demo/environment/path.sh
[0.870s] -- Up-to-date: /home/gdtr/ros2/colcon_mk/install/plumbing_interface_demo/share/plumbing_interface_demo/environment/path.dsv
[0.870s] -- Up-to-date: /home/gdtr/ros2/colcon_mk/install/plumbing_interface_demo/share/plumbing_interface_demo/local_setup.bash
[0.870s] -- Up-to-date: /home/gdtr/ros2/colcon_mk/install/plumbing_interface_demo/share/plumbing_interface_demo/local_setup.sh
[0.870s] -- Up-to-date: /home/gdtr/ros2/colcon_mk/install/plumbing_interface_demo/share/plumbing_interface_demo/local_setup.zsh
[0.870s] -- Up-to-date: /home/gdtr/ros2/colcon_mk/install/plumbing_interface_demo/share/plumbing_interface_demo/local_setup.dsv
[0.870s] -- Installing: /home/gdtr/ros2/colcon_mk/install/plumbing_interface_demo/share/plumbing_interface_demo/package.dsv
[0.870s] -- Up-to-date: /home/gdtr/ros2/colcon_mk/install/plumbing_interface_demo/share/ament_index/resource_index/packages/plumbing_interface_demo
[0.870s] -- Up-to-date: /home/gdtr/ros2/colcon_mk/install/plumbing_interface_demo/share/plumbing_interface_demo/cmake/export_plumbing_interface_demo__rosidl_generator_cExport.cmake
[0.870s] -- Up-to-date: /home/gdtr/ros2/colcon_mk/install/plumbing_interface_demo/share/plumbing_interface_demo/cmake/export_plumbing_interface_demo__rosidl_generator_cExport-noconfig.cmake
[0.870s] -- Up-to-date: /home/gdtr/ros2/colcon_mk/install/plumbing_interface_demo/share/plumbing_interface_demo/cmake/export_plumbing_interface_demo__rosidl_typesupport_fastrtps_cExport.cmake
[0.871s] -- Up-to-date: /home/gdtr/ros2/colcon_mk/install/plumbing_interface_demo/share/plumbing_interface_demo/cmake/export_plumbing_interface_demo__rosidl_typesupport_fastrtps_cExport-noconfig.cmake
[0.871s] -- Up-to-date: /home/gdtr/ros2/colcon_mk/install/plumbing_interface_demo/share/plumbing_interface_demo/cmake/export_plumbing_interface_demo__rosidl_generator_cppExport.cmake
[0.871s] -- Up-to-date: /home/gdtr/ros2/colcon_mk/install/plumbing_interface_demo/share/plumbing_interface_demo/cmake/export_plumbing_interface_demo__rosidl_typesupport_fastrtps_cppExport.cmake
[0.871s] -- Up-to-date: /home/gdtr/ros2/colcon_mk/install/plumbing_interface_demo/share/plumbing_interface_demo/cmake/export_plumbing_interface_demo__rosidl_typesupport_fastrtps_cppExport-noconfig.cmake
[0.871s] -- Up-to-date: /home/gdtr/ros2/colcon_mk/install/plumbing_interface_demo/share/plumbing_interface_demo/cmake/plumbing_interface_demo__rosidl_typesupport_introspection_cExport.cmake
[0.871s] -- Up-to-date: /home/gdtr/ros2/colcon_mk/install/plumbing_interface_demo/share/plumbing_interface_demo/cmake/plumbing_interface_demo__rosidl_typesupport_introspection_cExport-noconfig.cmake
[0.872s] -- Up-to-date: /home/gdtr/ros2/colcon_mk/install/plumbing_interface_demo/share/plumbing_interface_demo/cmake/plumbing_interface_demo__rosidl_typesupport_cExport.cmake
[0.872s] -- Up-to-date: /home/gdtr/ros2/colcon_mk/install/plumbing_interface_demo/share/plumbing_interface_demo/cmake/plumbing_interface_demo__rosidl_typesupport_cExport-noconfig.cmake
[0.872s] -- Up-to-date: /home/gdtr/ros2/colcon_mk/install/plumbing_interface_demo/share/plumbing_interface_demo/cmake/plumbing_interface_demo__rosidl_typesupport_introspection_cppExport.cmake
[0.872s] -- Up-to-date: /home/gdtr/ros2/colcon_mk/install/plumbing_interface_demo/share/plumbing_interface_demo/cmake/plumbing_interface_demo__rosidl_typesupport_introspection_cppExport-noconfig.cmake
[0.872s] -- Up-to-date: /home/gdtr/ros2/colcon_mk/install/plumbing_interface_demo/share/plumbing_interface_demo/cmake/plumbing_interface_demo__rosidl_typesupport_cppExport.cmake
[0.872s] -- Up-to-date: /home/gdtr/ros2/colcon_mk/install/plumbing_interface_demo/share/plumbing_interface_demo/cmake/plumbing_interface_demo__rosidl_typesupport_cppExport-noconfig.cmake
[0.872s] -- Up-to-date: /home/gdtr/ros2/colcon_mk/install/plumbing_interface_demo/share/plumbing_interface_demo/cmake/export_plumbing_interface_demo__rosidl_generator_pyExport.cmake
[0.872s] -- Up-to-date: /home/gdtr/ros2/colcon_mk/install/plumbing_interface_demo/share/plumbing_interface_demo/cmake/export_plumbing_interface_demo__rosidl_generator_pyExport-noconfig.cmake
[0.873s] -- Up-to-date: /home/gdtr/ros2/colcon_mk/install/plumbing_interface_demo/share/plumbing_interface_demo/cmake/rosidl_cmake-extras.cmake
[0.873s] -- Up-to-date: /home/gdtr/ros2/colcon_mk/install/plumbing_interface_demo/share/plumbing_interface_demo/cmake/ament_cmake_export_dependencies-extras.cmake
[0.873s] -- Up-to-date: /home/gdtr/ros2/colcon_mk/install/plumbing_interface_demo/share/plumbing_interface_demo/cmake/ament_cmake_export_include_directories-extras.cmake
[0.873s] -- Up-to-date: /home/gdtr/ros2/colcon_mk/install/plumbing_interface_demo/share/plumbing_interface_demo/cmake/ament_cmake_export_libraries-extras.cmake
[0.873s] -- Up-to-date: /home/gdtr/ros2/colcon_mk/install/plumbing_interface_demo/share/plumbing_interface_demo/cmake/ament_cmake_export_targets-extras.cmake
[0.873s] -- Up-to-date: /home/gdtr/ros2/colcon_mk/install/plumbing_interface_demo/share/plumbing_interface_demo/cmake/rosidl_cmake_export_typesupport_targets-extras.cmake
[0.873s] -- Up-to-date: /home/gdtr/ros2/colcon_mk/install/plumbing_interface_demo/share/plumbing_interface_demo/cmake/rosidl_cmake_export_typesupport_libraries-extras.cmake
[0.873s] -- Up-to-date: /home/gdtr/ros2/colcon_mk/install/plumbing_interface_demo/share/plumbing_interface_demo/cmake/plumbing_interface_demoConfig.cmake
[0.873s] -- Up-to-date: /home/gdtr/ros2/colcon_mk/install/plumbing_interface_demo/share/plumbing_interface_demo/cmake/plumbing_interface_demoConfig-version.cmake
[0.874s] -- Up-to-date: /home/gdtr/ros2/colcon_mk/install/plumbing_interface_demo/share/plumbing_interface_demo/package.xml
[0.875s] Invoked command in '/home/gdtr/ros2/colcon_mk/build/plumbing_interface_demo' returned '0': CMAKE_PREFIX_PATH=${CMAKE_PREFIX_PATH}:/home/gdtr/ros2/colcon_mk/install/topic_demo_py:/home/gdtr/ros2/colcon_mk/install/action_demo_py:/opt/ros/rolling /usr/bin/cmake --install /home/gdtr/ros2/colcon_mk/build/plumbing_interface_demo
