[0.357s] DEBUG:colcon:Command line arguments: ['/usr/bin/colcon', 'build']
[0.357s] DEBUG:colcon:Parsed command line arguments: Namespace(log_base=None, log_level=None, verb_name='build', build_base='build', install_base='install', merge_install=False, symlink_install=False, test_result_base=None, continue_on_error=False, executor='parallel', parallel_workers=8, event_handlers=None, ignore_user_meta=False, metas=['./colcon.meta'], base_paths=['.'], packages_ignore=None, packages_ignore_regex=None, paths=None, packages_up_to=None, packages_up_to_regex=None, packages_above=None, packages_above_and_dependencies=None, packages_above_depth=None, packages_select_by_dep=None, packages_skip_by_dep=None, packages_skip_up_to=None, packages_select_build_failed=False, packages_skip_build_finished=False, packages_select_test_failures=False, packages_skip_test_passed=False, packages_select=None, packages_skip=None, packages_select_regex=None, packages_skip_regex=None, packages_start=None, packages_end=None, allow_overriding=[], cmake_args=None, cmake_target=None, cmake_target_skip_unavailable=False, cmake_clean_cache=False, cmake_clean_first=False, cmake_force_configure=False, ament_cmake_args=None, catkin_cmake_args=None, catkin_skip_building_tests=False, verb_parser=<colcon_defaults.argument_parser.defaults.DefaultArgumentsDecorator object at 0x7fe15da2fee0>, verb_extension=<colcon_core.verb.build.BuildVerb object at 0x7fe15e233f70>, main=<bound method BuildVerb.main of <colcon_core.verb.build.BuildVerb object at 0x7fe15e233f70>>)
[0.395s] Level 1:colcon.colcon_core.package_discovery:discover_packages(colcon_meta) check parameters
[0.395s] Level 1:colcon.colcon_core.package_discovery:discover_packages(recursive) check parameters
[0.395s] Level 1:colcon.colcon_core.package_discovery:discover_packages(ignore) check parameters
[0.395s] Level 1:colcon.colcon_core.package_discovery:discover_packages(path) check parameters
[0.395s] Level 1:colcon.colcon_core.package_discovery:discover_packages(colcon_meta) discover
[0.396s] Level 1:colcon.colcon_core.package_discovery:discover_packages(recursive) discover
[0.396s] INFO:colcon.colcon_core.package_discovery:Crawling recursively for packages in '/home/gdtr/ros2/colcon_mk'
[0.396s] Level 1:colcon.colcon_core.package_identification:_identify(.) by extensions ['ignore', 'ignore_ament_install']
[0.396s] Level 1:colcon.colcon_core.package_identification:_identify(.) by extension 'ignore'
[0.396s] Level 1:colcon.colcon_core.package_identification:_identify(.) by extension 'ignore_ament_install'
[0.396s] Level 1:colcon.colcon_core.package_identification:_identify(.) by extensions ['colcon_pkg']
[0.396s] Level 1:colcon.colcon_core.package_identification:_identify(.) by extension 'colcon_pkg'
[0.396s] Level 1:colcon.colcon_core.package_identification:_identify(.) by extensions ['colcon_meta']
[0.396s] Level 1:colcon.colcon_core.package_identification:_identify(.) by extension 'colcon_meta'
[0.396s] Level 1:colcon.colcon_core.package_identification:_identify(.) by extensions ['ros']
[0.396s] Level 1:colcon.colcon_core.package_identification:_identify(.) by extension 'ros'
[0.411s] Level 1:colcon.colcon_core.package_identification:_identify(.) by extensions ['cmake', 'python']
[0.411s] Level 1:colcon.colcon_core.package_identification:_identify(.) by extension 'cmake'
[0.411s] Level 1:colcon.colcon_core.package_identification:_identify(.) by extension 'python'
[0.411s] Level 1:colcon.colcon_core.package_identification:_identify(.) by extensions ['python_setup_py']
[0.411s] Level 1:colcon.colcon_core.package_identification:_identify(.) by extension 'python_setup_py'
[0.411s] Level 1:colcon.colcon_core.package_identification:_identify(build) by extensions ['ignore', 'ignore_ament_install']
[0.411s] Level 1:colcon.colcon_core.package_identification:_identify(build) by extension 'ignore'
[0.411s] Level 1:colcon.colcon_core.package_identification:_identify(build) ignored
[0.411s] Level 1:colcon.colcon_core.package_identification:_identify(install) by extensions ['ignore', 'ignore_ament_install']
[0.411s] Level 1:colcon.colcon_core.package_identification:_identify(install) by extension 'ignore'
[0.412s] Level 1:colcon.colcon_core.package_identification:_identify(install) ignored
[0.412s] Level 1:colcon.colcon_core.package_identification:_identify(log) by extensions ['ignore', 'ignore_ament_install']
[0.412s] Level 1:colcon.colcon_core.package_identification:_identify(log) by extension 'ignore'
[0.412s] Level 1:colcon.colcon_core.package_identification:_identify(log) ignored
[0.412s] Level 1:colcon.colcon_core.package_identification:_identify(src) by extensions ['ignore', 'ignore_ament_install']
[0.412s] Level 1:colcon.colcon_core.package_identification:_identify(src) by extension 'ignore'
[0.412s] Level 1:colcon.colcon_core.package_identification:_identify(src) by extension 'ignore_ament_install'
[0.412s] Level 1:colcon.colcon_core.package_identification:_identify(src) by extensions ['colcon_pkg']
[0.412s] Level 1:colcon.colcon_core.package_identification:_identify(src) by extension 'colcon_pkg'
[0.412s] Level 1:colcon.colcon_core.package_identification:_identify(src) by extensions ['colcon_meta']
[0.412s] Level 1:colcon.colcon_core.package_identification:_identify(src) by extension 'colcon_meta'
[0.412s] Level 1:colcon.colcon_core.package_identification:_identify(src) by extensions ['ros']
[0.412s] Level 1:colcon.colcon_core.package_identification:_identify(src) by extension 'ros'
[0.413s] Level 1:colcon.colcon_core.package_identification:_identify(src) by extensions ['cmake', 'python']
[0.413s] Level 1:colcon.colcon_core.package_identification:_identify(src) by extension 'cmake'
[0.413s] Level 1:colcon.colcon_core.package_identification:_identify(src) by extension 'python'
[0.413s] Level 1:colcon.colcon_core.package_identification:_identify(src) by extensions ['python_setup_py']
[0.413s] Level 1:colcon.colcon_core.package_identification:_identify(src) by extension 'python_setup_py'
[0.413s] Level 1:colcon.colcon_core.package_identification:_identify(src/hello_world_node) by extensions ['ignore', 'ignore_ament_install']
[0.413s] Level 1:colcon.colcon_core.package_identification:_identify(src/hello_world_node) by extension 'ignore'
[0.413s] Level 1:colcon.colcon_core.package_identification:_identify(src/hello_world_node) by extension 'ignore_ament_install'
[0.413s] Level 1:colcon.colcon_core.package_identification:_identify(src/hello_world_node) by extensions ['colcon_pkg']
[0.413s] Level 1:colcon.colcon_core.package_identification:_identify(src/hello_world_node) by extension 'colcon_pkg'
[0.413s] Level 1:colcon.colcon_core.package_identification:_identify(src/hello_world_node) by extensions ['colcon_meta']
[0.413s] Level 1:colcon.colcon_core.package_identification:_identify(src/hello_world_node) by extension 'colcon_meta'
[0.413s] Level 1:colcon.colcon_core.package_identification:_identify(src/hello_world_node) by extensions ['ros']
[0.413s] Level 1:colcon.colcon_core.package_identification:_identify(src/hello_world_node) by extension 'ros'
[0.416s] DEBUG:colcon.colcon_core.package_identification:Package 'src/hello_world_node' with type 'ros.ament_cmake' and name 'hello_world_node'
[0.416s] Level 1:colcon.colcon_core.package_identification:_identify(src/plumbing_interface_demo) by extensions ['ignore', 'ignore_ament_install']
[0.416s] Level 1:colcon.colcon_core.package_identification:_identify(src/plumbing_interface_demo) by extension 'ignore'
[0.417s] Level 1:colcon.colcon_core.package_identification:_identify(src/plumbing_interface_demo) by extension 'ignore_ament_install'
[0.417s] Level 1:colcon.colcon_core.package_identification:_identify(src/plumbing_interface_demo) by extensions ['colcon_pkg']
[0.417s] Level 1:colcon.colcon_core.package_identification:_identify(src/plumbing_interface_demo) by extension 'colcon_pkg'
[0.417s] Level 1:colcon.colcon_core.package_identification:_identify(src/plumbing_interface_demo) by extensions ['colcon_meta']
[0.417s] Level 1:colcon.colcon_core.package_identification:_identify(src/plumbing_interface_demo) by extension 'colcon_meta'
[0.417s] Level 1:colcon.colcon_core.package_identification:_identify(src/plumbing_interface_demo) by extensions ['ros']
[0.417s] Level 1:colcon.colcon_core.package_identification:_identify(src/plumbing_interface_demo) by extension 'ros'
[0.418s] DEBUG:colcon.colcon_core.package_identification:Package 'src/plumbing_interface_demo' with type 'ros.ament_cmake' and name 'plumbing_interface_demo'
[0.418s] Level 1:colcon.colcon_core.package_identification:_identify(src/topic_demo) by extensions ['ignore', 'ignore_ament_install']
[0.418s] Level 1:colcon.colcon_core.package_identification:_identify(src/topic_demo) by extension 'ignore'
[0.418s] Level 1:colcon.colcon_core.package_identification:_identify(src/topic_demo) by extension 'ignore_ament_install'
[0.418s] Level 1:colcon.colcon_core.package_identification:_identify(src/topic_demo) by extensions ['colcon_pkg']
[0.418s] Level 1:colcon.colcon_core.package_identification:_identify(src/topic_demo) by extension 'colcon_pkg'
[0.418s] Level 1:colcon.colcon_core.package_identification:_identify(src/topic_demo) by extensions ['colcon_meta']
[0.418s] Level 1:colcon.colcon_core.package_identification:_identify(src/topic_demo) by extension 'colcon_meta'
[0.418s] Level 1:colcon.colcon_core.package_identification:_identify(src/topic_demo) by extensions ['ros']
[0.418s] Level 1:colcon.colcon_core.package_identification:_identify(src/topic_demo) by extension 'ros'
[0.419s] DEBUG:colcon.colcon_core.package_identification:Package 'src/topic_demo' with type 'ros.ament_cmake' and name 'topic_demo'
[0.419s] Level 1:colcon.colcon_core.package_discovery:discover_packages(recursive) using defaults
[0.419s] Level 1:colcon.colcon_core.package_discovery:discover_packages(ignore) discover
[0.419s] Level 1:colcon.colcon_core.package_discovery:discover_packages(ignore) using defaults
[0.419s] Level 1:colcon.colcon_core.package_discovery:discover_packages(path) discover
[0.419s] Level 1:colcon.colcon_core.package_discovery:discover_packages(path) using defaults
[0.450s] Level 1:colcon.colcon_core.package_discovery:discover_packages(prefix_path) check parameters
[0.450s] Level 1:colcon.colcon_core.package_discovery:discover_packages(prefix_path) discover
[0.452s] WARNING:colcon.colcon_ros.prefix_path.ament:The path '/home/gdtr/ros2/colcon_mk/install/topic_talker_demo' in the environment variable AMENT_PREFIX_PATH doesn't exist
[0.452s] WARNING:colcon.colcon_ros.prefix_path.ament:The path '/home/gdtr/ros2/colcon_mk/install/plumbing_demo' in the environment variable AMENT_PREFIX_PATH doesn't exist
[0.452s] WARNING:colcon.colcon_ros.prefix_path.catkin:The path '/home/gdtr/ros2/colcon_mk/install/topic_talker_demo' in the environment variable CMAKE_PREFIX_PATH doesn't exist
[0.452s] WARNING:colcon.colcon_ros.prefix_path.catkin:The path '/home/gdtr/ros2/colcon_mk/install/plumbing_demo' in the environment variable CMAKE_PREFIX_PATH doesn't exist
[0.454s] DEBUG:colcon.colcon_installed_package_information.package_discovery:Found 3 installed packages in /home/gdtr/ros2/colcon_mk/install
[0.456s] DEBUG:colcon.colcon_installed_package_information.package_discovery:Found 276 installed packages in /opt/ros/rolling
[0.458s] Level 1:colcon.colcon_core.package_discovery:discover_packages(prefix_path) using defaults
[0.546s] Level 5:colcon.colcon_core.verb:set package 'hello_world_node' build argument 'cmake_args' from command line to 'None'
[0.546s] Level 5:colcon.colcon_core.verb:set package 'hello_world_node' build argument 'cmake_target' from command line to 'None'
[0.546s] Level 5:colcon.colcon_core.verb:set package 'hello_world_node' build argument 'cmake_target_skip_unavailable' from command line to 'False'
[0.546s] Level 5:colcon.colcon_core.verb:set package 'hello_world_node' build argument 'cmake_clean_cache' from command line to 'False'
[0.546s] Level 5:colcon.colcon_core.verb:set package 'hello_world_node' build argument 'cmake_clean_first' from command line to 'False'
[0.546s] Level 5:colcon.colcon_core.verb:set package 'hello_world_node' build argument 'cmake_force_configure' from command line to 'False'
[0.546s] Level 5:colcon.colcon_core.verb:set package 'hello_world_node' build argument 'ament_cmake_args' from command line to 'None'
[0.546s] Level 5:colcon.colcon_core.verb:set package 'hello_world_node' build argument 'catkin_cmake_args' from command line to 'None'
[0.547s] Level 5:colcon.colcon_core.verb:set package 'hello_world_node' build argument 'catkin_skip_building_tests' from command line to 'False'
[0.547s] DEBUG:colcon.colcon_core.verb:Building package 'hello_world_node' with the following arguments: {'ament_cmake_args': None, 'build_base': '/home/gdtr/ros2/colcon_mk/build/hello_world_node', 'catkin_cmake_args': None, 'catkin_skip_building_tests': False, 'cmake_args': None, 'cmake_clean_cache': False, 'cmake_clean_first': False, 'cmake_force_configure': False, 'cmake_target': None, 'cmake_target_skip_unavailable': False, 'install_base': '/home/gdtr/ros2/colcon_mk/install/hello_world_node', 'merge_install': False, 'path': '/home/gdtr/ros2/colcon_mk/src/hello_world_node', 'symlink_install': False, 'test_result_base': None}
[0.548s] Level 5:colcon.colcon_core.verb:set package 'plumbing_interface_demo' build argument 'cmake_args' from command line to 'None'
[0.548s] Level 5:colcon.colcon_core.verb:set package 'plumbing_interface_demo' build argument 'cmake_target' from command line to 'None'
[0.548s] Level 5:colcon.colcon_core.verb:set package 'plumbing_interface_demo' build argument 'cmake_target_skip_unavailable' from command line to 'False'
[0.548s] Level 5:colcon.colcon_core.verb:set package 'plumbing_interface_demo' build argument 'cmake_clean_cache' from command line to 'False'
[0.548s] Level 5:colcon.colcon_core.verb:set package 'plumbing_interface_demo' build argument 'cmake_clean_first' from command line to 'False'
[0.548s] Level 5:colcon.colcon_core.verb:set package 'plumbing_interface_demo' build argument 'cmake_force_configure' from command line to 'False'
[0.548s] Level 5:colcon.colcon_core.verb:set package 'plumbing_interface_demo' build argument 'ament_cmake_args' from command line to 'None'
[0.548s] Level 5:colcon.colcon_core.verb:set package 'plumbing_interface_demo' build argument 'catkin_cmake_args' from command line to 'None'
[0.548s] Level 5:colcon.colcon_core.verb:set package 'plumbing_interface_demo' build argument 'catkin_skip_building_tests' from command line to 'False'
[0.548s] DEBUG:colcon.colcon_core.verb:Building package 'plumbing_interface_demo' with the following arguments: {'ament_cmake_args': None, 'build_base': '/home/gdtr/ros2/colcon_mk/build/plumbing_interface_demo', 'catkin_cmake_args': None, 'catkin_skip_building_tests': False, 'cmake_args': None, 'cmake_clean_cache': False, 'cmake_clean_first': False, 'cmake_force_configure': False, 'cmake_target': None, 'cmake_target_skip_unavailable': False, 'install_base': '/home/gdtr/ros2/colcon_mk/install/plumbing_interface_demo', 'merge_install': False, 'path': '/home/gdtr/ros2/colcon_mk/src/plumbing_interface_demo', 'symlink_install': False, 'test_result_base': None}
[0.549s] Level 5:colcon.colcon_core.verb:set package 'topic_demo' build argument 'cmake_args' from command line to 'None'
[0.549s] Level 5:colcon.colcon_core.verb:set package 'topic_demo' build argument 'cmake_target' from command line to 'None'
[0.549s] Level 5:colcon.colcon_core.verb:set package 'topic_demo' build argument 'cmake_target_skip_unavailable' from command line to 'False'
[0.549s] Level 5:colcon.colcon_core.verb:set package 'topic_demo' build argument 'cmake_clean_cache' from command line to 'False'
[0.549s] Level 5:colcon.colcon_core.verb:set package 'topic_demo' build argument 'cmake_clean_first' from command line to 'False'
[0.549s] Level 5:colcon.colcon_core.verb:set package 'topic_demo' build argument 'cmake_force_configure' from command line to 'False'
[0.549s] Level 5:colcon.colcon_core.verb:set package 'topic_demo' build argument 'ament_cmake_args' from command line to 'None'
[0.549s] Level 5:colcon.colcon_core.verb:set package 'topic_demo' build argument 'catkin_cmake_args' from command line to 'None'
[0.549s] Level 5:colcon.colcon_core.verb:set package 'topic_demo' build argument 'catkin_skip_building_tests' from command line to 'False'
[0.549s] DEBUG:colcon.colcon_core.verb:Building package 'topic_demo' with the following arguments: {'ament_cmake_args': None, 'build_base': '/home/gdtr/ros2/colcon_mk/build/topic_demo', 'catkin_cmake_args': None, 'catkin_skip_building_tests': False, 'cmake_args': None, 'cmake_clean_cache': False, 'cmake_clean_first': False, 'cmake_force_configure': False, 'cmake_target': None, 'cmake_target_skip_unavailable': False, 'install_base': '/home/gdtr/ros2/colcon_mk/install/topic_demo', 'merge_install': False, 'path': '/home/gdtr/ros2/colcon_mk/src/topic_demo', 'symlink_install': False, 'test_result_base': None}
[0.550s] INFO:colcon.colcon_core.executor:Executing jobs using 'parallel' executor
[0.554s] DEBUG:colcon.colcon_parallel_executor.executor.parallel:run_until_complete
[0.554s] INFO:colcon.colcon_ros.task.ament_cmake.build:Building ROS package in '/home/gdtr/ros2/colcon_mk/src/plumbing_interface_demo' with build type 'ament_cmake'
[0.554s] INFO:colcon.colcon_cmake.task.cmake.build:Building CMake package in '/home/gdtr/ros2/colcon_mk/src/plumbing_interface_demo'
[0.559s] INFO:colcon.colcon_core.plugin_system:Skipping extension 'colcon_core.shell.bat': Not used on non-Windows systems
[0.559s] INFO:colcon.colcon_core.shell:Skip shell extension 'powershell' for command environment: Not usable outside of PowerShell
[0.559s] DEBUG:colcon.colcon_core.shell:Skip shell extension 'dsv' for command environment
[0.564s] INFO:colcon.colcon_ros.task.ament_cmake.build:Building ROS package in '/home/gdtr/ros2/colcon_mk/src/hello_world_node' with build type 'ament_cmake'
[0.565s] INFO:colcon.colcon_cmake.task.cmake.build:Building CMake package in '/home/gdtr/ros2/colcon_mk/src/hello_world_node'
[0.567s] INFO:colcon.colcon_core.shell:Skip shell extension 'powershell' for command environment: Not usable outside of PowerShell
[0.567s] DEBUG:colcon.colcon_core.shell:Skip shell extension 'dsv' for command environment
[0.579s] DEBUG:colcon.colcon_core.event_handler.log_command:Invoking command in '/home/gdtr/ros2/colcon_mk/build/plumbing_interface_demo': CMAKE_PREFIX_PATH=${CMAKE_PREFIX_PATH}:/opt/ros/rolling /usr/bin/cmake --build /home/gdtr/ros2/colcon_mk/build/plumbing_interface_demo -- -j8 -l8
[0.592s] DEBUG:colcon.colcon_core.event_handler.log_command:Invoking command in '/home/gdtr/ros2/colcon_mk/build/hello_world_node': CMAKE_PREFIX_PATH=${CMAKE_PREFIX_PATH}:/opt/ros/rolling /usr/bin/cmake --build /home/gdtr/ros2/colcon_mk/build/hello_world_node -- -j8 -l8
[0.666s] DEBUG:colcon.colcon_core.event_handler.log_command:Invoked command in '/home/gdtr/ros2/colcon_mk/build/plumbing_interface_demo' returned '0': CMAKE_PREFIX_PATH=${CMAKE_PREFIX_PATH}:/opt/ros/rolling /usr/bin/cmake --build /home/gdtr/ros2/colcon_mk/build/plumbing_interface_demo -- -j8 -l8
[0.688s] DEBUG:colcon.colcon_core.event_handler.log_command:Invoked command in '/home/gdtr/ros2/colcon_mk/build/hello_world_node' returned '0': CMAKE_PREFIX_PATH=${CMAKE_PREFIX_PATH}:/opt/ros/rolling /usr/bin/cmake --build /home/gdtr/ros2/colcon_mk/build/hello_world_node -- -j8 -l8
[0.707s] DEBUG:colcon.colcon_core.event_handler.log_command:Invoking command in '/home/gdtr/ros2/colcon_mk/build/plumbing_interface_demo': CMAKE_PREFIX_PATH=${CMAKE_PREFIX_PATH}:/opt/ros/rolling /usr/bin/cmake --install /home/gdtr/ros2/colcon_mk/build/plumbing_interface_demo
[0.717s] DEBUG:colcon.colcon_core.event_handler.log_command:Invoking command in '/home/gdtr/ros2/colcon_mk/build/hello_world_node': CMAKE_PREFIX_PATH=${CMAKE_PREFIX_PATH}:/opt/ros/rolling /usr/bin/cmake --install /home/gdtr/ros2/colcon_mk/build/hello_world_node
[0.718s] Level 1:colcon.colcon_core.environment:create_environment_scripts_only(plumbing_interface_demo)
[0.722s] DEBUG:colcon.colcon_core.event_handler.log_command:Invoked command in '/home/gdtr/ros2/colcon_mk/build/plumbing_interface_demo' returned '0': CMAKE_PREFIX_PATH=${CMAKE_PREFIX_PATH}:/opt/ros/rolling /usr/bin/cmake --install /home/gdtr/ros2/colcon_mk/build/plumbing_interface_demo
[0.730s] Level 1:colcon.colcon_core.environment:checking '/home/gdtr/ros2/colcon_mk/install/plumbing_interface_demo' for CMake module files
[0.731s] Level 1:colcon.colcon_core.environment:checking '/home/gdtr/ros2/colcon_mk/install/plumbing_interface_demo' for CMake config files
[0.732s] Level 1:colcon.colcon_core.shell:create_environment_hook('plumbing_interface_demo', 'cmake_prefix_path')
[0.734s] INFO:colcon.colcon_core.shell:Creating environment hook '/home/gdtr/ros2/colcon_mk/install/plumbing_interface_demo/share/plumbing_interface_demo/hook/cmake_prefix_path.ps1'
[0.735s] INFO:colcon.colcon_core.shell:Creating environment descriptor '/home/gdtr/ros2/colcon_mk/install/plumbing_interface_demo/share/plumbing_interface_demo/hook/cmake_prefix_path.dsv'
[0.735s] INFO:colcon.colcon_core.shell:Creating environment hook '/home/gdtr/ros2/colcon_mk/install/plumbing_interface_demo/share/plumbing_interface_demo/hook/cmake_prefix_path.sh'
[0.737s] Level 1:colcon.colcon_core.environment:checking '/home/gdtr/ros2/colcon_mk/install/plumbing_interface_demo/lib'
[0.737s] Level 1:colcon.colcon_core.environment:checking '/home/gdtr/ros2/colcon_mk/install/plumbing_interface_demo/bin'
[0.737s] Level 1:colcon.colcon_core.environment:checking '/home/gdtr/ros2/colcon_mk/install/plumbing_interface_demo/lib/pkgconfig/plumbing_interface_demo.pc'
[0.738s] Level 1:colcon.colcon_core.environment:checking '/home/gdtr/ros2/colcon_mk/install/plumbing_interface_demo/lib/python3.10/site-packages'
[0.738s] Level 1:colcon.colcon_core.environment:checking '/home/gdtr/ros2/colcon_mk/install/plumbing_interface_demo/bin'
[0.739s] INFO:colcon.colcon_core.shell:Creating package script '/home/gdtr/ros2/colcon_mk/install/plumbing_interface_demo/share/plumbing_interface_demo/package.ps1'
[0.740s] INFO:colcon.colcon_core.shell:Creating package descriptor '/home/gdtr/ros2/colcon_mk/install/plumbing_interface_demo/share/plumbing_interface_demo/package.dsv'
[0.741s] INFO:colcon.colcon_core.shell:Creating package script '/home/gdtr/ros2/colcon_mk/install/plumbing_interface_demo/share/plumbing_interface_demo/package.sh'
[0.742s] INFO:colcon.colcon_core.shell:Creating package script '/home/gdtr/ros2/colcon_mk/install/plumbing_interface_demo/share/plumbing_interface_demo/package.bash'
[0.743s] INFO:colcon.colcon_core.shell:Creating package script '/home/gdtr/ros2/colcon_mk/install/plumbing_interface_demo/share/plumbing_interface_demo/package.zsh'
[0.744s] Level 1:colcon.colcon_core.environment:create_file_with_runtime_dependencies(/home/gdtr/ros2/colcon_mk/install/plumbing_interface_demo/share/colcon-core/packages/plumbing_interface_demo)
[0.746s] Level 1:colcon.colcon_core.environment:create_environment_scripts_only(hello_world_node)
[0.748s] Level 1:colcon.colcon_core.environment:checking '/home/gdtr/ros2/colcon_mk/install/hello_world_node' for CMake module files
[0.748s] DEBUG:colcon.colcon_core.event_handler.log_command:Invoked command in '/home/gdtr/ros2/colcon_mk/build/hello_world_node' returned '0': CMAKE_PREFIX_PATH=${CMAKE_PREFIX_PATH}:/opt/ros/rolling /usr/bin/cmake --install /home/gdtr/ros2/colcon_mk/build/hello_world_node
[0.749s] Level 1:colcon.colcon_core.environment:checking '/home/gdtr/ros2/colcon_mk/install/hello_world_node' for CMake config files
[0.749s] Level 1:colcon.colcon_core.shell:create_environment_hook('hello_world_node', 'cmake_prefix_path')
[0.751s] INFO:colcon.colcon_core.shell:Creating environment hook '/home/gdtr/ros2/colcon_mk/install/hello_world_node/share/hello_world_node/hook/cmake_prefix_path.ps1'
[0.751s] INFO:colcon.colcon_core.shell:Creating environment descriptor '/home/gdtr/ros2/colcon_mk/install/hello_world_node/share/hello_world_node/hook/cmake_prefix_path.dsv'
[0.752s] INFO:colcon.colcon_core.shell:Creating environment hook '/home/gdtr/ros2/colcon_mk/install/hello_world_node/share/hello_world_node/hook/cmake_prefix_path.sh'
[0.752s] Level 1:colcon.colcon_core.environment:checking '/home/gdtr/ros2/colcon_mk/install/hello_world_node/lib'
[0.753s] Level 1:colcon.colcon_core.environment:checking '/home/gdtr/ros2/colcon_mk/install/hello_world_node/bin'
[0.753s] Level 1:colcon.colcon_core.environment:checking '/home/gdtr/ros2/colcon_mk/install/hello_world_node/lib/pkgconfig/hello_world_node.pc'
[0.753s] Level 1:colcon.colcon_core.environment:checking '/home/gdtr/ros2/colcon_mk/install/hello_world_node/lib/python3.10/site-packages'
[0.753s] Level 1:colcon.colcon_core.environment:checking '/home/gdtr/ros2/colcon_mk/install/hello_world_node/bin'
[0.755s] INFO:colcon.colcon_core.shell:Creating package script '/home/gdtr/ros2/colcon_mk/install/hello_world_node/share/hello_world_node/package.ps1'
[0.756s] INFO:colcon.colcon_core.shell:Creating package descriptor '/home/gdtr/ros2/colcon_mk/install/hello_world_node/share/hello_world_node/package.dsv'
[0.756s] INFO:colcon.colcon_core.shell:Creating package script '/home/gdtr/ros2/colcon_mk/install/hello_world_node/share/hello_world_node/package.sh'
[0.757s] INFO:colcon.colcon_core.shell:Creating package script '/home/gdtr/ros2/colcon_mk/install/hello_world_node/share/hello_world_node/package.bash'
[0.757s] INFO:colcon.colcon_core.shell:Creating package script '/home/gdtr/ros2/colcon_mk/install/hello_world_node/share/hello_world_node/package.zsh'
[0.758s] Level 1:colcon.colcon_core.environment:create_file_with_runtime_dependencies(/home/gdtr/ros2/colcon_mk/install/hello_world_node/share/colcon-core/packages/hello_world_node)
[0.770s] Level 1:colcon.colcon_core.environment:create_environment_scripts_only(plumbing_interface_demo)
[0.773s] Level 1:colcon.colcon_core.environment:checking '/home/gdtr/ros2/colcon_mk/install/plumbing_interface_demo' for CMake module files
[0.773s] Level 1:colcon.colcon_core.environment:checking '/home/gdtr/ros2/colcon_mk/install/plumbing_interface_demo' for CMake config files
[0.773s] Level 1:colcon.colcon_core.shell:create_environment_hook('plumbing_interface_demo', 'cmake_prefix_path')
[0.776s] INFO:colcon.colcon_core.shell:Creating environment hook '/home/gdtr/ros2/colcon_mk/install/plumbing_interface_demo/share/plumbing_interface_demo/hook/cmake_prefix_path.ps1'
[0.778s] INFO:colcon.colcon_core.shell:Creating environment descriptor '/home/gdtr/ros2/colcon_mk/install/plumbing_interface_demo/share/plumbing_interface_demo/hook/cmake_prefix_path.dsv'
[0.780s] INFO:colcon.colcon_core.shell:Creating environment hook '/home/gdtr/ros2/colcon_mk/install/plumbing_interface_demo/share/plumbing_interface_demo/hook/cmake_prefix_path.sh'
[0.781s] Level 1:colcon.colcon_core.environment:checking '/home/gdtr/ros2/colcon_mk/install/plumbing_interface_demo/lib'
[0.781s] Level 1:colcon.colcon_core.environment:checking '/home/gdtr/ros2/colcon_mk/install/plumbing_interface_demo/bin'
[0.781s] Level 1:colcon.colcon_core.environment:checking '/home/gdtr/ros2/colcon_mk/install/plumbing_interface_demo/lib/pkgconfig/plumbing_interface_demo.pc'
[0.782s] Level 1:colcon.colcon_core.environment:checking '/home/gdtr/ros2/colcon_mk/install/plumbing_interface_demo/lib/python3.10/site-packages'
[0.782s] Level 1:colcon.colcon_core.environment:checking '/home/gdtr/ros2/colcon_mk/install/plumbing_interface_demo/bin'
[0.784s] INFO:colcon.colcon_core.shell:Creating package script '/home/gdtr/ros2/colcon_mk/install/plumbing_interface_demo/share/plumbing_interface_demo/package.ps1'
[0.784s] INFO:colcon.colcon_core.shell:Creating package descriptor '/home/gdtr/ros2/colcon_mk/install/plumbing_interface_demo/share/plumbing_interface_demo/package.dsv'
[0.785s] INFO:colcon.colcon_core.shell:Creating package script '/home/gdtr/ros2/colcon_mk/install/plumbing_interface_demo/share/plumbing_interface_demo/package.sh'
[0.785s] INFO:colcon.colcon_core.shell:Creating package script '/home/gdtr/ros2/colcon_mk/install/plumbing_interface_demo/share/plumbing_interface_demo/package.bash'
[0.786s] INFO:colcon.colcon_core.shell:Creating package script '/home/gdtr/ros2/colcon_mk/install/plumbing_interface_demo/share/plumbing_interface_demo/package.zsh'
[0.786s] Level 1:colcon.colcon_core.environment:create_file_with_runtime_dependencies(/home/gdtr/ros2/colcon_mk/install/plumbing_interface_demo/share/colcon-core/packages/plumbing_interface_demo)
[0.788s] INFO:colcon.colcon_ros.task.ament_cmake.build:Building ROS package in '/home/gdtr/ros2/colcon_mk/src/topic_demo' with build type 'ament_cmake'
[0.789s] INFO:colcon.colcon_cmake.task.cmake.build:Building CMake package in '/home/gdtr/ros2/colcon_mk/src/topic_demo'
[0.791s] INFO:colcon.colcon_core.shell:Skip shell extension 'powershell' for command environment: Not usable outside of PowerShell
[0.791s] DEBUG:colcon.colcon_core.shell:Skip shell extension 'dsv' for command environment
[0.799s] Level 1:colcon.colcon_core.environment:create_environment_scripts_only(hello_world_node)
[0.802s] Level 1:colcon.colcon_core.environment:checking '/home/gdtr/ros2/colcon_mk/install/hello_world_node' for CMake module files
[0.802s] Level 1:colcon.colcon_core.environment:checking '/home/gdtr/ros2/colcon_mk/install/hello_world_node' for CMake config files
[0.802s] Level 1:colcon.colcon_core.shell:create_environment_hook('hello_world_node', 'cmake_prefix_path')
[0.804s] INFO:colcon.colcon_core.shell:Creating environment hook '/home/gdtr/ros2/colcon_mk/install/hello_world_node/share/hello_world_node/hook/cmake_prefix_path.ps1'
[0.804s] INFO:colcon.colcon_core.shell:Creating environment descriptor '/home/gdtr/ros2/colcon_mk/install/hello_world_node/share/hello_world_node/hook/cmake_prefix_path.dsv'
[0.805s] INFO:colcon.colcon_core.shell:Creating environment hook '/home/gdtr/ros2/colcon_mk/install/hello_world_node/share/hello_world_node/hook/cmake_prefix_path.sh'
[0.805s] Level 1:colcon.colcon_core.environment:checking '/home/gdtr/ros2/colcon_mk/install/hello_world_node/lib'
[0.806s] Level 1:colcon.colcon_core.environment:checking '/home/gdtr/ros2/colcon_mk/install/hello_world_node/bin'
[0.806s] Level 1:colcon.colcon_core.environment:checking '/home/gdtr/ros2/colcon_mk/install/hello_world_node/lib/pkgconfig/hello_world_node.pc'
[0.806s] Level 1:colcon.colcon_core.environment:checking '/home/gdtr/ros2/colcon_mk/install/hello_world_node/lib/python3.10/site-packages'
[0.806s] Level 1:colcon.colcon_core.environment:checking '/home/gdtr/ros2/colcon_mk/install/hello_world_node/bin'
[0.808s] INFO:colcon.colcon_core.shell:Creating package script '/home/gdtr/ros2/colcon_mk/install/hello_world_node/share/hello_world_node/package.ps1'
[0.809s] INFO:colcon.colcon_core.shell:Creating package descriptor '/home/gdtr/ros2/colcon_mk/install/hello_world_node/share/hello_world_node/package.dsv'
[0.809s] INFO:colcon.colcon_core.shell:Creating package script '/home/gdtr/ros2/colcon_mk/install/hello_world_node/share/hello_world_node/package.sh'
[0.810s] INFO:colcon.colcon_core.shell:Creating package script '/home/gdtr/ros2/colcon_mk/install/hello_world_node/share/hello_world_node/package.bash'
[0.810s] INFO:colcon.colcon_core.shell:Creating package script '/home/gdtr/ros2/colcon_mk/install/hello_world_node/share/hello_world_node/package.zsh'
[0.810s] Level 1:colcon.colcon_core.environment:create_file_with_runtime_dependencies(/home/gdtr/ros2/colcon_mk/install/hello_world_node/share/colcon-core/packages/hello_world_node)
[0.816s] DEBUG:colcon.colcon_core.event_handler.log_command:Invoking command in '/home/gdtr/ros2/colcon_mk/build/topic_demo': CMAKE_PREFIX_PATH=/home/gdtr/ros2/colcon_mk/install/plumbing_interface_demo:/home/gdtr/ros2/colcon_mk/install/topic_talker_demo:/home/gdtr/ros2/colcon_mk/install/plumbing_demo:/home/gdtr/ros2/colcon_mk/install/hello_world_node:/opt/ros/rolling /usr/bin/cmake --build /home/gdtr/ros2/colcon_mk/build/topic_demo -- -j8 -l8
[0.919s] DEBUG:colcon.colcon_core.event_handler.log_command:Invoked command in '/home/gdtr/ros2/colcon_mk/build/topic_demo' returned '0': CMAKE_PREFIX_PATH=/home/gdtr/ros2/colcon_mk/install/plumbing_interface_demo:/home/gdtr/ros2/colcon_mk/install/topic_talker_demo:/home/gdtr/ros2/colcon_mk/install/plumbing_demo:/home/gdtr/ros2/colcon_mk/install/hello_world_node:/opt/ros/rolling /usr/bin/cmake --build /home/gdtr/ros2/colcon_mk/build/topic_demo -- -j8 -l8
[0.956s] DEBUG:colcon.colcon_core.event_handler.log_command:Invoking command in '/home/gdtr/ros2/colcon_mk/build/topic_demo': CMAKE_PREFIX_PATH=/home/gdtr/ros2/colcon_mk/install/plumbing_interface_demo:/home/gdtr/ros2/colcon_mk/install/topic_talker_demo:/home/gdtr/ros2/colcon_mk/install/plumbing_demo:/home/gdtr/ros2/colcon_mk/install/hello_world_node:/opt/ros/rolling /usr/bin/cmake --install /home/gdtr/ros2/colcon_mk/build/topic_demo
[0.969s] Level 1:colcon.colcon_core.environment:create_environment_scripts_only(topic_demo)
[0.972s] Level 1:colcon.colcon_core.environment:checking '/home/gdtr/ros2/colcon_mk/install/topic_demo' for CMake module files
[0.973s] DEBUG:colcon.colcon_core.event_handler.log_command:Invoked command in '/home/gdtr/ros2/colcon_mk/build/topic_demo' returned '0': CMAKE_PREFIX_PATH=/home/gdtr/ros2/colcon_mk/install/plumbing_interface_demo:/home/gdtr/ros2/colcon_mk/install/topic_talker_demo:/home/gdtr/ros2/colcon_mk/install/plumbing_demo:/home/gdtr/ros2/colcon_mk/install/hello_world_node:/opt/ros/rolling /usr/bin/cmake --install /home/gdtr/ros2/colcon_mk/build/topic_demo
[0.974s] Level 1:colcon.colcon_core.environment:checking '/home/gdtr/ros2/colcon_mk/install/topic_demo' for CMake config files
[0.974s] Level 1:colcon.colcon_core.shell:create_environment_hook('topic_demo', 'cmake_prefix_path')
[0.977s] INFO:colcon.colcon_core.shell:Creating environment hook '/home/gdtr/ros2/colcon_mk/install/topic_demo/share/topic_demo/hook/cmake_prefix_path.ps1'
[0.978s] INFO:colcon.colcon_core.shell:Creating environment descriptor '/home/gdtr/ros2/colcon_mk/install/topic_demo/share/topic_demo/hook/cmake_prefix_path.dsv'
[0.979s] INFO:colcon.colcon_core.shell:Creating environment hook '/home/gdtr/ros2/colcon_mk/install/topic_demo/share/topic_demo/hook/cmake_prefix_path.sh'
[0.981s] Level 1:colcon.colcon_core.environment:checking '/home/gdtr/ros2/colcon_mk/install/topic_demo/lib'
[0.981s] Level 1:colcon.colcon_core.environment:checking '/home/gdtr/ros2/colcon_mk/install/topic_demo/bin'
[0.981s] Level 1:colcon.colcon_core.environment:checking '/home/gdtr/ros2/colcon_mk/install/topic_demo/lib/pkgconfig/topic_demo.pc'
[0.982s] Level 1:colcon.colcon_core.environment:checking '/home/gdtr/ros2/colcon_mk/install/topic_demo/lib/python3.10/site-packages'
[0.983s] Level 1:colcon.colcon_core.environment:checking '/home/gdtr/ros2/colcon_mk/install/topic_demo/bin'
[0.985s] INFO:colcon.colcon_core.shell:Creating package script '/home/gdtr/ros2/colcon_mk/install/topic_demo/share/topic_demo/package.ps1'
[0.985s] INFO:colcon.colcon_core.shell:Creating package descriptor '/home/gdtr/ros2/colcon_mk/install/topic_demo/share/topic_demo/package.dsv'
[0.986s] INFO:colcon.colcon_core.shell:Creating package script '/home/gdtr/ros2/colcon_mk/install/topic_demo/share/topic_demo/package.sh'
[0.987s] INFO:colcon.colcon_core.shell:Creating package script '/home/gdtr/ros2/colcon_mk/install/topic_demo/share/topic_demo/package.bash'
[0.987s] INFO:colcon.colcon_core.shell:Creating package script '/home/gdtr/ros2/colcon_mk/install/topic_demo/share/topic_demo/package.zsh'
[0.987s] Level 1:colcon.colcon_core.environment:create_file_with_runtime_dependencies(/home/gdtr/ros2/colcon_mk/install/topic_demo/share/colcon-core/packages/topic_demo)
[1.020s] Level 1:colcon.colcon_core.environment:create_environment_scripts_only(topic_demo)
[1.022s] Level 1:colcon.colcon_core.environment:checking '/home/gdtr/ros2/colcon_mk/install/topic_demo' for CMake module files
[1.023s] Level 1:colcon.colcon_core.environment:checking '/home/gdtr/ros2/colcon_mk/install/topic_demo' for CMake config files
[1.023s] Level 1:colcon.colcon_core.shell:create_environment_hook('topic_demo', 'cmake_prefix_path')
[1.026s] INFO:colcon.colcon_core.shell:Creating environment hook '/home/gdtr/ros2/colcon_mk/install/topic_demo/share/topic_demo/hook/cmake_prefix_path.ps1'
[1.026s] INFO:colcon.colcon_core.shell:Creating environment descriptor '/home/gdtr/ros2/colcon_mk/install/topic_demo/share/topic_demo/hook/cmake_prefix_path.dsv'
[1.027s] INFO:colcon.colcon_core.shell:Creating environment hook '/home/gdtr/ros2/colcon_mk/install/topic_demo/share/topic_demo/hook/cmake_prefix_path.sh'
[1.028s] Level 1:colcon.colcon_core.environment:checking '/home/gdtr/ros2/colcon_mk/install/topic_demo/lib'
[1.028s] Level 1:colcon.colcon_core.environment:checking '/home/gdtr/ros2/colcon_mk/install/topic_demo/bin'
[1.028s] Level 1:colcon.colcon_core.environment:checking '/home/gdtr/ros2/colcon_mk/install/topic_demo/lib/pkgconfig/topic_demo.pc'
[1.029s] Level 1:colcon.colcon_core.environment:checking '/home/gdtr/ros2/colcon_mk/install/topic_demo/lib/python3.10/site-packages'
[1.029s] Level 1:colcon.colcon_core.environment:checking '/home/gdtr/ros2/colcon_mk/install/topic_demo/bin'
[1.032s] INFO:colcon.colcon_core.shell:Creating package script '/home/gdtr/ros2/colcon_mk/install/topic_demo/share/topic_demo/package.ps1'
[1.032s] INFO:colcon.colcon_core.shell:Creating package descriptor '/home/gdtr/ros2/colcon_mk/install/topic_demo/share/topic_demo/package.dsv'
[1.033s] INFO:colcon.colcon_core.shell:Creating package script '/home/gdtr/ros2/colcon_mk/install/topic_demo/share/topic_demo/package.sh'
[1.033s] INFO:colcon.colcon_core.shell:Creating package script '/home/gdtr/ros2/colcon_mk/install/topic_demo/share/topic_demo/package.bash'
[1.034s] INFO:colcon.colcon_core.shell:Creating package script '/home/gdtr/ros2/colcon_mk/install/topic_demo/share/topic_demo/package.zsh'
[1.034s] Level 1:colcon.colcon_core.environment:create_file_with_runtime_dependencies(/home/gdtr/ros2/colcon_mk/install/topic_demo/share/colcon-core/packages/topic_demo)
[1.034s] DEBUG:colcon.colcon_parallel_executor.executor.parallel:closing loop
[1.035s] DEBUG:colcon.colcon_parallel_executor.executor.parallel:loop closed
[1.035s] DEBUG:colcon.colcon_parallel_executor.executor.parallel:run_until_complete finished with '0'
[1.035s] DEBUG:colcon.colcon_core.event_reactor:joining thread
[1.041s] INFO:colcon.colcon_core.plugin_system:Skipping extension 'colcon_notification.desktop_notification.notify_send': Could not find 'notify-send'
[1.041s] INFO:colcon.colcon_core.plugin_system:Skipping extension 'colcon_notification.desktop_notification.terminal_notifier': Not used on non-Darwin systems
[1.041s] INFO:colcon.colcon_core.plugin_system:Skipping extension 'colcon_notification.desktop_notification.win32': Not used on non-Windows systems
[1.041s] INFO:colcon.colcon_notification.desktop_notification:Sending desktop notification using 'notify2'
[1.044s] DEBUG:colcon.colcon_notification.desktop_notification.notify2:Failed to initialize notify2: org.freedesktop.DBus.Error.Spawn.ExecFailed: /usr/bin/dbus-launch terminated abnormally without any error message
[1.044s] DEBUG:colcon.colcon_core.event_reactor:joined thread
[1.047s] INFO:colcon.colcon_core.shell:Creating prefix script '/home/gdtr/ros2/colcon_mk/install/local_setup.ps1'
[1.049s] INFO:colcon.colcon_core.shell:Creating prefix util module '/home/gdtr/ros2/colcon_mk/install/_local_setup_util_ps1.py'
[1.051s] INFO:colcon.colcon_core.shell:Creating prefix chain script '/home/gdtr/ros2/colcon_mk/install/setup.ps1'
[1.053s] INFO:colcon.colcon_core.shell:Creating prefix script '/home/gdtr/ros2/colcon_mk/install/local_setup.sh'
[1.054s] INFO:colcon.colcon_core.shell:Creating prefix util module '/home/gdtr/ros2/colcon_mk/install/_local_setup_util_sh.py'
[1.054s] INFO:colcon.colcon_core.shell:Creating prefix chain script '/home/gdtr/ros2/colcon_mk/install/setup.sh'
[1.056s] INFO:colcon.colcon_core.shell:Creating prefix script '/home/gdtr/ros2/colcon_mk/install/local_setup.bash'
[1.056s] INFO:colcon.colcon_core.shell:Creating prefix chain script '/home/gdtr/ros2/colcon_mk/install/setup.bash'
[1.058s] INFO:colcon.colcon_core.shell:Creating prefix script '/home/gdtr/ros2/colcon_mk/install/local_setup.zsh'
[1.059s] INFO:colcon.colcon_core.shell:Creating prefix chain script '/home/gdtr/ros2/colcon_mk/install/setup.zsh'
