-- The C compiler identification is GNU 11.3.0
-- The CXX compiler identification is GNU 11.3.0
-- Detecting C compiler ABI info
-- Detecting C compiler ABI info - done
-- Check for working C compiler: /usr/bin/cc - skipped
-- Detecting C compile features
-- Detecting C compile features - done
-- Detecting CXX compiler ABI info
-- Detecting CXX compiler ABI info - done
-- Check for working CXX compiler: /usr/bin/c++ - skipped
-- Detecting CXX compile features
-- Detecting CXX compile features - done
-- Found ament_cmake: 1.5.2 (/opt/ros/rolling/share/ament_cmake/cmake)
-- Found Python3: /usr/bin/python3.10 (found version "3.10.6") found components: Interpreter 
-- Found ament_lint_auto: 0.13.2 (/opt/ros/rolling/share/ament_lint_auto/cmake)
-- Configuring done
-- Generating done
-- Build files have been written to: /home/gdtr/ros2/colcon_mk/build/meta_package_demo
-- Install configuration: ""
-- Installing: /home/gdtr/ros2/colcon_mk/install/meta_package_demo/share/ament_index/resource_index/package_run_dependencies/meta_package_demo
-- Installing: /home/gdtr/ros2/colcon_mk/install/meta_package_demo/share/ament_index/resource_index/parent_prefix_path/meta_package_demo
-- Installing: /home/gdtr/ros2/colcon_mk/install/meta_package_demo/share/meta_package_demo/environment/ament_prefix_path.sh
-- Installing: /home/gdtr/ros2/colcon_mk/install/meta_package_demo/share/meta_package_demo/environment/ament_prefix_path.dsv
-- Installing: /home/gdtr/ros2/colcon_mk/install/meta_package_demo/share/meta_package_demo/environment/path.sh
-- Installing: /home/gdtr/ros2/colcon_mk/install/meta_package_demo/share/meta_package_demo/environment/path.dsv
-- Installing: /home/gdtr/ros2/colcon_mk/install/meta_package_demo/share/meta_package_demo/local_setup.bash
-- Installing: /home/gdtr/ros2/colcon_mk/install/meta_package_demo/share/meta_package_demo/local_setup.sh
-- Installing: /home/gdtr/ros2/colcon_mk/install/meta_package_demo/share/meta_package_demo/local_setup.zsh
-- Installing: /home/gdtr/ros2/colcon_mk/install/meta_package_demo/share/meta_package_demo/local_setup.dsv
-- Installing: /home/gdtr/ros2/colcon_mk/install/meta_package_demo/share/meta_package_demo/package.dsv
-- Installing: /home/gdtr/ros2/colcon_mk/install/meta_package_demo/share/ament_index/resource_index/packages/meta_package_demo
-- Installing: /home/gdtr/ros2/colcon_mk/install/meta_package_demo/share/meta_package_demo/cmake/meta_package_demoConfig.cmake
-- Installing: /home/gdtr/ros2/colcon_mk/install/meta_package_demo/share/meta_package_demo/cmake/meta_package_demoConfig-version.cmake
-- Installing: /home/gdtr/ros2/colcon_mk/install/meta_package_demo/share/meta_package_demo/package.xml
