[0.016s] Invoking command in '/home/gdtr/ros2/colcon_mk/build/meta_package_demo': AMENT_PREFIX_PATH=/home/gdtr/ros2/colcon_mk/install/topic_demo_py:/home/gdtr/ros2/colcon_mk/install/topic_demo:/home/gdtr/ros2/colcon_mk/install/service_demo_py:/home/gdtr/ros2/colcon_mk/install/service_demo:/home/gdtr/ros2/colcon_mk/install/action_demo:/home/gdtr/ros2/colcon_mk/install/plumbing_interface_demo:/home/gdtr/ros2/colcon_mk/install/parameter_demo:${AMENT_PREFIX_PATH} CMAKE_PREFIX_PATH=/home/gdtr/ros2/colcon_mk/install/topic_demo:/home/gdtr/ros2/colcon_mk/install/service_demo_py:/home/gdtr/ros2/colcon_mk/install/service_demo:/home/gdtr/ros2/colcon_mk/install/action_demo:/home/gdtr/ros2/colcon_mk/install/plumbing_interface_demo:/home/gdtr/ros2/colcon_mk/install/parameter_demo:/opt/ros/rolling LD_LIBRARY_PATH=/home/gdtr/ros2/colcon_mk/install/plumbing_interface_demo/lib:${LD_LIBRARY_PATH} PYTHONPATH=/home/gdtr/ros2/colcon_mk/install/topic_demo_py/lib/python3.10/site-packages:/home/gdtr/ros2/colcon_mk/install/service_demo_py/lib/python3.10/site-packages:/home/gdtr/ros2/colcon_mk/install/plumbing_interface_demo/local/lib/python3.10/dist-packages:${PYTHONPATH} /usr/bin/cmake /home/gdtr/ros2/colcon_mk/src/meta_package_demo -DCMAKE_INSTALL_PREFIX=/home/gdtr/ros2/colcon_mk/install/meta_package_demo
[0.132s] -- The C compiler identification is GNU 11.3.0
[0.199s] -- The CXX compiler identification is GNU 11.3.0
[0.207s] -- Detecting C compiler ABI info
[0.285s] -- Detecting C compiler ABI info - done
[0.296s] -- Check for working C compiler: /usr/bin/cc - skipped
[0.296s] -- Detecting C compile features
[0.297s] -- Detecting C compile features - done
[0.302s] -- Detecting CXX compiler ABI info
[0.453s] -- Detecting CXX compiler ABI info - done
[0.470s] -- Check for working CXX compiler: /usr/bin/c++ - skipped
[0.470s] -- Detecting CXX compile features
[0.471s] -- Detecting CXX compile features - done
[0.483s] -- Found ament_cmake: 1.5.2 (/opt/ros/rolling/share/ament_cmake/cmake)
[0.726s] -- Found Python3: /usr/bin/python3.10 (found version "3.10.6") found components: Interpreter 
[0.845s] -- Found ament_lint_auto: 0.13.2 (/opt/ros/rolling/share/ament_lint_auto/cmake)
[0.927s] -- Configuring done
[0.934s] -- Generating done
[0.935s] -- Build files have been written to: /home/gdtr/ros2/colcon_mk/build/meta_package_demo
[0.942s] Invoked command in '/home/gdtr/ros2/colcon_mk/build/meta_package_demo' returned '0': AMENT_PREFIX_PATH=/home/gdtr/ros2/colcon_mk/install/topic_demo_py:/home/gdtr/ros2/colcon_mk/install/topic_demo:/home/gdtr/ros2/colcon_mk/install/service_demo_py:/home/gdtr/ros2/colcon_mk/install/service_demo:/home/gdtr/ros2/colcon_mk/install/action_demo:/home/gdtr/ros2/colcon_mk/install/plumbing_interface_demo:/home/gdtr/ros2/colcon_mk/install/parameter_demo:${AMENT_PREFIX_PATH} CMAKE_PREFIX_PATH=/home/gdtr/ros2/colcon_mk/install/topic_demo:/home/gdtr/ros2/colcon_mk/install/service_demo_py:/home/gdtr/ros2/colcon_mk/install/service_demo:/home/gdtr/ros2/colcon_mk/install/action_demo:/home/gdtr/ros2/colcon_mk/install/plumbing_interface_demo:/home/gdtr/ros2/colcon_mk/install/parameter_demo:/opt/ros/rolling LD_LIBRARY_PATH=/home/gdtr/ros2/colcon_mk/install/plumbing_interface_demo/lib:${LD_LIBRARY_PATH} PYTHONPATH=/home/gdtr/ros2/colcon_mk/install/topic_demo_py/lib/python3.10/site-packages:/home/gdtr/ros2/colcon_mk/install/service_demo_py/lib/python3.10/site-packages:/home/gdtr/ros2/colcon_mk/install/plumbing_interface_demo/local/lib/python3.10/dist-packages:${PYTHONPATH} /usr/bin/cmake /home/gdtr/ros2/colcon_mk/src/meta_package_demo -DCMAKE_INSTALL_PREFIX=/home/gdtr/ros2/colcon_mk/install/meta_package_demo
[0.944s] Invoking command in '/home/gdtr/ros2/colcon_mk/build/meta_package_demo': AMENT_PREFIX_PATH=/home/gdtr/ros2/colcon_mk/install/topic_demo_py:/home/gdtr/ros2/colcon_mk/install/topic_demo:/home/gdtr/ros2/colcon_mk/install/service_demo_py:/home/gdtr/ros2/colcon_mk/install/service_demo:/home/gdtr/ros2/colcon_mk/install/action_demo:/home/gdtr/ros2/colcon_mk/install/plumbing_interface_demo:/home/gdtr/ros2/colcon_mk/install/parameter_demo:${AMENT_PREFIX_PATH} CMAKE_PREFIX_PATH=/home/gdtr/ros2/colcon_mk/install/topic_demo:/home/gdtr/ros2/colcon_mk/install/service_demo_py:/home/gdtr/ros2/colcon_mk/install/service_demo:/home/gdtr/ros2/colcon_mk/install/action_demo:/home/gdtr/ros2/colcon_mk/install/plumbing_interface_demo:/home/gdtr/ros2/colcon_mk/install/parameter_demo:/opt/ros/rolling LD_LIBRARY_PATH=/home/gdtr/ros2/colcon_mk/install/plumbing_interface_demo/lib:${LD_LIBRARY_PATH} PYTHONPATH=/home/gdtr/ros2/colcon_mk/install/topic_demo_py/lib/python3.10/site-packages:/home/gdtr/ros2/colcon_mk/install/service_demo_py/lib/python3.10/site-packages:/home/gdtr/ros2/colcon_mk/install/plumbing_interface_demo/local/lib/python3.10/dist-packages:${PYTHONPATH} /usr/bin/cmake --build /home/gdtr/ros2/colcon_mk/build/meta_package_demo -- -j8 -l8
[0.997s] Invoked command in '/home/gdtr/ros2/colcon_mk/build/meta_package_demo' returned '0': AMENT_PREFIX_PATH=/home/gdtr/ros2/colcon_mk/install/topic_demo_py:/home/gdtr/ros2/colcon_mk/install/topic_demo:/home/gdtr/ros2/colcon_mk/install/service_demo_py:/home/gdtr/ros2/colcon_mk/install/service_demo:/home/gdtr/ros2/colcon_mk/install/action_demo:/home/gdtr/ros2/colcon_mk/install/plumbing_interface_demo:/home/gdtr/ros2/colcon_mk/install/parameter_demo:${AMENT_PREFIX_PATH} CMAKE_PREFIX_PATH=/home/gdtr/ros2/colcon_mk/install/topic_demo:/home/gdtr/ros2/colcon_mk/install/service_demo_py:/home/gdtr/ros2/colcon_mk/install/service_demo:/home/gdtr/ros2/colcon_mk/install/action_demo:/home/gdtr/ros2/colcon_mk/install/plumbing_interface_demo:/home/gdtr/ros2/colcon_mk/install/parameter_demo:/opt/ros/rolling LD_LIBRARY_PATH=/home/gdtr/ros2/colcon_mk/install/plumbing_interface_demo/lib:${LD_LIBRARY_PATH} PYTHONPATH=/home/gdtr/ros2/colcon_mk/install/topic_demo_py/lib/python3.10/site-packages:/home/gdtr/ros2/colcon_mk/install/service_demo_py/lib/python3.10/site-packages:/home/gdtr/ros2/colcon_mk/install/plumbing_interface_demo/local/lib/python3.10/dist-packages:${PYTHONPATH} /usr/bin/cmake --build /home/gdtr/ros2/colcon_mk/build/meta_package_demo -- -j8 -l8
[1.029s] Invoking command in '/home/gdtr/ros2/colcon_mk/build/meta_package_demo': AMENT_PREFIX_PATH=/home/gdtr/ros2/colcon_mk/install/topic_demo_py:/home/gdtr/ros2/colcon_mk/install/topic_demo:/home/gdtr/ros2/colcon_mk/install/service_demo_py:/home/gdtr/ros2/colcon_mk/install/service_demo:/home/gdtr/ros2/colcon_mk/install/action_demo:/home/gdtr/ros2/colcon_mk/install/plumbing_interface_demo:/home/gdtr/ros2/colcon_mk/install/parameter_demo:${AMENT_PREFIX_PATH} CMAKE_PREFIX_PATH=/home/gdtr/ros2/colcon_mk/install/topic_demo:/home/gdtr/ros2/colcon_mk/install/service_demo_py:/home/gdtr/ros2/colcon_mk/install/service_demo:/home/gdtr/ros2/colcon_mk/install/action_demo:/home/gdtr/ros2/colcon_mk/install/plumbing_interface_demo:/home/gdtr/ros2/colcon_mk/install/parameter_demo:/opt/ros/rolling LD_LIBRARY_PATH=/home/gdtr/ros2/colcon_mk/install/plumbing_interface_demo/lib:${LD_LIBRARY_PATH} PYTHONPATH=/home/gdtr/ros2/colcon_mk/install/topic_demo_py/lib/python3.10/site-packages:/home/gdtr/ros2/colcon_mk/install/service_demo_py/lib/python3.10/site-packages:/home/gdtr/ros2/colcon_mk/install/plumbing_interface_demo/local/lib/python3.10/dist-packages:${PYTHONPATH} /usr/bin/cmake --install /home/gdtr/ros2/colcon_mk/build/meta_package_demo
[1.041s] -- Install configuration: ""
[1.041s] -- Installing: /home/gdtr/ros2/colcon_mk/install/meta_package_demo/share/ament_index/resource_index/package_run_dependencies/meta_package_demo
[1.042s] -- Installing: /home/gdtr/ros2/colcon_mk/install/meta_package_demo/share/ament_index/resource_index/parent_prefix_path/meta_package_demo
[1.042s] -- Installing: /home/gdtr/ros2/colcon_mk/install/meta_package_demo/share/meta_package_demo/environment/ament_prefix_path.sh
[1.042s] -- Installing: /home/gdtr/ros2/colcon_mk/install/meta_package_demo/share/meta_package_demo/environment/ament_prefix_path.dsv
[1.043s] -- Installing: /home/gdtr/ros2/colcon_mk/install/meta_package_demo/share/meta_package_demo/environment/path.sh
[1.043s] -- Installing: /home/gdtr/ros2/colcon_mk/install/meta_package_demo/share/meta_package_demo/environment/path.dsv
[1.043s] -- Installing: /home/gdtr/ros2/colcon_mk/install/meta_package_demo/share/meta_package_demo/local_setup.bash
[1.044s] -- Installing: /home/gdtr/ros2/colcon_mk/install/meta_package_demo/share/meta_package_demo/local_setup.sh
[1.044s] -- Installing: /home/gdtr/ros2/colcon_mk/install/meta_package_demo/share/meta_package_demo/local_setup.zsh
[1.044s] -- Installing: /home/gdtr/ros2/colcon_mk/install/meta_package_demo/share/meta_package_demo/local_setup.dsv
[1.044s] -- Installing: /home/gdtr/ros2/colcon_mk/install/meta_package_demo/share/meta_package_demo/package.dsv
[1.045s] -- Installing: /home/gdtr/ros2/colcon_mk/install/meta_package_demo/share/ament_index/resource_index/packages/meta_package_demo
[1.045s] -- Installing: /home/gdtr/ros2/colcon_mk/install/meta_package_demo/share/meta_package_demo/cmake/meta_package_demoConfig.cmake
[1.045s] -- Installing: /home/gdtr/ros2/colcon_mk/install/meta_package_demo/share/meta_package_demo/cmake/meta_package_demoConfig-version.cmake
[1.046s] -- Installing: /home/gdtr/ros2/colcon_mk/install/meta_package_demo/share/meta_package_demo/package.xml
[1.054s] Invoked command in '/home/gdtr/ros2/colcon_mk/build/meta_package_demo' returned '0': AMENT_PREFIX_PATH=/home/gdtr/ros2/colcon_mk/install/topic_demo_py:/home/gdtr/ros2/colcon_mk/install/topic_demo:/home/gdtr/ros2/colcon_mk/install/service_demo_py:/home/gdtr/ros2/colcon_mk/install/service_demo:/home/gdtr/ros2/colcon_mk/install/action_demo:/home/gdtr/ros2/colcon_mk/install/plumbing_interface_demo:/home/gdtr/ros2/colcon_mk/install/parameter_demo:${AMENT_PREFIX_PATH} CMAKE_PREFIX_PATH=/home/gdtr/ros2/colcon_mk/install/topic_demo:/home/gdtr/ros2/colcon_mk/install/service_demo_py:/home/gdtr/ros2/colcon_mk/install/service_demo:/home/gdtr/ros2/colcon_mk/install/action_demo:/home/gdtr/ros2/colcon_mk/install/plumbing_interface_demo:/home/gdtr/ros2/colcon_mk/install/parameter_demo:/opt/ros/rolling LD_LIBRARY_PATH=/home/gdtr/ros2/colcon_mk/install/plumbing_interface_demo/lib:${LD_LIBRARY_PATH} PYTHONPATH=/home/gdtr/ros2/colcon_mk/install/topic_demo_py/lib/python3.10/site-packages:/home/gdtr/ros2/colcon_mk/install/service_demo_py/lib/python3.10/site-packages:/home/gdtr/ros2/colcon_mk/install/plumbing_interface_demo/local/lib/python3.10/dist-packages:${PYTHONPATH} /usr/bin/cmake --install /home/gdtr/ros2/colcon_mk/build/meta_package_demo
