[0.053s] Invoking command in '/home/gdtr/ros2/colcon_mk/build/service_demo': CMAKE_PREFIX_PATH=${CMAKE_PREFIX_PATH}:/opt/ros/rolling /usr/bin/cmake /home/gdtr/ros2/colcon_mk/src/service_demo -DCMAKE_INSTALL_PREFIX=/home/gdtr/ros2/colcon_mk/install/service_demo
[0.212s] -- The C compiler identification is GNU 11.3.0
[0.366s] -- The CXX compiler identification is GNU 11.3.0
[0.383s] -- Detecting C compiler ABI info
[0.670s] -- Detecting C compiler ABI info - done
[0.692s] -- Check for working C compiler: /usr/bin/cc - skipped
[0.693s] -- Detecting C compile features
[0.696s] -- Detecting C compile features - done
[0.705s] -- Detecting CXX compiler ABI info
[1.028s] -- Detecting CXX compiler ABI info - done
[1.052s] -- Check for working CXX compiler: /usr/bin/c++ - skipped
[1.053s] -- Detecting CXX compile features
[1.055s] -- Detecting CXX compile features - done
[1.061s] -- Found ament_cmake: 1.5.2 (/opt/ros/rolling/share/ament_cmake/cmake)
[1.982s] -- Found Python3: /usr/bin/python3.10 (found version "3.10.6") found components: Interpreter 
[2.517s] -- Found rclcpp: 19.0.0 (/opt/ros/rolling/share/rclcpp/cmake)
[2.598s] -- Found rosidl_generator_c: 3.3.1 (/opt/ros/rolling/share/rosidl_generator_c/cmake)
[2.610s] -- Found rosidl_generator_cpp: 3.3.1 (/opt/ros/rolling/share/rosidl_generator_cpp/cmake)
[2.628s] -- Using all available rosidl_typesupport_c: rosidl_typesupport_fastrtps_c;rosidl_typesupport_introspection_c
[2.668s] -- Using all available rosidl_typesupport_cpp: rosidl_typesupport_fastrtps_cpp;rosidl_typesupport_introspection_cpp
[2.789s] -- Found rmw_implementation_cmake: 6.4.0 (/opt/ros/rolling/share/rmw_implementation_cmake/cmake)
[2.793s] -- Found rmw_fastrtps_cpp: 6.5.0 (/opt/ros/rolling/share/rmw_fastrtps_cpp/cmake)
[3.032s] -- Found OpenSSL: /usr/lib/x86_64-linux-gnu/libcrypto.so (found version "3.0.2")  
[3.119s] -- Found FastRTPS: /opt/ros/rolling/include  
[3.302s] -- Using RMW implementation 'rmw_fastrtps_cpp' as default
[3.345s] -- Looking for pthread.h
[3.779s] -- Looking for pthread.h - found
[3.784s] -- Performing Test CMAKE_HAVE_LIBC_PTHREAD
[4.116s] -- Performing Test CMAKE_HAVE_LIBC_PTHREAD - Success
[4.121s] -- Found Threads: TRUE  
[4.454s] -- Found plumbing_interface_demo: 0.0.0 (/home/gdtr/ros2/colcon_mk/install/plumbing_interface_demo/share/plumbing_interface_demo/cmake)
[4.494s] -- Found ament_lint_auto: 0.13.2 (/opt/ros/rolling/share/ament_lint_auto/cmake)
[4.733s] -- Added test 'cppcheck' to perform static code analysis on C / C++ code
[4.733s] -- Configured cppcheck include dirs: $<BUILD_INTERFACE:/home/gdtr/ros2/colcon_mk/src/service_demo/include>
[4.734s] -- Configured cppcheck exclude dirs and/or files: 
[4.736s] -- Added test 'lint_cmake' to check CMake code style
[4.738s] -- Added test 'uncrustify' to check C / C++ code style
[4.739s] -- Configured uncrustify additional arguments: 
[4.739s] -- Added test 'xmllint' to check XML markup files
[4.742s] -- Configuring done
[4.765s] -- Generating done
[4.768s] -- Build files have been written to: /home/gdtr/ros2/colcon_mk/build/service_demo
[4.797s] Invoked command in '/home/gdtr/ros2/colcon_mk/build/service_demo' returned '0': CMAKE_PREFIX_PATH=${CMAKE_PREFIX_PATH}:/opt/ros/rolling /usr/bin/cmake /home/gdtr/ros2/colcon_mk/src/service_demo -DCMAKE_INSTALL_PREFIX=/home/gdtr/ros2/colcon_mk/install/service_demo
[4.800s] Invoking command in '/home/gdtr/ros2/colcon_mk/build/service_demo': CMAKE_PREFIX_PATH=${CMAKE_PREFIX_PATH}:/opt/ros/rolling /usr/bin/cmake --build /home/gdtr/ros2/colcon_mk/build/service_demo -- -j8 -l8
[4.913s] [ 50%] [32mBuilding CXX object CMakeFiles/service_server.dir/src/service_server.cpp.o[0m
[5.040s] [100%] [32m[1mLinking CXX executable service_server[0m
[5.345s] [100%] Built target service_server
[5.396s] Invoked command in '/home/gdtr/ros2/colcon_mk/build/service_demo' returned '0': CMAKE_PREFIX_PATH=${CMAKE_PREFIX_PATH}:/opt/ros/rolling /usr/bin/cmake --build /home/gdtr/ros2/colcon_mk/build/service_demo -- -j8 -l8
[5.510s] Invoking command in '/home/gdtr/ros2/colcon_mk/build/service_demo': CMAKE_PREFIX_PATH=${CMAKE_PREFIX_PATH}:/opt/ros/rolling /usr/bin/cmake --install /home/gdtr/ros2/colcon_mk/build/service_demo
[5.523s] -- Install configuration: ""
[5.523s] -- Installing: /home/gdtr/ros2/colcon_mk/install/service_demo/lib/service_demo/service_server
[5.527s] -- Set runtime path of "/home/gdtr/ros2/colcon_mk/install/service_demo/lib/service_demo/service_server" to ""
[5.528s] -- Installing: /home/gdtr/ros2/colcon_mk/install/service_demo/share/ament_index/resource_index/package_run_dependencies/service_demo
[5.529s] -- Installing: /home/gdtr/ros2/colcon_mk/install/service_demo/share/ament_index/resource_index/parent_prefix_path/service_demo
[5.529s] -- Installing: /home/gdtr/ros2/colcon_mk/install/service_demo/share/service_demo/environment/ament_prefix_path.sh
[5.530s] -- Installing: /home/gdtr/ros2/colcon_mk/install/service_demo/share/service_demo/environment/ament_prefix_path.dsv
[5.530s] -- Installing: /home/gdtr/ros2/colcon_mk/install/service_demo/share/service_demo/environment/path.sh
[5.531s] -- Installing: /home/gdtr/ros2/colcon_mk/install/service_demo/share/service_demo/environment/path.dsv
[5.532s] -- Installing: /home/gdtr/ros2/colcon_mk/install/service_demo/share/service_demo/local_setup.bash
[5.533s] -- Installing: /home/gdtr/ros2/colcon_mk/install/service_demo/share/service_demo/local_setup.sh
[5.534s] -- Installing: /home/gdtr/ros2/colcon_mk/install/service_demo/share/service_demo/local_setup.zsh
[5.534s] -- Installing: /home/gdtr/ros2/colcon_mk/install/service_demo/share/service_demo/local_setup.dsv
[5.535s] -- Installing: /home/gdtr/ros2/colcon_mk/install/service_demo/share/service_demo/package.dsv
[5.535s] -- Installing: /home/gdtr/ros2/colcon_mk/install/service_demo/share/ament_index/resource_index/packages/service_demo
[5.536s] -- Installing: /home/gdtr/ros2/colcon_mk/install/service_demo/share/service_demo/cmake/service_demoConfig.cmake
[5.537s] -- Installing: /home/gdtr/ros2/colcon_mk/install/service_demo/share/service_demo/cmake/service_demoConfig-version.cmake
[5.547s] -- Installing: /home/gdtr/ros2/colcon_mk/install/service_demo/share/service_demo/package.xml
[5.548s] Invoked command in '/home/gdtr/ros2/colcon_mk/build/service_demo' returned '0': CMAKE_PREFIX_PATH=${CMAKE_PREFIX_PATH}:/opt/ros/rolling /usr/bin/cmake --install /home/gdtr/ros2/colcon_mk/build/service_demo
