[0.020s] Invoking command in '/home/gdtr/ros2/colcon_mk/build/action_demo': CMAKE_PREFIX_PATH=/home/gdtr/ros2/colcon_mk/install/plumbing_interface_demo:/home/gdtr/ros2/colcon_mk/install/topic_demo:/home/gdtr/ros2/colcon_mk/install/service_demo_py:/home/gdtr/ros2/colcon_mk/install/service_demo:/home/gdtr/ros2/colcon_mk/install/hello_world_node:/home/gdtr/ros2/colcon_mk/install/topic_demo_py:/opt/ros/rolling /usr/bin/cmake /home/gdtr/ros2/colcon_mk/src/action_demo -DCMAKE_INSTALL_PREFIX=/home/gdtr/ros2/colcon_mk/install/action_demo
[0.092s] -- The C compiler identification is GNU 11.3.0
[0.157s] -- The CXX compiler identification is GNU 11.3.0
[0.165s] -- Detecting C compiler ABI info
[0.241s] -- Detecting C compiler ABI info - done
[0.249s] -- Check for working C compiler: /usr/bin/cc - skipped
[0.250s] -- Detecting C compile features
[0.250s] -- Detecting C compile features - done
[0.254s] -- Detecting CXX compiler ABI info
[0.358s] -- Detecting CXX compiler ABI info - done
[0.375s] -- Check for working CXX compiler: /usr/bin/c++ - skipped
[0.376s] -- Detecting CXX compile features
[0.376s] -- Detecting CXX compile features - done
[0.382s] -- Found ament_cmake: 1.5.2 (/opt/ros/rolling/share/ament_cmake/cmake)
[0.706s] -- Found Python3: /usr/bin/python3.10 (found version "3.10.6") found components: Interpreter 
[0.819s] -- Found rclcpp: 19.0.0 (/opt/ros/rolling/share/rclcpp/cmake)
[0.892s] -- Found rosidl_generator_c: 3.3.1 (/opt/ros/rolling/share/rosidl_generator_c/cmake)
[0.905s] -- Found rosidl_generator_cpp: 3.3.1 (/opt/ros/rolling/share/rosidl_generator_cpp/cmake)
[0.921s] -- Using all available rosidl_typesupport_c: rosidl_typesupport_fastrtps_c;rosidl_typesupport_introspection_c
[0.948s] -- Using all available rosidl_typesupport_cpp: rosidl_typesupport_fastrtps_cpp;rosidl_typesupport_introspection_cpp
[1.063s] -- Found rmw_implementation_cmake: 6.4.0 (/opt/ros/rolling/share/rmw_implementation_cmake/cmake)
[1.067s] -- Found rmw_fastrtps_cpp: 6.5.0 (/opt/ros/rolling/share/rmw_fastrtps_cpp/cmake)
[1.227s] -- Found OpenSSL: /usr/lib/x86_64-linux-gnu/libcrypto.so (found version "3.0.2")  
[1.266s] -- Found FastRTPS: /opt/ros/rolling/include  
[1.333s] -- Using RMW implementation 'rmw_fastrtps_cpp' as default
[1.347s] -- Looking for pthread.h
[1.426s] -- Looking for pthread.h - found
[1.426s] -- Performing Test CMAKE_HAVE_LIBC_PTHREAD
[1.522s] -- Performing Test CMAKE_HAVE_LIBC_PTHREAD - Success
[1.524s] -- Found Threads: TRUE  
[1.671s] -- Found rclcpp_action: 19.0.0 (/opt/ros/rolling/share/rclcpp_action/cmake)
[1.790s] -- Found plumbing_interface_demo: 0.0.0 (/home/gdtr/ros2/colcon_mk/install/plumbing_interface_demo/share/plumbing_interface_demo/cmake)
[1.868s] -- Found ament_lint_auto: 0.13.2 (/opt/ros/rolling/share/ament_lint_auto/cmake)
[1.980s] -- Added test 'cppcheck' to perform static code analysis on C / C++ code
[1.980s] -- Configured cppcheck include dirs: $<BUILD_INTERFACE:/home/gdtr/ros2/colcon_mk/src/action_demo/include>
[1.980s] -- Configured cppcheck exclude dirs and/or files: 
[1.982s] -- Added test 'lint_cmake' to check CMake code style
[1.983s] -- Added test 'uncrustify' to check C / C++ code style
[1.983s] -- Configured uncrustify additional arguments: 
[1.984s] -- Added test 'xmllint' to check XML markup files
[1.987s] -- Configuring done
[2.007s] -- Generating done
[2.010s] -- Build files have been written to: /home/gdtr/ros2/colcon_mk/build/action_demo
[2.019s] Invoked command in '/home/gdtr/ros2/colcon_mk/build/action_demo' returned '0': CMAKE_PREFIX_PATH=/home/gdtr/ros2/colcon_mk/install/plumbing_interface_demo:/home/gdtr/ros2/colcon_mk/install/topic_demo:/home/gdtr/ros2/colcon_mk/install/service_demo_py:/home/gdtr/ros2/colcon_mk/install/service_demo:/home/gdtr/ros2/colcon_mk/install/hello_world_node:/home/gdtr/ros2/colcon_mk/install/topic_demo_py:/opt/ros/rolling /usr/bin/cmake /home/gdtr/ros2/colcon_mk/src/action_demo -DCMAKE_INSTALL_PREFIX=/home/gdtr/ros2/colcon_mk/install/action_demo
[2.022s] Invoking command in '/home/gdtr/ros2/colcon_mk/build/action_demo': CMAKE_PREFIX_PATH=/home/gdtr/ros2/colcon_mk/install/plumbing_interface_demo:/home/gdtr/ros2/colcon_mk/install/topic_demo:/home/gdtr/ros2/colcon_mk/install/service_demo_py:/home/gdtr/ros2/colcon_mk/install/service_demo:/home/gdtr/ros2/colcon_mk/install/hello_world_node:/home/gdtr/ros2/colcon_mk/install/topic_demo_py:/opt/ros/rolling /usr/bin/cmake --build /home/gdtr/ros2/colcon_mk/build/action_demo -- -j8 -l8
[2.080s] [ 50%] [32mBuilding CXX object CMakeFiles/action_server.dir/src/action_server.cpp.o[0m
[2.081s] [ 50%] [32mBuilding CXX object CMakeFiles/action_client.dir/src/action_client.cpp.o[0m
[5.919s] [ 75%] [32m[1mLinking CXX executable action_server[0m
[5.922s] [100%] [32m[1mLinking CXX executable action_client[0m
[6.411s] [100%] Built target action_server
[6.414s] [100%] Built target action_client
[6.494s] Invoked command in '/home/gdtr/ros2/colcon_mk/build/action_demo' returned '0': CMAKE_PREFIX_PATH=/home/gdtr/ros2/colcon_mk/install/plumbing_interface_demo:/home/gdtr/ros2/colcon_mk/install/topic_demo:/home/gdtr/ros2/colcon_mk/install/service_demo_py:/home/gdtr/ros2/colcon_mk/install/service_demo:/home/gdtr/ros2/colcon_mk/install/hello_world_node:/home/gdtr/ros2/colcon_mk/install/topic_demo_py:/opt/ros/rolling /usr/bin/cmake --build /home/gdtr/ros2/colcon_mk/build/action_demo -- -j8 -l8
[6.721s] Invoking command in '/home/gdtr/ros2/colcon_mk/build/action_demo': CMAKE_PREFIX_PATH=/home/gdtr/ros2/colcon_mk/install/plumbing_interface_demo:/home/gdtr/ros2/colcon_mk/install/topic_demo:/home/gdtr/ros2/colcon_mk/install/service_demo_py:/home/gdtr/ros2/colcon_mk/install/service_demo:/home/gdtr/ros2/colcon_mk/install/hello_world_node:/home/gdtr/ros2/colcon_mk/install/topic_demo_py:/opt/ros/rolling /usr/bin/cmake --install /home/gdtr/ros2/colcon_mk/build/action_demo
[6.746s] -- Install configuration: ""
[6.746s] -- Installing: /home/gdtr/ros2/colcon_mk/install/action_demo/lib/action_demo/action_server
[6.747s] -- Set runtime path of "/home/gdtr/ros2/colcon_mk/install/action_demo/lib/action_demo/action_server" to ""
[6.748s] -- Installing: /home/gdtr/ros2/colcon_mk/install/action_demo/lib/action_demo/action_client
[6.749s] -- Set runtime path of "/home/gdtr/ros2/colcon_mk/install/action_demo/lib/action_demo/action_client" to ""
[6.749s] -- Installing: /home/gdtr/ros2/colcon_mk/install/action_demo/share/ament_index/resource_index/package_run_dependencies/action_demo
[6.749s] -- Installing: /home/gdtr/ros2/colcon_mk/install/action_demo/share/ament_index/resource_index/parent_prefix_path/action_demo
[6.750s] -- Installing: /home/gdtr/ros2/colcon_mk/install/action_demo/share/action_demo/environment/ament_prefix_path.sh
[6.751s] -- Installing: /home/gdtr/ros2/colcon_mk/install/action_demo/share/action_demo/environment/ament_prefix_path.dsv
[6.751s] -- Installing: /home/gdtr/ros2/colcon_mk/install/action_demo/share/action_demo/environment/path.sh
[6.753s] -- Installing: /home/gdtr/ros2/colcon_mk/install/action_demo/share/action_demo/environment/path.dsv
[6.754s] -- Installing: /home/gdtr/ros2/colcon_mk/install/action_demo/share/action_demo/local_setup.bash
[6.754s] -- Installing: /home/gdtr/ros2/colcon_mk/install/action_demo/share/action_demo/local_setup.sh
[6.755s] -- Installing: /home/gdtr/ros2/colcon_mk/install/action_demo/share/action_demo/local_setup.zsh
[6.755s] -- Installing: /home/gdtr/ros2/colcon_mk/install/action_demo/share/action_demo/local_setup.dsv
[6.756s] -- Installing: /home/gdtr/ros2/colcon_mk/install/action_demo/share/action_demo/package.dsv
[6.756s] -- Installing: /home/gdtr/ros2/colcon_mk/install/action_demo/share/ament_index/resource_index/packages/action_demo
[6.756s] -- Installing: /home/gdtr/ros2/colcon_mk/install/action_demo/share/action_demo/cmake/action_demoConfig.cmake
[6.757s] -- Installing: /home/gdtr/ros2/colcon_mk/install/action_demo/share/action_demo/cmake/action_demoConfig-version.cmake
[6.757s] -- Installing: /home/gdtr/ros2/colcon_mk/install/action_demo/share/action_demo/package.xml
[6.764s] Invoked command in '/home/gdtr/ros2/colcon_mk/build/action_demo' returned '0': CMAKE_PREFIX_PATH=/home/gdtr/ros2/colcon_mk/install/plumbing_interface_demo:/home/gdtr/ros2/colcon_mk/install/topic_demo:/home/gdtr/ros2/colcon_mk/install/service_demo_py:/home/gdtr/ros2/colcon_mk/install/service_demo:/home/gdtr/ros2/colcon_mk/install/hello_world_node:/home/gdtr/ros2/colcon_mk/install/topic_demo_py:/opt/ros/rolling /usr/bin/cmake --install /home/gdtr/ros2/colcon_mk/build/action_demo
