[0.414s] DEBUG:colcon:Command line arguments: ['/usr/bin/colcon', 'build']
[0.414s] DEBUG:colcon:Parsed command line arguments: Namespace(log_base=None, log_level=None, verb_name='build', build_base='build', install_base='install', merge_install=False, symlink_install=False, test_result_base=None, continue_on_error=False, executor='parallel', parallel_workers=8, event_handlers=None, ignore_user_meta=False, metas=['./colcon.meta'], base_paths=['.'], packages_ignore=None, packages_ignore_regex=None, paths=None, packages_up_to=None, packages_up_to_regex=None, packages_above=None, packages_above_and_dependencies=None, packages_above_depth=None, packages_select_by_dep=None, packages_skip_by_dep=None, packages_skip_up_to=None, packages_select_build_failed=False, packages_skip_build_finished=False, packages_select_test_failures=False, packages_skip_test_passed=False, packages_select=None, packages_skip=None, packages_select_regex=None, packages_skip_regex=None, packages_start=None, packages_end=None, allow_overriding=[], cmake_args=None, cmake_target=None, cmake_target_skip_unavailable=False, cmake_clean_cache=False, cmake_clean_first=False, cmake_force_configure=False, ament_cmake_args=None, catkin_cmake_args=None, catkin_skip_building_tests=False, verb_parser=<colcon_defaults.argument_parser.defaults.DefaultArgumentsDecorator object at 0x7f34e1377af0>, verb_extension=<colcon_core.verb.build.BuildVerb object at 0x7f34e1b650c0>, main=<bound method BuildVerb.main of <colcon_core.verb.build.BuildVerb object at 0x7f34e1b650c0>>)
[0.458s] Level 1:colcon.colcon_core.package_discovery:discover_packages(colcon_meta) check parameters
[0.459s] Level 1:colcon.colcon_core.package_discovery:discover_packages(recursive) check parameters
[0.459s] Level 1:colcon.colcon_core.package_discovery:discover_packages(ignore) check parameters
[0.459s] Level 1:colcon.colcon_core.package_discovery:discover_packages(path) check parameters
[0.459s] Level 1:colcon.colcon_core.package_discovery:discover_packages(colcon_meta) discover
[0.459s] Level 1:colcon.colcon_core.package_discovery:discover_packages(recursive) discover
[0.459s] INFO:colcon.colcon_core.package_discovery:Crawling recursively for packages in '/home/gdtr/ros2/colcon_mk'
[0.459s] Level 1:colcon.colcon_core.package_identification:_identify(.) by extensions ['ignore', 'ignore_ament_install']
[0.459s] Level 1:colcon.colcon_core.package_identification:_identify(.) by extension 'ignore'
[0.459s] Level 1:colcon.colcon_core.package_identification:_identify(.) by extension 'ignore_ament_install'
[0.460s] Level 1:colcon.colcon_core.package_identification:_identify(.) by extensions ['colcon_pkg']
[0.460s] Level 1:colcon.colcon_core.package_identification:_identify(.) by extension 'colcon_pkg'
[0.460s] Level 1:colcon.colcon_core.package_identification:_identify(.) by extensions ['colcon_meta']
[0.460s] Level 1:colcon.colcon_core.package_identification:_identify(.) by extension 'colcon_meta'
[0.460s] Level 1:colcon.colcon_core.package_identification:_identify(.) by extensions ['ros']
[0.460s] Level 1:colcon.colcon_core.package_identification:_identify(.) by extension 'ros'
[0.479s] Level 1:colcon.colcon_core.package_identification:_identify(.) by extensions ['cmake', 'python']
[0.479s] Level 1:colcon.colcon_core.package_identification:_identify(.) by extension 'cmake'
[0.479s] Level 1:colcon.colcon_core.package_identification:_identify(.) by extension 'python'
[0.479s] Level 1:colcon.colcon_core.package_identification:_identify(.) by extensions ['python_setup_py']
[0.479s] Level 1:colcon.colcon_core.package_identification:_identify(.) by extension 'python_setup_py'
[0.479s] Level 1:colcon.colcon_core.package_identification:_identify(build) by extensions ['ignore', 'ignore_ament_install']
[0.479s] Level 1:colcon.colcon_core.package_identification:_identify(build) by extension 'ignore'
[0.479s] Level 1:colcon.colcon_core.package_identification:_identify(build) ignored
[0.479s] Level 1:colcon.colcon_core.package_identification:_identify(install) by extensions ['ignore', 'ignore_ament_install']
[0.480s] Level 1:colcon.colcon_core.package_identification:_identify(install) by extension 'ignore'
[0.480s] Level 1:colcon.colcon_core.package_identification:_identify(install) ignored
[0.480s] Level 1:colcon.colcon_core.package_identification:_identify(log) by extensions ['ignore', 'ignore_ament_install']
[0.480s] Level 1:colcon.colcon_core.package_identification:_identify(log) by extension 'ignore'
[0.480s] Level 1:colcon.colcon_core.package_identification:_identify(log) ignored
[0.480s] Level 1:colcon.colcon_core.package_identification:_identify(src) by extensions ['ignore', 'ignore_ament_install']
[0.480s] Level 1:colcon.colcon_core.package_identification:_identify(src) by extension 'ignore'
[0.480s] Level 1:colcon.colcon_core.package_identification:_identify(src) by extension 'ignore_ament_install'
[0.480s] Level 1:colcon.colcon_core.package_identification:_identify(src) by extensions ['colcon_pkg']
[0.480s] Level 1:colcon.colcon_core.package_identification:_identify(src) by extension 'colcon_pkg'
[0.480s] Level 1:colcon.colcon_core.package_identification:_identify(src) by extensions ['colcon_meta']
[0.480s] Level 1:colcon.colcon_core.package_identification:_identify(src) by extension 'colcon_meta'
[0.481s] Level 1:colcon.colcon_core.package_identification:_identify(src) by extensions ['ros']
[0.481s] Level 1:colcon.colcon_core.package_identification:_identify(src) by extension 'ros'
[0.481s] Level 1:colcon.colcon_core.package_identification:_identify(src) by extensions ['cmake', 'python']
[0.481s] Level 1:colcon.colcon_core.package_identification:_identify(src) by extension 'cmake'
[0.481s] Level 1:colcon.colcon_core.package_identification:_identify(src) by extension 'python'
[0.481s] Level 1:colcon.colcon_core.package_identification:_identify(src) by extensions ['python_setup_py']
[0.481s] Level 1:colcon.colcon_core.package_identification:_identify(src) by extension 'python_setup_py'
[0.481s] Level 1:colcon.colcon_core.package_identification:_identify(src/hello_world_node) by extensions ['ignore', 'ignore_ament_install']
[0.481s] Level 1:colcon.colcon_core.package_identification:_identify(src/hello_world_node) by extension 'ignore'
[0.481s] Level 1:colcon.colcon_core.package_identification:_identify(src/hello_world_node) by extension 'ignore_ament_install'
[0.481s] Level 1:colcon.colcon_core.package_identification:_identify(src/hello_world_node) by extensions ['colcon_pkg']
[0.481s] Level 1:colcon.colcon_core.package_identification:_identify(src/hello_world_node) by extension 'colcon_pkg'
[0.481s] Level 1:colcon.colcon_core.package_identification:_identify(src/hello_world_node) by extensions ['colcon_meta']
[0.481s] Level 1:colcon.colcon_core.package_identification:_identify(src/hello_world_node) by extension 'colcon_meta'
[0.482s] Level 1:colcon.colcon_core.package_identification:_identify(src/hello_world_node) by extensions ['ros']
[0.482s] Level 1:colcon.colcon_core.package_identification:_identify(src/hello_world_node) by extension 'ros'
[0.486s] DEBUG:colcon.colcon_core.package_identification:Package 'src/hello_world_node' with type 'ros.ament_cmake' and name 'hello_world_node'
[0.486s] Level 1:colcon.colcon_core.package_discovery:discover_packages(recursive) using defaults
[0.486s] Level 1:colcon.colcon_core.package_discovery:discover_packages(ignore) discover
[0.487s] Level 1:colcon.colcon_core.package_discovery:discover_packages(ignore) using defaults
[0.487s] Level 1:colcon.colcon_core.package_discovery:discover_packages(path) discover
[0.487s] Level 1:colcon.colcon_core.package_discovery:discover_packages(path) using defaults
[0.518s] Level 1:colcon.colcon_core.package_discovery:discover_packages(prefix_path) check parameters
[0.518s] Level 1:colcon.colcon_core.package_discovery:discover_packages(prefix_path) discover
[0.523s] DEBUG:colcon.colcon_installed_package_information.package_discovery:Found 276 installed packages in /opt/ros/rolling
[0.524s] Level 1:colcon.colcon_core.package_discovery:discover_packages(prefix_path) using defaults
[0.607s] Level 5:colcon.colcon_core.verb:set package 'hello_world_node' build argument 'cmake_args' from command line to 'None'
[0.607s] Level 5:colcon.colcon_core.verb:set package 'hello_world_node' build argument 'cmake_target' from command line to 'None'
[0.607s] Level 5:colcon.colcon_core.verb:set package 'hello_world_node' build argument 'cmake_target_skip_unavailable' from command line to 'False'
[0.607s] Level 5:colcon.colcon_core.verb:set package 'hello_world_node' build argument 'cmake_clean_cache' from command line to 'False'
[0.607s] Level 5:colcon.colcon_core.verb:set package 'hello_world_node' build argument 'cmake_clean_first' from command line to 'False'
[0.607s] Level 5:colcon.colcon_core.verb:set package 'hello_world_node' build argument 'cmake_force_configure' from command line to 'False'
[0.607s] Level 5:colcon.colcon_core.verb:set package 'hello_world_node' build argument 'ament_cmake_args' from command line to 'None'
[0.607s] Level 5:colcon.colcon_core.verb:set package 'hello_world_node' build argument 'catkin_cmake_args' from command line to 'None'
[0.607s] Level 5:colcon.colcon_core.verb:set package 'hello_world_node' build argument 'catkin_skip_building_tests' from command line to 'False'
[0.607s] DEBUG:colcon.colcon_core.verb:Building package 'hello_world_node' with the following arguments: {'ament_cmake_args': None, 'build_base': '/home/gdtr/ros2/colcon_mk/build/hello_world_node', 'catkin_cmake_args': None, 'catkin_skip_building_tests': False, 'cmake_args': None, 'cmake_clean_cache': False, 'cmake_clean_first': False, 'cmake_force_configure': False, 'cmake_target': None, 'cmake_target_skip_unavailable': False, 'install_base': '/home/gdtr/ros2/colcon_mk/install/hello_world_node', 'merge_install': False, 'path': '/home/gdtr/ros2/colcon_mk/src/hello_world_node', 'symlink_install': False, 'test_result_base': None}
[0.608s] INFO:colcon.colcon_core.executor:Executing jobs using 'parallel' executor
[0.613s] DEBUG:colcon.colcon_parallel_executor.executor.parallel:run_until_complete
[0.613s] INFO:colcon.colcon_ros.task.ament_cmake.build:Building ROS package in '/home/gdtr/ros2/colcon_mk/src/hello_world_node' with build type 'ament_cmake'
[0.613s] INFO:colcon.colcon_cmake.task.cmake.build:Building CMake package in '/home/gdtr/ros2/colcon_mk/src/hello_world_node'
[0.619s] INFO:colcon.colcon_core.plugin_system:Skipping extension 'colcon_core.shell.bat': Not used on non-Windows systems
[0.620s] INFO:colcon.colcon_core.shell:Skip shell extension 'powershell' for command environment: Not usable outside of PowerShell
[0.620s] DEBUG:colcon.colcon_core.shell:Skip shell extension 'dsv' for command environment
[0.628s] DEBUG:colcon.colcon_core.event_handler.log_command:Invoking command in '/home/gdtr/ros2/colcon_mk/build/hello_world_node': CMAKE_PREFIX_PATH=/opt/ros/rolling /usr/bin/cmake /home/gdtr/ros2/colcon_mk/src/hello_world_node -DCMAKE_INSTALL_PREFIX=/home/gdtr/ros2/colcon_mk/install/hello_world_node
[2.408s] DEBUG:colcon.colcon_core.event_handler.log_command:Invoked command in '/home/gdtr/ros2/colcon_mk/build/hello_world_node' returned '0': CMAKE_PREFIX_PATH=/opt/ros/rolling /usr/bin/cmake /home/gdtr/ros2/colcon_mk/src/hello_world_node -DCMAKE_INSTALL_PREFIX=/home/gdtr/ros2/colcon_mk/install/hello_world_node
[2.412s] DEBUG:colcon.colcon_core.event_handler.log_command:Invoking command in '/home/gdtr/ros2/colcon_mk/build/hello_world_node': CMAKE_PREFIX_PATH=/opt/ros/rolling /usr/bin/cmake --build /home/gdtr/ros2/colcon_mk/build/hello_world_node -- -j8 -l8
[2.615s] DEBUG:colcon.colcon_core.event_handler.log_command:Invoked command in '/home/gdtr/ros2/colcon_mk/build/hello_world_node' returned '0': CMAKE_PREFIX_PATH=/opt/ros/rolling /usr/bin/cmake --build /home/gdtr/ros2/colcon_mk/build/hello_world_node -- -j8 -l8
[2.652s] DEBUG:colcon.colcon_core.event_handler.log_command:Invoking command in '/home/gdtr/ros2/colcon_mk/build/hello_world_node': CMAKE_PREFIX_PATH=/opt/ros/rolling /usr/bin/cmake --install /home/gdtr/ros2/colcon_mk/build/hello_world_node
[2.666s] Level 1:colcon.colcon_core.environment:create_environment_scripts_only(hello_world_node)
[2.667s] DEBUG:colcon.colcon_core.event_handler.log_command:Invoked command in '/home/gdtr/ros2/colcon_mk/build/hello_world_node' returned '0': CMAKE_PREFIX_PATH=/opt/ros/rolling /usr/bin/cmake --install /home/gdtr/ros2/colcon_mk/build/hello_world_node
[2.675s] Level 1:colcon.colcon_core.environment:checking '/home/gdtr/ros2/colcon_mk/install/hello_world_node' for CMake module files
[2.676s] Level 1:colcon.colcon_core.environment:checking '/home/gdtr/ros2/colcon_mk/install/hello_world_node' for CMake config files
[2.677s] Level 1:colcon.colcon_core.shell:create_environment_hook('hello_world_node', 'cmake_prefix_path')
[2.678s] INFO:colcon.colcon_core.shell:Creating environment hook '/home/gdtr/ros2/colcon_mk/install/hello_world_node/share/hello_world_node/hook/cmake_prefix_path.ps1'
[2.679s] INFO:colcon.colcon_core.shell:Creating environment descriptor '/home/gdtr/ros2/colcon_mk/install/hello_world_node/share/hello_world_node/hook/cmake_prefix_path.dsv'
[2.680s] INFO:colcon.colcon_core.shell:Creating environment hook '/home/gdtr/ros2/colcon_mk/install/hello_world_node/share/hello_world_node/hook/cmake_prefix_path.sh'
[2.682s] Level 1:colcon.colcon_core.environment:checking '/home/gdtr/ros2/colcon_mk/install/hello_world_node/lib'
[2.682s] Level 1:colcon.colcon_core.environment:checking '/home/gdtr/ros2/colcon_mk/install/hello_world_node/bin'
[2.683s] Level 1:colcon.colcon_core.environment:checking '/home/gdtr/ros2/colcon_mk/install/hello_world_node/lib/pkgconfig/hello_world_node.pc'
[2.683s] Level 1:colcon.colcon_core.environment:checking '/home/gdtr/ros2/colcon_mk/install/hello_world_node/lib/python3.10/site-packages'
[2.684s] Level 1:colcon.colcon_core.environment:checking '/home/gdtr/ros2/colcon_mk/install/hello_world_node/bin'
[2.686s] INFO:colcon.colcon_core.shell:Creating package script '/home/gdtr/ros2/colcon_mk/install/hello_world_node/share/hello_world_node/package.ps1'
[2.687s] INFO:colcon.colcon_core.shell:Creating package descriptor '/home/gdtr/ros2/colcon_mk/install/hello_world_node/share/hello_world_node/package.dsv'
[2.688s] INFO:colcon.colcon_core.shell:Creating package script '/home/gdtr/ros2/colcon_mk/install/hello_world_node/share/hello_world_node/package.sh'
[2.689s] INFO:colcon.colcon_core.shell:Creating package script '/home/gdtr/ros2/colcon_mk/install/hello_world_node/share/hello_world_node/package.bash'
[2.690s] INFO:colcon.colcon_core.shell:Creating package script '/home/gdtr/ros2/colcon_mk/install/hello_world_node/share/hello_world_node/package.zsh'
[2.690s] Level 1:colcon.colcon_core.environment:create_file_with_runtime_dependencies(/home/gdtr/ros2/colcon_mk/install/hello_world_node/share/colcon-core/packages/hello_world_node)
[2.716s] Level 1:colcon.colcon_core.environment:create_environment_scripts_only(hello_world_node)
[2.719s] Level 1:colcon.colcon_core.environment:checking '/home/gdtr/ros2/colcon_mk/install/hello_world_node' for CMake module files
[2.719s] Level 1:colcon.colcon_core.environment:checking '/home/gdtr/ros2/colcon_mk/install/hello_world_node' for CMake config files
[2.720s] Level 1:colcon.colcon_core.shell:create_environment_hook('hello_world_node', 'cmake_prefix_path')
[2.721s] INFO:colcon.colcon_core.shell:Creating environment hook '/home/gdtr/ros2/colcon_mk/install/hello_world_node/share/hello_world_node/hook/cmake_prefix_path.ps1'
[2.722s] INFO:colcon.colcon_core.shell:Creating environment descriptor '/home/gdtr/ros2/colcon_mk/install/hello_world_node/share/hello_world_node/hook/cmake_prefix_path.dsv'
[2.722s] INFO:colcon.colcon_core.shell:Creating environment hook '/home/gdtr/ros2/colcon_mk/install/hello_world_node/share/hello_world_node/hook/cmake_prefix_path.sh'
[2.723s] Level 1:colcon.colcon_core.environment:checking '/home/gdtr/ros2/colcon_mk/install/hello_world_node/lib'
[2.723s] Level 1:colcon.colcon_core.environment:checking '/home/gdtr/ros2/colcon_mk/install/hello_world_node/bin'
[2.723s] Level 1:colcon.colcon_core.environment:checking '/home/gdtr/ros2/colcon_mk/install/hello_world_node/lib/pkgconfig/hello_world_node.pc'
[2.723s] Level 1:colcon.colcon_core.environment:checking '/home/gdtr/ros2/colcon_mk/install/hello_world_node/lib/python3.10/site-packages'
[2.724s] Level 1:colcon.colcon_core.environment:checking '/home/gdtr/ros2/colcon_mk/install/hello_world_node/bin'
[2.726s] INFO:colcon.colcon_core.shell:Creating package script '/home/gdtr/ros2/colcon_mk/install/hello_world_node/share/hello_world_node/package.ps1'
[2.727s] INFO:colcon.colcon_core.shell:Creating package descriptor '/home/gdtr/ros2/colcon_mk/install/hello_world_node/share/hello_world_node/package.dsv'
[2.728s] INFO:colcon.colcon_core.shell:Creating package script '/home/gdtr/ros2/colcon_mk/install/hello_world_node/share/hello_world_node/package.sh'
[2.728s] INFO:colcon.colcon_core.shell:Creating package script '/home/gdtr/ros2/colcon_mk/install/hello_world_node/share/hello_world_node/package.bash'
[2.729s] INFO:colcon.colcon_core.shell:Creating package script '/home/gdtr/ros2/colcon_mk/install/hello_world_node/share/hello_world_node/package.zsh'
[2.729s] Level 1:colcon.colcon_core.environment:create_file_with_runtime_dependencies(/home/gdtr/ros2/colcon_mk/install/hello_world_node/share/colcon-core/packages/hello_world_node)
[2.729s] DEBUG:colcon.colcon_parallel_executor.executor.parallel:closing loop
[2.730s] DEBUG:colcon.colcon_parallel_executor.executor.parallel:loop closed
[2.730s] DEBUG:colcon.colcon_parallel_executor.executor.parallel:run_until_complete finished with '0'
[2.730s] DEBUG:colcon.colcon_core.event_reactor:joining thread
[2.739s] INFO:colcon.colcon_core.plugin_system:Skipping extension 'colcon_notification.desktop_notification.notify_send': Could not find 'notify-send'
[2.739s] INFO:colcon.colcon_core.plugin_system:Skipping extension 'colcon_notification.desktop_notification.terminal_notifier': Not used on non-Darwin systems
[2.739s] INFO:colcon.colcon_core.plugin_system:Skipping extension 'colcon_notification.desktop_notification.win32': Not used on non-Windows systems
[2.739s] INFO:colcon.colcon_notification.desktop_notification:Sending desktop notification using 'notify2'
[2.739s] DEBUG:colcon.colcon_notification.desktop_notification.notify2:Failed to initialize notify2: org.freedesktop.DBus.Error.NotSupported: Unable to autolaunch a dbus-daemon without a $DISPLAY for X11
[2.739s] DEBUG:colcon.colcon_core.event_reactor:joined thread
[2.741s] INFO:colcon.colcon_core.shell:Creating prefix script '/home/gdtr/ros2/colcon_mk/install/local_setup.ps1'
[2.742s] INFO:colcon.colcon_core.shell:Creating prefix util module '/home/gdtr/ros2/colcon_mk/install/_local_setup_util_ps1.py'
[2.744s] INFO:colcon.colcon_core.shell:Creating prefix chain script '/home/gdtr/ros2/colcon_mk/install/setup.ps1'
[2.745s] INFO:colcon.colcon_core.shell:Creating prefix script '/home/gdtr/ros2/colcon_mk/install/local_setup.sh'
[2.746s] INFO:colcon.colcon_core.shell:Creating prefix util module '/home/gdtr/ros2/colcon_mk/install/_local_setup_util_sh.py'
[2.747s] INFO:colcon.colcon_core.shell:Creating prefix chain script '/home/gdtr/ros2/colcon_mk/install/setup.sh'
[2.749s] INFO:colcon.colcon_core.shell:Creating prefix script '/home/gdtr/ros2/colcon_mk/install/local_setup.bash'
[2.754s] INFO:colcon.colcon_core.shell:Creating prefix chain script '/home/gdtr/ros2/colcon_mk/install/setup.bash'
[2.756s] INFO:colcon.colcon_core.shell:Creating prefix script '/home/gdtr/ros2/colcon_mk/install/local_setup.zsh'
[2.756s] INFO:colcon.colcon_core.shell:Creating prefix chain script '/home/gdtr/ros2/colcon_mk/install/setup.zsh'
