[35m[1mConsolidate compiler generated dependencies of target time_test[0m
[ 50%] [32mBuilding CXX object CMakeFiles/time_test.dir/src/time_test.cpp.o[0m
[100%] [32m[1mLinking CXX executable time_test[0m
[100%] Built target time_test
-- Install configuration: ""
-- Installing: /home/gdtr/ros2/colcon_mk/install/time_demo/lib/time_demo/time_test
-- Set runtime path of "/home/gdtr/ros2/colcon_mk/install/time_demo/lib/time_demo/time_test" to ""
-- Up-to-date: /home/gdtr/ros2/colcon_mk/install/time_demo/share/ament_index/resource_index/package_run_dependencies/time_demo
-- Up-to-date: /home/gdtr/ros2/colcon_mk/install/time_demo/share/ament_index/resource_index/parent_prefix_path/time_demo
-- Up-to-date: /home/gdtr/ros2/colcon_mk/install/time_demo/share/time_demo/environment/ament_prefix_path.sh
-- Up-to-date: /home/gdtr/ros2/colcon_mk/install/time_demo/share/time_demo/environment/ament_prefix_path.dsv
-- Up-to-date: /home/gdtr/ros2/colcon_mk/install/time_demo/share/time_demo/environment/path.sh
-- Up-to-date: /home/gdtr/ros2/colcon_mk/install/time_demo/share/time_demo/environment/path.dsv
-- Up-to-date: /home/gdtr/ros2/colcon_mk/install/time_demo/share/time_demo/local_setup.bash
-- Up-to-date: /home/gdtr/ros2/colcon_mk/install/time_demo/share/time_demo/local_setup.sh
-- Up-to-date: /home/gdtr/ros2/colcon_mk/install/time_demo/share/time_demo/local_setup.zsh
-- Up-to-date: /home/gdtr/ros2/colcon_mk/install/time_demo/share/time_demo/local_setup.dsv
-- Installing: /home/gdtr/ros2/colcon_mk/install/time_demo/share/time_demo/package.dsv
-- Up-to-date: /home/gdtr/ros2/colcon_mk/install/time_demo/share/ament_index/resource_index/packages/time_demo
-- Up-to-date: /home/gdtr/ros2/colcon_mk/install/time_demo/share/time_demo/cmake/time_demoConfig.cmake
-- Up-to-date: /home/gdtr/ros2/colcon_mk/install/time_demo/share/time_demo/cmake/time_demoConfig-version.cmake
-- Up-to-date: /home/gdtr/ros2/colcon_mk/install/time_demo/share/time_demo/package.xml
