[0.019s] Invoking command in '/home/gdtr/ros2/colcon_mk/build/time_demo': CMAKE_PREFIX_PATH=${CMAKE_PREFIX_PATH}:/home/gdtr/ros2/colcon_mk/install/topic_demo_py:/home/gdtr/ros2/colcon_mk/install/action_demo_py:/opt/ros/rolling /usr/bin/cmake --build /home/gdtr/ros2/colcon_mk/build/time_demo -- -j8 -l8
[0.067s] [35m[1mConsolidate compiler generated dependencies of target time_test[0m
[0.089s] [ 50%] [32mBuilding CXX object CMakeFiles/time_test.dir/src/time_test.cpp.o[0m
[3.999s] [100%] [32m[1mLinking CXX executable time_test[0m
[4.159s] [100%] Built target time_test
[4.175s] Invoked command in '/home/gdtr/ros2/colcon_mk/build/time_demo' returned '0': CMAKE_PREFIX_PATH=${CMAKE_PREFIX_PATH}:/home/gdtr/ros2/colcon_mk/install/topic_demo_py:/home/gdtr/ros2/colcon_mk/install/action_demo_py:/opt/ros/rolling /usr/bin/cmake --build /home/gdtr/ros2/colcon_mk/build/time_demo -- -j8 -l8
[4.217s] Invoking command in '/home/gdtr/ros2/colcon_mk/build/time_demo': CMAKE_PREFIX_PATH=${CMAKE_PREFIX_PATH}:/home/gdtr/ros2/colcon_mk/install/topic_demo_py:/home/gdtr/ros2/colcon_mk/install/action_demo_py:/opt/ros/rolling /usr/bin/cmake --install /home/gdtr/ros2/colcon_mk/build/time_demo
[4.225s] -- Install configuration: ""
[4.225s] -- Installing: /home/gdtr/ros2/colcon_mk/install/time_demo/lib/time_demo/time_test
[4.226s] -- Set runtime path of "/home/gdtr/ros2/colcon_mk/install/time_demo/lib/time_demo/time_test" to ""
[4.227s] -- Up-to-date: /home/gdtr/ros2/colcon_mk/install/time_demo/share/ament_index/resource_index/package_run_dependencies/time_demo
[4.227s] -- Up-to-date: /home/gdtr/ros2/colcon_mk/install/time_demo/share/ament_index/resource_index/parent_prefix_path/time_demo
[4.227s] -- Up-to-date: /home/gdtr/ros2/colcon_mk/install/time_demo/share/time_demo/environment/ament_prefix_path.sh
[4.227s] -- Up-to-date: /home/gdtr/ros2/colcon_mk/install/time_demo/share/time_demo/environment/ament_prefix_path.dsv
[4.227s] -- Up-to-date: /home/gdtr/ros2/colcon_mk/install/time_demo/share/time_demo/environment/path.sh
[4.228s] -- Up-to-date: /home/gdtr/ros2/colcon_mk/install/time_demo/share/time_demo/environment/path.dsv
[4.228s] -- Up-to-date: /home/gdtr/ros2/colcon_mk/install/time_demo/share/time_demo/local_setup.bash
[4.228s] -- Up-to-date: /home/gdtr/ros2/colcon_mk/install/time_demo/share/time_demo/local_setup.sh
[4.228s] -- Up-to-date: /home/gdtr/ros2/colcon_mk/install/time_demo/share/time_demo/local_setup.zsh
[4.228s] -- Up-to-date: /home/gdtr/ros2/colcon_mk/install/time_demo/share/time_demo/local_setup.dsv
[4.229s] -- Installing: /home/gdtr/ros2/colcon_mk/install/time_demo/share/time_demo/package.dsv
[4.229s] -- Up-to-date: /home/gdtr/ros2/colcon_mk/install/time_demo/share/ament_index/resource_index/packages/time_demo
[4.229s] -- Up-to-date: /home/gdtr/ros2/colcon_mk/install/time_demo/share/time_demo/cmake/time_demoConfig.cmake
[4.229s] -- Up-to-date: /home/gdtr/ros2/colcon_mk/install/time_demo/share/time_demo/cmake/time_demoConfig-version.cmake
[4.229s] -- Up-to-date: /home/gdtr/ros2/colcon_mk/install/time_demo/share/time_demo/package.xml
[4.231s] Invoked command in '/home/gdtr/ros2/colcon_mk/build/time_demo' returned '0': CMAKE_PREFIX_PATH=${CMAKE_PREFIX_PATH}:/home/gdtr/ros2/colcon_mk/install/topic_demo_py:/home/gdtr/ros2/colcon_mk/install/action_demo_py:/opt/ros/rolling /usr/bin/cmake --install /home/gdtr/ros2/colcon_mk/build/time_demo
