[2.895s] Invoking command in '/home/gdtr/ros2/colcon_mk/src/action_demo_py': AMENT_PREFIX_PATH=/home/gdtr/ros2/colcon_mk/install/plumbing_interface_demo:${AMENT_PREFIX_PATH} CMAKE_PREFIX_PATH=/home/gdtr/ros2/colcon_mk/install/plumbing_interface_demo LD_LIBRARY_PATH=/home/gdtr/ros2/colcon_mk/install/plumbing_interface_demo/lib:${LD_LIBRARY_PATH} PYTHONPATH=/home/gdtr/ros2/colcon_mk/build/action_demo_py/prefix_override:/home/gdtr/ros2/colcon_mk/install/action_demo_py/lib/python3.10/site-packages:/home/gdtr/ros2/colcon_mk/install/plumbing_interface_demo/local/lib/python3.10/dist-packages:${PYTHONPATH} /usr/bin/python3 setup.py egg_info --egg-base ../../build/action_demo_py build --build-base /home/gdtr/ros2/colcon_mk/build/action_demo_py/build install --record /home/gdtr/ros2/colcon_mk/build/action_demo_py/install.log --single-version-externally-managed
[3.485s] running egg_info
[3.487s] writing ../../build/action_demo_py/action_demo_py.egg-info/PKG-INFO
[3.487s] writing dependency_links to ../../build/action_demo_py/action_demo_py.egg-info/dependency_links.txt
[3.487s] writing entry points to ../../build/action_demo_py/action_demo_py.egg-info/entry_points.txt
[3.487s] writing requirements to ../../build/action_demo_py/action_demo_py.egg-info/requires.txt
[3.488s] writing top-level names to ../../build/action_demo_py/action_demo_py.egg-info/top_level.txt
[3.497s] reading manifest file '../../build/action_demo_py/action_demo_py.egg-info/SOURCES.txt'
[3.498s] writing manifest file '../../build/action_demo_py/action_demo_py.egg-info/SOURCES.txt'
[3.498s] running build
[3.498s] running build_py
[3.498s] running install
[3.498s] running install_lib
[3.500s] running install_data
[3.502s] running install_egg_info
[3.504s] removing '/home/gdtr/ros2/colcon_mk/install/action_demo_py/lib/python3.10/site-packages/action_demo_py-0.0.0-py3.10.egg-info' (and everything under it)
[3.507s] Copying ../../build/action_demo_py/action_demo_py.egg-info to /home/gdtr/ros2/colcon_mk/install/action_demo_py/lib/python3.10/site-packages/action_demo_py-0.0.0-py3.10.egg-info
[3.507s] running install_scripts
[3.563s] Installing action_server_py script to /home/gdtr/ros2/colcon_mk/install/action_demo_py/lib/action_demo_py
[3.564s] writing list of installed files to '/home/gdtr/ros2/colcon_mk/build/action_demo_py/install.log'
[3.654s] Invoked command in '/home/gdtr/ros2/colcon_mk/src/action_demo_py' returned '0': AMENT_PREFIX_PATH=/home/gdtr/ros2/colcon_mk/install/plumbing_interface_demo:${AMENT_PREFIX_PATH} CMAKE_PREFIX_PATH=/home/gdtr/ros2/colcon_mk/install/plumbing_interface_demo LD_LIBRARY_PATH=/home/gdtr/ros2/colcon_mk/install/plumbing_interface_demo/lib:${LD_LIBRARY_PATH} PYTHONPATH=/home/gdtr/ros2/colcon_mk/build/action_demo_py/prefix_override:/home/gdtr/ros2/colcon_mk/install/action_demo_py/lib/python3.10/site-packages:/home/gdtr/ros2/colcon_mk/install/plumbing_interface_demo/local/lib/python3.10/dist-packages:${PYTHONPATH} /usr/bin/python3 setup.py egg_info --egg-base ../../build/action_demo_py build --build-base /home/gdtr/ros2/colcon_mk/build/action_demo_py/build install --record /home/gdtr/ros2/colcon_mk/build/action_demo_py/install.log --single-version-externally-managed
