[ 20%] Built target eTopic_talker
[ 40%] Built target eServiceClient
[ 60%] Built target eServiceServer
[ 80%] Built target eActionClient
[ 90%] [32mBuilding CXX object CMakeFiles/eActionServer.dir/src/eActionServer.cpp.o[0m
[01m[K/home/gdtr/ros2/colcon_mk/src/exercise_demo/src/eActionServer.cpp:[m[K In member function ‘[01m[Kvoid EActionServer::execute(std::shared_ptr<rclcpp_action::ServerGoalHandle<plumbing_interface_demo::action::ActionExercise> >)[m[K’:
[01m[K/home/gdtr/ros2/colcon_mk/src/exercise_demo/src/eActionServer.cpp:67:83:[m[K [01;35m[Kwarning: [m[Kunused parameter ‘[01m[Kfeedback[m[K’ [[01;35m[K]8;;https://gcc.gnu.org/onlinedocs/gcc/Warning-Options.html#index-Wunused-parameter-Wunused-parameter]8;;[m[K]
   67 |     void execute([01;35m[Kstd::shared_ptr<rclcpp_action::ServerGoalHandle<ActionExercise>> feedback[m[K)
      |                  [01;35m[K~~~~~~~~~~~~~~~~~~~~~~~~~~~~~~~~~~~~~~~~~~~~~~~~~~~~~~~~~~~~~~~~~^~~~~~~~[m[K
[100%] [32m[1mLinking CXX executable eActionServer[0m
[100%] Built target eActionServer
-- Install configuration: ""
-- Up-to-date: /home/gdtr/ros2/colcon_mk/install/exercise_demo/lib/exercise_demo/eTopic_talker
-- Up-to-date: /home/gdtr/ros2/colcon_mk/install/exercise_demo/lib/exercise_demo/eServiceServer
-- Up-to-date: /home/gdtr/ros2/colcon_mk/install/exercise_demo/lib/exercise_demo/eServiceClient
-- Installing: /home/gdtr/ros2/colcon_mk/install/exercise_demo/lib/exercise_demo/eActionServer
-- Set runtime path of "/home/gdtr/ros2/colcon_mk/install/exercise_demo/lib/exercise_demo/eActionServer" to ""
-- Up-to-date: /home/gdtr/ros2/colcon_mk/install/exercise_demo/lib/exercise_demo/eActionClient
-- Up-to-date: /home/gdtr/ros2/colcon_mk/install/exercise_demo/share/exercise_demo/launch
-- Up-to-date: /home/gdtr/ros2/colcon_mk/install/exercise_demo/share/exercise_demo/launch/eActionServer.py
-- Up-to-date: /home/gdtr/ros2/colcon_mk/install/exercise_demo/share/exercise_demo/launch/eServiceServer.py
-- Up-to-date: /home/gdtr/ros2/colcon_mk/install/exercise_demo/share/exercise_demo/launch/eServiceClient.py
-- Up-to-date: /home/gdtr/ros2/colcon_mk/install/exercise_demo/share/exercise_demo/launch/eActionClient.py
-- Up-to-date: /home/gdtr/ros2/colcon_mk/install/exercise_demo/share/exercise_demo/launch/imageTurtle.py
-- Up-to-date: /home/gdtr/ros2/colcon_mk/install/exercise_demo/share/ament_index/resource_index/package_run_dependencies/exercise_demo
-- Up-to-date: /home/gdtr/ros2/colcon_mk/install/exercise_demo/share/ament_index/resource_index/parent_prefix_path/exercise_demo
-- Up-to-date: /home/gdtr/ros2/colcon_mk/install/exercise_demo/share/exercise_demo/environment/ament_prefix_path.sh
-- Up-to-date: /home/gdtr/ros2/colcon_mk/install/exercise_demo/share/exercise_demo/environment/ament_prefix_path.dsv
-- Up-to-date: /home/gdtr/ros2/colcon_mk/install/exercise_demo/share/exercise_demo/environment/path.sh
-- Up-to-date: /home/gdtr/ros2/colcon_mk/install/exercise_demo/share/exercise_demo/environment/path.dsv
-- Up-to-date: /home/gdtr/ros2/colcon_mk/install/exercise_demo/share/exercise_demo/local_setup.bash
-- Up-to-date: /home/gdtr/ros2/colcon_mk/install/exercise_demo/share/exercise_demo/local_setup.sh
-- Up-to-date: /home/gdtr/ros2/colcon_mk/install/exercise_demo/share/exercise_demo/local_setup.zsh
-- Up-to-date: /home/gdtr/ros2/colcon_mk/install/exercise_demo/share/exercise_demo/local_setup.dsv
-- Installing: /home/gdtr/ros2/colcon_mk/install/exercise_demo/share/exercise_demo/package.dsv
-- Up-to-date: /home/gdtr/ros2/colcon_mk/install/exercise_demo/share/ament_index/resource_index/packages/exercise_demo
-- Up-to-date: /home/gdtr/ros2/colcon_mk/install/exercise_demo/share/exercise_demo/cmake/exercise_demoConfig.cmake
-- Up-to-date: /home/gdtr/ros2/colcon_mk/install/exercise_demo/share/exercise_demo/cmake/exercise_demoConfig-version.cmake
-- Up-to-date: /home/gdtr/ros2/colcon_mk/install/exercise_demo/share/exercise_demo/package.xml
