[0.019s] Invoking command in '/home/gdtr/ros2/colcon_mk/build/topic_demo': CMAKE_PREFIX_PATH=/home/gdtr/ros2/colcon_mk/install/plumbing_interface_demo:/home/gdtr/ros2/colcon_mk/install/topic_demo:/home/gdtr/ros2/colcon_mk/install/hello_world_node:/home/gdtr/ros2/colcon_mk/install/topic_demo_py:/opt/ros/rolling /usr/bin/cmake --build /home/gdtr/ros2/colcon_mk/build/topic_demo -- -j8 -l8
[0.049s] -- Found ament_cmake: 1.5.2 (/opt/ros/rolling/share/ament_cmake/cmake)
[0.220s] -- Found rclcpp: 19.0.0 (/opt/ros/rolling/share/rclcpp/cmake)
[0.257s] -- Found rosidl_generator_c: 3.3.1 (/opt/ros/rolling/share/rosidl_generator_c/cmake)
[0.265s] -- Found rosidl_generator_cpp: 3.3.1 (/opt/ros/rolling/share/rosidl_generator_cpp/cmake)
[0.277s] -- Using all available rosidl_typesupport_c: rosidl_typesupport_fastrtps_c;rosidl_typesupport_introspection_c
[0.297s] -- Using all available rosidl_typesupport_cpp: rosidl_typesupport_fastrtps_cpp;rosidl_typesupport_introspection_cpp
[0.392s] -- Found rmw_implementation_cmake: 6.4.0 (/opt/ros/rolling/share/rmw_implementation_cmake/cmake)
[0.395s] -- Found rmw_fastrtps_cpp: 6.5.0 (/opt/ros/rolling/share/rmw_fastrtps_cpp/cmake)
[0.666s] -- Using RMW implementation 'rmw_fastrtps_cpp' as default
[0.817s] -- Found std_msgs: 4.6.1 (/opt/ros/rolling/share/std_msgs/cmake)
[0.855s] -- Found plumbing_interface_demo: 0.0.0 (/home/gdtr/ros2/colcon_mk/install/plumbing_interface_demo/share/plumbing_interface_demo/cmake)
[0.877s] -- Found ament_lint_auto: 0.13.2 (/opt/ros/rolling/share/ament_lint_auto/cmake)
[0.958s] -- Added test 'cppcheck' to perform static code analysis on C / C++ code
[0.959s] -- Configured cppcheck include dirs: $<BUILD_INTERFACE:/home/gdtr/ros2/colcon_mk/src/topic_demo/include>
[0.959s] -- Configured cppcheck exclude dirs and/or files: 
[0.959s] -- Added test 'lint_cmake' to check CMake code style
[0.960s] -- Added test 'uncrustify' to check C / C++ code style
[0.961s] -- Configured uncrustify additional arguments: 
[0.961s] -- Added test 'xmllint' to check XML markup files
[0.962s] -- Configuring done
[0.984s] -- Generating done
[0.988s] -- Build files have been written to: /home/gdtr/ros2/colcon_mk/build/topic_demo
[1.014s] [35m[1mConsolidate compiler generated dependencies of target topic_listener[0m
[1.014s] [35m[1mConsolidate compiler generated dependencies of target topic_talker[0m
[1.017s] [35m[1mConsolidate compiler generated dependencies of target topic_talker_custom[0m
[1.032s] [ 12%] [32mBuilding CXX object CMakeFiles/topic_listener_custom.dir/src/topic_listener_custom.cpp.o[0m
[1.044s] [ 37%] Built target topic_listener
[1.045s] [ 62%] Built target topic_talker_custom
[1.045s] [ 87%] Built target topic_talker
[3.938s] In file included from [01m[K/usr/include/c++/11/pstl/glue_algorithm_defs.h:13[m[K,
[3.938s]                  from [01m[K/usr/include/c++/11/algorithm:74[m[K,
[3.939s]                  from [01m[K/opt/ros/rolling/include/rclcpp/rclcpp/executor.hpp:18[m[K,
[3.939s]                  from [01m[K/opt/ros/rolling/include/rclcpp/rclcpp/executors/multi_threaded_executor.hpp:25[m[K,
[3.939s]                  from [01m[K/opt/ros/rolling/include/rclcpp/rclcpp/executors.hpp:21[m[K,
[3.940s]                  from [01m[K/opt/ros/rolling/include/rclcpp/rclcpp/rclcpp.hpp:155[m[K,
[3.940s]                  from [01m[K/home/gdtr/ros2/colcon_mk/src/topic_demo/src/topic_listener_custom.cpp:2[m[K:
[3.940s] /usr/include/c++/11/functional: In instantiation of ‘[01m[Kstruct std::_Bind_check_arity<void (ListenerCustom::*)(const plumbing_interface_demo::msg::CustomMsg_<std::allocator<void> >&), const std::_Placeholder<1>&>[m[K’:
[3.941s] [01m[K/usr/include/c++/11/functional:768:12:[m[K   required from ‘[01m[Kstruct std::_Bind_helper<false, void (ListenerCustom::*)(const plumbing_interface_demo::msg::CustomMsg_<std::allocator<void> >&), const std::_Placeholder<1>&>[m[K’
[3.941s] [01m[K/usr/include/c++/11/functional:789:5:[m[K   required by substitution of ‘[01m[Ktemplate<class _Func, class ... _BoundArgs> typename std::_Bind_helper<std::__is_socketlike<_Func>::value, _Func, _BoundArgs ...>::type std::bind(_Func&&, _BoundArgs&& ...) [with _Func = void (ListenerCustom::*)(const plumbing_interface_demo::msg::CustomMsg_<std::allocator<void> >&); _BoundArgs = {const std::_Placeholder<1>&}][m[K’
[3.942s] [01m[K/home/gdtr/ros2/colcon_mk/src/topic_demo/src/topic_listener_custom.cpp:13:92:[m[K   required from here
[3.942s] [01m[K/usr/include/c++/11/functional:756:21:[m[K [01;31m[Kerror: [m[Kstatic assertion failed: Wrong number of arguments for pointer-to-member
[3.943s]   755 |       static_assert(_Varargs::[01;31m[Kvalue[m[K
[3.943s]       |                               [01;31m[K~~~~~[m[K
[3.943s]   756 | [01;31m[K                    ? sizeof...(_BoundArgs) >= _Arity::value + 1[m[K
[3.944s]       |                     [01;31m[K^~~~~~~~~~~~~~~~~~~~~~~~~~~~~~~~~~~~~~~~~~~~[m[K
[3.944s]   757 | [01;31m[K                    : sizeof...(_BoundArgs) == _Arity::value + 1[m[K,
[3.944s]       |                     [01;31m[K~~~~~~~~~~~~~~~~~~~~~~~~~~~~~~~~~~~~~~~~~~~~[m[K
[3.945s] [01m[K/usr/include/c++/11/functional:756:21:[m[K [01;36m[Knote: [m[K‘[01m[K(false ? (1 >= (((long unsigned int)std::integral_constant<long unsigned int, 1>::value) + 1)) : (1 == (((long unsigned int)std::integral_constant<long unsigned int, 1>::value) + 1)))[m[K’ evaluates to false
[4.854s] In file included from [01m[K/opt/ros/rolling/include/rclcpp/rclcpp/subscription_base.hpp:32[m[K,
[4.856s]                  from [01m[K/opt/ros/rolling/include/rclcpp/rclcpp/callback_group.hpp:29[m[K,
[4.856s]                  from [01m[K/opt/ros/rolling/include/rclcpp/rclcpp/any_executable.hpp:20[m[K,
[4.857s]                  from [01m[K/opt/ros/rolling/include/rclcpp/rclcpp/memory_strategy.hpp:25[m[K,
[4.857s]                  from [01m[K/opt/ros/rolling/include/rclcpp/rclcpp/memory_strategies.hpp:18[m[K,
[4.857s]                  from [01m[K/opt/ros/rolling/include/rclcpp/rclcpp/executor_options.hpp:20[m[K,
[4.857s]                  from [01m[K/opt/ros/rolling/include/rclcpp/rclcpp/executor.hpp:37[m[K,
[4.857s]                  from [01m[K/opt/ros/rolling/include/rclcpp/rclcpp/executors/multi_threaded_executor.hpp:25[m[K,
[4.858s]                  from [01m[K/opt/ros/rolling/include/rclcpp/rclcpp/executors.hpp:21[m[K,
[4.858s]                  from [01m[K/opt/ros/rolling/include/rclcpp/rclcpp/rclcpp.hpp:155[m[K,
[4.858s]                  from [01m[K/home/gdtr/ros2/colcon_mk/src/topic_demo/src/topic_listener_custom.cpp:2[m[K:
[4.858s] /opt/ros/rolling/include/rclcpp/rclcpp/any_subscription_callback.hpp: In instantiation of ‘[01m[Krclcpp::AnySubscriptionCallback<MessageT, AllocatorT> rclcpp::AnySubscriptionCallback<MessageT, AllocatorT>::set(CallbackT) [with CallbackT = std::_Bind<void (ListenerCustom::*(std::_Placeholder<1>))(const plumbing_interface_demo::msg::CustomMsg_<std::allocator<void> >&)>; MessageT = plumbing_interface_demo::msg::CustomMsg_<std::allocator<void> >; AllocatorT = std::allocator<void>][m[K’:
[4.858s] [01m[K/opt/ros/rolling/include/rclcpp/rclcpp/subscription_factory.hpp:94:32:[m[K   required from ‘[01m[Krclcpp::SubscriptionFactory rclcpp::create_subscription_factory(CallbackT&&, const rclcpp::SubscriptionOptionsWithAllocator<AllocatorT>&, typename MessageMemoryStrategyT::SharedPtr, std::shared_ptr<rclcpp::topic_statistics::SubscriptionTopicStatistics<ROSMessageType> >) [with MessageT = plumbing_interface_demo::msg::CustomMsg_<std::allocator<void> >; CallbackT = std::_Bind<void (ListenerCustom::*(std::_Placeholder<1>))(const plumbing_interface_demo::msg::CustomMsg_<std::allocator<void> >&)>; AllocatorT = std::allocator<void>; SubscriptionT = rclcpp::Subscription<plumbing_interface_demo::msg::CustomMsg_<std::allocator<void> > >; MessageMemoryStrategyT = rclcpp::message_memory_strategy::MessageMemoryStrategy<plumbing_interface_demo::msg::CustomMsg_<std::allocator<void> >, std::allocator<void> >; ROSMessageType = plumbing_interface_demo::msg::CustomMsg_<std::allocator<void> >; typename MessageMemoryStrategyT::SharedPtr = std::shared_ptr<rclcpp::message_memory_strategy::MessageMemoryStrategy<plumbing_interface_demo::msg::CustomMsg_<std::allocator<void> >, std::allocator<void> > >][m[K’
[4.859s] [01m[K/opt/ros/rolling/include/rclcpp/rclcpp/create_subscription.hpp:122:63:[m[K   required from ‘[01m[Kstd::shared_ptr<ROSMessageT> rclcpp::detail::create_subscription(NodeParametersT&, NodeTopicsT&, const string&, const rclcpp::QoS&, CallbackT&&, const rclcpp::SubscriptionOptionsWithAllocator<AllocatorT>&, typename MessageMemoryStrategyT::SharedPtr) [with MessageT = plumbing_interface_demo::msg::CustomMsg_<std::allocator<void> >; CallbackT = std::_Bind<void (ListenerCustom::*(std::_Placeholder<1>))(const plumbing_interface_demo::msg::CustomMsg_<std::allocator<void> >&)>; AllocatorT = std::allocator<void>; SubscriptionT = rclcpp::Subscription<plumbing_interface_demo::msg::CustomMsg_<std::allocator<void> > >; MessageMemoryStrategyT = rclcpp::message_memory_strategy::MessageMemoryStrategy<plumbing_interface_demo::msg::CustomMsg_<std::allocator<void> >, std::allocator<void> >; NodeParametersT = rclcpp::Node; NodeTopicsT = rclcpp::Node; ROSMessageType = plumbing_interface_demo::msg::CustomMsg_<std::allocator<void> >; std::string = std::__cxx11::basic_string<char>; typename MessageMemoryStrategyT::SharedPtr = std::shared_ptr<rclcpp::message_memory_strategy::MessageMemoryStrategy<plumbing_interface_demo::msg::CustomMsg_<std::allocator<void> >, std::allocator<void> > >][m[K’
[4.859s] [01m[K/opt/ros/rolling/include/rclcpp/rclcpp/create_subscription.hpp:191:76:[m[K   required from ‘[01m[Kstd::shared_ptr<ROSMessageT> rclcpp::create_subscription(NodeT&, const string&, const rclcpp::QoS&, CallbackT&&, const rclcpp::SubscriptionOptionsWithAllocator<AllocatorT>&, typename MessageMemoryStrategyT::SharedPtr) [with MessageT = plumbing_interface_demo::msg::CustomMsg_<std::allocator<void> >; CallbackT = std::_Bind<void (ListenerCustom::*(std::_Placeholder<1>))(const plumbing_interface_demo::msg::CustomMsg_<std::allocator<void> >&)>; AllocatorT = std::allocator<void>; SubscriptionT = rclcpp::Subscription<plumbing_interface_demo::msg::CustomMsg_<std::allocator<void> > >; MessageMemoryStrategyT = rclcpp::message_memory_strategy::MessageMemoryStrategy<plumbing_interface_demo::msg::CustomMsg_<std::allocator<void> >, std::allocator<void> >; NodeT = rclcpp::Node; std::string = std::__cxx11::basic_string<char>; typename MessageMemoryStrategyT::SharedPtr = std::shared_ptr<rclcpp::message_memory_strategy::MessageMemoryStrategy<plumbing_interface_demo::msg::CustomMsg_<std::allocator<void> >, std::allocator<void> > >][m[K’
[4.859s] [01m[K/opt/ros/rolling/include/rclcpp/rclcpp/node_impl.hpp:99:47:[m[K   required from ‘[01m[Kstd::shared_ptr<ROSMessageT> rclcpp::Node::create_subscription(const string&, const rclcpp::QoS&, CallbackT&&, const rclcpp::SubscriptionOptionsWithAllocator<AllocatorT>&, typename MessageMemoryStrategyT::SharedPtr) [with MessageT = plumbing_interface_demo::msg::CustomMsg_<std::allocator<void> >; CallbackT = std::_Bind<void (ListenerCustom::*(std::_Placeholder<1>))(const plumbing_interface_demo::msg::CustomMsg_<std::allocator<void> >&)>; AllocatorT = std::allocator<void>; SubscriptionT = rclcpp::Subscription<plumbing_interface_demo::msg::CustomMsg_<std::allocator<void> > >; MessageMemoryStrategyT = rclcpp::message_memory_strategy::MessageMemoryStrategy<plumbing_interface_demo::msg::CustomMsg_<std::allocator<void> >, std::allocator<void> >; std::string = std::__cxx11::basic_string<char>; typename MessageMemoryStrategyT::SharedPtr = std::shared_ptr<rclcpp::message_memory_strategy::MessageMemoryStrategy<plumbing_interface_demo::msg::CustomMsg_<std::allocator<void> >, std::allocator<void> > >][m[K’
[4.859s] [01m[K/home/gdtr/ros2/colcon_mk/src/topic_demo/src/topic_listener_custom.cpp:13:62:[m[K   required from here
[4.859s] [01m[K/opt/ros/rolling/include/rclcpp/rclcpp/any_subscription_callback.hpp:394:27:[m[K [01;31m[Kerror: [m[Kno matching function for call to ‘[01m[Kstd::function<void(const plumbing_interface_demo::msg::CustomMsg_<std::allocator<void> >&)>::function(std::_Bind<void (ListenerCustom::*(std::_Placeholder<1>))(const plumbing_interface_demo::msg::CustomMsg_<std::allocator<void> >&)>&)[m[K’
[4.860s]   394 |       callback_variant_ = [01;31m[Kstatic_cast<typename scbth::callback_type>(callback)[m[K;
[4.860s]       |                           [01;31m[K^~~~~~~~~~~~~~~~~~~~~~~~~~~~~~~~~~~~~~~~~~~~~~~~~~~~[m[K
[4.860s] In file included from [01m[K/usr/include/c++/11/future:47[m[K,
[4.860s]                  from [01m[K/opt/ros/rolling/include/rclcpp/rclcpp/executors.hpp:18[m[K,
[4.860s]                  from [01m[K/opt/ros/rolling/include/rclcpp/rclcpp/rclcpp.hpp:155[m[K,
[4.860s]                  from [01m[K/home/gdtr/ros2/colcon_mk/src/topic_demo/src/topic_listener_custom.cpp:2[m[K:
[4.861s] [01m[K/usr/include/c++/11/bits/std_function.h:435:9:[m[K [01;36m[Knote: [m[Kcandidate: ‘[01m[Ktemplate<class _Functor, class _Constraints> std::function<_Res(_ArgTypes ...)>::function(_Functor&&) [with _Functor = _Functor; _Constraints = _Constraints; _Res = void; _ArgTypes = {const plumbing_interface_demo::msg::CustomMsg_<std::allocator<void> >&}][m[K’
[4.861s]   435 |         [01;36m[Kfunction[m[K(_Functor&& __f)
[4.861s]       |         [01;36m[K^~~~~~~~[m[K
[4.861s] [01m[K/usr/include/c++/11/bits/std_function.h:435:9:[m[K [01;36m[Knote: [m[K  template argument deduction/substitution failed:
[4.861s] In file included from [01m[K/usr/include/c++/11/bits/move.h:57[m[K,
[4.862s]                  from [01m[K/usr/include/c++/11/bits/stl_pair.h:59[m[K,
[4.862s]                  from [01m[K/usr/include/c++/11/bits/stl_algobase.h:64[m[K,
[4.862s]                  from [01m[K/usr/include/c++/11/memory:63[m[K,
[4.862s]                  from [01m[K/opt/ros/rolling/include/rclcpp/rclcpp/rclcpp.hpp:153[m[K,
[4.862s]                  from [01m[K/home/gdtr/ros2/colcon_mk/src/topic_demo/src/topic_listener_custom.cpp:2[m[K:
[4.863s] /usr/include/c++/11/type_traits: In substitution of ‘[01m[Ktemplate<bool _Cond, class _Tp> using __enable_if_t = typename std::enable_if::type [with bool _Cond = false; _Tp = void][m[K’:
[4.863s] [01m[K/usr/include/c++/11/bits/std_function.h:353:8:[m[K   required by substitution of ‘[01m[Ktemplate<class _Res, class ... _ArgTypes> template<class _Cond, class _Tp> using _Requires = std::__enable_if_t<_Cond::value, _Tp> [with _Cond = std::function<void(const plumbing_interface_demo::msg::CustomMsg_<std::allocator<void> >&)>::_Callable<std::_Bind<void (ListenerCustom::*(std::_Placeholder<1>))(const plumbing_interface_demo::msg::CustomMsg_<std::allocator<void> >&)>&, std::_Bind<void (ListenerCustom::*(std::_Placeholder<1>))(const plumbing_interface_demo::msg::CustomMsg_<std::allocator<void> >&)>, std::__invoke_result<std::_Bind<void (ListenerCustom::*(std::_Placeholder<1>))(const plumbing_interface_demo::msg::CustomMsg_<std::allocator<void> >&)>&, const plumbing_interface_demo::msg::CustomMsg_<std::allocator<void> >&> >; _Tp = void; _Res = void; _ArgTypes = {const plumbing_interface_demo::msg::CustomMsg_<std::allocator<void> >&}][m[K’
[4.863s] [01m[K/usr/include/c++/11/bits/std_function.h:434:9:[m[K   required from ‘[01m[Krclcpp::AnySubscriptionCallback<MessageT, AllocatorT> rclcpp::AnySubscriptionCallback<MessageT, AllocatorT>::set(CallbackT) [with CallbackT = std::_Bind<void (ListenerCustom::*(std::_Placeholder<1>))(const plumbing_interface_demo::msg::CustomMsg_<std::allocator<void> >&)>; MessageT = plumbing_interface_demo::msg::CustomMsg_<std::allocator<void> >; AllocatorT = std::allocator<void>][m[K’
[4.863s] [01m[K/opt/ros/rolling/include/rclcpp/rclcpp/subscription_factory.hpp:94:32:[m[K   required from ‘[01m[Krclcpp::SubscriptionFactory rclcpp::create_subscription_factory(CallbackT&&, const rclcpp::SubscriptionOptionsWithAllocator<AllocatorT>&, typename MessageMemoryStrategyT::SharedPtr, std::shared_ptr<rclcpp::topic_statistics::SubscriptionTopicStatistics<ROSMessageType> >) [with MessageT = plumbing_interface_demo::msg::CustomMsg_<std::allocator<void> >; CallbackT = std::_Bind<void (ListenerCustom::*(std::_Placeholder<1>))(const plumbing_interface_demo::msg::CustomMsg_<std::allocator<void> >&)>; AllocatorT = std::allocator<void>; SubscriptionT = rclcpp::Subscription<plumbing_interface_demo::msg::CustomMsg_<std::allocator<void> > >; MessageMemoryStrategyT = rclcpp::message_memory_strategy::MessageMemoryStrategy<plumbing_interface_demo::msg::CustomMsg_<std::allocator<void> >, std::allocator<void> >; ROSMessageType = plumbing_interface_demo::msg::CustomMsg_<std::allocator<void> >; typename MessageMemoryStrategyT::SharedPtr = std::shared_ptr<rclcpp::message_memory_strategy::MessageMemoryStrategy<plumbing_interface_demo::msg::CustomMsg_<std::allocator<void> >, std::allocator<void> > >][m[K’
[4.863s] [01m[K/opt/ros/rolling/include/rclcpp/rclcpp/create_subscription.hpp:122:63:[m[K   required from ‘[01m[Kstd::shared_ptr<ROSMessageT> rclcpp::detail::create_subscription(NodeParametersT&, NodeTopicsT&, const string&, const rclcpp::QoS&, CallbackT&&, const rclcpp::SubscriptionOptionsWithAllocator<AllocatorT>&, typename MessageMemoryStrategyT::SharedPtr) [with MessageT = plumbing_interface_demo::msg::CustomMsg_<std::allocator<void> >; CallbackT = std::_Bind<void (ListenerCustom::*(std::_Placeholder<1>))(const plumbing_interface_demo::msg::CustomMsg_<std::allocator<void> >&)>; AllocatorT = std::allocator<void>; SubscriptionT = rclcpp::Subscription<plumbing_interface_demo::msg::CustomMsg_<std::allocator<void> > >; MessageMemoryStrategyT = rclcpp::message_memory_strategy::MessageMemoryStrategy<plumbing_interface_demo::msg::CustomMsg_<std::allocator<void> >, std::allocator<void> >; NodeParametersT = rclcpp::Node; NodeTopicsT = rclcpp::Node; ROSMessageType = plumbing_interface_demo::msg::CustomMsg_<std::allocator<void> >; std::string = std::__cxx11::basic_string<char>; typename MessageMemoryStrategyT::SharedPtr = std::shared_ptr<rclcpp::message_memory_strategy::MessageMemoryStrategy<plumbing_interface_demo::msg::CustomMsg_<std::allocator<void> >, std::allocator<void> > >][m[K’
[4.864s] [01m[K/opt/ros/rolling/include/rclcpp/rclcpp/create_subscription.hpp:191:76:[m[K   required from ‘[01m[Kstd::shared_ptr<ROSMessageT> rclcpp::create_subscription(NodeT&, const string&, const rclcpp::QoS&, CallbackT&&, const rclcpp::SubscriptionOptionsWithAllocator<AllocatorT>&, typename MessageMemoryStrategyT::SharedPtr) [with MessageT = plumbing_interface_demo::msg::CustomMsg_<std::allocator<void> >; CallbackT = std::_Bind<void (ListenerCustom::*(std::_Placeholder<1>))(const plumbing_interface_demo::msg::CustomMsg_<std::allocator<void> >&)>; AllocatorT = std::allocator<void>; SubscriptionT = rclcpp::Subscription<plumbing_interface_demo::msg::CustomMsg_<std::allocator<void> > >; MessageMemoryStrategyT = rclcpp::message_memory_strategy::MessageMemoryStrategy<plumbing_interface_demo::msg::CustomMsg_<std::allocator<void> >, std::allocator<void> >; NodeT = rclcpp::Node; std::string = std::__cxx11::basic_string<char>; typename MessageMemoryStrategyT::SharedPtr = std::shared_ptr<rclcpp::message_memory_strategy::MessageMemoryStrategy<plumbing_interface_demo::msg::CustomMsg_<std::allocator<void> >, std::allocator<void> > >][m[K’
[4.864s] [01m[K/opt/ros/rolling/include/rclcpp/rclcpp/node_impl.hpp:99:47:[m[K   required from ‘[01m[Kstd::shared_ptr<ROSMessageT> rclcpp::Node::create_subscription(const string&, const rclcpp::QoS&, CallbackT&&, const rclcpp::SubscriptionOptionsWithAllocator<AllocatorT>&, typename MessageMemoryStrategyT::SharedPtr) [with MessageT = plumbing_interface_demo::msg::CustomMsg_<std::allocator<void> >; CallbackT = std::_Bind<void (ListenerCustom::*(std::_Placeholder<1>))(const plumbing_interface_demo::msg::CustomMsg_<std::allocator<void> >&)>; AllocatorT = std::allocator<void>; SubscriptionT = rclcpp::Subscription<plumbing_interface_demo::msg::CustomMsg_<std::allocator<void> > >; MessageMemoryStrategyT = rclcpp::message_memory_strategy::MessageMemoryStrategy<plumbing_interface_demo::msg::CustomMsg_<std::allocator<void> >, std::allocator<void> >; std::string = std::__cxx11::basic_string<char>; typename MessageMemoryStrategyT::SharedPtr = std::shared_ptr<rclcpp::message_memory_strategy::MessageMemoryStrategy<plumbing_interface_demo::msg::CustomMsg_<std::allocator<void> >, std::allocator<void> > >][m[K’
[4.864s] [01m[K/home/gdtr/ros2/colcon_mk/src/topic_demo/src/topic_listener_custom.cpp:13:62:[m[K   required from here
[4.864s] [01m[K/usr/include/c++/11/type_traits:2211:11:[m[K [01;31m[Kerror: [m[Kno type named ‘[01m[Ktype[m[K’ in ‘[01m[Kstruct std::enable_if<false, void>[m[K’
[4.864s]  2211 |     using [01;31m[K__enable_if_t[m[K = typename enable_if<_Cond, _Tp>::type;
[4.865s]       |           [01;31m[K^~~~~~~~~~~~~[m[K
[4.865s] In file included from [01m[K/usr/include/c++/11/future:47[m[K,
[4.865s]                  from [01m[K/opt/ros/rolling/include/rclcpp/rclcpp/executors.hpp:18[m[K,
[4.865s]                  from [01m[K/opt/ros/rolling/include/rclcpp/rclcpp/rclcpp.hpp:155[m[K,
[4.865s]                  from [01m[K/home/gdtr/ros2/colcon_mk/src/topic_demo/src/topic_listener_custom.cpp:2[m[K:
[4.865s] /opt/ros/rolling/include/rclcpp/rclcpp/any_subscription_callback.hpp: In instantiation of ‘[01m[Krclcpp::AnySubscriptionCallback<MessageT, AllocatorT> rclcpp::AnySubscriptionCallback<MessageT, AllocatorT>::set(CallbackT) [with CallbackT = std::_Bind<void (ListenerCustom::*(std::_Placeholder<1>))(const plumbing_interface_demo::msg::CustomMsg_<std::allocator<void> >&)>; MessageT = plumbing_interface_demo::msg::CustomMsg_<std::allocator<void> >; AllocatorT = std::allocator<void>][m[K’:
[4.866s] [01m[K/opt/ros/rolling/include/rclcpp/rclcpp/subscription_factory.hpp:94:32:[m[K   required from ‘[01m[Krclcpp::SubscriptionFactory rclcpp::create_subscription_factory(CallbackT&&, const rclcpp::SubscriptionOptionsWithAllocator<AllocatorT>&, typename MessageMemoryStrategyT::SharedPtr, std::shared_ptr<rclcpp::topic_statistics::SubscriptionTopicStatistics<ROSMessageType> >) [with MessageT = plumbing_interface_demo::msg::CustomMsg_<std::allocator<void> >; CallbackT = std::_Bind<void (ListenerCustom::*(std::_Placeholder<1>))(const plumbing_interface_demo::msg::CustomMsg_<std::allocator<void> >&)>; AllocatorT = std::allocator<void>; SubscriptionT = rclcpp::Subscription<plumbing_interface_demo::msg::CustomMsg_<std::allocator<void> > >; MessageMemoryStrategyT = rclcpp::message_memory_strategy::MessageMemoryStrategy<plumbing_interface_demo::msg::CustomMsg_<std::allocator<void> >, std::allocator<void> >; ROSMessageType = plumbing_interface_demo::msg::CustomMsg_<std::allocator<void> >; typename MessageMemoryStrategyT::SharedPtr = std::shared_ptr<rclcpp::message_memory_strategy::MessageMemoryStrategy<plumbing_interface_demo::msg::CustomMsg_<std::allocator<void> >, std::allocator<void> > >][m[K’
[4.866s] [01m[K/opt/ros/rolling/include/rclcpp/rclcpp/create_subscription.hpp:122:63:[m[K   required from ‘[01m[Kstd::shared_ptr<ROSMessageT> rclcpp::detail::create_subscription(NodeParametersT&, NodeTopicsT&, const string&, const rclcpp::QoS&, CallbackT&&, const rclcpp::SubscriptionOptionsWithAllocator<AllocatorT>&, typename MessageMemoryStrategyT::SharedPtr) [with MessageT = plumbing_interface_demo::msg::CustomMsg_<std::allocator<void> >; CallbackT = std::_Bind<void (ListenerCustom::*(std::_Placeholder<1>))(const plumbing_interface_demo::msg::CustomMsg_<std::allocator<void> >&)>; AllocatorT = std::allocator<void>; SubscriptionT = rclcpp::Subscription<plumbing_interface_demo::msg::CustomMsg_<std::allocator<void> > >; MessageMemoryStrategyT = rclcpp::message_memory_strategy::MessageMemoryStrategy<plumbing_interface_demo::msg::CustomMsg_<std::allocator<void> >, std::allocator<void> >; NodeParametersT = rclcpp::Node; NodeTopicsT = rclcpp::Node; ROSMessageType = plumbing_interface_demo::msg::CustomMsg_<std::allocator<void> >; std::string = std::__cxx11::basic_string<char>; typename MessageMemoryStrategyT::SharedPtr = std::shared_ptr<rclcpp::message_memory_strategy::MessageMemoryStrategy<plumbing_interface_demo::msg::CustomMsg_<std::allocator<void> >, std::allocator<void> > >][m[K’
[4.866s] [01m[K/opt/ros/rolling/include/rclcpp/rclcpp/create_subscription.hpp:191:76:[m[K   required from ‘[01m[Kstd::shared_ptr<ROSMessageT> rclcpp::create_subscription(NodeT&, const string&, const rclcpp::QoS&, CallbackT&&, const rclcpp::SubscriptionOptionsWithAllocator<AllocatorT>&, typename MessageMemoryStrategyT::SharedPtr) [with MessageT = plumbing_interface_demo::msg::CustomMsg_<std::allocator<void> >; CallbackT = std::_Bind<void (ListenerCustom::*(std::_Placeholder<1>))(const plumbing_interface_demo::msg::CustomMsg_<std::allocator<void> >&)>; AllocatorT = std::allocator<void>; SubscriptionT = rclcpp::Subscription<plumbing_interface_demo::msg::CustomMsg_<std::allocator<void> > >; MessageMemoryStrategyT = rclcpp::message_memory_strategy::MessageMemoryStrategy<plumbing_interface_demo::msg::CustomMsg_<std::allocator<void> >, std::allocator<void> >; NodeT = rclcpp::Node; std::string = std::__cxx11::basic_string<char>; typename MessageMemoryStrategyT::SharedPtr = std::shared_ptr<rclcpp::message_memory_strategy::MessageMemoryStrategy<plumbing_interface_demo::msg::CustomMsg_<std::allocator<void> >, std::allocator<void> > >][m[K’
[4.866s] [01m[K/opt/ros/rolling/include/rclcpp/rclcpp/node_impl.hpp:99:47:[m[K   required from ‘[01m[Kstd::shared_ptr<ROSMessageT> rclcpp::Node::create_subscription(const string&, const rclcpp::QoS&, CallbackT&&, const rclcpp::SubscriptionOptionsWithAllocator<AllocatorT>&, typename MessageMemoryStrategyT::SharedPtr) [with MessageT = plumbing_interface_demo::msg::CustomMsg_<std::allocator<void> >; CallbackT = std::_Bind<void (ListenerCustom::*(std::_Placeholder<1>))(const plumbing_interface_demo::msg::CustomMsg_<std::allocator<void> >&)>; AllocatorT = std::allocator<void>; SubscriptionT = rclcpp::Subscription<plumbing_interface_demo::msg::CustomMsg_<std::allocator<void> > >; MessageMemoryStrategyT = rclcpp::message_memory_strategy::MessageMemoryStrategy<plumbing_interface_demo::msg::CustomMsg_<std::allocator<void> >, std::allocator<void> >; std::string = std::__cxx11::basic_string<char>; typename MessageMemoryStrategyT::SharedPtr = std::shared_ptr<rclcpp::message_memory_strategy::MessageMemoryStrategy<plumbing_interface_demo::msg::CustomMsg_<std::allocator<void> >, std::allocator<void> > >][m[K’
[4.867s] [01m[K/home/gdtr/ros2/colcon_mk/src/topic_demo/src/topic_listener_custom.cpp:13:62:[m[K   required from here
[4.867s] [01m[K/usr/include/c++/11/bits/std_function.h:404:7:[m[K [01;36m[Knote: [m[Kcandidate: ‘[01m[Kstd::function<_Res(_ArgTypes ...)>::function(std::function<_Res(_ArgTypes ...)>&&) [with _Res = void; _ArgTypes = {const plumbing_interface_demo::msg::CustomMsg_<std::allocator<void> >&}][m[K’
[4.867s]   404 |       [01;36m[Kfunction[m[K(function&& __x) noexcept
[4.867s]       |       [01;36m[K^~~~~~~~[m[K
[4.867s] [01m[K/usr/include/c++/11/bits/std_function.h:404:27:[m[K [01;36m[Knote: [m[K  no known conversion for argument 1 from ‘[01m[Kstd::_Bind<void (ListenerCustom::*(std::_Placeholder<1>))(const plumbing_interface_demo::msg::CustomMsg_<std::allocator<void> >&)>[m[K’ to ‘[01m[Kstd::function<void(const plumbing_interface_demo::msg::CustomMsg_<std::allocator<void> >&)>&&[m[K’
[4.868s]   404 |       function([01;36m[Kfunction&& __x[m[K) noexcept
[4.868s]       |                [01;36m[K~~~~~~~~~~~^~~[m[K
[4.868s] [01m[K/usr/include/c++/11/bits/std_function.h:386:7:[m[K [01;36m[Knote: [m[Kcandidate: ‘[01m[Kstd::function<_Res(_ArgTypes ...)>::function(const std::function<_Res(_ArgTypes ...)>&) [with _Res = void; _ArgTypes = {const plumbing_interface_demo::msg::CustomMsg_<std::allocator<void> >&}][m[K’
[4.868s]   386 |       [01;36m[Kfunction[m[K(const function& __x)
[4.868s]       |       [01;36m[K^~~~~~~~[m[K
[4.869s] [01m[K/usr/include/c++/11/bits/std_function.h:386:32:[m[K [01;36m[Knote: [m[K  no known conversion for argument 1 from ‘[01m[Kstd::_Bind<void (ListenerCustom::*(std::_Placeholder<1>))(const plumbing_interface_demo::msg::CustomMsg_<std::allocator<void> >&)>[m[K’ to ‘[01m[Kconst std::function<void(const plumbing_interface_demo::msg::CustomMsg_<std::allocator<void> >&)>&[m[K’
[4.869s]   386 |       function([01;36m[Kconst function& __x[m[K)
[4.869s]       |                [01;36m[K~~~~~~~~~~~~~~~~^~~[m[K
[4.869s] [01m[K/usr/include/c++/11/bits/std_function.h:375:7:[m[K [01;36m[Knote: [m[Kcandidate: ‘[01m[Kstd::function<_Res(_ArgTypes ...)>::function(std::nullptr_t) [with _Res = void; _ArgTypes = {const plumbing_interface_demo::msg::CustomMsg_<std::allocator<void> >&}; std::nullptr_t = std::nullptr_t][m[K’
[4.869s]   375 |       [01;36m[Kfunction[m[K(nullptr_t) noexcept
[4.869s]       |       [01;36m[K^~~~~~~~[m[K
[4.870s] [01m[K/usr/include/c++/11/bits/std_function.h:375:16:[m[K [01;36m[Knote: [m[K  no known conversion for argument 1 from ‘[01m[Kstd::_Bind<void (ListenerCustom::*(std::_Placeholder<1>))(const plumbing_interface_demo::msg::CustomMsg_<std::allocator<void> >&)>[m[K’ to ‘[01m[Kstd::nullptr_t[m[K’
[4.870s]   375 |       function([01;36m[Knullptr_t[m[K) noexcept
[4.870s]       |                [01;36m[K^~~~~~~~~[m[K
[4.870s] [01m[K/usr/include/c++/11/bits/std_function.h:368:7:[m[K [01;36m[Knote: [m[Kcandidate: ‘[01m[Kstd::function<_Res(_ArgTypes ...)>::function() [with _Res = void; _ArgTypes = {const plumbing_interface_demo::msg::CustomMsg_<std::allocator<void> >&}][m[K’
[4.870s]   368 |       [01;36m[Kfunction[m[K() noexcept
[4.871s]       |       [01;36m[K^~~~~~~~[m[K
[4.871s] [01m[K/usr/include/c++/11/bits/std_function.h:368:7:[m[K [01;36m[Knote: [m[K  candidate expects 0 arguments, 1 provided
[6.872s] gmake[2]: *** [CMakeFiles/topic_listener_custom.dir/build.make:76: CMakeFiles/topic_listener_custom.dir/src/topic_listener_custom.cpp.o] Error 1
[6.872s] gmake[1]: *** [CMakeFiles/Makefile2:221: CMakeFiles/topic_listener_custom.dir/all] Error 2
[6.872s] gmake: *** [Makefile:146: all] Error 2
[6.875s] Invoked command in '/home/gdtr/ros2/colcon_mk/build/topic_demo' returned '2': CMAKE_PREFIX_PATH=/home/gdtr/ros2/colcon_mk/install/plumbing_interface_demo:/home/gdtr/ros2/colcon_mk/install/topic_demo:/home/gdtr/ros2/colcon_mk/install/hello_world_node:/home/gdtr/ros2/colcon_mk/install/topic_demo_py:/opt/ros/rolling /usr/bin/cmake --build /home/gdtr/ros2/colcon_mk/build/topic_demo -- -j8 -l8
