[1.086s] Invoking command in '/home/gdtr/ros2/colcon_mk/src/launch_demo_py': PYTHONPATH=/home/gdtr/ros2/colcon_mk/build/launch_demo_py/prefix_override:/home/gdtr/ros2/colcon_mk/install/launch_demo_py/lib/python3.10/site-packages:${PYTHONPATH} /usr/bin/python3 setup.py egg_info --egg-base ../../build/launch_demo_py build --build-base /home/gdtr/ros2/colcon_mk/build/launch_demo_py/build install --record /home/gdtr/ros2/colcon_mk/build/launch_demo_py/install.log --single-version-externally-managed
[1.537s] running egg_info
[1.537s] writing ../../build/launch_demo_py/launch_demo_py.egg-info/PKG-INFO
[1.538s] writing dependency_links to ../../build/launch_demo_py/launch_demo_py.egg-info/dependency_links.txt
[1.538s] writing entry points to ../../build/launch_demo_py/launch_demo_py.egg-info/entry_points.txt
[1.538s] writing requirements to ../../build/launch_demo_py/launch_demo_py.egg-info/requires.txt
[1.538s] writing top-level names to ../../build/launch_demo_py/launch_demo_py.egg-info/top_level.txt
[1.542s] reading manifest file '../../build/launch_demo_py/launch_demo_py.egg-info/SOURCES.txt'
[1.543s] writing manifest file '../../build/launch_demo_py/launch_demo_py.egg-info/SOURCES.txt'
[1.543s] running build
[1.544s] running build_py
[1.544s] running install
[1.544s] running install_lib
[1.547s] running install_data
[1.548s] copying launch/xml/launch_demo.xml -> /home/gdtr/ros2/colcon_mk/install/launch_demo_py/share/launch_demo_py
[1.549s] copying launch/yaml/launch_demo.yaml -> /home/gdtr/ros2/colcon_mk/install/launch_demo_py/share/launch_demo_py
[1.549s] running install_egg_info
[1.551s] removing '/home/gdtr/ros2/colcon_mk/install/launch_demo_py/lib/python3.10/site-packages/launch_demo_py-0.0.0-py3.10.egg-info' (and everything under it)
[1.551s] Copying ../../build/launch_demo_py/launch_demo_py.egg-info to /home/gdtr/ros2/colcon_mk/install/launch_demo_py/lib/python3.10/site-packages/launch_demo_py-0.0.0-py3.10.egg-info
[1.552s] running install_scripts
[1.577s] writing list of installed files to '/home/gdtr/ros2/colcon_mk/build/launch_demo_py/install.log'
[1.608s] Invoked command in '/home/gdtr/ros2/colcon_mk/src/launch_demo_py' returned '0': PYTHONPATH=/home/gdtr/ros2/colcon_mk/build/launch_demo_py/prefix_override:/home/gdtr/ros2/colcon_mk/install/launch_demo_py/lib/python3.10/site-packages:${PYTHONPATH} /usr/bin/python3 setup.py egg_info --egg-base ../../build/launch_demo_py build --build-base /home/gdtr/ros2/colcon_mk/build/launch_demo_py/build install --record /home/gdtr/ros2/colcon_mk/build/launch_demo_py/install.log --single-version-externally-managed
