[1.042s] DEBUG:colcon:Command line arguments: ['/usr/bin/colcon', 'build']
[1.043s] DEBUG:colcon:Parsed command line arguments: Namespace(log_base=None, log_level=None, verb_name='build', build_base='build', install_base='install', merge_install=False, symlink_install=False, test_result_base=None, continue_on_error=False, executor='parallel', parallel_workers=8, event_handlers=None, ignore_user_meta=False, metas=['./colcon.meta'], base_paths=['.'], packages_ignore=None, packages_ignore_regex=None, paths=None, packages_up_to=None, packages_up_to_regex=None, packages_above=None, packages_above_and_dependencies=None, packages_above_depth=None, packages_select_by_dep=None, packages_skip_by_dep=None, packages_skip_up_to=None, packages_select_build_failed=False, packages_skip_build_finished=False, packages_select_test_failures=False, packages_skip_test_passed=False, packages_select=None, packages_skip=None, packages_select_regex=None, packages_skip_regex=None, packages_start=None, packages_end=None, allow_overriding=[], cmake_args=None, cmake_target=None, cmake_target_skip_unavailable=False, cmake_clean_cache=False, cmake_clean_first=False, cmake_force_configure=False, ament_cmake_args=None, catkin_cmake_args=None, catkin_skip_building_tests=False, verb_parser=<colcon_defaults.argument_parser.defaults.DefaultArgumentsDecorator object at 0x7f97f785c070>, verb_extension=<colcon_core.verb.build.BuildVerb object at 0x7f97f801bfd0>, main=<bound method BuildVerb.main of <colcon_core.verb.build.BuildVerb object at 0x7f97f801bfd0>>)
[1.135s] Level 1:colcon.colcon_core.package_discovery:discover_packages(colcon_meta) check parameters
[1.135s] Level 1:colcon.colcon_core.package_discovery:discover_packages(recursive) check parameters
[1.135s] Level 1:colcon.colcon_core.package_discovery:discover_packages(ignore) check parameters
[1.135s] Level 1:colcon.colcon_core.package_discovery:discover_packages(path) check parameters
[1.136s] Level 1:colcon.colcon_core.package_discovery:discover_packages(colcon_meta) discover
[1.136s] Level 1:colcon.colcon_core.package_discovery:discover_packages(recursive) discover
[1.136s] INFO:colcon.colcon_core.package_discovery:Crawling recursively for packages in '/home/gdtr/ros2/colcon_mk'
[1.136s] Level 1:colcon.colcon_core.package_identification:_identify(.) by extensions ['ignore', 'ignore_ament_install']
[1.137s] Level 1:colcon.colcon_core.package_identification:_identify(.) by extension 'ignore'
[1.137s] Level 1:colcon.colcon_core.package_identification:_identify(.) by extension 'ignore_ament_install'
[1.137s] Level 1:colcon.colcon_core.package_identification:_identify(.) by extensions ['colcon_pkg']
[1.137s] Level 1:colcon.colcon_core.package_identification:_identify(.) by extension 'colcon_pkg'
[1.137s] Level 1:colcon.colcon_core.package_identification:_identify(.) by extensions ['colcon_meta']
[1.137s] Level 1:colcon.colcon_core.package_identification:_identify(.) by extension 'colcon_meta'
[1.138s] Level 1:colcon.colcon_core.package_identification:_identify(.) by extensions ['ros']
[1.138s] Level 1:colcon.colcon_core.package_identification:_identify(.) by extension 'ros'
[1.172s] Level 1:colcon.colcon_core.package_identification:_identify(.) by extensions ['cmake', 'python']
[1.172s] Level 1:colcon.colcon_core.package_identification:_identify(.) by extension 'cmake'
[1.172s] Level 1:colcon.colcon_core.package_identification:_identify(.) by extension 'python'
[1.172s] Level 1:colcon.colcon_core.package_identification:_identify(.) by extensions ['python_setup_py']
[1.172s] Level 1:colcon.colcon_core.package_identification:_identify(.) by extension 'python_setup_py'
[1.172s] Level 1:colcon.colcon_core.package_identification:_identify(build) by extensions ['ignore', 'ignore_ament_install']
[1.173s] Level 1:colcon.colcon_core.package_identification:_identify(build) by extension 'ignore'
[1.173s] Level 1:colcon.colcon_core.package_identification:_identify(build) ignored
[1.173s] Level 1:colcon.colcon_core.package_identification:_identify(install) by extensions ['ignore', 'ignore_ament_install']
[1.173s] Level 1:colcon.colcon_core.package_identification:_identify(install) by extension 'ignore'
[1.173s] Level 1:colcon.colcon_core.package_identification:_identify(install) ignored
[1.174s] Level 1:colcon.colcon_core.package_identification:_identify(log) by extensions ['ignore', 'ignore_ament_install']
[1.174s] Level 1:colcon.colcon_core.package_identification:_identify(log) by extension 'ignore'
[1.174s] Level 1:colcon.colcon_core.package_identification:_identify(log) ignored
[1.174s] Level 1:colcon.colcon_core.package_identification:_identify(src) by extensions ['ignore', 'ignore_ament_install']
[1.175s] Level 1:colcon.colcon_core.package_identification:_identify(src) by extension 'ignore'
[1.175s] Level 1:colcon.colcon_core.package_identification:_identify(src) by extension 'ignore_ament_install'
[1.175s] Level 1:colcon.colcon_core.package_identification:_identify(src) by extensions ['colcon_pkg']
[1.175s] Level 1:colcon.colcon_core.package_identification:_identify(src) by extension 'colcon_pkg'
[1.175s] Level 1:colcon.colcon_core.package_identification:_identify(src) by extensions ['colcon_meta']
[1.175s] Level 1:colcon.colcon_core.package_identification:_identify(src) by extension 'colcon_meta'
[1.175s] Level 1:colcon.colcon_core.package_identification:_identify(src) by extensions ['ros']
[1.176s] Level 1:colcon.colcon_core.package_identification:_identify(src) by extension 'ros'
[1.176s] Level 1:colcon.colcon_core.package_identification:_identify(src) by extensions ['cmake', 'python']
[1.176s] Level 1:colcon.colcon_core.package_identification:_identify(src) by extension 'cmake'
[1.176s] Level 1:colcon.colcon_core.package_identification:_identify(src) by extension 'python'
[1.176s] Level 1:colcon.colcon_core.package_identification:_identify(src) by extensions ['python_setup_py']
[1.176s] Level 1:colcon.colcon_core.package_identification:_identify(src) by extension 'python_setup_py'
[1.177s] Level 1:colcon.colcon_core.package_identification:_identify(src/hello_world_node) by extensions ['ignore', 'ignore_ament_install']
[1.177s] Level 1:colcon.colcon_core.package_identification:_identify(src/hello_world_node) by extension 'ignore'
[1.178s] Level 1:colcon.colcon_core.package_identification:_identify(src/hello_world_node) by extension 'ignore_ament_install'
[1.178s] Level 1:colcon.colcon_core.package_identification:_identify(src/hello_world_node) by extensions ['colcon_pkg']
[1.178s] Level 1:colcon.colcon_core.package_identification:_identify(src/hello_world_node) by extension 'colcon_pkg'
[1.178s] Level 1:colcon.colcon_core.package_identification:_identify(src/hello_world_node) by extensions ['colcon_meta']
[1.178s] Level 1:colcon.colcon_core.package_identification:_identify(src/hello_world_node) by extension 'colcon_meta'
[1.178s] Level 1:colcon.colcon_core.package_identification:_identify(src/hello_world_node) by extensions ['ros']
[1.178s] Level 1:colcon.colcon_core.package_identification:_identify(src/hello_world_node) by extension 'ros'
[1.185s] DEBUG:colcon.colcon_core.package_identification:Package 'src/hello_world_node' with type 'ros.ament_cmake' and name 'hello_world_node'
[1.186s] Level 1:colcon.colcon_core.package_discovery:discover_packages(recursive) using defaults
[1.186s] Level 1:colcon.colcon_core.package_discovery:discover_packages(ignore) discover
[1.186s] Level 1:colcon.colcon_core.package_discovery:discover_packages(ignore) using defaults
[1.186s] Level 1:colcon.colcon_core.package_discovery:discover_packages(path) discover
[1.186s] Level 1:colcon.colcon_core.package_discovery:discover_packages(path) using defaults
[1.248s] Level 1:colcon.colcon_core.package_discovery:discover_packages(prefix_path) check parameters
[1.248s] Level 1:colcon.colcon_core.package_discovery:discover_packages(prefix_path) discover
[1.256s] DEBUG:colcon.colcon_installed_package_information.package_discovery:Found 276 installed packages in /opt/ros/rolling
[1.259s] Level 1:colcon.colcon_core.package_discovery:discover_packages(prefix_path) using defaults
[1.437s] Level 5:colcon.colcon_core.verb:set package 'hello_world_node' build argument 'cmake_args' from command line to 'None'
[1.438s] Level 5:colcon.colcon_core.verb:set package 'hello_world_node' build argument 'cmake_target' from command line to 'None'
[1.438s] Level 5:colcon.colcon_core.verb:set package 'hello_world_node' build argument 'cmake_target_skip_unavailable' from command line to 'False'
[1.438s] Level 5:colcon.colcon_core.verb:set package 'hello_world_node' build argument 'cmake_clean_cache' from command line to 'False'
[1.438s] Level 5:colcon.colcon_core.verb:set package 'hello_world_node' build argument 'cmake_clean_first' from command line to 'False'
[1.438s] Level 5:colcon.colcon_core.verb:set package 'hello_world_node' build argument 'cmake_force_configure' from command line to 'False'
[1.438s] Level 5:colcon.colcon_core.verb:set package 'hello_world_node' build argument 'ament_cmake_args' from command line to 'None'
[1.438s] Level 5:colcon.colcon_core.verb:set package 'hello_world_node' build argument 'catkin_cmake_args' from command line to 'None'
[1.438s] Level 5:colcon.colcon_core.verb:set package 'hello_world_node' build argument 'catkin_skip_building_tests' from command line to 'False'
[1.438s] DEBUG:colcon.colcon_core.verb:Building package 'hello_world_node' with the following arguments: {'ament_cmake_args': None, 'build_base': '/home/gdtr/ros2/colcon_mk/build/hello_world_node', 'catkin_cmake_args': None, 'catkin_skip_building_tests': False, 'cmake_args': None, 'cmake_clean_cache': False, 'cmake_clean_first': False, 'cmake_force_configure': False, 'cmake_target': None, 'cmake_target_skip_unavailable': False, 'install_base': '/home/gdtr/ros2/colcon_mk/install/hello_world_node', 'merge_install': False, 'path': '/home/gdtr/ros2/colcon_mk/src/hello_world_node', 'symlink_install': False, 'test_result_base': None}
[1.439s] INFO:colcon.colcon_core.executor:Executing jobs using 'parallel' executor
[1.446s] DEBUG:colcon.colcon_parallel_executor.executor.parallel:run_until_complete
[1.446s] INFO:colcon.colcon_ros.task.ament_cmake.build:Building ROS package in '/home/gdtr/ros2/colcon_mk/src/hello_world_node' with build type 'ament_cmake'
[1.446s] INFO:colcon.colcon_cmake.task.cmake.build:Building CMake package in '/home/gdtr/ros2/colcon_mk/src/hello_world_node'
[1.463s] INFO:colcon.colcon_core.plugin_system:Skipping extension 'colcon_core.shell.bat': Not used on non-Windows systems
[1.464s] INFO:colcon.colcon_core.shell:Skip shell extension 'powershell' for command environment: Not usable outside of PowerShell
[1.464s] DEBUG:colcon.colcon_core.shell:Skip shell extension 'dsv' for command environment
[1.498s] DEBUG:colcon.colcon_core.event_handler.log_command:Invoking command in '/home/gdtr/ros2/colcon_mk/build/hello_world_node': CMAKE_PREFIX_PATH=/opt/ros/rolling /usr/bin/cmake --build /home/gdtr/ros2/colcon_mk/build/hello_world_node -- -j8 -l8
[2.186s] DEBUG:colcon.colcon_core.event_handler.log_command:Invoked command in '/home/gdtr/ros2/colcon_mk/build/hello_world_node' returned '0': CMAKE_PREFIX_PATH=/opt/ros/rolling /usr/bin/cmake --build /home/gdtr/ros2/colcon_mk/build/hello_world_node -- -j8 -l8
[2.362s] DEBUG:colcon.colcon_core.event_handler.log_command:Invoking command in '/home/gdtr/ros2/colcon_mk/build/hello_world_node': CMAKE_PREFIX_PATH=/opt/ros/rolling /usr/bin/cmake --install /home/gdtr/ros2/colcon_mk/build/hello_world_node
[2.465s] Level 1:colcon.colcon_core.environment:create_environment_scripts_only(hello_world_node)
[2.474s] DEBUG:colcon.colcon_core.event_handler.log_command:Invoked command in '/home/gdtr/ros2/colcon_mk/build/hello_world_node' returned '0': CMAKE_PREFIX_PATH=/opt/ros/rolling /usr/bin/cmake --install /home/gdtr/ros2/colcon_mk/build/hello_world_node
[2.529s] Level 1:colcon.colcon_core.environment:checking '/home/gdtr/ros2/colcon_mk/install/hello_world_node' for CMake module files
[2.531s] Level 1:colcon.colcon_core.environment:checking '/home/gdtr/ros2/colcon_mk/install/hello_world_node' for CMake config files
[2.531s] Level 1:colcon.colcon_core.shell:create_environment_hook('hello_world_node', 'cmake_prefix_path')
[2.536s] INFO:colcon.colcon_core.shell:Creating environment hook '/home/gdtr/ros2/colcon_mk/install/hello_world_node/share/hello_world_node/hook/cmake_prefix_path.ps1'
[2.541s] INFO:colcon.colcon_core.shell:Creating environment descriptor '/home/gdtr/ros2/colcon_mk/install/hello_world_node/share/hello_world_node/hook/cmake_prefix_path.dsv'
[2.544s] INFO:colcon.colcon_core.shell:Creating environment hook '/home/gdtr/ros2/colcon_mk/install/hello_world_node/share/hello_world_node/hook/cmake_prefix_path.sh'
[2.549s] Level 1:colcon.colcon_core.environment:checking '/home/gdtr/ros2/colcon_mk/install/hello_world_node/lib'
[2.549s] Level 1:colcon.colcon_core.environment:checking '/home/gdtr/ros2/colcon_mk/install/hello_world_node/bin'
[2.549s] Level 1:colcon.colcon_core.environment:checking '/home/gdtr/ros2/colcon_mk/install/hello_world_node/lib/pkgconfig/hello_world_node.pc'
[2.551s] Level 1:colcon.colcon_core.environment:checking '/home/gdtr/ros2/colcon_mk/install/hello_world_node/lib/python3.10/site-packages'
[2.552s] Level 1:colcon.colcon_core.environment:checking '/home/gdtr/ros2/colcon_mk/install/hello_world_node/bin'
[2.556s] INFO:colcon.colcon_core.shell:Creating package script '/home/gdtr/ros2/colcon_mk/install/hello_world_node/share/hello_world_node/package.ps1'
[2.563s] INFO:colcon.colcon_core.shell:Creating package descriptor '/home/gdtr/ros2/colcon_mk/install/hello_world_node/share/hello_world_node/package.dsv'
[2.565s] INFO:colcon.colcon_core.shell:Creating package script '/home/gdtr/ros2/colcon_mk/install/hello_world_node/share/hello_world_node/package.sh'
[2.570s] INFO:colcon.colcon_core.shell:Creating package script '/home/gdtr/ros2/colcon_mk/install/hello_world_node/share/hello_world_node/package.bash'
[2.575s] INFO:colcon.colcon_core.shell:Creating package script '/home/gdtr/ros2/colcon_mk/install/hello_world_node/share/hello_world_node/package.zsh'
[2.578s] Level 1:colcon.colcon_core.environment:create_file_with_runtime_dependencies(/home/gdtr/ros2/colcon_mk/install/hello_world_node/share/colcon-core/packages/hello_world_node)
[2.698s] Level 1:colcon.colcon_core.environment:create_environment_scripts_only(hello_world_node)
[2.702s] Level 1:colcon.colcon_core.environment:checking '/home/gdtr/ros2/colcon_mk/install/hello_world_node' for CMake module files
[2.704s] Level 1:colcon.colcon_core.environment:checking '/home/gdtr/ros2/colcon_mk/install/hello_world_node' for CMake config files
[2.705s] Level 1:colcon.colcon_core.shell:create_environment_hook('hello_world_node', 'cmake_prefix_path')
[2.714s] INFO:colcon.colcon_core.shell:Creating environment hook '/home/gdtr/ros2/colcon_mk/install/hello_world_node/share/hello_world_node/hook/cmake_prefix_path.ps1'
[2.715s] INFO:colcon.colcon_core.shell:Creating environment descriptor '/home/gdtr/ros2/colcon_mk/install/hello_world_node/share/hello_world_node/hook/cmake_prefix_path.dsv'
[2.718s] INFO:colcon.colcon_core.shell:Creating environment hook '/home/gdtr/ros2/colcon_mk/install/hello_world_node/share/hello_world_node/hook/cmake_prefix_path.sh'
[2.720s] Level 1:colcon.colcon_core.environment:checking '/home/gdtr/ros2/colcon_mk/install/hello_world_node/lib'
[2.721s] Level 1:colcon.colcon_core.environment:checking '/home/gdtr/ros2/colcon_mk/install/hello_world_node/bin'
[2.721s] Level 1:colcon.colcon_core.environment:checking '/home/gdtr/ros2/colcon_mk/install/hello_world_node/lib/pkgconfig/hello_world_node.pc'
[2.722s] Level 1:colcon.colcon_core.environment:checking '/home/gdtr/ros2/colcon_mk/install/hello_world_node/lib/python3.10/site-packages'
[2.723s] Level 1:colcon.colcon_core.environment:checking '/home/gdtr/ros2/colcon_mk/install/hello_world_node/bin'
[2.727s] INFO:colcon.colcon_core.shell:Creating package script '/home/gdtr/ros2/colcon_mk/install/hello_world_node/share/hello_world_node/package.ps1'
[2.728s] INFO:colcon.colcon_core.shell:Creating package descriptor '/home/gdtr/ros2/colcon_mk/install/hello_world_node/share/hello_world_node/package.dsv'
[2.735s] INFO:colcon.colcon_core.shell:Creating package script '/home/gdtr/ros2/colcon_mk/install/hello_world_node/share/hello_world_node/package.sh'
[2.750s] INFO:colcon.colcon_core.shell:Creating package script '/home/gdtr/ros2/colcon_mk/install/hello_world_node/share/hello_world_node/package.bash'
[2.751s] INFO:colcon.colcon_core.shell:Creating package script '/home/gdtr/ros2/colcon_mk/install/hello_world_node/share/hello_world_node/package.zsh'
[2.752s] Level 1:colcon.colcon_core.environment:create_file_with_runtime_dependencies(/home/gdtr/ros2/colcon_mk/install/hello_world_node/share/colcon-core/packages/hello_world_node)
[2.753s] DEBUG:colcon.colcon_parallel_executor.executor.parallel:closing loop
[2.755s] DEBUG:colcon.colcon_parallel_executor.executor.parallel:loop closed
[2.756s] DEBUG:colcon.colcon_parallel_executor.executor.parallel:run_until_complete finished with '0'
[2.756s] DEBUG:colcon.colcon_core.event_reactor:joining thread
[2.802s] INFO:colcon.colcon_core.plugin_system:Skipping extension 'colcon_notification.desktop_notification.notify_send': Could not find 'notify-send'
[2.803s] INFO:colcon.colcon_core.plugin_system:Skipping extension 'colcon_notification.desktop_notification.terminal_notifier': Not used on non-Darwin systems
[2.803s] INFO:colcon.colcon_core.plugin_system:Skipping extension 'colcon_notification.desktop_notification.win32': Not used on non-Windows systems
[2.803s] INFO:colcon.colcon_notification.desktop_notification:Sending desktop notification using 'notify2'
[2.819s] DEBUG:colcon.colcon_notification.desktop_notification.notify2:Failed to initialize notify2: org.freedesktop.DBus.Error.Spawn.ExecFailed: /usr/bin/dbus-launch terminated abnormally without any error message
[2.821s] DEBUG:colcon.colcon_core.event_reactor:joined thread
[2.830s] INFO:colcon.colcon_core.shell:Creating prefix script '/home/gdtr/ros2/colcon_mk/install/local_setup.ps1'
[2.836s] INFO:colcon.colcon_core.shell:Creating prefix util module '/home/gdtr/ros2/colcon_mk/install/_local_setup_util_ps1.py'
[2.843s] INFO:colcon.colcon_core.shell:Creating prefix chain script '/home/gdtr/ros2/colcon_mk/install/setup.ps1'
[2.850s] INFO:colcon.colcon_core.shell:Creating prefix script '/home/gdtr/ros2/colcon_mk/install/local_setup.sh'
[2.854s] INFO:colcon.colcon_core.shell:Creating prefix util module '/home/gdtr/ros2/colcon_mk/install/_local_setup_util_sh.py'
[2.857s] INFO:colcon.colcon_core.shell:Creating prefix chain script '/home/gdtr/ros2/colcon_mk/install/setup.sh'
[2.868s] INFO:colcon.colcon_core.shell:Creating prefix script '/home/gdtr/ros2/colcon_mk/install/local_setup.bash'
[2.876s] INFO:colcon.colcon_core.shell:Creating prefix chain script '/home/gdtr/ros2/colcon_mk/install/setup.bash'
[2.882s] INFO:colcon.colcon_core.shell:Creating prefix script '/home/gdtr/ros2/colcon_mk/install/local_setup.zsh'
[2.886s] INFO:colcon.colcon_core.shell:Creating prefix chain script '/home/gdtr/ros2/colcon_mk/install/setup.zsh'
