[0.945s] Invoking command in '/home/gdtr/ros2/colcon_mk/src/service_demo_py': AMENT_PREFIX_PATH=/home/gdtr/ros2/colcon_mk/install/plumbing_interface_demo:${AMENT_PREFIX_PATH} CMAKE_PREFIX_PATH=/home/gdtr/ros2/colcon_mk/install/plumbing_interface_demo LD_LIBRARY_PATH=/home/gdtr/ros2/colcon_mk/install/plumbing_interface_demo/lib:${LD_LIBRARY_PATH} PYTHONPATH=/home/gdtr/ros2/colcon_mk/build/service_demo_py/prefix_override:/home/gdtr/ros2/colcon_mk/install/service_demo_py/lib/python3.10/site-packages:/home/gdtr/ros2/colcon_mk/install/plumbing_interface_demo/local/lib/python3.10/dist-packages:${PYTHONPATH} /usr/bin/python3 setup.py egg_info --egg-base ../../build/service_demo_py build --build-base /home/gdtr/ros2/colcon_mk/build/service_demo_py/build install --record /home/gdtr/ros2/colcon_mk/build/service_demo_py/install.log --single-version-externally-managed
[1.252s] running egg_info
[1.253s] creating ../../build/service_demo_py/service_demo_py.egg-info
[1.253s] writing ../../build/service_demo_py/service_demo_py.egg-info/PKG-INFO
[1.253s] writing dependency_links to ../../build/service_demo_py/service_demo_py.egg-info/dependency_links.txt
[1.253s] writing entry points to ../../build/service_demo_py/service_demo_py.egg-info/entry_points.txt
[1.254s] writing requirements to ../../build/service_demo_py/service_demo_py.egg-info/requires.txt
[1.254s] writing top-level names to ../../build/service_demo_py/service_demo_py.egg-info/top_level.txt
[1.254s] writing manifest file '../../build/service_demo_py/service_demo_py.egg-info/SOURCES.txt'
[1.256s] reading manifest file '../../build/service_demo_py/service_demo_py.egg-info/SOURCES.txt'
[1.257s] writing manifest file '../../build/service_demo_py/service_demo_py.egg-info/SOURCES.txt'
[1.257s] running build
[1.257s] running build_py
[1.257s] creating /home/gdtr/ros2/colcon_mk/build/service_demo_py/build
[1.258s] creating /home/gdtr/ros2/colcon_mk/build/service_demo_py/build/lib
[1.258s] creating /home/gdtr/ros2/colcon_mk/build/service_demo_py/build/lib/service_demo_py
[1.258s] copying service_demo_py/service_server.py -> /home/gdtr/ros2/colcon_mk/build/service_demo_py/build/lib/service_demo_py
[1.258s] copying service_demo_py/__init__.py -> /home/gdtr/ros2/colcon_mk/build/service_demo_py/build/lib/service_demo_py
[1.258s] copying service_demo_py/service_client.py -> /home/gdtr/ros2/colcon_mk/build/service_demo_py/build/lib/service_demo_py
[1.258s] running install
[1.259s] running install_lib
[1.260s] creating /home/gdtr/ros2/colcon_mk/install/service_demo_py/lib/python3.10/site-packages/service_demo_py
[1.261s] copying /home/gdtr/ros2/colcon_mk/build/service_demo_py/build/lib/service_demo_py/service_server.py -> /home/gdtr/ros2/colcon_mk/install/service_demo_py/lib/python3.10/site-packages/service_demo_py
[1.261s] copying /home/gdtr/ros2/colcon_mk/build/service_demo_py/build/lib/service_demo_py/__init__.py -> /home/gdtr/ros2/colcon_mk/install/service_demo_py/lib/python3.10/site-packages/service_demo_py
[1.261s] copying /home/gdtr/ros2/colcon_mk/build/service_demo_py/build/lib/service_demo_py/service_client.py -> /home/gdtr/ros2/colcon_mk/install/service_demo_py/lib/python3.10/site-packages/service_demo_py
[1.262s] byte-compiling /home/gdtr/ros2/colcon_mk/install/service_demo_py/lib/python3.10/site-packages/service_demo_py/service_server.py to service_server.cpython-310.pyc
[1.262s] byte-compiling /home/gdtr/ros2/colcon_mk/install/service_demo_py/lib/python3.10/site-packages/service_demo_py/__init__.py to __init__.cpython-310.pyc
[1.262s] byte-compiling /home/gdtr/ros2/colcon_mk/install/service_demo_py/lib/python3.10/site-packages/service_demo_py/service_client.py to service_client.cpython-310.pyc
[1.263s] running install_data
[1.263s] copying resource/service_demo_py -> /home/gdtr/ros2/colcon_mk/install/service_demo_py/share/ament_index/resource_index/packages
[1.264s] copying package.xml -> /home/gdtr/ros2/colcon_mk/install/service_demo_py/share/service_demo_py
[1.264s] running install_egg_info
[1.266s] Copying ../../build/service_demo_py/service_demo_py.egg-info to /home/gdtr/ros2/colcon_mk/install/service_demo_py/lib/python3.10/site-packages/service_demo_py-0.0.0-py3.10.egg-info
[1.267s] running install_scripts
[1.291s] Installing service_server = service_demo_py.service_server:mainservice_client script to /home/gdtr/ros2/colcon_mk/install/service_demo_py/lib/service_demo_py
[1.291s] writing list of installed files to '/home/gdtr/ros2/colcon_mk/build/service_demo_py/install.log'
[1.328s] Invoked command in '/home/gdtr/ros2/colcon_mk/src/service_demo_py' returned '0': AMENT_PREFIX_PATH=/home/gdtr/ros2/colcon_mk/install/plumbing_interface_demo:${AMENT_PREFIX_PATH} CMAKE_PREFIX_PATH=/home/gdtr/ros2/colcon_mk/install/plumbing_interface_demo LD_LIBRARY_PATH=/home/gdtr/ros2/colcon_mk/install/plumbing_interface_demo/lib:${LD_LIBRARY_PATH} PYTHONPATH=/home/gdtr/ros2/colcon_mk/build/service_demo_py/prefix_override:/home/gdtr/ros2/colcon_mk/install/service_demo_py/lib/python3.10/site-packages:/home/gdtr/ros2/colcon_mk/install/plumbing_interface_demo/local/lib/python3.10/dist-packages:${PYTHONPATH} /usr/bin/python3 setup.py egg_info --egg-base ../../build/service_demo_py build --build-base /home/gdtr/ros2/colcon_mk/build/service_demo_py/build install --record /home/gdtr/ros2/colcon_mk/build/service_demo_py/install.log --single-version-externally-managed
