[0.016s] Invoking command in '/home/gdtr/ros2/colcon_mk/build/hello_world_node': CMAKE_PREFIX_PATH=${CMAKE_PREFIX_PATH}:/opt/ros/rolling /usr/bin/cmake /home/gdtr/ros2/colcon_mk/src/hello_world_node -DCMAKE_INSTALL_PREFIX=/home/gdtr/ros2/colcon_mk/install/hello_world_node
[0.090s] -- The C compiler identification is GNU 11.3.0
[0.181s] -- The CXX compiler identification is GNU 11.3.0
[0.195s] -- Detecting C compiler ABI info
[0.331s] -- Detecting C compiler ABI info - done
[0.352s] -- Check for working C compiler: /usr/bin/cc - skipped
[0.353s] -- Detecting C compile features
[0.354s] -- Detecting C compile features - done
[0.362s] -- Detecting CXX compiler ABI info
[0.481s] -- Detecting CXX compiler ABI info - done
[0.493s] -- Check for working CXX compiler: /usr/bin/c++ - skipped
[0.493s] -- Detecting CXX compile features
[0.494s] -- Detecting CXX compile features - done
[0.502s] -- Found ament_cmake: 1.5.2 (/opt/ros/rolling/share/ament_cmake/cmake)
[0.842s] -- Found Python3: /usr/bin/python3.10 (found version "3.10.6") found components: Interpreter 
[1.068s] -- Found rclcpp: 19.0.0 (/opt/ros/rolling/share/rclcpp/cmake)
[1.135s] -- Found rosidl_generator_c: 3.3.1 (/opt/ros/rolling/share/rosidl_generator_c/cmake)
[1.149s] -- Found rosidl_generator_cpp: 3.3.1 (/opt/ros/rolling/share/rosidl_generator_cpp/cmake)
[1.167s] -- Using all available rosidl_typesupport_c: rosidl_typesupport_fastrtps_c;rosidl_typesupport_introspection_c
[1.193s] -- Using all available rosidl_typesupport_cpp: rosidl_typesupport_fastrtps_cpp;rosidl_typesupport_introspection_cpp
[1.284s] -- Found rmw_implementation_cmake: 6.4.0 (/opt/ros/rolling/share/rmw_implementation_cmake/cmake)
[1.287s] -- Found rmw_fastrtps_cpp: 6.5.0 (/opt/ros/rolling/share/rmw_fastrtps_cpp/cmake)
[1.417s] -- Found OpenSSL: /usr/lib/x86_64-linux-gnu/libcrypto.so (found version "3.0.2")  
[1.449s] -- Found FastRTPS: /opt/ros/rolling/include  
[1.509s] -- Using RMW implementation 'rmw_fastrtps_cpp' as default
[1.521s] -- Looking for pthread.h
[1.601s] -- Looking for pthread.h - found
[1.601s] -- Performing Test CMAKE_HAVE_LIBC_PTHREAD
[1.689s] -- Performing Test CMAKE_HAVE_LIBC_PTHREAD - Success
[1.691s] -- Found Threads: TRUE  
[1.868s] -- Found ament_lint_auto: 0.13.2 (/opt/ros/rolling/share/ament_lint_auto/cmake)
[1.981s] -- Added test 'cppcheck' to perform static code analysis on C / C++ code
[1.981s] -- Configured cppcheck include dirs: $<BUILD_INTERFACE:/home/gdtr/ros2/colcon_mk/src/hello_world_node/include>
[1.981s] -- Configured cppcheck exclude dirs and/or files: 
[1.983s] -- Added test 'lint_cmake' to check CMake code style
[1.984s] -- Added test 'uncrustify' to check C / C++ code style
[1.985s] -- Configured uncrustify additional arguments: 
[1.985s] -- Added test 'xmllint' to check XML markup files
[1.987s] -- Configuring done
[1.999s] -- Generating done
[2.001s] -- Build files have been written to: /home/gdtr/ros2/colcon_mk/build/hello_world_node
[2.012s] Invoked command in '/home/gdtr/ros2/colcon_mk/build/hello_world_node' returned '0': CMAKE_PREFIX_PATH=${CMAKE_PREFIX_PATH}:/opt/ros/rolling /usr/bin/cmake /home/gdtr/ros2/colcon_mk/src/hello_world_node -DCMAKE_INSTALL_PREFIX=/home/gdtr/ros2/colcon_mk/install/hello_world_node
[2.018s] Invoking command in '/home/gdtr/ros2/colcon_mk/build/hello_world_node': CMAKE_PREFIX_PATH=${CMAKE_PREFIX_PATH}:/opt/ros/rolling /usr/bin/cmake --build /home/gdtr/ros2/colcon_mk/build/hello_world_node -- -j8 -l8
[2.080s] [ 50%] [32mBuilding CXX object CMakeFiles/hello_world.dir/src/hello_world.cpp.o[0m
[6.255s] [100%] [32m[1mLinking CXX executable hello_world[0m
[6.452s] [100%] Built target hello_world
[6.468s] Invoked command in '/home/gdtr/ros2/colcon_mk/build/hello_world_node' returned '0': CMAKE_PREFIX_PATH=${CMAKE_PREFIX_PATH}:/opt/ros/rolling /usr/bin/cmake --build /home/gdtr/ros2/colcon_mk/build/hello_world_node -- -j8 -l8
[6.500s] Invoking command in '/home/gdtr/ros2/colcon_mk/build/hello_world_node': CMAKE_PREFIX_PATH=${CMAKE_PREFIX_PATH}:/opt/ros/rolling /usr/bin/cmake --install /home/gdtr/ros2/colcon_mk/build/hello_world_node
[6.509s] -- Install configuration: ""
[6.509s] -- Installing: /home/gdtr/ros2/colcon_mk/install/hello_world_node/lib/hello_world_node/hello_world
[6.510s] -- Set runtime path of "/home/gdtr/ros2/colcon_mk/install/hello_world_node/lib/hello_world_node/hello_world" to ""
[6.510s] -- Installing: /home/gdtr/ros2/colcon_mk/install/hello_world_node/share/ament_index/resource_index/package_run_dependencies/hello_world_node
[6.510s] -- Installing: /home/gdtr/ros2/colcon_mk/install/hello_world_node/share/ament_index/resource_index/parent_prefix_path/hello_world_node
[6.511s] -- Installing: /home/gdtr/ros2/colcon_mk/install/hello_world_node/share/hello_world_node/environment/ament_prefix_path.sh
[6.511s] -- Installing: /home/gdtr/ros2/colcon_mk/install/hello_world_node/share/hello_world_node/environment/ament_prefix_path.dsv
[6.511s] -- Installing: /home/gdtr/ros2/colcon_mk/install/hello_world_node/share/hello_world_node/environment/path.sh
[6.512s] -- Installing: /home/gdtr/ros2/colcon_mk/install/hello_world_node/share/hello_world_node/environment/path.dsv
[6.512s] -- Installing: /home/gdtr/ros2/colcon_mk/install/hello_world_node/share/hello_world_node/local_setup.bash
[6.512s] -- Installing: /home/gdtr/ros2/colcon_mk/install/hello_world_node/share/hello_world_node/local_setup.sh
[6.512s] -- Installing: /home/gdtr/ros2/colcon_mk/install/hello_world_node/share/hello_world_node/local_setup.zsh
[6.513s] -- Installing: /home/gdtr/ros2/colcon_mk/install/hello_world_node/share/hello_world_node/local_setup.dsv
[6.513s] -- Installing: /home/gdtr/ros2/colcon_mk/install/hello_world_node/share/hello_world_node/package.dsv
[6.513s] -- Installing: /home/gdtr/ros2/colcon_mk/install/hello_world_node/share/ament_index/resource_index/packages/hello_world_node
[6.513s] -- Installing: /home/gdtr/ros2/colcon_mk/install/hello_world_node/share/hello_world_node/cmake/hello_world_nodeConfig.cmake
[6.513s] -- Installing: /home/gdtr/ros2/colcon_mk/install/hello_world_node/share/hello_world_node/cmake/hello_world_nodeConfig-version.cmake
[6.514s] -- Installing: /home/gdtr/ros2/colcon_mk/install/hello_world_node/share/hello_world_node/package.xml
[6.519s] Invoked command in '/home/gdtr/ros2/colcon_mk/build/hello_world_node' returned '0': CMAKE_PREFIX_PATH=${CMAKE_PREFIX_PATH}:/opt/ros/rolling /usr/bin/cmake --install /home/gdtr/ros2/colcon_mk/build/hello_world_node
