[35m[1mConsolidate compiler generated dependencies of target action_client[0m
[ 25%] [32mBuilding CXX object CMakeFiles/action_server.dir/src/action_server.cpp.o[0m
[ 50%] [32mBuilding CXX object CMakeFiles/action_client.dir/src/action_client.cpp.o[0m
[01m[K/home/gdtr/ros2/colcon_mk/src/action_demo/src/action_client.cpp:[m[K In member function ‘[01m[Kvoid ActionClient::on_feedback_cb(rclcpp_action::ClientGoalHandle<plumbing_interface_demo::action::ActionMsg>::SharedPtr, std::shared_ptr<const plumbing_interface_demo::action::ActionMsg_Feedback_<std::allocator<void> > >)[m[K’:
[01m[K/home/gdtr/ros2/colcon_mk/src/action_demo/src/action_client.cpp:66:13:[m[K [01;35m[Kwarning: [m[Kunused variable ‘[01m[Kpro[m[K’ [[01;35m[K]8;;https://gcc.gnu.org/onlinedocs/gcc/Warning-Options.html#index-Wunused-variable-Wunused-variable]8;;[m[K]
   66 |         int [01;35m[Kpro[m[K = (int)progress;
      |             [01;35m[K^~~[m[K
[01m[K/home/gdtr/ros2/colcon_mk/src/action_demo/src/action_client.cpp:[m[K In member function ‘[01m[Kvoid ActionClient::on_result_cb(const rclcpp_action::ClientGoalHandle<plumbing_interface_demo::action::ActionMsg>::WrappedResult&)[m[K’:
[01m[K/home/gdtr/ros2/colcon_mk/src/action_demo/src/action_client.cpp:74:89:[m[K [01;35m[Kwarning: [m[Kunused parameter ‘[01m[Kresult[m[K’ [[01;35m[K]8;;https://gcc.gnu.org/onlinedocs/gcc/Warning-Options.html#index-Wunused-parameter-Wunused-parameter]8;;[m[K]
   74 |     void on_result_cb([01;35m[Kconst rclcpp_action::ClientGoalHandle<ActionMsg>::WrappedResult & result[m[K)
      |                       [01;35m[K~~~~~~~~~~~~~~~~~~~~~~~~~~~~~~~~~~~~~~~~~~~~~~~~~~~~~~~~~~~~~~~~~~^~~~~~[m[K
[ 75%] [32m[1mLinking CXX executable action_server[0m
[100%] [32m[1mLinking CXX executable action_client[0m
[100%] Built target action_server
[100%] Built target action_client
-- Install configuration: ""
-- Installing: /home/gdtr/ros2/colcon_mk/install/action_demo/lib/action_demo/action_server
-- Set runtime path of "/home/gdtr/ros2/colcon_mk/install/action_demo/lib/action_demo/action_server" to ""
-- Installing: /home/gdtr/ros2/colcon_mk/install/action_demo/lib/action_demo/action_client
-- Set runtime path of "/home/gdtr/ros2/colcon_mk/install/action_demo/lib/action_demo/action_client" to ""
-- Up-to-date: /home/gdtr/ros2/colcon_mk/install/action_demo/share/ament_index/resource_index/package_run_dependencies/action_demo
-- Up-to-date: /home/gdtr/ros2/colcon_mk/install/action_demo/share/ament_index/resource_index/parent_prefix_path/action_demo
-- Up-to-date: /home/gdtr/ros2/colcon_mk/install/action_demo/share/action_demo/environment/ament_prefix_path.sh
-- Up-to-date: /home/gdtr/ros2/colcon_mk/install/action_demo/share/action_demo/environment/ament_prefix_path.dsv
-- Up-to-date: /home/gdtr/ros2/colcon_mk/install/action_demo/share/action_demo/environment/path.sh
-- Up-to-date: /home/gdtr/ros2/colcon_mk/install/action_demo/share/action_demo/environment/path.dsv
-- Up-to-date: /home/gdtr/ros2/colcon_mk/install/action_demo/share/action_demo/local_setup.bash
-- Up-to-date: /home/gdtr/ros2/colcon_mk/install/action_demo/share/action_demo/local_setup.sh
-- Up-to-date: /home/gdtr/ros2/colcon_mk/install/action_demo/share/action_demo/local_setup.zsh
-- Up-to-date: /home/gdtr/ros2/colcon_mk/install/action_demo/share/action_demo/local_setup.dsv
-- Installing: /home/gdtr/ros2/colcon_mk/install/action_demo/share/action_demo/package.dsv
-- Up-to-date: /home/gdtr/ros2/colcon_mk/install/action_demo/share/ament_index/resource_index/packages/action_demo
-- Up-to-date: /home/gdtr/ros2/colcon_mk/install/action_demo/share/action_demo/cmake/action_demoConfig.cmake
-- Up-to-date: /home/gdtr/ros2/colcon_mk/install/action_demo/share/action_demo/cmake/action_demoConfig-version.cmake
-- Up-to-date: /home/gdtr/ros2/colcon_mk/install/action_demo/share/action_demo/package.xml
