[1.558s] Invoking command in '/home/gdtr/ros2/colcon_mk/src/launch_demo_py': PYTHONPATH=/home/gdtr/ros2/colcon_mk/build/launch_demo_py/prefix_override:/home/gdtr/ros2/colcon_mk/install/launch_demo_py/lib/python3.10/site-packages:${PYTHONPATH} /usr/bin/python3 setup.py egg_info --egg-base ../../build/launch_demo_py build --build-base /home/gdtr/ros2/colcon_mk/build/launch_demo_py/build install --record /home/gdtr/ros2/colcon_mk/build/launch_demo_py/install.log --single-version-externally-managed
[2.070s] running egg_info
[2.071s] writing ../../build/launch_demo_py/launch_demo_py.egg-info/PKG-INFO
[2.072s] writing dependency_links to ../../build/launch_demo_py/launch_demo_py.egg-info/dependency_links.txt
[2.073s] writing entry points to ../../build/launch_demo_py/launch_demo_py.egg-info/entry_points.txt
[2.073s] writing requirements to ../../build/launch_demo_py/launch_demo_py.egg-info/requires.txt
[2.073s] writing top-level names to ../../build/launch_demo_py/launch_demo_py.egg-info/top_level.txt
[2.076s] reading manifest file '../../build/launch_demo_py/launch_demo_py.egg-info/SOURCES.txt'
[2.080s] writing manifest file '../../build/launch_demo_py/launch_demo_py.egg-info/SOURCES.txt'
[2.080s] running build
[2.080s] running build_py
[2.080s] running install
[2.081s] running install_lib
[2.082s] running install_data
[2.083s] copying launch/py/launch_demo.py -> /home/gdtr/ros2/colcon_mk/install/launch_demo_py/share/launch_demo_py
[2.084s] copying launch/xml/launch_demo.xml -> /home/gdtr/ros2/colcon_mk/install/launch_demo_py/share/launch_demo_py
[2.084s] copying launch/yaml/launch_demo.yaml -> /home/gdtr/ros2/colcon_mk/install/launch_demo_py/share/launch_demo_py
[2.084s] running install_egg_info
[2.087s] removing '/home/gdtr/ros2/colcon_mk/install/launch_demo_py/lib/python3.10/site-packages/launch_demo_py-0.0.0-py3.10.egg-info' (and everything under it)
[2.087s] Copying ../../build/launch_demo_py/launch_demo_py.egg-info to /home/gdtr/ros2/colcon_mk/install/launch_demo_py/lib/python3.10/site-packages/launch_demo_py-0.0.0-py3.10.egg-info
[2.088s] running install_scripts
[2.124s] writing list of installed files to '/home/gdtr/ros2/colcon_mk/build/launch_demo_py/install.log'
[2.169s] Invoked command in '/home/gdtr/ros2/colcon_mk/src/launch_demo_py' returned '0': PYTHONPATH=/home/gdtr/ros2/colcon_mk/build/launch_demo_py/prefix_override:/home/gdtr/ros2/colcon_mk/install/launch_demo_py/lib/python3.10/site-packages:${PYTHONPATH} /usr/bin/python3 setup.py egg_info --egg-base ../../build/launch_demo_py build --build-base /home/gdtr/ros2/colcon_mk/build/launch_demo_py/build install --record /home/gdtr/ros2/colcon_mk/build/launch_demo_py/install.log --single-version-externally-managed
