[0.019s] Invoking command in '/home/gdtr/ros2/colcon_mk/build/action_demo': CMAKE_PREFIX_PATH=/home/gdtr/ros2/colcon_mk/install/plumbing_interface_demo:/home/gdtr/ros2/colcon_mk/install/action_demo:/home/gdtr/ros2/colcon_mk/install/topic_demo:/home/gdtr/ros2/colcon_mk/install/service_demo_py:/home/gdtr/ros2/colcon_mk/install/service_demo:/home/gdtr/ros2/colcon_mk/install/hello_world_node:/home/gdtr/ros2/colcon_mk/install/topic_demo_py:/opt/ros/rolling /usr/bin/cmake --build /home/gdtr/ros2/colcon_mk/build/action_demo -- -j8 -l8
[0.071s] [35m[1mConsolidate compiler generated dependencies of target action_server[0m
[0.086s] [ 50%] Built target action_client
[0.093s] [ 75%] [32mBuilding CXX object CMakeFiles/action_server.dir/src/action_server.cpp.o[0m
[4.767s] [100%] [32m[1mLinking CXX executable action_server[0m
[4.978s] [100%] Built target action_server
[4.991s] Invoked command in '/home/gdtr/ros2/colcon_mk/build/action_demo' returned '0': CMAKE_PREFIX_PATH=/home/gdtr/ros2/colcon_mk/install/plumbing_interface_demo:/home/gdtr/ros2/colcon_mk/install/action_demo:/home/gdtr/ros2/colcon_mk/install/topic_demo:/home/gdtr/ros2/colcon_mk/install/service_demo_py:/home/gdtr/ros2/colcon_mk/install/service_demo:/home/gdtr/ros2/colcon_mk/install/hello_world_node:/home/gdtr/ros2/colcon_mk/install/topic_demo_py:/opt/ros/rolling /usr/bin/cmake --build /home/gdtr/ros2/colcon_mk/build/action_demo -- -j8 -l8
[5.034s] Invoking command in '/home/gdtr/ros2/colcon_mk/build/action_demo': CMAKE_PREFIX_PATH=/home/gdtr/ros2/colcon_mk/install/plumbing_interface_demo:/home/gdtr/ros2/colcon_mk/install/action_demo:/home/gdtr/ros2/colcon_mk/install/topic_demo:/home/gdtr/ros2/colcon_mk/install/service_demo_py:/home/gdtr/ros2/colcon_mk/install/service_demo:/home/gdtr/ros2/colcon_mk/install/hello_world_node:/home/gdtr/ros2/colcon_mk/install/topic_demo_py:/opt/ros/rolling /usr/bin/cmake --install /home/gdtr/ros2/colcon_mk/build/action_demo
[5.043s] -- Install configuration: ""
[5.044s] -- Installing: /home/gdtr/ros2/colcon_mk/install/action_demo/lib/action_demo/action_server
[5.045s] -- Set runtime path of "/home/gdtr/ros2/colcon_mk/install/action_demo/lib/action_demo/action_server" to ""
[5.046s] -- Up-to-date: /home/gdtr/ros2/colcon_mk/install/action_demo/lib/action_demo/action_client
[5.046s] -- Up-to-date: /home/gdtr/ros2/colcon_mk/install/action_demo/share/ament_index/resource_index/package_run_dependencies/action_demo
[5.046s] -- Up-to-date: /home/gdtr/ros2/colcon_mk/install/action_demo/share/ament_index/resource_index/parent_prefix_path/action_demo
[5.046s] -- Up-to-date: /home/gdtr/ros2/colcon_mk/install/action_demo/share/action_demo/environment/ament_prefix_path.sh
[5.047s] -- Up-to-date: /home/gdtr/ros2/colcon_mk/install/action_demo/share/action_demo/environment/ament_prefix_path.dsv
[5.047s] -- Up-to-date: /home/gdtr/ros2/colcon_mk/install/action_demo/share/action_demo/environment/path.sh
[5.047s] -- Up-to-date: /home/gdtr/ros2/colcon_mk/install/action_demo/share/action_demo/environment/path.dsv
[5.047s] -- Up-to-date: /home/gdtr/ros2/colcon_mk/install/action_demo/share/action_demo/local_setup.bash
[5.047s] -- Up-to-date: /home/gdtr/ros2/colcon_mk/install/action_demo/share/action_demo/local_setup.sh
[5.048s] -- Up-to-date: /home/gdtr/ros2/colcon_mk/install/action_demo/share/action_demo/local_setup.zsh
[5.048s] -- Up-to-date: /home/gdtr/ros2/colcon_mk/install/action_demo/share/action_demo/local_setup.dsv
[5.048s] -- Installing: /home/gdtr/ros2/colcon_mk/install/action_demo/share/action_demo/package.dsv
[5.048s] -- Up-to-date: /home/gdtr/ros2/colcon_mk/install/action_demo/share/ament_index/resource_index/packages/action_demo
[5.048s] -- Up-to-date: /home/gdtr/ros2/colcon_mk/install/action_demo/share/action_demo/cmake/action_demoConfig.cmake
[5.048s] -- Up-to-date: /home/gdtr/ros2/colcon_mk/install/action_demo/share/action_demo/cmake/action_demoConfig-version.cmake
[5.049s] -- Up-to-date: /home/gdtr/ros2/colcon_mk/install/action_demo/share/action_demo/package.xml
[5.051s] Invoked command in '/home/gdtr/ros2/colcon_mk/build/action_demo' returned '0': CMAKE_PREFIX_PATH=/home/gdtr/ros2/colcon_mk/install/plumbing_interface_demo:/home/gdtr/ros2/colcon_mk/install/action_demo:/home/gdtr/ros2/colcon_mk/install/topic_demo:/home/gdtr/ros2/colcon_mk/install/service_demo_py:/home/gdtr/ros2/colcon_mk/install/service_demo:/home/gdtr/ros2/colcon_mk/install/hello_world_node:/home/gdtr/ros2/colcon_mk/install/topic_demo_py:/opt/ros/rolling /usr/bin/cmake --install /home/gdtr/ros2/colcon_mk/build/action_demo
