[0.091s] Invoking command in '/home/gdtr/ros2/colcon_mk/build/paramter_demo': CMAKE_PREFIX_PATH=/opt/ros/rolling /usr/bin/cmake /home/gdtr/ros2/colcon_mk/src/parameter_demo -DCMAKE_INSTALL_PREFIX=/home/gdtr/ros2/colcon_mk/install/paramter_demo
[0.164s] -- Found ament_cmake: 1.5.2 (/opt/ros/rolling/share/ament_cmake/cmake)
[0.642s] -- Found rclcpp: 19.0.0 (/opt/ros/rolling/share/rclcpp/cmake)
[0.864s] -- Found rosidl_generator_c: 3.3.1 (/opt/ros/rolling/share/rosidl_generator_c/cmake)
[0.878s] -- Found rosidl_generator_cpp: 3.3.1 (/opt/ros/rolling/share/rosidl_generator_cpp/cmake)
[0.899s] -- Using all available rosidl_typesupport_c: rosidl_typesupport_fastrtps_c;rosidl_typesupport_introspection_c
[0.924s] -- Using all available rosidl_typesupport_cpp: rosidl_typesupport_fastrtps_cpp;rosidl_typesupport_introspection_cpp
[1.030s] -- Found rmw_implementation_cmake: 6.4.0 (/opt/ros/rolling/share/rmw_implementation_cmake/cmake)
[1.033s] -- Found rmw_fastrtps_cpp: 6.5.0 (/opt/ros/rolling/share/rmw_fastrtps_cpp/cmake)
[1.269s] -- Using RMW implementation 'rmw_fastrtps_cpp' as default
[1.665s] -- Found ament_lint_auto: 0.13.2 (/opt/ros/rolling/share/ament_lint_auto/cmake)
[1.838s] [31mCMake Error at /opt/ros/rolling/share/ament_cmake_core/cmake/core/ament_package_xml.cmake:53 (message):
[1.840s]   ament_package_xml() package name 'paramter_demo' in '/package.xml' does not
[1.841s]   match current PROJECT_NAME 'parameter_demo'.  You must call project() with
[1.841s]   the same package name before.
[1.841s] Call Stack (most recent call first):
[1.841s]   /opt/ros/rolling/share/ament_lint_auto/cmake/ament_lint_auto_find_test_dependencies.cmake:31 (ament_package_xml)
[1.841s]   CMakeLists.txt:56 (ament_lint_auto_find_test_dependencies)
[1.842s] 
[1.842s] [0m
[1.842s] -- Configuring incomplete, errors occurred!
[1.843s] See also "/home/gdtr/ros2/colcon_mk/build/paramter_demo/CMakeFiles/CMakeOutput.log".
[1.867s] Invoked command in '/home/gdtr/ros2/colcon_mk/build/paramter_demo' returned '1': CMAKE_PREFIX_PATH=/opt/ros/rolling /usr/bin/cmake /home/gdtr/ros2/colcon_mk/src/parameter_demo -DCMAKE_INSTALL_PREFIX=/home/gdtr/ros2/colcon_mk/install/paramter_demo
