[35m[1mConsolidate compiler generated dependencies of target service_server[0m
[35m[1mConsolidate compiler generated dependencies of target service_client[0m
[ 50%] Built target service_server
[100%] Built target service_client
-- Install configuration: ""
-- Up-to-date: /home/gdtr/ros2/colcon_mk/install/service_demo/lib/service_demo/service_server
-- Up-to-date: /home/gdtr/ros2/colcon_mk/install/service_demo/lib/service_demo/service_client
-- Up-to-date: /home/gdtr/ros2/colcon_mk/install/service_demo/share/ament_index/resource_index/package_run_dependencies/service_demo
-- Up-to-date: /home/gdtr/ros2/colcon_mk/install/service_demo/share/ament_index/resource_index/parent_prefix_path/service_demo
-- Up-to-date: /home/gdtr/ros2/colcon_mk/install/service_demo/share/service_demo/environment/ament_prefix_path.sh
-- Up-to-date: /home/gdtr/ros2/colcon_mk/install/service_demo/share/service_demo/environment/ament_prefix_path.dsv
-- Up-to-date: /home/gdtr/ros2/colcon_mk/install/service_demo/share/service_demo/environment/path.sh
-- Up-to-date: /home/gdtr/ros2/colcon_mk/install/service_demo/share/service_demo/environment/path.dsv
-- Up-to-date: /home/gdtr/ros2/colcon_mk/install/service_demo/share/service_demo/local_setup.bash
-- Up-to-date: /home/gdtr/ros2/colcon_mk/install/service_demo/share/service_demo/local_setup.sh
-- Up-to-date: /home/gdtr/ros2/colcon_mk/install/service_demo/share/service_demo/local_setup.zsh
-- Up-to-date: /home/gdtr/ros2/colcon_mk/install/service_demo/share/service_demo/local_setup.dsv
-- Installing: /home/gdtr/ros2/colcon_mk/install/service_demo/share/service_demo/package.dsv
-- Up-to-date: /home/gdtr/ros2/colcon_mk/install/service_demo/share/ament_index/resource_index/packages/service_demo
-- Up-to-date: /home/gdtr/ros2/colcon_mk/install/service_demo/share/service_demo/cmake/service_demoConfig.cmake
-- Up-to-date: /home/gdtr/ros2/colcon_mk/install/service_demo/share/service_demo/cmake/service_demoConfig-version.cmake
-- Up-to-date: /home/gdtr/ros2/colcon_mk/install/service_demo/share/service_demo/package.xml
