running egg_info
writing ../../build/topic_demo_py/topic_demo_py.egg-info/PKG-INFO
writing dependency_links to ../../build/topic_demo_py/topic_demo_py.egg-info/dependency_links.txt
writing entry points to ../../build/topic_demo_py/topic_demo_py.egg-info/entry_points.txt
writing requirements to ../../build/topic_demo_py/topic_demo_py.egg-info/requires.txt
writing top-level names to ../../build/topic_demo_py/topic_demo_py.egg-info/top_level.txt
reading manifest file '../../build/topic_demo_py/topic_demo_py.egg-info/SOURCES.txt'
writing manifest file '../../build/topic_demo_py/topic_demo_py.egg-info/SOURCES.txt'
running build
running build_py
copying topic_demo_py/topic_listener_py.py -> /home/gdtr/ros2/colcon_mk/build/topic_demo_py/build/lib/topic_demo_py
running install
running install_lib
copying /home/gdtr/ros2/colcon_mk/build/topic_demo_py/build/lib/topic_demo_py/topic_listener_py.py -> /home/gdtr/ros2/colcon_mk/install/topic_demo_py/lib/python3.10/site-packages/topic_demo_py
byte-compiling /home/gdtr/ros2/colcon_mk/install/topic_demo_py/lib/python3.10/site-packages/topic_demo_py/topic_listener_py.py to topic_listener_py.cpython-310.pyc
running install_data
running install_egg_info
removing '/home/gdtr/ros2/colcon_mk/install/topic_demo_py/lib/python3.10/site-packages/topic_demo_py-0.0.0-py3.10.egg-info' (and everything under it)
Copying ../../build/topic_demo_py/topic_demo_py.egg-info to /home/gdtr/ros2/colcon_mk/install/topic_demo_py/lib/python3.10/site-packages/topic_demo_py-0.0.0-py3.10.egg-info
running install_scripts
Installing topic_talker_py = topic_demo_py.topic_talker_py:maintopic_listener_py script to /home/gdtr/ros2/colcon_mk/install/topic_demo_py/lib/topic_demo_py
writing list of installed files to '/home/gdtr/ros2/colcon_mk/build/topic_demo_py/install.log'
