[0.973s] Invoking command in '/home/gdtr/ros2/colcon_mk/src/topic_demo_py': AMENT_PREFIX_PATH=/home/gdtr/ros2/colcon_mk/install/plumbing_interface_demo:${AMENT_PREFIX_PATH} CMAKE_PREFIX_PATH=/home/gdtr/ros2/colcon_mk/install/plumbing_interface_demo PYTHONPATH=/home/gdtr/ros2/colcon_mk/build/topic_demo_py/prefix_override:/home/gdtr/ros2/colcon_mk/install/topic_demo_py/lib/python3.10/site-packages:${PYTHONPATH} /usr/bin/python3 setup.py egg_info --egg-base ../../build/topic_demo_py build --build-base /home/gdtr/ros2/colcon_mk/build/topic_demo_py/build install --record /home/gdtr/ros2/colcon_mk/build/topic_demo_py/install.log --single-version-externally-managed
[1.335s] running egg_info
[1.335s] writing ../../build/topic_demo_py/topic_demo_py.egg-info/PKG-INFO
[1.336s] writing dependency_links to ../../build/topic_demo_py/topic_demo_py.egg-info/dependency_links.txt
[1.336s] writing entry points to ../../build/topic_demo_py/topic_demo_py.egg-info/entry_points.txt
[1.336s] writing requirements to ../../build/topic_demo_py/topic_demo_py.egg-info/requires.txt
[1.336s] writing top-level names to ../../build/topic_demo_py/topic_demo_py.egg-info/top_level.txt
[1.340s] reading manifest file '../../build/topic_demo_py/topic_demo_py.egg-info/SOURCES.txt'
[1.341s] writing manifest file '../../build/topic_demo_py/topic_demo_py.egg-info/SOURCES.txt'
[1.342s] running build
[1.342s] running build_py
[1.342s] copying topic_demo_py/topic_listener_py.py -> /home/gdtr/ros2/colcon_mk/build/topic_demo_py/build/lib/topic_demo_py
[1.342s] running install
[1.343s] running install_lib
[1.344s] copying /home/gdtr/ros2/colcon_mk/build/topic_demo_py/build/lib/topic_demo_py/topic_listener_py.py -> /home/gdtr/ros2/colcon_mk/install/topic_demo_py/lib/python3.10/site-packages/topic_demo_py
[1.345s] byte-compiling /home/gdtr/ros2/colcon_mk/install/topic_demo_py/lib/python3.10/site-packages/topic_demo_py/topic_listener_py.py to topic_listener_py.cpython-310.pyc
[1.345s] running install_data
[1.346s] running install_egg_info
[1.348s] removing '/home/gdtr/ros2/colcon_mk/install/topic_demo_py/lib/python3.10/site-packages/topic_demo_py-0.0.0-py3.10.egg-info' (and everything under it)
[1.348s] Copying ../../build/topic_demo_py/topic_demo_py.egg-info to /home/gdtr/ros2/colcon_mk/install/topic_demo_py/lib/python3.10/site-packages/topic_demo_py-0.0.0-py3.10.egg-info
[1.349s] running install_scripts
[1.379s] Installing topic_talker_py = topic_demo_py.topic_talker_py:maintopic_listener_py script to /home/gdtr/ros2/colcon_mk/install/topic_demo_py/lib/topic_demo_py
[1.379s] writing list of installed files to '/home/gdtr/ros2/colcon_mk/build/topic_demo_py/install.log'
[1.411s] Invoked command in '/home/gdtr/ros2/colcon_mk/src/topic_demo_py' returned '0': AMENT_PREFIX_PATH=/home/gdtr/ros2/colcon_mk/install/plumbing_interface_demo:${AMENT_PREFIX_PATH} CMAKE_PREFIX_PATH=/home/gdtr/ros2/colcon_mk/install/plumbing_interface_demo PYTHONPATH=/home/gdtr/ros2/colcon_mk/build/topic_demo_py/prefix_override:/home/gdtr/ros2/colcon_mk/install/topic_demo_py/lib/python3.10/site-packages:${PYTHONPATH} /usr/bin/python3 setup.py egg_info --egg-base ../../build/topic_demo_py build --build-base /home/gdtr/ros2/colcon_mk/build/topic_demo_py/build install --record /home/gdtr/ros2/colcon_mk/build/topic_demo_py/install.log --single-version-externally-managed
