[1.789s] Invoking command in '/home/gdtr/ros2/colcon_mk/src/action_demo_py': AMENT_PREFIX_PATH=/home/gdtr/ros2/colcon_mk/install/plumbing_interface_demo:${AMENT_PREFIX_PATH} CMAKE_PREFIX_PATH=/home/gdtr/ros2/colcon_mk/install/plumbing_interface_demo LD_LIBRARY_PATH=/home/gdtr/ros2/colcon_mk/install/plumbing_interface_demo/lib:${LD_LIBRARY_PATH} PYTHONPATH=/home/gdtr/ros2/colcon_mk/build/action_demo_py/prefix_override:/home/gdtr/ros2/colcon_mk/install/action_demo_py/lib/python3.10/site-packages:/home/gdtr/ros2/colcon_mk/install/plumbing_interface_demo/local/lib/python3.10/dist-packages:${PYTHONPATH} /usr/bin/python3 setup.py egg_info --egg-base ../../build/action_demo_py build --build-base /home/gdtr/ros2/colcon_mk/build/action_demo_py/build install --record /home/gdtr/ros2/colcon_mk/build/action_demo_py/install.log --single-version-externally-managed
[2.130s] running egg_info
[2.130s] writing ../../build/action_demo_py/action_demo_py.egg-info/PKG-INFO
[2.131s] writing dependency_links to ../../build/action_demo_py/action_demo_py.egg-info/dependency_links.txt
[2.131s] writing entry points to ../../build/action_demo_py/action_demo_py.egg-info/entry_points.txt
[2.131s] writing requirements to ../../build/action_demo_py/action_demo_py.egg-info/requires.txt
[2.131s] writing top-level names to ../../build/action_demo_py/action_demo_py.egg-info/top_level.txt
[2.134s] reading manifest file '../../build/action_demo_py/action_demo_py.egg-info/SOURCES.txt'
[2.135s] writing manifest file '../../build/action_demo_py/action_demo_py.egg-info/SOURCES.txt'
[2.136s] running build
[2.136s] running build_py
[2.136s] running install
[2.136s] running install_lib
[2.138s] running install_data
[2.138s] running install_egg_info
[2.140s] removing '/home/gdtr/ros2/colcon_mk/install/action_demo_py/lib/python3.10/site-packages/action_demo_py-0.0.0-py3.10.egg-info' (and everything under it)
[2.141s] Copying ../../build/action_demo_py/action_demo_py.egg-info to /home/gdtr/ros2/colcon_mk/install/action_demo_py/lib/python3.10/site-packages/action_demo_py-0.0.0-py3.10.egg-info
[2.142s] running install_scripts
[2.169s] Installing action_server_py script to /home/gdtr/ros2/colcon_mk/install/action_demo_py/lib/action_demo_py
[2.169s] writing list of installed files to '/home/gdtr/ros2/colcon_mk/build/action_demo_py/install.log'
[2.222s] Invoked command in '/home/gdtr/ros2/colcon_mk/src/action_demo_py' returned '0': AMENT_PREFIX_PATH=/home/gdtr/ros2/colcon_mk/install/plumbing_interface_demo:${AMENT_PREFIX_PATH} CMAKE_PREFIX_PATH=/home/gdtr/ros2/colcon_mk/install/plumbing_interface_demo LD_LIBRARY_PATH=/home/gdtr/ros2/colcon_mk/install/plumbing_interface_demo/lib:${LD_LIBRARY_PATH} PYTHONPATH=/home/gdtr/ros2/colcon_mk/build/action_demo_py/prefix_override:/home/gdtr/ros2/colcon_mk/install/action_demo_py/lib/python3.10/site-packages:/home/gdtr/ros2/colcon_mk/install/plumbing_interface_demo/local/lib/python3.10/dist-packages:${PYTHONPATH} /usr/bin/python3 setup.py egg_info --egg-base ../../build/action_demo_py build --build-base /home/gdtr/ros2/colcon_mk/build/action_demo_py/build install --record /home/gdtr/ros2/colcon_mk/build/action_demo_py/install.log --single-version-externally-managed
