[0.016s] Invoking command in '/home/gdtr/ros2/colcon_mk/build/launch_demo': CMAKE_PREFIX_PATH=${CMAKE_PREFIX_PATH}:/home/gdtr/ros2/colcon_mk/install/topic_demo_py:/home/gdtr/ros2/colcon_mk/install/action_demo_py:/opt/ros/rolling /usr/bin/cmake --build /home/gdtr/ros2/colcon_mk/build/launch_demo -- -j8 -l8
[0.063s] [35m[1mConsolidate compiler generated dependencies of target exec_multiName[0m
[0.084s] [ 50%] [32mBuilding CXX object CMakeFiles/exec_multiName.dir/src/exec_multiName.cpp.o[0m
[2.994s] [01m[K/home/gdtr/ros2/colcon_mk/src/launch_demo/src/exec_multiName.cpp:[m[K In function ‘[01m[Kvoid* create_node(void*)[m[K’:
[2.994s] [01m[K/home/gdtr/ros2/colcon_mk/src/launch_demo/src/exec_multiName.cpp:21:1:[m[K [01;35m[Kwarning: [m[Kno return statement in function returning non-void [[01;35m[K]8;;https://gcc.gnu.org/onlinedocs/gcc/Warning-Options.html#index-Wreturn-type-Wreturn-type]8;;[m[K]
[2.994s]    21 | [01;35m[K}[m[K
[2.995s]       | [01;35m[K^[m[K
[3.659s] [100%] [32m[1mLinking CXX executable exec_multiName[0m
[3.809s] [100%] Built target exec_multiName
[3.823s] Invoked command in '/home/gdtr/ros2/colcon_mk/build/launch_demo' returned '0': CMAKE_PREFIX_PATH=${CMAKE_PREFIX_PATH}:/home/gdtr/ros2/colcon_mk/install/topic_demo_py:/home/gdtr/ros2/colcon_mk/install/action_demo_py:/opt/ros/rolling /usr/bin/cmake --build /home/gdtr/ros2/colcon_mk/build/launch_demo -- -j8 -l8
[3.867s] Invoking command in '/home/gdtr/ros2/colcon_mk/build/launch_demo': CMAKE_PREFIX_PATH=${CMAKE_PREFIX_PATH}:/home/gdtr/ros2/colcon_mk/install/topic_demo_py:/home/gdtr/ros2/colcon_mk/install/action_demo_py:/opt/ros/rolling /usr/bin/cmake --install /home/gdtr/ros2/colcon_mk/build/launch_demo
[3.875s] -- Install configuration: ""
[3.875s] -- Installing: /home/gdtr/ros2/colcon_mk/install/launch_demo/lib/launch_demo/exec_multiName
[3.876s] -- Set runtime path of "/home/gdtr/ros2/colcon_mk/install/launch_demo/lib/launch_demo/exec_multiName" to ""
[3.876s] -- Up-to-date: /home/gdtr/ros2/colcon_mk/install/launch_demo/share/launch_demo/launch
[3.877s] -- Up-to-date: /home/gdtr/ros2/colcon_mk/install/launch_demo/share/launch_demo/launch/launch_demo.py
[3.877s] -- Up-to-date: /home/gdtr/ros2/colcon_mk/install/launch_demo/share/launch_demo/launch/launch_demo.xml
[3.877s] -- Up-to-date: /home/gdtr/ros2/colcon_mk/install/launch_demo/share/launch_demo/launch/launch_demo.yaml
[3.877s] -- Up-to-date: /home/gdtr/ros2/colcon_mk/install/launch_demo/share/ament_index/resource_index/package_run_dependencies/launch_demo
[3.877s] -- Up-to-date: /home/gdtr/ros2/colcon_mk/install/launch_demo/share/ament_index/resource_index/parent_prefix_path/launch_demo
[3.877s] -- Up-to-date: /home/gdtr/ros2/colcon_mk/install/launch_demo/share/launch_demo/environment/ament_prefix_path.sh
[3.878s] -- Up-to-date: /home/gdtr/ros2/colcon_mk/install/launch_demo/share/launch_demo/environment/ament_prefix_path.dsv
[3.878s] -- Up-to-date: /home/gdtr/ros2/colcon_mk/install/launch_demo/share/launch_demo/environment/path.sh
[3.878s] -- Up-to-date: /home/gdtr/ros2/colcon_mk/install/launch_demo/share/launch_demo/environment/path.dsv
[3.878s] -- Up-to-date: /home/gdtr/ros2/colcon_mk/install/launch_demo/share/launch_demo/local_setup.bash
[3.878s] -- Up-to-date: /home/gdtr/ros2/colcon_mk/install/launch_demo/share/launch_demo/local_setup.sh
[3.878s] -- Up-to-date: /home/gdtr/ros2/colcon_mk/install/launch_demo/share/launch_demo/local_setup.zsh
[3.878s] -- Up-to-date: /home/gdtr/ros2/colcon_mk/install/launch_demo/share/launch_demo/local_setup.dsv
[3.879s] -- Installing: /home/gdtr/ros2/colcon_mk/install/launch_demo/share/launch_demo/package.dsv
[3.879s] -- Up-to-date: /home/gdtr/ros2/colcon_mk/install/launch_demo/share/ament_index/resource_index/packages/launch_demo
[3.879s] -- Up-to-date: /home/gdtr/ros2/colcon_mk/install/launch_demo/share/launch_demo/cmake/launch_demoConfig.cmake
[3.879s] -- Up-to-date: /home/gdtr/ros2/colcon_mk/install/launch_demo/share/launch_demo/cmake/launch_demoConfig-version.cmake
[3.880s] -- Up-to-date: /home/gdtr/ros2/colcon_mk/install/launch_demo/share/launch_demo/package.xml
[3.881s] Invoked command in '/home/gdtr/ros2/colcon_mk/build/launch_demo' returned '0': CMAKE_PREFIX_PATH=${CMAKE_PREFIX_PATH}:/home/gdtr/ros2/colcon_mk/install/topic_demo_py:/home/gdtr/ros2/colcon_mk/install/action_demo_py:/opt/ros/rolling /usr/bin/cmake --install /home/gdtr/ros2/colcon_mk/build/launch_demo
