[0.020s] Invoking command in '/home/gdtr/ros2/colcon_mk/build/action_demo': CMAKE_PREFIX_PATH=/home/gdtr/ros2/colcon_mk/install/plumbing_interface_demo:/home/gdtr/ros2/colcon_mk/install/action_demo:/home/gdtr/ros2/colcon_mk/install/topic_demo:/home/gdtr/ros2/colcon_mk/install/service_demo_py:/home/gdtr/ros2/colcon_mk/install/service_demo:/home/gdtr/ros2/colcon_mk/install/hello_world_node:/home/gdtr/ros2/colcon_mk/install/topic_demo_py:/opt/ros/rolling /usr/bin/cmake --build /home/gdtr/ros2/colcon_mk/build/action_demo -- -j8 -l8
[0.076s] [35m[1mConsolidate compiler generated dependencies of target action_server[0m
[0.091s] [ 50%] Built target action_client
[0.101s] [ 75%] [32mBuilding CXX object CMakeFiles/action_server.dir/src/action_server.cpp.o[0m
[3.627s] [01m[K/home/gdtr/ros2/colcon_mk/src/action_demo/src/action_server.cpp:[m[K In member function ‘[01m[Krclcpp_action::CancelResponse ActionServer::handler_cancel(std::shared_ptr<rclcpp_action::ServerGoalHandle<plumbing_interface_demo::action::ActionMsg> >)[m[K’:
[3.627s] [01m[K/home/gdtr/ros2/colcon_mk/src/action_demo/src/action_server.cpp:63:117:[m[K [01;35m[Kwarning: [m[Kunused parameter ‘[01m[Kgoal_handler[m[K’ [[01;35m[K]8;;https://gcc.gnu.org/onlinedocs/gcc/Warning-Options.html#index-Wunused-parameter-Wunused-parameter]8;;[m[K]
[3.627s]    63 | CancelResponse  handler_cancel([01;35m[Kconst std::shared_ptr<rclcpp_action::ServerGoalHandle<ActionMsg>> goal_handler[m[K)
[3.628s]       |                                [01;35m[K~~~~~~~~~~~~~~~~~~~~~~~~~~~~~~~~~~~~~~~~~~~~~~~~~~~~~~~~~~~~~~~~~~^~~~~~~~~~~~[m[K
[3.628s] 
[4.941s] [100%] [32m[1mLinking CXX executable action_server[0m
[5.151s] [100%] Built target action_server
[5.163s] Invoked command in '/home/gdtr/ros2/colcon_mk/build/action_demo' returned '0': CMAKE_PREFIX_PATH=/home/gdtr/ros2/colcon_mk/install/plumbing_interface_demo:/home/gdtr/ros2/colcon_mk/install/action_demo:/home/gdtr/ros2/colcon_mk/install/topic_demo:/home/gdtr/ros2/colcon_mk/install/service_demo_py:/home/gdtr/ros2/colcon_mk/install/service_demo:/home/gdtr/ros2/colcon_mk/install/hello_world_node:/home/gdtr/ros2/colcon_mk/install/topic_demo_py:/opt/ros/rolling /usr/bin/cmake --build /home/gdtr/ros2/colcon_mk/build/action_demo -- -j8 -l8
[5.211s] Invoking command in '/home/gdtr/ros2/colcon_mk/build/action_demo': CMAKE_PREFIX_PATH=/home/gdtr/ros2/colcon_mk/install/plumbing_interface_demo:/home/gdtr/ros2/colcon_mk/install/action_demo:/home/gdtr/ros2/colcon_mk/install/topic_demo:/home/gdtr/ros2/colcon_mk/install/service_demo_py:/home/gdtr/ros2/colcon_mk/install/service_demo:/home/gdtr/ros2/colcon_mk/install/hello_world_node:/home/gdtr/ros2/colcon_mk/install/topic_demo_py:/opt/ros/rolling /usr/bin/cmake --install /home/gdtr/ros2/colcon_mk/build/action_demo
[5.221s] -- Install configuration: ""
[5.221s] -- Installing: /home/gdtr/ros2/colcon_mk/install/action_demo/lib/action_demo/action_server
[5.223s] -- Set runtime path of "/home/gdtr/ros2/colcon_mk/install/action_demo/lib/action_demo/action_server" to ""
[5.223s] -- Up-to-date: /home/gdtr/ros2/colcon_mk/install/action_demo/lib/action_demo/action_client
[5.224s] -- Up-to-date: /home/gdtr/ros2/colcon_mk/install/action_demo/share/ament_index/resource_index/package_run_dependencies/action_demo
[5.224s] -- Up-to-date: /home/gdtr/ros2/colcon_mk/install/action_demo/share/ament_index/resource_index/parent_prefix_path/action_demo
[5.224s] -- Up-to-date: /home/gdtr/ros2/colcon_mk/install/action_demo/share/action_demo/environment/ament_prefix_path.sh
[5.224s] -- Up-to-date: /home/gdtr/ros2/colcon_mk/install/action_demo/share/action_demo/environment/ament_prefix_path.dsv
[5.224s] -- Up-to-date: /home/gdtr/ros2/colcon_mk/install/action_demo/share/action_demo/environment/path.sh
[5.225s] -- Up-to-date: /home/gdtr/ros2/colcon_mk/install/action_demo/share/action_demo/environment/path.dsv
[5.225s] -- Up-to-date: /home/gdtr/ros2/colcon_mk/install/action_demo/share/action_demo/local_setup.bash
[5.225s] -- Up-to-date: /home/gdtr/ros2/colcon_mk/install/action_demo/share/action_demo/local_setup.sh
[5.225s] -- Up-to-date: /home/gdtr/ros2/colcon_mk/install/action_demo/share/action_demo/local_setup.zsh
[5.225s] -- Up-to-date: /home/gdtr/ros2/colcon_mk/install/action_demo/share/action_demo/local_setup.dsv
[5.226s] -- Installing: /home/gdtr/ros2/colcon_mk/install/action_demo/share/action_demo/package.dsv
[5.226s] -- Up-to-date: /home/gdtr/ros2/colcon_mk/install/action_demo/share/ament_index/resource_index/packages/action_demo
[5.226s] -- Up-to-date: /home/gdtr/ros2/colcon_mk/install/action_demo/share/action_demo/cmake/action_demoConfig.cmake
[5.226s] -- Up-to-date: /home/gdtr/ros2/colcon_mk/install/action_demo/share/action_demo/cmake/action_demoConfig-version.cmake
[5.227s] -- Up-to-date: /home/gdtr/ros2/colcon_mk/install/action_demo/share/action_demo/package.xml
[5.228s] Invoked command in '/home/gdtr/ros2/colcon_mk/build/action_demo' returned '0': CMAKE_PREFIX_PATH=/home/gdtr/ros2/colcon_mk/install/plumbing_interface_demo:/home/gdtr/ros2/colcon_mk/install/action_demo:/home/gdtr/ros2/colcon_mk/install/topic_demo:/home/gdtr/ros2/colcon_mk/install/service_demo_py:/home/gdtr/ros2/colcon_mk/install/service_demo:/home/gdtr/ros2/colcon_mk/install/hello_world_node:/home/gdtr/ros2/colcon_mk/install/topic_demo_py:/opt/ros/rolling /usr/bin/cmake --install /home/gdtr/ros2/colcon_mk/build/action_demo
