[0.015s] Invoking command in '/home/gdtr/ros2/colcon_mk/build/plumbing_interface_demo': CMAKE_PREFIX_PATH=/opt/ros/rolling /usr/bin/cmake --build /home/gdtr/ros2/colcon_mk/build/plumbing_interface_demo -- -j8 -l8
[0.050s] -- Found ament_cmake: 1.5.2 (/opt/ros/rolling/share/ament_cmake/cmake)
[0.233s] -- Found rclcpp: 19.0.0 (/opt/ros/rolling/share/rclcpp/cmake)
[0.287s] -- Found rosidl_generator_c: 3.3.1 (/opt/ros/rolling/share/rosidl_generator_c/cmake)
[0.296s] -- Found rosidl_generator_cpp: 3.3.1 (/opt/ros/rolling/share/rosidl_generator_cpp/cmake)
[0.311s] -- Using all available rosidl_typesupport_c: rosidl_typesupport_fastrtps_c;rosidl_typesupport_introspection_c
[0.334s] -- Using all available rosidl_typesupport_cpp: rosidl_typesupport_fastrtps_cpp;rosidl_typesupport_introspection_cpp
[0.418s] -- Found rmw_implementation_cmake: 6.4.0 (/opt/ros/rolling/share/rmw_implementation_cmake/cmake)
[0.421s] -- Found rmw_fastrtps_cpp: 6.5.0 (/opt/ros/rolling/share/rmw_fastrtps_cpp/cmake)
[0.678s] -- Using RMW implementation 'rmw_fastrtps_cpp' as default
[0.836s] -- Found std_msgs: 4.6.1 (/opt/ros/rolling/share/std_msgs/cmake)
[0.875s] -- Found rosidl_default_generators: 1.4.0 (/opt/ros/rolling/share/rosidl_default_generators/cmake)
[0.886s] -- Found rosidl_adapter: 3.3.1 (/opt/ros/rolling/share/rosidl_adapter/cmake)
[1.049s] [31mCMake Error at /opt/ros/rolling/share/rosidl_adapter/cmake/rosidl_adapt_interfaces.cmake:59 (message):
[1.050s]   execute_process(/usr/bin/python3.10 -m rosidl_adapter --package-name
[1.050s]   plumbing_interface_demo --arguments-file
[1.050s]   /home/gdtr/ros2/colcon_mk/build/plumbing_interface_demo/rosidl_adapter__arguments__plumbing_interface_demo.json
[1.050s]   --output-dir
[1.050s]   /home/gdtr/ros2/colcon_mk/build/plumbing_interface_demo/rosidl_adapter/plumbing_interface_demo
[1.050s]   --output-file
[1.050s]   /home/gdtr/ros2/colcon_mk/build/plumbing_interface_demo/rosidl_adapter/plumbing_interface_demo.idls)
[1.050s]   returned error code 1:
[1.051s] 
[1.051s]   Traceback (most recent call last):
[1.051s] 
[1.051s]     File "/usr/lib/python3.10/runpy.py", line 196, in _run_module_as_main
[1.051s]       return _run_code(code, main_globals, None,
[1.051s]     File "/usr/lib/python3.10/runpy.py", line 86, in _run_code
[1.051s]       exec(code, run_globals)
[1.051s]     File "/opt/ros/rolling/local/lib/python3.10/dist-packages/rosidl_adapter/__main__.py", line 19, in <module>
[1.051s]       sys.exit(main())
[1.051s]     File "/opt/ros/rolling/local/lib/python3.10/dist-packages/rosidl_adapter/main.py", line 53, in main
[1.051s]       abs_idl_file = convert_to_idl(
[1.051s]     File "/opt/ros/rolling/local/lib/python3.10/dist-packages/rosidl_adapter/__init__.py", line 24, in convert_to_idl
[1.051s]       return convert_srv_to_idl(
[1.052s]     File "/opt/ros/rolling/local/lib/python3.10/dist-packages/rosidl_adapter/srv/__init__.py", line 28, in convert_srv_to_idl
[1.052s]       srv = parse_service_string(package_name, input_file.stem, content)
[1.052s]     File "/opt/ros/rolling/local/lib/python3.10/dist-packages/rosidl_adapter/parser.py", line 859, in parse_service_string
[1.052s]       request_message = parse_message_string(
[1.052s]     File "/opt/ros/rolling/local/lib/python3.10/dist-packages/rosidl_adapter/parser.py", line 544, in parse_message_string
[1.052s]       msg = MessageSpecification(pkg_name, msg_name, fields, constants)
[1.052s]     File "/opt/ros/rolling/local/lib/python3.10/dist-packages/rosidl_adapter/parser.py", line 388, in __init__
[1.052s]       self.base_type = BaseType(
[1.052s]     File "/opt/ros/rolling/local/lib/python3.10/dist-packages/rosidl_adapter/parser.py", line 205, in __init__
[1.052s]       raise InvalidResourceName(
[1.052s] 
[1.052s]   rosidl_adapter.parser.InvalidResourceName: 'eService_demo_Request' is an
[1.052s]   invalid message name.  It should have the pattern '^[A-Z][A-Za-z0-9]*$'
[1.052s] 
[1.053s] Call Stack (most recent call first):
[1.053s]   /opt/ros/rolling/share/rosidl_cmake/cmake/rosidl_generate_interfaces.cmake:132 (rosidl_adapt_interfaces)
[1.053s]   CMakeLists.txt:15 (rosidl_generate_interfaces)
[1.053s] 
[1.053s] [0m
[1.053s] -- Configuring incomplete, errors occurred!
[1.053s] See also "/home/gdtr/ros2/colcon_mk/build/plumbing_interface_demo/CMakeFiles/CMakeOutput.log".
[1.058s] gmake: *** [Makefile:1220: cmake_check_build_system] Error 1
[1.062s] Invoked command in '/home/gdtr/ros2/colcon_mk/build/plumbing_interface_demo' returned '2': CMAKE_PREFIX_PATH=/opt/ros/rolling /usr/bin/cmake --build /home/gdtr/ros2/colcon_mk/build/plumbing_interface_demo -- -j8 -l8
