[0.920s] Invoking command in '/home/gdtr/ros2/colcon_mk/src/service_demo_py': CMAKE_PREFIX_PATH=/home/gdtr/ros2/colcon_mk/install/plumbing_interface_demo:/home/gdtr/ros2/colcon_mk/install/topic_demo:/home/gdtr/ros2/colcon_mk/install/service_demo_py:/home/gdtr/ros2/colcon_mk/install/service_demo:/home/gdtr/ros2/colcon_mk/install/hello_world_node PYTHONPATH=/home/gdtr/ros2/colcon_mk/build/service_demo_py/prefix_override:/home/gdtr/ros2/colcon_mk/install/service_demo_py/lib/python3.10/site-packages:${PYTHONPATH} /usr/bin/python3 setup.py egg_info --egg-base ../../build/service_demo_py build --build-base /home/gdtr/ros2/colcon_mk/build/service_demo_py/build install --record /home/gdtr/ros2/colcon_mk/build/service_demo_py/install.log --single-version-externally-managed
[1.259s] running egg_info
[1.260s] writing ../../build/service_demo_py/service_demo_py.egg-info/PKG-INFO
[1.260s] writing dependency_links to ../../build/service_demo_py/service_demo_py.egg-info/dependency_links.txt
[1.260s] writing entry points to ../../build/service_demo_py/service_demo_py.egg-info/entry_points.txt
[1.260s] writing requirements to ../../build/service_demo_py/service_demo_py.egg-info/requires.txt
[1.260s] writing top-level names to ../../build/service_demo_py/service_demo_py.egg-info/top_level.txt
[1.264s] reading manifest file '../../build/service_demo_py/service_demo_py.egg-info/SOURCES.txt'
[1.265s] writing manifest file '../../build/service_demo_py/service_demo_py.egg-info/SOURCES.txt'
[1.266s] running build
[1.266s] running build_py
[1.266s] running install
[1.266s] running install_lib
[1.268s] running install_data
[1.269s] running install_egg_info
[1.271s] removing '/home/gdtr/ros2/colcon_mk/install/service_demo_py/lib/python3.10/site-packages/service_demo_py-0.0.0-py3.10.egg-info' (and everything under it)
[1.271s] Copying ../../build/service_demo_py/service_demo_py.egg-info to /home/gdtr/ros2/colcon_mk/install/service_demo_py/lib/python3.10/site-packages/service_demo_py-0.0.0-py3.10.egg-info
[1.272s] running install_scripts
[1.295s] Installing service_client script to /home/gdtr/ros2/colcon_mk/install/service_demo_py/lib/service_demo_py
[1.295s] Installing service_server script to /home/gdtr/ros2/colcon_mk/install/service_demo_py/lib/service_demo_py
[1.295s] writing list of installed files to '/home/gdtr/ros2/colcon_mk/build/service_demo_py/install.log'
[1.351s] Invoked command in '/home/gdtr/ros2/colcon_mk/src/service_demo_py' returned '0': CMAKE_PREFIX_PATH=/home/gdtr/ros2/colcon_mk/install/plumbing_interface_demo:/home/gdtr/ros2/colcon_mk/install/topic_demo:/home/gdtr/ros2/colcon_mk/install/service_demo_py:/home/gdtr/ros2/colcon_mk/install/service_demo:/home/gdtr/ros2/colcon_mk/install/hello_world_node PYTHONPATH=/home/gdtr/ros2/colcon_mk/build/service_demo_py/prefix_override:/home/gdtr/ros2/colcon_mk/install/service_demo_py/lib/python3.10/site-packages:${PYTHONPATH} /usr/bin/python3 setup.py egg_info --egg-base ../../build/service_demo_py build --build-base /home/gdtr/ros2/colcon_mk/build/service_demo_py/build install --record /home/gdtr/ros2/colcon_mk/build/service_demo_py/install.log --single-version-externally-managed
