[01m[K/home/gdtr/ros2/colcon_mk/src/exercise_demo/src/eServiceClient.cpp:[m[K In member function ‘[01m[Kbool EServiceClient::connect_server()[m[K’:
[01m[K/home/gdtr/ros2/colcon_mk/src/exercise_demo/src/eServiceClient.cpp:19:9:[m[K [01;35m[Kwarning: [m[Kthis ‘[01m[Kwhile[m[K’ clause does not guard... [[01;35m[K]8;;https://gcc.gnu.org/onlinedocs/gcc/Warning-Options.html#index-Wmisleading-indentation-Wmisleading-indentation]8;;[m[K]
   19 |         [01;35m[Kwhile[m[K(!client->wait_for_service(1s));
      |         [01;35m[K^~~~~[m[K
[01m[K/home/gdtr/ros2/colcon_mk/src/exercise_demo/src/eServiceClient.cpp:20:9:[m[K [01;36m[Knote: [m[K...this statement, but the latter is misleadingly indented as if it were guarded by the ‘[01m[Kwhile[m[K’
   20 |         [01;36m[K{[m[K
      |         [01;36m[K^[m[K
In file included from [01m[K/opt/ros/rolling/include/rclcpp/rclcpp/logging.hpp:24[m[K,
                 from [01m[K/opt/ros/rolling/include/rclcpp/rclcpp/client.hpp:40[m[K,
                 from [01m[K/opt/ros/rolling/include/rclcpp/rclcpp/callback_group.hpp:24[m[K,
                 from [01m[K/opt/ros/rolling/include/rclcpp/rclcpp/any_executable.hpp:20[m[K,
                 from [01m[K/opt/ros/rolling/include/rclcpp/rclcpp/memory_strategy.hpp:25[m[K,
                 from [01m[K/opt/ros/rolling/include/rclcpp/rclcpp/memory_strategies.hpp:18[m[K,
                 from [01m[K/opt/ros/rolling/include/rclcpp/rclcpp/executor_options.hpp:20[m[K,
                 from [01m[K/opt/ros/rolling/include/rclcpp/rclcpp/executor.hpp:37[m[K,
                 from [01m[K/opt/ros/rolling/include/rclcpp/rclcpp/executors/multi_threaded_executor.hpp:25[m[K,
                 from [01m[K/opt/ros/rolling/include/rclcpp/rclcpp/executors.hpp:21[m[K,
                 from [01m[K/opt/ros/rolling/include/rclcpp/rclcpp/rclcpp.hpp:155[m[K,
                 from [01m[K/home/gdtr/ros2/colcon_mk/src/exercise_demo/src/eServiceClient.cpp:2[m[K:
[01m[K/home/gdtr/ros2/colcon_mk/src/exercise_demo/src/eServiceClient.cpp:[m[K In function ‘[01m[Kint main(int, char**)[m[K’:
[01m[K/home/gdtr/ros2/colcon_mk/src/exercise_demo/src/eServiceClient.cpp:72:49:[m[K [01;35m[Kwarning: [m[Kformat ‘[01m[K%s[m[K’ expects argument of type ‘[01m[Kchar*[m[K’, but argument 5 has type ‘[01m[Kdouble[m[K’ [[01;35m[K]8;;https://gcc.gnu.org/onlinedocs/gcc/Warning-Options.html#index-Wformat=-Wformat=]8;;[m[K]
   72 |         RCLCPP_INFO(rclcpp::get_logger("main"), [01;35m[K"Distance:%s"[m[K,[32m[Kfuture.get()->distance[m[K);
      |                                                 [01;35m[K^~~~~~~~~~~~~[m[K [32m[K~~~~~~~~~~~~~~~~~~~~~~[m[K
      |                                                                             [32m[K|[m[K
      |                                                                             [32m[Kdouble[m[K
[01m[K/home/gdtr/ros2/colcon_mk/src/exercise_demo/src/eServiceClient.cpp:72:60:[m[K [01;36m[Knote: [m[Kformat string is defined here
   72 |         RCLCPP_INFO(rclcpp::get_logger("main"), "Distance:[01;36m[K%s[m[K",future.get()->distance);
      |                                                           [01;36m[K~^[m[K
      |                                                            [01;36m[K|[m[K
      |                                                            [01;36m[Kchar*[m[K
      |                                                           [32m[K%f[m[K
