[35m[1mConsolidate compiler generated dependencies of target exec_multiName[0m
[ 50%] [32mBuilding CXX object CMakeFiles/exec_multiName.dir/src/exec_multiName.cpp.o[0m
[01m[K/home/gdtr/ros2/colcon_mk/src/launch_demo/src/exec_multiName.cpp:[m[K In function ‘[01m[Kint main(int, char**)[m[K’:
[01m[K/home/gdtr/ros2/colcon_mk/src/launch_demo/src/exec_multiName.cpp:28:15:[m[K [01;35m[Kwarning: [m[Kunused variable ‘[01m[Kthread2[m[K’ [[01;35m[K]8;;https://gcc.gnu.org/onlinedocs/gcc/Warning-Options.html#index-Wunused-variable-Wunused-variable]8;;[m[K]
   28 |     pthread_t [01;35m[Kthread2[m[K;
      |               [01;35m[K^~~~~~~[m[K
[100%] [32m[1mLinking CXX executable exec_multiName[0m
[100%] Built target exec_multiName
-- Install configuration: ""
-- Installing: /home/gdtr/ros2/colcon_mk/install/launch_demo/lib/launch_demo/exec_multiName
-- Set runtime path of "/home/gdtr/ros2/colcon_mk/install/launch_demo/lib/launch_demo/exec_multiName" to ""
-- Up-to-date: /home/gdtr/ros2/colcon_mk/install/launch_demo/share/launch_demo/launch
-- Up-to-date: /home/gdtr/ros2/colcon_mk/install/launch_demo/share/launch_demo/launch/launch_demo.py
-- Up-to-date: /home/gdtr/ros2/colcon_mk/install/launch_demo/share/launch_demo/launch/launch_demo.xml
-- Up-to-date: /home/gdtr/ros2/colcon_mk/install/launch_demo/share/launch_demo/launch/launch_demo.yaml
-- Up-to-date: /home/gdtr/ros2/colcon_mk/install/launch_demo/share/ament_index/resource_index/package_run_dependencies/launch_demo
-- Up-to-date: /home/gdtr/ros2/colcon_mk/install/launch_demo/share/ament_index/resource_index/parent_prefix_path/launch_demo
-- Up-to-date: /home/gdtr/ros2/colcon_mk/install/launch_demo/share/launch_demo/environment/ament_prefix_path.sh
-- Up-to-date: /home/gdtr/ros2/colcon_mk/install/launch_demo/share/launch_demo/environment/ament_prefix_path.dsv
-- Up-to-date: /home/gdtr/ros2/colcon_mk/install/launch_demo/share/launch_demo/environment/path.sh
-- Up-to-date: /home/gdtr/ros2/colcon_mk/install/launch_demo/share/launch_demo/environment/path.dsv
-- Up-to-date: /home/gdtr/ros2/colcon_mk/install/launch_demo/share/launch_demo/local_setup.bash
-- Up-to-date: /home/gdtr/ros2/colcon_mk/install/launch_demo/share/launch_demo/local_setup.sh
-- Up-to-date: /home/gdtr/ros2/colcon_mk/install/launch_demo/share/launch_demo/local_setup.zsh
-- Up-to-date: /home/gdtr/ros2/colcon_mk/install/launch_demo/share/launch_demo/local_setup.dsv
-- Installing: /home/gdtr/ros2/colcon_mk/install/launch_demo/share/launch_demo/package.dsv
-- Up-to-date: /home/gdtr/ros2/colcon_mk/install/launch_demo/share/ament_index/resource_index/packages/launch_demo
-- Up-to-date: /home/gdtr/ros2/colcon_mk/install/launch_demo/share/launch_demo/cmake/launch_demoConfig.cmake
-- Up-to-date: /home/gdtr/ros2/colcon_mk/install/launch_demo/share/launch_demo/cmake/launch_demoConfig-version.cmake
-- Up-to-date: /home/gdtr/ros2/colcon_mk/install/launch_demo/share/launch_demo/package.xml
