[0.015s] Invoking command in '/home/gdtr/ros2/colcon_mk/build/launch_demo': CMAKE_PREFIX_PATH=${CMAKE_PREFIX_PATH}:/home/gdtr/ros2/colcon_mk/install/topic_demo_py:/home/gdtr/ros2/colcon_mk/install/action_demo_py:/opt/ros/rolling /usr/bin/cmake --build /home/gdtr/ros2/colcon_mk/build/launch_demo -- -j8 -l8
[0.063s] [35m[1mConsolidate compiler generated dependencies of target exec_multiName[0m
[0.084s] [ 50%] [32mBuilding CXX object CMakeFiles/exec_multiName.dir/src/exec_multiName.cpp.o[0m
[2.990s] [01m[K/home/gdtr/ros2/colcon_mk/src/launch_demo/src/exec_multiName.cpp:[m[K In function ‘[01m[Kint main(int, char**)[m[K’:
[2.990s] [01m[K/home/gdtr/ros2/colcon_mk/src/launch_demo/src/exec_multiName.cpp:28:15:[m[K [01;35m[Kwarning: [m[Kunused variable ‘[01m[Kthread2[m[K’ [[01;35m[K]8;;https://gcc.gnu.org/onlinedocs/gcc/Warning-Options.html#index-Wunused-variable-Wunused-variable]8;;[m[K]
[2.991s]    28 |     pthread_t [01;35m[Kthread2[m[K;
[2.991s]       |               [01;35m[K^~~~~~~[m[K
[3.640s] [100%] [32m[1mLinking CXX executable exec_multiName[0m
[3.784s] [100%] Built target exec_multiName
[3.798s] Invoked command in '/home/gdtr/ros2/colcon_mk/build/launch_demo' returned '0': CMAKE_PREFIX_PATH=${CMAKE_PREFIX_PATH}:/home/gdtr/ros2/colcon_mk/install/topic_demo_py:/home/gdtr/ros2/colcon_mk/install/action_demo_py:/opt/ros/rolling /usr/bin/cmake --build /home/gdtr/ros2/colcon_mk/build/launch_demo -- -j8 -l8
[3.849s] Invoking command in '/home/gdtr/ros2/colcon_mk/build/launch_demo': CMAKE_PREFIX_PATH=${CMAKE_PREFIX_PATH}:/home/gdtr/ros2/colcon_mk/install/topic_demo_py:/home/gdtr/ros2/colcon_mk/install/action_demo_py:/opt/ros/rolling /usr/bin/cmake --install /home/gdtr/ros2/colcon_mk/build/launch_demo
[3.857s] -- Install configuration: ""
[3.858s] -- Installing: /home/gdtr/ros2/colcon_mk/install/launch_demo/lib/launch_demo/exec_multiName
[3.859s] -- Set runtime path of "/home/gdtr/ros2/colcon_mk/install/launch_demo/lib/launch_demo/exec_multiName" to ""
[3.859s] -- Up-to-date: /home/gdtr/ros2/colcon_mk/install/launch_demo/share/launch_demo/launch
[3.859s] -- Up-to-date: /home/gdtr/ros2/colcon_mk/install/launch_demo/share/launch_demo/launch/launch_demo.py
[3.859s] -- Up-to-date: /home/gdtr/ros2/colcon_mk/install/launch_demo/share/launch_demo/launch/launch_demo.xml
[3.860s] -- Up-to-date: /home/gdtr/ros2/colcon_mk/install/launch_demo/share/launch_demo/launch/launch_demo.yaml
[3.860s] -- Up-to-date: /home/gdtr/ros2/colcon_mk/install/launch_demo/share/ament_index/resource_index/package_run_dependencies/launch_demo
[3.860s] -- Up-to-date: /home/gdtr/ros2/colcon_mk/install/launch_demo/share/ament_index/resource_index/parent_prefix_path/launch_demo
[3.860s] -- Up-to-date: /home/gdtr/ros2/colcon_mk/install/launch_demo/share/launch_demo/environment/ament_prefix_path.sh
[3.860s] -- Up-to-date: /home/gdtr/ros2/colcon_mk/install/launch_demo/share/launch_demo/environment/ament_prefix_path.dsv
[3.861s] -- Up-to-date: /home/gdtr/ros2/colcon_mk/install/launch_demo/share/launch_demo/environment/path.sh
[3.861s] -- Up-to-date: /home/gdtr/ros2/colcon_mk/install/launch_demo/share/launch_demo/environment/path.dsv
[3.861s] -- Up-to-date: /home/gdtr/ros2/colcon_mk/install/launch_demo/share/launch_demo/local_setup.bash
[3.861s] -- Up-to-date: /home/gdtr/ros2/colcon_mk/install/launch_demo/share/launch_demo/local_setup.sh
[3.861s] -- Up-to-date: /home/gdtr/ros2/colcon_mk/install/launch_demo/share/launch_demo/local_setup.zsh
[3.861s] -- Up-to-date: /home/gdtr/ros2/colcon_mk/install/launch_demo/share/launch_demo/local_setup.dsv
[3.861s] -- Installing: /home/gdtr/ros2/colcon_mk/install/launch_demo/share/launch_demo/package.dsv
[3.862s] -- Up-to-date: /home/gdtr/ros2/colcon_mk/install/launch_demo/share/ament_index/resource_index/packages/launch_demo
[3.862s] -- Up-to-date: /home/gdtr/ros2/colcon_mk/install/launch_demo/share/launch_demo/cmake/launch_demoConfig.cmake
[3.862s] -- Up-to-date: /home/gdtr/ros2/colcon_mk/install/launch_demo/share/launch_demo/cmake/launch_demoConfig-version.cmake
[3.863s] -- Up-to-date: /home/gdtr/ros2/colcon_mk/install/launch_demo/share/launch_demo/package.xml
[3.864s] Invoked command in '/home/gdtr/ros2/colcon_mk/build/launch_demo' returned '0': CMAKE_PREFIX_PATH=${CMAKE_PREFIX_PATH}:/home/gdtr/ros2/colcon_mk/install/topic_demo_py:/home/gdtr/ros2/colcon_mk/install/action_demo_py:/opt/ros/rolling /usr/bin/cmake --install /home/gdtr/ros2/colcon_mk/build/launch_demo
