-- Found ament_cmake: 1.5.2 (/opt/ros/rolling/share/ament_cmake/cmake)
-- Found rclcpp: 19.0.0 (/opt/ros/rolling/share/rclcpp/cmake)
-- Found rosidl_generator_c: 3.3.1 (/opt/ros/rolling/share/rosidl_generator_c/cmake)
-- Found rosidl_generator_cpp: 3.3.1 (/opt/ros/rolling/share/rosidl_generator_cpp/cmake)
-- Using all available rosidl_typesupport_c: rosidl_typesupport_fastrtps_c;rosidl_typesupport_introspection_c
-- Using all available rosidl_typesupport_cpp: rosidl_typesupport_fastrtps_cpp;rosidl_typesupport_introspection_cpp
-- Found rmw_implementation_cmake: 6.4.0 (/opt/ros/rolling/share/rmw_implementation_cmake/cmake)
-- Found rmw_fastrtps_cpp: 6.5.0 (/opt/ros/rolling/share/rmw_fastrtps_cpp/cmake)
-- Using RMW implementation 'rmw_fastrtps_cpp' as default
-- Found std_msgs: 4.6.1 (/opt/ros/rolling/share/std_msgs/cmake)
-- Found rosidl_default_generators: 1.4.0 (/opt/ros/rolling/share/rosidl_default_generators/cmake)
-- Found rosidl_adapter: 3.3.1 (/opt/ros/rolling/share/rosidl_adapter/cmake)
[31mCMake Error at /opt/ros/rolling/share/rosidl_cmake/cmake/rosidl_generate_interfaces.cmake:95 (message):
  rosidl_generate_interfaces() the passed file 'srv/eServiceDemo.srv' doesn't
  exist relative to the CMAKE_CURRENT_SOURCE_DIR
  '/home/gdtr/ros2/colcon_mk/src/plumbing_interface_demo'
Call Stack (most recent call first):
  CMakeLists.txt:15 (rosidl_generate_interfaces)

[0m
-- Configuring incomplete, errors occurred!
See also "/home/gdtr/ros2/colcon_mk/build/plumbing_interface_demo/CMakeFiles/CMakeOutput.log".
gmake: *** [Makefile:1220: cmake_check_build_system] Error 1
