[0.015s] Invoking command in '/home/gdtr/ros2/colcon_mk/build/parameter_demo': CMAKE_PREFIX_PATH=/opt/ros/rolling /usr/bin/cmake --build /home/gdtr/ros2/colcon_mk/build/parameter_demo -- -j8 -l8
[0.064s] [35m[1mConsolidate compiler generated dependencies of target param_server[0m
[0.079s] [ 16%] [32mBuilding CXX object CMakeFiles/param_client.dir/src/param_client.cpp.o[0m
[0.080s] [ 50%] Built target param_demo0
[0.086s] [ 66%] [32mBuilding CXX object CMakeFiles/param_server.dir/src/param_server.cpp.o[0m
[3.168s] [01m[K/home/gdtr/ros2/colcon_mk/src/parameter_demo/src/param_client.cpp:[m[K In member function ‘[01m[Kvoid ParamClient::update_parameter(const string&, const rclcpp::ParameterValue&)[m[K’:
[3.169s] [01m[K/home/gdtr/ros2/colcon_mk/src/parameter_demo/src/param_client.cpp:53:40:[m[K [01;35m[Kwarning: [m[Kunused parameter ‘[01m[Kvalue[m[K’ [[01;35m[K]8;;https://gcc.gnu.org/onlinedocs/gcc/Warning-Options.html#index-Wunused-parameter-Wunused-parameter]8;;[m[K]
[3.169s]    53 |         [01;35m[Kconst rclcpp::ParameterValue & value[m[K)
[3.169s]       |         [01;35m[K~~~~~~~~~~~~~~~~~~~~~~~~~~~~~~~^~~~~[m[K
[3.915s] [ 83%] [32m[1mLinking CXX executable param_server[0m
[4.017s] [100%] [32m[1mLinking CXX executable param_client[0m
[4.072s] [100%] Built target param_server
[4.214s] [100%] Built target param_client
[4.230s] Invoked command in '/home/gdtr/ros2/colcon_mk/build/parameter_demo' returned '0': CMAKE_PREFIX_PATH=/opt/ros/rolling /usr/bin/cmake --build /home/gdtr/ros2/colcon_mk/build/parameter_demo -- -j8 -l8
[4.288s] Invoking command in '/home/gdtr/ros2/colcon_mk/build/parameter_demo': CMAKE_PREFIX_PATH=/opt/ros/rolling /usr/bin/cmake --install /home/gdtr/ros2/colcon_mk/build/parameter_demo
[4.296s] -- Install configuration: ""
[4.297s] -- Up-to-date: /home/gdtr/ros2/colcon_mk/install/parameter_demo/lib/parameter_demo/param_demo0
[4.297s] -- Installing: /home/gdtr/ros2/colcon_mk/install/parameter_demo/lib/parameter_demo/param_server
[4.298s] -- Set runtime path of "/home/gdtr/ros2/colcon_mk/install/parameter_demo/lib/parameter_demo/param_server" to ""
[4.298s] -- Installing: /home/gdtr/ros2/colcon_mk/install/parameter_demo/lib/parameter_demo/param_client
[4.299s] -- Set runtime path of "/home/gdtr/ros2/colcon_mk/install/parameter_demo/lib/parameter_demo/param_client" to ""
[4.300s] -- Up-to-date: /home/gdtr/ros2/colcon_mk/install/parameter_demo/share/ament_index/resource_index/package_run_dependencies/parameter_demo
[4.300s] -- Up-to-date: /home/gdtr/ros2/colcon_mk/install/parameter_demo/share/ament_index/resource_index/parent_prefix_path/parameter_demo
[4.300s] -- Up-to-date: /home/gdtr/ros2/colcon_mk/install/parameter_demo/share/parameter_demo/environment/ament_prefix_path.sh
[4.300s] -- Up-to-date: /home/gdtr/ros2/colcon_mk/install/parameter_demo/share/parameter_demo/environment/ament_prefix_path.dsv
[4.301s] -- Up-to-date: /home/gdtr/ros2/colcon_mk/install/parameter_demo/share/parameter_demo/environment/path.sh
[4.301s] -- Up-to-date: /home/gdtr/ros2/colcon_mk/install/parameter_demo/share/parameter_demo/environment/path.dsv
[4.301s] -- Up-to-date: /home/gdtr/ros2/colcon_mk/install/parameter_demo/share/parameter_demo/local_setup.bash
[4.301s] -- Up-to-date: /home/gdtr/ros2/colcon_mk/install/parameter_demo/share/parameter_demo/local_setup.sh
[4.301s] -- Up-to-date: /home/gdtr/ros2/colcon_mk/install/parameter_demo/share/parameter_demo/local_setup.zsh
[4.301s] -- Up-to-date: /home/gdtr/ros2/colcon_mk/install/parameter_demo/share/parameter_demo/local_setup.dsv
[4.302s] -- Installing: /home/gdtr/ros2/colcon_mk/install/parameter_demo/share/parameter_demo/package.dsv
[4.302s] -- Up-to-date: /home/gdtr/ros2/colcon_mk/install/parameter_demo/share/ament_index/resource_index/packages/parameter_demo
[4.302s] -- Up-to-date: /home/gdtr/ros2/colcon_mk/install/parameter_demo/share/parameter_demo/cmake/parameter_demoConfig.cmake
[4.302s] -- Up-to-date: /home/gdtr/ros2/colcon_mk/install/parameter_demo/share/parameter_demo/cmake/parameter_demoConfig-version.cmake
[4.302s] -- Up-to-date: /home/gdtr/ros2/colcon_mk/install/parameter_demo/share/parameter_demo/package.xml
[4.304s] Invoked command in '/home/gdtr/ros2/colcon_mk/build/parameter_demo' returned '0': CMAKE_PREFIX_PATH=/opt/ros/rolling /usr/bin/cmake --install /home/gdtr/ros2/colcon_mk/build/parameter_demo
