[35m[1mConsolidate compiler generated dependencies of target service_client[0m
[ 50%] Built target service_server
[ 75%] [32mBuilding CXX object CMakeFiles/service_client.dir/src/service_client.cpp.o[0m
[01m[K/home/gdtr/ros2/colcon_mk/src/service_demo/src/service_client.cpp:[m[K In member function ‘[01m[Kbool ServiceClient::connect_server()[m[K’:
[01m[K/home/gdtr/ros2/colcon_mk/src/service_demo/src/service_client.cpp:22:25:[m[K [01;35m[Kwarning: [m[Kthe address of ‘[01m[Kbool rclcpp::ok(rclcpp::Context::SharedPtr)[m[K’ will never be NULL [[01;35m[K]8;;https://gcc.gnu.org/onlinedocs/gcc/Warning-Options.html#index-Waddress-Waddress]8;;[m[K]
   22 |             if(![01;35m[Krclcpp::ok[m[K)
      |                 [01;35m[K~~~~~~~~^~[m[K
[100%] [32m[1mLinking CXX executable service_client[0m
[100%] Built target service_client
-- Install configuration: ""
-- Up-to-date: /home/gdtr/ros2/colcon_mk/install/service_demo/lib/service_demo/service_server
-- Installing: /home/gdtr/ros2/colcon_mk/install/service_demo/lib/service_demo/service_client
-- Set runtime path of "/home/gdtr/ros2/colcon_mk/install/service_demo/lib/service_demo/service_client" to ""
-- Up-to-date: /home/gdtr/ros2/colcon_mk/install/service_demo/share/ament_index/resource_index/package_run_dependencies/service_demo
-- Up-to-date: /home/gdtr/ros2/colcon_mk/install/service_demo/share/ament_index/resource_index/parent_prefix_path/service_demo
-- Up-to-date: /home/gdtr/ros2/colcon_mk/install/service_demo/share/service_demo/environment/ament_prefix_path.sh
-- Up-to-date: /home/gdtr/ros2/colcon_mk/install/service_demo/share/service_demo/environment/ament_prefix_path.dsv
-- Up-to-date: /home/gdtr/ros2/colcon_mk/install/service_demo/share/service_demo/environment/path.sh
-- Up-to-date: /home/gdtr/ros2/colcon_mk/install/service_demo/share/service_demo/environment/path.dsv
-- Up-to-date: /home/gdtr/ros2/colcon_mk/install/service_demo/share/service_demo/local_setup.bash
-- Up-to-date: /home/gdtr/ros2/colcon_mk/install/service_demo/share/service_demo/local_setup.sh
-- Up-to-date: /home/gdtr/ros2/colcon_mk/install/service_demo/share/service_demo/local_setup.zsh
-- Up-to-date: /home/gdtr/ros2/colcon_mk/install/service_demo/share/service_demo/local_setup.dsv
-- Installing: /home/gdtr/ros2/colcon_mk/install/service_demo/share/service_demo/package.dsv
-- Up-to-date: /home/gdtr/ros2/colcon_mk/install/service_demo/share/ament_index/resource_index/packages/service_demo
-- Up-to-date: /home/gdtr/ros2/colcon_mk/install/service_demo/share/service_demo/cmake/service_demoConfig.cmake
-- Up-to-date: /home/gdtr/ros2/colcon_mk/install/service_demo/share/service_demo/cmake/service_demoConfig-version.cmake
-- Up-to-date: /home/gdtr/ros2/colcon_mk/install/service_demo/share/service_demo/package.xml
