[0.899s] Invoking command in '/home/gdtr/ros2/colcon_mk/src/service_demo_py': AMENT_PREFIX_PATH=/home/gdtr/ros2/colcon_mk/install/plumbing_interface_demo:${AMENT_PREFIX_PATH} CMAKE_PREFIX_PATH=/home/gdtr/ros2/colcon_mk/install/plumbing_interface_demo LD_LIBRARY_PATH=/home/gdtr/ros2/colcon_mk/install/plumbing_interface_demo/lib:${LD_LIBRARY_PATH} PYTHONPATH=/home/gdtr/ros2/colcon_mk/build/service_demo_py/prefix_override:/home/gdtr/ros2/colcon_mk/install/service_demo_py/lib/python3.10/site-packages:/home/gdtr/ros2/colcon_mk/install/plumbing_interface_demo/local/lib/python3.10/dist-packages:${PYTHONPATH} /usr/bin/python3 setup.py egg_info --egg-base ../../build/service_demo_py build --build-base /home/gdtr/ros2/colcon_mk/build/service_demo_py/build install --record /home/gdtr/ros2/colcon_mk/build/service_demo_py/install.log --single-version-externally-managed
[1.246s] running egg_info
[1.246s] writing ../../build/service_demo_py/service_demo_py.egg-info/PKG-INFO
[1.247s] writing dependency_links to ../../build/service_demo_py/service_demo_py.egg-info/dependency_links.txt
[1.247s] writing entry points to ../../build/service_demo_py/service_demo_py.egg-info/entry_points.txt
[1.247s] writing requirements to ../../build/service_demo_py/service_demo_py.egg-info/requires.txt
[1.247s] writing top-level names to ../../build/service_demo_py/service_demo_py.egg-info/top_level.txt
[1.249s] reading manifest file '../../build/service_demo_py/service_demo_py.egg-info/SOURCES.txt'
[1.251s] writing manifest file '../../build/service_demo_py/service_demo_py.egg-info/SOURCES.txt'
[1.251s] running build
[1.251s] running build_py
[1.251s] running install
[1.252s] running install_lib
[1.253s] running install_data
[1.254s] running install_egg_info
[1.255s] removing '/home/gdtr/ros2/colcon_mk/install/service_demo_py/lib/python3.10/site-packages/service_demo_py-0.0.0-py3.10.egg-info' (and everything under it)
[1.256s] Copying ../../build/service_demo_py/service_demo_py.egg-info to /home/gdtr/ros2/colcon_mk/install/service_demo_py/lib/python3.10/site-packages/service_demo_py-0.0.0-py3.10.egg-info
[1.257s] running install_scripts
[1.280s] Installing service_server = service_demo_py.service_server:mainservice_client script to /home/gdtr/ros2/colcon_mk/install/service_demo_py/lib/service_demo_py
[1.281s] writing list of installed files to '/home/gdtr/ros2/colcon_mk/build/service_demo_py/install.log'
[1.312s] Invoked command in '/home/gdtr/ros2/colcon_mk/src/service_demo_py' returned '0': AMENT_PREFIX_PATH=/home/gdtr/ros2/colcon_mk/install/plumbing_interface_demo:${AMENT_PREFIX_PATH} CMAKE_PREFIX_PATH=/home/gdtr/ros2/colcon_mk/install/plumbing_interface_demo LD_LIBRARY_PATH=/home/gdtr/ros2/colcon_mk/install/plumbing_interface_demo/lib:${LD_LIBRARY_PATH} PYTHONPATH=/home/gdtr/ros2/colcon_mk/build/service_demo_py/prefix_override:/home/gdtr/ros2/colcon_mk/install/service_demo_py/lib/python3.10/site-packages:/home/gdtr/ros2/colcon_mk/install/plumbing_interface_demo/local/lib/python3.10/dist-packages:${PYTHONPATH} /usr/bin/python3 setup.py egg_info --egg-base ../../build/service_demo_py build --build-base /home/gdtr/ros2/colcon_mk/build/service_demo_py/build install --record /home/gdtr/ros2/colcon_mk/build/service_demo_py/install.log --single-version-externally-managed
