[0.021s] Invoking command in '/home/gdtr/ros2/colcon_mk/build/plumbing_interface_demo': CMAKE_PREFIX_PATH=${CMAKE_PREFIX_PATH}:/opt/ros/rolling /usr/bin/cmake /home/gdtr/ros2/colcon_mk/src/plumbing_interface_demo -DCMAKE_INSTALL_PREFIX=/home/gdtr/ros2/colcon_mk/install/plumbing_interface_demo
[0.103s] -- The C compiler identification is GNU 11.3.0
[0.196s] -- The CXX compiler identification is GNU 11.3.0
[0.208s] -- Detecting C compiler ABI info
[0.343s] -- Detecting C compiler ABI info - done
[0.364s] -- Check for working C compiler: /usr/bin/cc - skipped
[0.365s] -- Detecting C compile features
[0.366s] -- Detecting C compile features - done
[0.375s] -- Detecting CXX compiler ABI info
[0.497s] -- Detecting CXX compiler ABI info - done
[0.508s] -- Check for working CXX compiler: /usr/bin/c++ - skipped
[0.508s] -- Detecting CXX compile features
[0.509s] -- Detecting CXX compile features - done
[0.514s] -- Found ament_cmake: 1.5.2 (/opt/ros/rolling/share/ament_cmake/cmake)
[0.854s] -- Found Python3: /usr/bin/python3.10 (found version "3.10.6") found components: Interpreter 
[1.052s] -- Found rclcpp: 19.0.0 (/opt/ros/rolling/share/rclcpp/cmake)
[1.147s] -- Found rosidl_generator_c: 3.3.1 (/opt/ros/rolling/share/rosidl_generator_c/cmake)
[1.162s] -- Found rosidl_generator_cpp: 3.3.1 (/opt/ros/rolling/share/rosidl_generator_cpp/cmake)
[1.180s] -- Using all available rosidl_typesupport_c: rosidl_typesupport_fastrtps_c;rosidl_typesupport_introspection_c
[1.205s] -- Using all available rosidl_typesupport_cpp: rosidl_typesupport_fastrtps_cpp;rosidl_typesupport_introspection_cpp
[1.296s] -- Found rmw_implementation_cmake: 6.4.0 (/opt/ros/rolling/share/rmw_implementation_cmake/cmake)
[1.299s] -- Found rmw_fastrtps_cpp: 6.5.0 (/opt/ros/rolling/share/rmw_fastrtps_cpp/cmake)
[1.423s] -- Found OpenSSL: /usr/lib/x86_64-linux-gnu/libcrypto.so (found version "3.0.2")  
[1.461s] -- Found FastRTPS: /opt/ros/rolling/include  
[1.521s] -- Using RMW implementation 'rmw_fastrtps_cpp' as default
[1.535s] -- Looking for pthread.h
[1.612s] -- Looking for pthread.h - found
[1.613s] -- Performing Test CMAKE_HAVE_LIBC_PTHREAD
[1.702s] -- Performing Test CMAKE_HAVE_LIBC_PTHREAD - Success
[1.704s] -- Found Threads: TRUE  
[1.879s] -- Found std_msgs: 4.6.1 (/opt/ros/rolling/share/std_msgs/cmake)
[1.920s] -- Found ament_lint_auto: 0.13.2 (/opt/ros/rolling/share/ament_lint_auto/cmake)
[2.031s] -- Added test 'cppcheck' to perform static code analysis on C / C++ code
[2.032s] -- Configured cppcheck include dirs: $<BUILD_INTERFACE:/home/gdtr/ros2/colcon_mk/src/plumbing_interface_demo/include>
[2.032s] -- Configured cppcheck exclude dirs and/or files: 
[2.033s] -- Added test 'lint_cmake' to check CMake code style
[2.035s] -- Added test 'uncrustify' to check C / C++ code style
[2.035s] -- Configured uncrustify additional arguments: 
[2.035s] -- Added test 'xmllint' to check XML markup files
[2.039s] -- Configuring done
[2.054s] -- Generating done
[2.057s] -- Build files have been written to: /home/gdtr/ros2/colcon_mk/build/plumbing_interface_demo
[2.072s] Invoked command in '/home/gdtr/ros2/colcon_mk/build/plumbing_interface_demo' returned '0': CMAKE_PREFIX_PATH=${CMAKE_PREFIX_PATH}:/opt/ros/rolling /usr/bin/cmake /home/gdtr/ros2/colcon_mk/src/plumbing_interface_demo -DCMAKE_INSTALL_PREFIX=/home/gdtr/ros2/colcon_mk/install/plumbing_interface_demo
[2.074s] Invoking command in '/home/gdtr/ros2/colcon_mk/build/plumbing_interface_demo': CMAKE_PREFIX_PATH=${CMAKE_PREFIX_PATH}:/opt/ros/rolling /usr/bin/cmake --build /home/gdtr/ros2/colcon_mk/build/plumbing_interface_demo -- -j8 -l8
[2.152s] [ 50%] [32mBuilding CXX object CMakeFiles/plumbing_interface_node.dir/src/plumbing_interface_node.cpp.o[0m
[2.201s] [100%] [32m[1mLinking CXX executable plumbing_interface_node[0m
[2.284s] [100%] Built target plumbing_interface_node
[2.295s] Invoked command in '/home/gdtr/ros2/colcon_mk/build/plumbing_interface_demo' returned '0': CMAKE_PREFIX_PATH=${CMAKE_PREFIX_PATH}:/opt/ros/rolling /usr/bin/cmake --build /home/gdtr/ros2/colcon_mk/build/plumbing_interface_demo -- -j8 -l8
[2.333s] Invoking command in '/home/gdtr/ros2/colcon_mk/build/plumbing_interface_demo': CMAKE_PREFIX_PATH=${CMAKE_PREFIX_PATH}:/opt/ros/rolling /usr/bin/cmake --install /home/gdtr/ros2/colcon_mk/build/plumbing_interface_demo
[2.342s] -- Install configuration: ""
[2.342s] -- Installing: /home/gdtr/ros2/colcon_mk/install/plumbing_interface_demo/lib/plumbing_interface_demo/plumbing_interface_node
[2.343s] -- Set runtime path of "/home/gdtr/ros2/colcon_mk/install/plumbing_interface_demo/lib/plumbing_interface_demo/plumbing_interface_node" to ""
[2.343s] -- Installing: /home/gdtr/ros2/colcon_mk/install/plumbing_interface_demo/share/ament_index/resource_index/package_run_dependencies/plumbing_interface_demo
[2.344s] -- Installing: /home/gdtr/ros2/colcon_mk/install/plumbing_interface_demo/share/ament_index/resource_index/parent_prefix_path/plumbing_interface_demo
[2.344s] -- Installing: /home/gdtr/ros2/colcon_mk/install/plumbing_interface_demo/share/plumbing_interface_demo/environment/ament_prefix_path.sh
[2.344s] -- Installing: /home/gdtr/ros2/colcon_mk/install/plumbing_interface_demo/share/plumbing_interface_demo/environment/ament_prefix_path.dsv
[2.345s] -- Installing: /home/gdtr/ros2/colcon_mk/install/plumbing_interface_demo/share/plumbing_interface_demo/environment/path.sh
[2.345s] -- Installing: /home/gdtr/ros2/colcon_mk/install/plumbing_interface_demo/share/plumbing_interface_demo/environment/path.dsv
[2.345s] -- Installing: /home/gdtr/ros2/colcon_mk/install/plumbing_interface_demo/share/plumbing_interface_demo/local_setup.bash
[2.345s] -- Installing: /home/gdtr/ros2/colcon_mk/install/plumbing_interface_demo/share/plumbing_interface_demo/local_setup.sh
[2.345s] -- Installing: /home/gdtr/ros2/colcon_mk/install/plumbing_interface_demo/share/plumbing_interface_demo/local_setup.zsh
[2.346s] -- Installing: /home/gdtr/ros2/colcon_mk/install/plumbing_interface_demo/share/plumbing_interface_demo/local_setup.dsv
[2.346s] -- Installing: /home/gdtr/ros2/colcon_mk/install/plumbing_interface_demo/share/plumbing_interface_demo/package.dsv
[2.346s] -- Installing: /home/gdtr/ros2/colcon_mk/install/plumbing_interface_demo/share/ament_index/resource_index/packages/plumbing_interface_demo
[2.346s] -- Installing: /home/gdtr/ros2/colcon_mk/install/plumbing_interface_demo/share/plumbing_interface_demo/cmake/plumbing_interface_demoConfig.cmake
[2.346s] -- Installing: /home/gdtr/ros2/colcon_mk/install/plumbing_interface_demo/share/plumbing_interface_demo/cmake/plumbing_interface_demoConfig-version.cmake
[2.347s] -- Installing: /home/gdtr/ros2/colcon_mk/install/plumbing_interface_demo/share/plumbing_interface_demo/package.xml
[2.351s] Invoked command in '/home/gdtr/ros2/colcon_mk/build/plumbing_interface_demo' returned '0': CMAKE_PREFIX_PATH=${CMAKE_PREFIX_PATH}:/opt/ros/rolling /usr/bin/cmake --install /home/gdtr/ros2/colcon_mk/build/plumbing_interface_demo
