[0.021s] Invoking command in '/home/gdtr/ros2/colcon_mk/build/exercise_demo': CMAKE_PREFIX_PATH=/home/gdtr/ros2/colcon_mk/install/plumbing_interface_demo:/home/gdtr/ros2/colcon_mk/install/meta_package_demo:/home/gdtr/ros2/colcon_mk/install/topic_demo:/home/gdtr/ros2/colcon_mk/install/time_demo:/home/gdtr/ros2/colcon_mk/install/service_demo_py:/home/gdtr/ros2/colcon_mk/install/service_demo:/home/gdtr/ros2/colcon_mk/install/exercise_demo:/home/gdtr/ros2/colcon_mk/install/action_demo:/home/gdtr/ros2/colcon_mk/install/parameter_demo:/home/gdtr/ros2/colcon_mk/install/launch_demo:/home/gdtr/ros2/colcon_mk/install/hello_world_node:/home/gdtr/ros2/colcon_mk/install/topic_demo_py:/home/gdtr/ros2/colcon_mk/install/action_demo_py:/opt/ros/rolling /usr/bin/cmake --build /home/gdtr/ros2/colcon_mk/build/exercise_demo -- -j8 -l8
[0.094s] [ 50%] [32mBuilding CXX object CMakeFiles/eServiceClient.dir/src/eServiceClient.cpp.o[0m
[0.095s] [ 50%] Built target eTopic_talker
[0.099s] [ 83%] Built target eServiceServer
[3.145s] [01m[K/home/gdtr/ros2/colcon_mk/src/exercise_demo/src/eServiceClient.cpp:[m[K In member function ‘[01m[Kbool EServiceClient::connect_server()[m[K’:
[3.146s] [01m[K/home/gdtr/ros2/colcon_mk/src/exercise_demo/src/eServiceClient.cpp:19:9:[m[K [01;35m[Kwarning: [m[Kthis ‘[01m[Kwhile[m[K’ clause does not guard... [[01;35m[K]8;;https://gcc.gnu.org/onlinedocs/gcc/Warning-Options.html#index-Wmisleading-indentation-Wmisleading-indentation]8;;[m[K]
[3.146s]    19 |         [01;35m[Kwhile[m[K(client->wait_for_service(1s));
[3.146s]       |         [01;35m[K^~~~~[m[K
[3.146s] [01m[K/home/gdtr/ros2/colcon_mk/src/exercise_demo/src/eServiceClient.cpp:20:9:[m[K [01;36m[Knote: [m[K...this statement, but the latter is misleadingly indented as if it were guarded by the ‘[01m[Kwhile[m[K’
[3.147s]    20 |         [01;36m[K{[m[K
[3.147s]       |         [01;36m[K^[m[K
[5.011s] [100%] [32m[1mLinking CXX executable eServiceClient[0m
[5.294s] [100%] Built target eServiceClient
[5.314s] Invoked command in '/home/gdtr/ros2/colcon_mk/build/exercise_demo' returned '0': CMAKE_PREFIX_PATH=/home/gdtr/ros2/colcon_mk/install/plumbing_interface_demo:/home/gdtr/ros2/colcon_mk/install/meta_package_demo:/home/gdtr/ros2/colcon_mk/install/topic_demo:/home/gdtr/ros2/colcon_mk/install/time_demo:/home/gdtr/ros2/colcon_mk/install/service_demo_py:/home/gdtr/ros2/colcon_mk/install/service_demo:/home/gdtr/ros2/colcon_mk/install/exercise_demo:/home/gdtr/ros2/colcon_mk/install/action_demo:/home/gdtr/ros2/colcon_mk/install/parameter_demo:/home/gdtr/ros2/colcon_mk/install/launch_demo:/home/gdtr/ros2/colcon_mk/install/hello_world_node:/home/gdtr/ros2/colcon_mk/install/topic_demo_py:/home/gdtr/ros2/colcon_mk/install/action_demo_py:/opt/ros/rolling /usr/bin/cmake --build /home/gdtr/ros2/colcon_mk/build/exercise_demo -- -j8 -l8
[5.389s] Invoking command in '/home/gdtr/ros2/colcon_mk/build/exercise_demo': CMAKE_PREFIX_PATH=/home/gdtr/ros2/colcon_mk/install/plumbing_interface_demo:/home/gdtr/ros2/colcon_mk/install/meta_package_demo:/home/gdtr/ros2/colcon_mk/install/topic_demo:/home/gdtr/ros2/colcon_mk/install/time_demo:/home/gdtr/ros2/colcon_mk/install/service_demo_py:/home/gdtr/ros2/colcon_mk/install/service_demo:/home/gdtr/ros2/colcon_mk/install/exercise_demo:/home/gdtr/ros2/colcon_mk/install/action_demo:/home/gdtr/ros2/colcon_mk/install/parameter_demo:/home/gdtr/ros2/colcon_mk/install/launch_demo:/home/gdtr/ros2/colcon_mk/install/hello_world_node:/home/gdtr/ros2/colcon_mk/install/topic_demo_py:/home/gdtr/ros2/colcon_mk/install/action_demo_py:/opt/ros/rolling /usr/bin/cmake --install /home/gdtr/ros2/colcon_mk/build/exercise_demo
[5.400s] -- Install configuration: ""
[5.401s] -- Up-to-date: /home/gdtr/ros2/colcon_mk/install/exercise_demo/lib/exercise_demo/eTopic_talker
[5.402s] -- Up-to-date: /home/gdtr/ros2/colcon_mk/install/exercise_demo/lib/exercise_demo/eServiceServer
[5.402s] -- Installing: /home/gdtr/ros2/colcon_mk/install/exercise_demo/lib/exercise_demo/eServiceClient
[5.405s] -- Set runtime path of "/home/gdtr/ros2/colcon_mk/install/exercise_demo/lib/exercise_demo/eServiceClient" to ""
[5.405s] -- Up-to-date: /home/gdtr/ros2/colcon_mk/install/exercise_demo/share/exercise_demo/launch
[5.405s] -- Up-to-date: /home/gdtr/ros2/colcon_mk/install/exercise_demo/share/exercise_demo/launch/eServiceServer.py
[5.406s] -- Installing: /home/gdtr/ros2/colcon_mk/install/exercise_demo/share/exercise_demo/launch/eServiceClient.py
[5.406s] -- Up-to-date: /home/gdtr/ros2/colcon_mk/install/exercise_demo/share/exercise_demo/launch/imageTurtle.py
[5.406s] -- Up-to-date: /home/gdtr/ros2/colcon_mk/install/exercise_demo/share/ament_index/resource_index/package_run_dependencies/exercise_demo
[5.406s] -- Up-to-date: /home/gdtr/ros2/colcon_mk/install/exercise_demo/share/ament_index/resource_index/parent_prefix_path/exercise_demo
[5.406s] -- Up-to-date: /home/gdtr/ros2/colcon_mk/install/exercise_demo/share/exercise_demo/environment/ament_prefix_path.sh
[5.407s] -- Up-to-date: /home/gdtr/ros2/colcon_mk/install/exercise_demo/share/exercise_demo/environment/ament_prefix_path.dsv
[5.411s] -- Up-to-date: /home/gdtr/ros2/colcon_mk/install/exercise_demo/share/exercise_demo/environment/path.sh
[5.411s] -- Up-to-date: /home/gdtr/ros2/colcon_mk/install/exercise_demo/share/exercise_demo/environment/path.dsv
[5.411s] -- Up-to-date: /home/gdtr/ros2/colcon_mk/install/exercise_demo/share/exercise_demo/local_setup.bash
[5.412s] -- Up-to-date: /home/gdtr/ros2/colcon_mk/install/exercise_demo/share/exercise_demo/local_setup.sh
[5.412s] -- Up-to-date: /home/gdtr/ros2/colcon_mk/install/exercise_demo/share/exercise_demo/local_setup.zsh
[5.413s] -- Up-to-date: /home/gdtr/ros2/colcon_mk/install/exercise_demo/share/exercise_demo/local_setup.dsv
[5.413s] -- Installing: /home/gdtr/ros2/colcon_mk/install/exercise_demo/share/exercise_demo/package.dsv
[5.413s] -- Up-to-date: /home/gdtr/ros2/colcon_mk/install/exercise_demo/share/ament_index/resource_index/packages/exercise_demo
[5.413s] -- Up-to-date: /home/gdtr/ros2/colcon_mk/install/exercise_demo/share/exercise_demo/cmake/exercise_demoConfig.cmake
[5.413s] -- Up-to-date: /home/gdtr/ros2/colcon_mk/install/exercise_demo/share/exercise_demo/cmake/exercise_demoConfig-version.cmake
[5.414s] -- Up-to-date: /home/gdtr/ros2/colcon_mk/install/exercise_demo/share/exercise_demo/package.xml
[5.414s] Invoked command in '/home/gdtr/ros2/colcon_mk/build/exercise_demo' returned '0': CMAKE_PREFIX_PATH=/home/gdtr/ros2/colcon_mk/install/plumbing_interface_demo:/home/gdtr/ros2/colcon_mk/install/meta_package_demo:/home/gdtr/ros2/colcon_mk/install/topic_demo:/home/gdtr/ros2/colcon_mk/install/time_demo:/home/gdtr/ros2/colcon_mk/install/service_demo_py:/home/gdtr/ros2/colcon_mk/install/service_demo:/home/gdtr/ros2/colcon_mk/install/exercise_demo:/home/gdtr/ros2/colcon_mk/install/action_demo:/home/gdtr/ros2/colcon_mk/install/parameter_demo:/home/gdtr/ros2/colcon_mk/install/launch_demo:/home/gdtr/ros2/colcon_mk/install/hello_world_node:/home/gdtr/ros2/colcon_mk/install/topic_demo_py:/home/gdtr/ros2/colcon_mk/install/action_demo_py:/opt/ros/rolling /usr/bin/cmake --install /home/gdtr/ros2/colcon_mk/build/exercise_demo
