[1.831s] Invoking command in '/home/gdtr/ros2/colcon_mk/src/topic_demo_py': AMENT_PREFIX_PATH=/home/gdtr/ros2/colcon_mk/install/plumbing_interface_demo:${AMENT_PREFIX_PATH} CMAKE_PREFIX_PATH=/home/gdtr/ros2/colcon_mk/install/plumbing_interface_demo LD_LIBRARY_PATH=/home/gdtr/ros2/colcon_mk/install/plumbing_interface_demo/lib:${LD_LIBRARY_PATH} PYTHONPATH=/home/gdtr/ros2/colcon_mk/build/topic_demo_py/prefix_override:/home/gdtr/ros2/colcon_mk/install/topic_demo_py/lib/python3.10/site-packages:/home/gdtr/ros2/colcon_mk/install/plumbing_interface_demo/local/lib/python3.10/dist-packages:${PYTHONPATH} /usr/bin/python3 setup.py egg_info --egg-base ../../build/topic_demo_py build --build-base /home/gdtr/ros2/colcon_mk/build/topic_demo_py/build install --record /home/gdtr/ros2/colcon_mk/build/topic_demo_py/install.log --single-version-externally-managed
[2.171s] running egg_info
[2.172s] writing ../../build/topic_demo_py/topic_demo_py.egg-info/PKG-INFO
[2.172s] writing dependency_links to ../../build/topic_demo_py/topic_demo_py.egg-info/dependency_links.txt
[2.172s] writing entry points to ../../build/topic_demo_py/topic_demo_py.egg-info/entry_points.txt
[2.172s] writing requirements to ../../build/topic_demo_py/topic_demo_py.egg-info/requires.txt
[2.173s] writing top-level names to ../../build/topic_demo_py/topic_demo_py.egg-info/top_level.txt
[2.176s] reading manifest file '../../build/topic_demo_py/topic_demo_py.egg-info/SOURCES.txt'
[2.177s] writing manifest file '../../build/topic_demo_py/topic_demo_py.egg-info/SOURCES.txt'
[2.177s] running build
[2.177s] running build_py
[2.178s] running install
[2.178s] running install_lib
[2.179s] running install_data
[2.180s] running install_egg_info
[2.182s] removing '/home/gdtr/ros2/colcon_mk/install/topic_demo_py/lib/python3.10/site-packages/topic_demo_py-0.0.0-py3.10.egg-info' (and everything under it)
[2.183s] Copying ../../build/topic_demo_py/topic_demo_py.egg-info to /home/gdtr/ros2/colcon_mk/install/topic_demo_py/lib/python3.10/site-packages/topic_demo_py-0.0.0-py3.10.egg-info
[2.184s] running install_scripts
[2.211s] Installing topic_listener_py script to /home/gdtr/ros2/colcon_mk/install/topic_demo_py/lib/topic_demo_py
[2.212s] Installing topic_talker_py script to /home/gdtr/ros2/colcon_mk/install/topic_demo_py/lib/topic_demo_py
[2.212s] writing list of installed files to '/home/gdtr/ros2/colcon_mk/build/topic_demo_py/install.log'
[2.275s] Invoked command in '/home/gdtr/ros2/colcon_mk/src/topic_demo_py' returned '0': AMENT_PREFIX_PATH=/home/gdtr/ros2/colcon_mk/install/plumbing_interface_demo:${AMENT_PREFIX_PATH} CMAKE_PREFIX_PATH=/home/gdtr/ros2/colcon_mk/install/plumbing_interface_demo LD_LIBRARY_PATH=/home/gdtr/ros2/colcon_mk/install/plumbing_interface_demo/lib:${LD_LIBRARY_PATH} PYTHONPATH=/home/gdtr/ros2/colcon_mk/build/topic_demo_py/prefix_override:/home/gdtr/ros2/colcon_mk/install/topic_demo_py/lib/python3.10/site-packages:/home/gdtr/ros2/colcon_mk/install/plumbing_interface_demo/local/lib/python3.10/dist-packages:${PYTHONPATH} /usr/bin/python3 setup.py egg_info --egg-base ../../build/topic_demo_py build --build-base /home/gdtr/ros2/colcon_mk/build/topic_demo_py/build install --record /home/gdtr/ros2/colcon_mk/build/topic_demo_py/install.log --single-version-externally-managed
