[0.782s] Invoking command in '/home/gdtr/ros2/colcon_mk/src/topic_demo_py': AMENT_PREFIX_PATH=/home/gdtr/ros2/colcon_mk/install/plumbing_interface_demo:${AMENT_PREFIX_PATH} CMAKE_PREFIX_PATH=/home/gdtr/ros2/colcon_mk/install/plumbing_interface_demo PYTHONPATH=/home/gdtr/ros2/colcon_mk/build/topic_demo_py/prefix_override:/home/gdtr/ros2/colcon_mk/install/topic_demo_py/lib/python3.10/site-packages:${PYTHONPATH} /usr/bin/python3 setup.py egg_info --egg-base ../../build/topic_demo_py build --build-base /home/gdtr/ros2/colcon_mk/build/topic_demo_py/build install --record /home/gdtr/ros2/colcon_mk/build/topic_demo_py/install.log --single-version-externally-managed
[1.106s] running egg_info
[1.107s] writing ../../build/topic_demo_py/topic_demo_py.egg-info/PKG-INFO
[1.107s] writing dependency_links to ../../build/topic_demo_py/topic_demo_py.egg-info/dependency_links.txt
[1.107s] writing entry points to ../../build/topic_demo_py/topic_demo_py.egg-info/entry_points.txt
[1.108s] writing requirements to ../../build/topic_demo_py/topic_demo_py.egg-info/requires.txt
[1.108s] writing top-level names to ../../build/topic_demo_py/topic_demo_py.egg-info/top_level.txt
[1.112s] reading manifest file '../../build/topic_demo_py/topic_demo_py.egg-info/SOURCES.txt'
[1.114s] writing manifest file '../../build/topic_demo_py/topic_demo_py.egg-info/SOURCES.txt'
[1.114s] running build
[1.114s] running build_py
[1.114s] running install
[1.115s] running install_lib
[1.117s] running install_data
[1.118s] running install_egg_info
[1.122s] removing '/home/gdtr/ros2/colcon_mk/install/topic_demo_py/lib/python3.10/site-packages/topic_demo_py-0.0.0-py3.10.egg-info' (and everything under it)
[1.122s] Copying ../../build/topic_demo_py/topic_demo_py.egg-info to /home/gdtr/ros2/colcon_mk/install/topic_demo_py/lib/python3.10/site-packages/topic_demo_py-0.0.0-py3.10.egg-info
[1.124s] running install_scripts
[1.154s] Installing topic_talker_py script to /home/gdtr/ros2/colcon_mk/install/topic_demo_py/lib/topic_demo_py
[1.155s] writing list of installed files to '/home/gdtr/ros2/colcon_mk/build/topic_demo_py/install.log'
[1.198s] Invoked command in '/home/gdtr/ros2/colcon_mk/src/topic_demo_py' returned '0': AMENT_PREFIX_PATH=/home/gdtr/ros2/colcon_mk/install/plumbing_interface_demo:${AMENT_PREFIX_PATH} CMAKE_PREFIX_PATH=/home/gdtr/ros2/colcon_mk/install/plumbing_interface_demo PYTHONPATH=/home/gdtr/ros2/colcon_mk/build/topic_demo_py/prefix_override:/home/gdtr/ros2/colcon_mk/install/topic_demo_py/lib/python3.10/site-packages:${PYTHONPATH} /usr/bin/python3 setup.py egg_info --egg-base ../../build/topic_demo_py build --build-base /home/gdtr/ros2/colcon_mk/build/topic_demo_py/build install --record /home/gdtr/ros2/colcon_mk/build/topic_demo_py/install.log --single-version-externally-managed
