[35m[1mConsolidate compiler generated dependencies of target param_server[0m
[35m[1mConsolidate compiler generated dependencies of target param_demo0[0m
[35m[1mConsolidate compiler generated dependencies of target param_client[0m
[ 16%] [32mBuilding CXX object CMakeFiles/param_server.dir/src/param_server.cpp.o[0m
[ 50%] Built target param_demo0
[ 83%] Built target param_client
[100%] [32m[1mLinking CXX executable param_server[0m
[100%] Built target param_server
-- Install configuration: ""
-- Installing: /home/gdtr/ros2/colcon_mk/install/parameter_demo/lib/parameter_demo/param_demo0
-- Set runtime path of "/home/gdtr/ros2/colcon_mk/install/parameter_demo/lib/parameter_demo/param_demo0" to ""
-- Installing: /home/gdtr/ros2/colcon_mk/install/parameter_demo/lib/parameter_demo/param_server
-- Set runtime path of "/home/gdtr/ros2/colcon_mk/install/parameter_demo/lib/parameter_demo/param_server" to ""
-- Installing: /home/gdtr/ros2/colcon_mk/install/parameter_demo/lib/parameter_demo/param_client
-- Set runtime path of "/home/gdtr/ros2/colcon_mk/install/parameter_demo/lib/parameter_demo/param_client" to ""
-- Installing: /home/gdtr/ros2/colcon_mk/install/parameter_demo/share/ament_index/resource_index/package_run_dependencies/parameter_demo
-- Installing: /home/gdtr/ros2/colcon_mk/install/parameter_demo/share/ament_index/resource_index/parent_prefix_path/parameter_demo
-- Installing: /home/gdtr/ros2/colcon_mk/install/parameter_demo/share/parameter_demo/environment/ament_prefix_path.sh
-- Installing: /home/gdtr/ros2/colcon_mk/install/parameter_demo/share/parameter_demo/environment/ament_prefix_path.dsv
-- Installing: /home/gdtr/ros2/colcon_mk/install/parameter_demo/share/parameter_demo/environment/path.sh
-- Installing: /home/gdtr/ros2/colcon_mk/install/parameter_demo/share/parameter_demo/environment/path.dsv
-- Installing: /home/gdtr/ros2/colcon_mk/install/parameter_demo/share/parameter_demo/local_setup.bash
-- Installing: /home/gdtr/ros2/colcon_mk/install/parameter_demo/share/parameter_demo/local_setup.sh
-- Installing: /home/gdtr/ros2/colcon_mk/install/parameter_demo/share/parameter_demo/local_setup.zsh
-- Installing: /home/gdtr/ros2/colcon_mk/install/parameter_demo/share/parameter_demo/local_setup.dsv
-- Installing: /home/gdtr/ros2/colcon_mk/install/parameter_demo/share/parameter_demo/package.dsv
-- Installing: /home/gdtr/ros2/colcon_mk/install/parameter_demo/share/ament_index/resource_index/packages/parameter_demo
-- Installing: /home/gdtr/ros2/colcon_mk/install/parameter_demo/share/parameter_demo/cmake/parameter_demoConfig.cmake
-- Installing: /home/gdtr/ros2/colcon_mk/install/parameter_demo/share/parameter_demo/cmake/parameter_demoConfig-version.cmake
-- Installing: /home/gdtr/ros2/colcon_mk/install/parameter_demo/share/parameter_demo/package.xml
