[0.016s] Invoking command in '/home/gdtr/ros2/colcon_mk/build/parameter_demo': CMAKE_PREFIX_PATH=/opt/ros/rolling /usr/bin/cmake --build /home/gdtr/ros2/colcon_mk/build/parameter_demo -- -j8 -l8
[0.060s] [35m[1mConsolidate compiler generated dependencies of target param_server[0m
[0.061s] [35m[1mConsolidate compiler generated dependencies of target param_demo0[0m
[0.061s] [35m[1mConsolidate compiler generated dependencies of target param_client[0m
[0.081s] [ 16%] [32mBuilding CXX object CMakeFiles/param_server.dir/src/param_server.cpp.o[0m
[0.082s] [ 50%] Built target param_demo0
[0.085s] [ 83%] Built target param_client
[3.612s] [100%] [32m[1mLinking CXX executable param_server[0m
[3.759s] [100%] Built target param_server
[3.775s] Invoked command in '/home/gdtr/ros2/colcon_mk/build/parameter_demo' returned '0': CMAKE_PREFIX_PATH=/opt/ros/rolling /usr/bin/cmake --build /home/gdtr/ros2/colcon_mk/build/parameter_demo -- -j8 -l8
[3.817s] Invoking command in '/home/gdtr/ros2/colcon_mk/build/parameter_demo': CMAKE_PREFIX_PATH=/opt/ros/rolling /usr/bin/cmake --install /home/gdtr/ros2/colcon_mk/build/parameter_demo
[3.824s] -- Install configuration: ""
[3.824s] -- Installing: /home/gdtr/ros2/colcon_mk/install/parameter_demo/lib/parameter_demo/param_demo0
[3.825s] -- Set runtime path of "/home/gdtr/ros2/colcon_mk/install/parameter_demo/lib/parameter_demo/param_demo0" to ""
[3.825s] -- Installing: /home/gdtr/ros2/colcon_mk/install/parameter_demo/lib/parameter_demo/param_server
[3.825s] -- Set runtime path of "/home/gdtr/ros2/colcon_mk/install/parameter_demo/lib/parameter_demo/param_server" to ""
[3.826s] -- Installing: /home/gdtr/ros2/colcon_mk/install/parameter_demo/lib/parameter_demo/param_client
[3.826s] -- Set runtime path of "/home/gdtr/ros2/colcon_mk/install/parameter_demo/lib/parameter_demo/param_client" to ""
[3.826s] -- Installing: /home/gdtr/ros2/colcon_mk/install/parameter_demo/share/ament_index/resource_index/package_run_dependencies/parameter_demo
[3.827s] -- Installing: /home/gdtr/ros2/colcon_mk/install/parameter_demo/share/ament_index/resource_index/parent_prefix_path/parameter_demo
[3.827s] -- Installing: /home/gdtr/ros2/colcon_mk/install/parameter_demo/share/parameter_demo/environment/ament_prefix_path.sh
[3.827s] -- Installing: /home/gdtr/ros2/colcon_mk/install/parameter_demo/share/parameter_demo/environment/ament_prefix_path.dsv
[3.827s] -- Installing: /home/gdtr/ros2/colcon_mk/install/parameter_demo/share/parameter_demo/environment/path.sh
[3.827s] -- Installing: /home/gdtr/ros2/colcon_mk/install/parameter_demo/share/parameter_demo/environment/path.dsv
[3.827s] -- Installing: /home/gdtr/ros2/colcon_mk/install/parameter_demo/share/parameter_demo/local_setup.bash
[3.828s] -- Installing: /home/gdtr/ros2/colcon_mk/install/parameter_demo/share/parameter_demo/local_setup.sh
[3.828s] -- Installing: /home/gdtr/ros2/colcon_mk/install/parameter_demo/share/parameter_demo/local_setup.zsh
[3.828s] -- Installing: /home/gdtr/ros2/colcon_mk/install/parameter_demo/share/parameter_demo/local_setup.dsv
[3.828s] -- Installing: /home/gdtr/ros2/colcon_mk/install/parameter_demo/share/parameter_demo/package.dsv
[3.828s] -- Installing: /home/gdtr/ros2/colcon_mk/install/parameter_demo/share/ament_index/resource_index/packages/parameter_demo
[3.829s] -- Installing: /home/gdtr/ros2/colcon_mk/install/parameter_demo/share/parameter_demo/cmake/parameter_demoConfig.cmake
[3.829s] -- Installing: /home/gdtr/ros2/colcon_mk/install/parameter_demo/share/parameter_demo/cmake/parameter_demoConfig-version.cmake
[3.829s] -- Installing: /home/gdtr/ros2/colcon_mk/install/parameter_demo/share/parameter_demo/package.xml
[3.833s] Invoked command in '/home/gdtr/ros2/colcon_mk/build/parameter_demo' returned '0': CMAKE_PREFIX_PATH=/opt/ros/rolling /usr/bin/cmake --install /home/gdtr/ros2/colcon_mk/build/parameter_demo
