[0.019s] Invoking command in '/home/gdtr/ros2/colcon_mk/build/time_demo': CMAKE_PREFIX_PATH=/opt/ros/rolling /usr/bin/cmake /home/gdtr/ros2/colcon_mk/src/time_demo -DCMAKE_INSTALL_PREFIX=/home/gdtr/ros2/colcon_mk/install/time_demo
[0.184s] -- The C compiler identification is GNU 11.3.0
[0.256s] -- The CXX compiler identification is GNU 11.3.0
[0.267s] -- Detecting C compiler ABI info
[0.357s] -- Detecting C compiler ABI info - done
[0.371s] -- Check for working C compiler: /usr/bin/cc - skipped
[0.372s] -- Detecting C compile features
[0.372s] -- Detecting C compile features - done
[0.378s] -- Detecting CXX compiler ABI info
[0.476s] -- Detecting CXX compiler ABI info - done
[0.484s] -- Check for working CXX compiler: /usr/bin/c++ - skipped
[0.485s] -- Detecting CXX compile features
[0.485s] -- Detecting CXX compile features - done
[0.490s] -- Found ament_cmake: 1.5.2 (/opt/ros/rolling/share/ament_cmake/cmake)
[0.708s] -- Found Python3: /usr/bin/python3.10 (found version "3.10.6") found components: Interpreter 
[0.824s] -- Found rclcpp: 19.0.0 (/opt/ros/rolling/share/rclcpp/cmake)
[0.898s] -- Found rosidl_generator_c: 3.3.1 (/opt/ros/rolling/share/rosidl_generator_c/cmake)
[0.909s] -- Found rosidl_generator_cpp: 3.3.1 (/opt/ros/rolling/share/rosidl_generator_cpp/cmake)
[0.933s] -- Using all available rosidl_typesupport_c: rosidl_typesupport_fastrtps_c;rosidl_typesupport_introspection_c
[0.959s] -- Using all available rosidl_typesupport_cpp: rosidl_typesupport_fastrtps_cpp;rosidl_typesupport_introspection_cpp
[1.080s] -- Found rmw_implementation_cmake: 6.4.0 (/opt/ros/rolling/share/rmw_implementation_cmake/cmake)
[1.085s] -- Found rmw_fastrtps_cpp: 6.5.0 (/opt/ros/rolling/share/rmw_fastrtps_cpp/cmake)
[1.219s] -- Found OpenSSL: /usr/lib/x86_64-linux-gnu/libcrypto.so (found version "3.0.2")  
[1.264s] -- Found FastRTPS: /opt/ros/rolling/include  
[1.340s] -- Using RMW implementation 'rmw_fastrtps_cpp' as default
[1.352s] -- Looking for pthread.h
[1.438s] -- Looking for pthread.h - found
[1.438s] -- Performing Test CMAKE_HAVE_LIBC_PTHREAD
[1.522s] -- Performing Test CMAKE_HAVE_LIBC_PTHREAD - Success
[1.524s] -- Found Threads: TRUE  
[1.715s] -- Found ament_lint_auto: 0.13.2 (/opt/ros/rolling/share/ament_lint_auto/cmake)
[1.888s] -- Added test 'cppcheck' to perform static code analysis on C / C++ code
[1.888s] -- Configured cppcheck include dirs: $<BUILD_INTERFACE:/home/gdtr/ros2/colcon_mk/src/time_demo/include>
[1.888s] -- Configured cppcheck exclude dirs and/or files: 
[1.890s] -- Added test 'lint_cmake' to check CMake code style
[1.893s] -- Added test 'uncrustify' to check C / C++ code style
[1.893s] -- Configured uncrustify additional arguments: 
[1.895s] -- Added test 'xmllint' to check XML markup files
[1.897s] -- Configuring done
[1.917s] -- Generating done
[1.919s] -- Build files have been written to: /home/gdtr/ros2/colcon_mk/build/time_demo
[1.939s] Invoked command in '/home/gdtr/ros2/colcon_mk/build/time_demo' returned '0': CMAKE_PREFIX_PATH=/opt/ros/rolling /usr/bin/cmake /home/gdtr/ros2/colcon_mk/src/time_demo -DCMAKE_INSTALL_PREFIX=/home/gdtr/ros2/colcon_mk/install/time_demo
[1.943s] Invoking command in '/home/gdtr/ros2/colcon_mk/build/time_demo': CMAKE_PREFIX_PATH=/opt/ros/rolling /usr/bin/cmake --build /home/gdtr/ros2/colcon_mk/build/time_demo -- -j8 -l8
[2.019s] [ 50%] [32mBuilding CXX object CMakeFiles/time_test.dir/src/time_test.cpp.o[0m
[5.439s] [100%] [32m[1mLinking CXX executable time_test[0m
[5.583s] [100%] Built target time_test
[5.602s] Invoked command in '/home/gdtr/ros2/colcon_mk/build/time_demo' returned '0': CMAKE_PREFIX_PATH=/opt/ros/rolling /usr/bin/cmake --build /home/gdtr/ros2/colcon_mk/build/time_demo -- -j8 -l8
[5.642s] Invoking command in '/home/gdtr/ros2/colcon_mk/build/time_demo': CMAKE_PREFIX_PATH=/opt/ros/rolling /usr/bin/cmake --install /home/gdtr/ros2/colcon_mk/build/time_demo
[5.651s] -- Install configuration: ""
[5.651s] -- Installing: /home/gdtr/ros2/colcon_mk/install/time_demo/lib/time_demo/time_test
[5.652s] -- Set runtime path of "/home/gdtr/ros2/colcon_mk/install/time_demo/lib/time_demo/time_test" to ""
[5.652s] -- Installing: /home/gdtr/ros2/colcon_mk/install/time_demo/share/ament_index/resource_index/package_run_dependencies/time_demo
[5.652s] -- Installing: /home/gdtr/ros2/colcon_mk/install/time_demo/share/ament_index/resource_index/parent_prefix_path/time_demo
[5.653s] -- Installing: /home/gdtr/ros2/colcon_mk/install/time_demo/share/time_demo/environment/ament_prefix_path.sh
[5.653s] -- Installing: /home/gdtr/ros2/colcon_mk/install/time_demo/share/time_demo/environment/ament_prefix_path.dsv
[5.653s] -- Installing: /home/gdtr/ros2/colcon_mk/install/time_demo/share/time_demo/environment/path.sh
[5.653s] -- Installing: /home/gdtr/ros2/colcon_mk/install/time_demo/share/time_demo/environment/path.dsv
[5.653s] -- Installing: /home/gdtr/ros2/colcon_mk/install/time_demo/share/time_demo/local_setup.bash
[5.654s] -- Installing: /home/gdtr/ros2/colcon_mk/install/time_demo/share/time_demo/local_setup.sh
[5.654s] -- Installing: /home/gdtr/ros2/colcon_mk/install/time_demo/share/time_demo/local_setup.zsh
[5.654s] -- Installing: /home/gdtr/ros2/colcon_mk/install/time_demo/share/time_demo/local_setup.dsv
[5.654s] -- Installing: /home/gdtr/ros2/colcon_mk/install/time_demo/share/time_demo/package.dsv
[5.654s] -- Installing: /home/gdtr/ros2/colcon_mk/install/time_demo/share/ament_index/resource_index/packages/time_demo
[5.655s] -- Installing: /home/gdtr/ros2/colcon_mk/install/time_demo/share/time_demo/cmake/time_demoConfig.cmake
[5.655s] -- Installing: /home/gdtr/ros2/colcon_mk/install/time_demo/share/time_demo/cmake/time_demoConfig-version.cmake
[5.655s] -- Installing: /home/gdtr/ros2/colcon_mk/install/time_demo/share/time_demo/package.xml
[5.658s] Invoked command in '/home/gdtr/ros2/colcon_mk/build/time_demo' returned '0': CMAKE_PREFIX_PATH=/opt/ros/rolling /usr/bin/cmake --install /home/gdtr/ros2/colcon_mk/build/time_demo
