running egg_info
creating ../../build/topic_demo_py/topic_demo_py.egg-info
writing ../../build/topic_demo_py/topic_demo_py.egg-info/PKG-INFO
writing dependency_links to ../../build/topic_demo_py/topic_demo_py.egg-info/dependency_links.txt
writing entry points to ../../build/topic_demo_py/topic_demo_py.egg-info/entry_points.txt
writing requirements to ../../build/topic_demo_py/topic_demo_py.egg-info/requires.txt
writing top-level names to ../../build/topic_demo_py/topic_demo_py.egg-info/top_level.txt
writing manifest file '../../build/topic_demo_py/topic_demo_py.egg-info/SOURCES.txt'
reading manifest file '../../build/topic_demo_py/topic_demo_py.egg-info/SOURCES.txt'
writing manifest file '../../build/topic_demo_py/topic_demo_py.egg-info/SOURCES.txt'
running build
running build_py
creating /home/gdtr/ros2/colcon_mk/build/topic_demo_py/build
creating /home/gdtr/ros2/colcon_mk/build/topic_demo_py/build/lib
creating /home/gdtr/ros2/colcon_mk/build/topic_demo_py/build/lib/topic_demo_py
copying topic_demo_py/__init__.py -> /home/gdtr/ros2/colcon_mk/build/topic_demo_py/build/lib/topic_demo_py
copying topic_demo_py/topic_talker_py.py -> /home/gdtr/ros2/colcon_mk/build/topic_demo_py/build/lib/topic_demo_py
running install
/usr/lib/python3/dist-packages/setuptools/command/install.py:34: SetuptoolsDeprecationWarning: setup.py install is deprecated. Use build and pip and other standards-based tools.
  warnings.warn(
running install_lib
creating /home/gdtr/ros2/colcon_mk/install/topic_demo_py/lib/python3.10/site-packages/topic_demo_py
copying /home/gdtr/ros2/colcon_mk/build/topic_demo_py/build/lib/topic_demo_py/__init__.py -> /home/gdtr/ros2/colcon_mk/install/topic_demo_py/lib/python3.10/site-packages/topic_demo_py
copying /home/gdtr/ros2/colcon_mk/build/topic_demo_py/build/lib/topic_demo_py/topic_talker_py.py -> /home/gdtr/ros2/colcon_mk/install/topic_demo_py/lib/python3.10/site-packages/topic_demo_py
byte-compiling /home/gdtr/ros2/colcon_mk/install/topic_demo_py/lib/python3.10/site-packages/topic_demo_py/__init__.py to __init__.cpython-310.pyc
byte-compiling /home/gdtr/ros2/colcon_mk/install/topic_demo_py/lib/python3.10/site-packages/topic_demo_py/topic_talker_py.py to topic_talker_py.cpython-310.pyc
running install_data
creating /home/gdtr/ros2/colcon_mk/install/topic_demo_py/share/ament_index
creating /home/gdtr/ros2/colcon_mk/install/topic_demo_py/share/ament_index/resource_index
creating /home/gdtr/ros2/colcon_mk/install/topic_demo_py/share/ament_index/resource_index/packages
copying resource/topic_demo_py -> /home/gdtr/ros2/colcon_mk/install/topic_demo_py/share/ament_index/resource_index/packages
copying package.xml -> /home/gdtr/ros2/colcon_mk/install/topic_demo_py/share/topic_demo_py
running install_egg_info
Copying ../../build/topic_demo_py/topic_demo_py.egg-info to /home/gdtr/ros2/colcon_mk/install/topic_demo_py/lib/python3.10/site-packages/topic_demo_py-0.0.0-py3.10.egg-info
running install_scripts
Installing topic_talker_py script to /home/gdtr/ros2/colcon_mk/install/topic_demo_py/lib/topic_demo_py
writing list of installed files to '/home/gdtr/ros2/colcon_mk/build/topic_demo_py/install.log'
