[0.913s] Invoking command in '/home/gdtr/ros2/colcon_mk/src/topic_demo_py': CMAKE_PREFIX_PATH=/home/gdtr/ros2/colcon_mk/install/plumbing_interface_demo:/home/gdtr/ros2/colcon_mk/install/topic_demo:/home/gdtr/ros2/colcon_mk/install/hello_world_node PYTHONPATH=/home/gdtr/ros2/colcon_mk/build/topic_demo_py/prefix_override:/home/gdtr/ros2/colcon_mk/install/topic_demo_py/lib/python3.10/site-packages:${PYTHONPATH} /usr/bin/python3 setup.py egg_info --egg-base ../../build/topic_demo_py build --build-base /home/gdtr/ros2/colcon_mk/build/topic_demo_py/build install --record /home/gdtr/ros2/colcon_mk/build/topic_demo_py/install.log --single-version-externally-managed
[1.204s] running egg_info
[1.204s] creating ../../build/topic_demo_py/topic_demo_py.egg-info
[1.205s] writing ../../build/topic_demo_py/topic_demo_py.egg-info/PKG-INFO
[1.205s] writing dependency_links to ../../build/topic_demo_py/topic_demo_py.egg-info/dependency_links.txt
[1.205s] writing entry points to ../../build/topic_demo_py/topic_demo_py.egg-info/entry_points.txt
[1.205s] writing requirements to ../../build/topic_demo_py/topic_demo_py.egg-info/requires.txt
[1.205s] writing top-level names to ../../build/topic_demo_py/topic_demo_py.egg-info/top_level.txt
[1.205s] writing manifest file '../../build/topic_demo_py/topic_demo_py.egg-info/SOURCES.txt'
[1.207s] reading manifest file '../../build/topic_demo_py/topic_demo_py.egg-info/SOURCES.txt'
[1.208s] writing manifest file '../../build/topic_demo_py/topic_demo_py.egg-info/SOURCES.txt'
[1.208s] running build
[1.208s] running build_py
[1.208s] creating /home/gdtr/ros2/colcon_mk/build/topic_demo_py/build
[1.208s] creating /home/gdtr/ros2/colcon_mk/build/topic_demo_py/build/lib
[1.209s] creating /home/gdtr/ros2/colcon_mk/build/topic_demo_py/build/lib/topic_demo_py
[1.209s] copying topic_demo_py/__init__.py -> /home/gdtr/ros2/colcon_mk/build/topic_demo_py/build/lib/topic_demo_py
[1.209s] copying topic_demo_py/topic_talker_py.py -> /home/gdtr/ros2/colcon_mk/build/topic_demo_py/build/lib/topic_demo_py
[1.209s] running install
[1.209s] /usr/lib/python3/dist-packages/setuptools/command/install.py:34: SetuptoolsDeprecationWarning: setup.py install is deprecated. Use build and pip and other standards-based tools.
[1.209s]   warnings.warn(
[1.209s] running install_lib
[1.210s] creating /home/gdtr/ros2/colcon_mk/install/topic_demo_py/lib/python3.10/site-packages/topic_demo_py
[1.210s] copying /home/gdtr/ros2/colcon_mk/build/topic_demo_py/build/lib/topic_demo_py/__init__.py -> /home/gdtr/ros2/colcon_mk/install/topic_demo_py/lib/python3.10/site-packages/topic_demo_py
[1.210s] copying /home/gdtr/ros2/colcon_mk/build/topic_demo_py/build/lib/topic_demo_py/topic_talker_py.py -> /home/gdtr/ros2/colcon_mk/install/topic_demo_py/lib/python3.10/site-packages/topic_demo_py
[1.211s] byte-compiling /home/gdtr/ros2/colcon_mk/install/topic_demo_py/lib/python3.10/site-packages/topic_demo_py/__init__.py to __init__.cpython-310.pyc
[1.211s] byte-compiling /home/gdtr/ros2/colcon_mk/install/topic_demo_py/lib/python3.10/site-packages/topic_demo_py/topic_talker_py.py to topic_talker_py.cpython-310.pyc
[1.212s] running install_data
[1.212s] creating /home/gdtr/ros2/colcon_mk/install/topic_demo_py/share/ament_index
[1.212s] creating /home/gdtr/ros2/colcon_mk/install/topic_demo_py/share/ament_index/resource_index
[1.213s] creating /home/gdtr/ros2/colcon_mk/install/topic_demo_py/share/ament_index/resource_index/packages
[1.213s] copying resource/topic_demo_py -> /home/gdtr/ros2/colcon_mk/install/topic_demo_py/share/ament_index/resource_index/packages
[1.213s] copying package.xml -> /home/gdtr/ros2/colcon_mk/install/topic_demo_py/share/topic_demo_py
[1.213s] running install_egg_info
[1.215s] Copying ../../build/topic_demo_py/topic_demo_py.egg-info to /home/gdtr/ros2/colcon_mk/install/topic_demo_py/lib/python3.10/site-packages/topic_demo_py-0.0.0-py3.10.egg-info
[1.216s] running install_scripts
[1.248s] Installing topic_talker_py script to /home/gdtr/ros2/colcon_mk/install/topic_demo_py/lib/topic_demo_py
[1.249s] writing list of installed files to '/home/gdtr/ros2/colcon_mk/build/topic_demo_py/install.log'
[1.281s] Invoked command in '/home/gdtr/ros2/colcon_mk/src/topic_demo_py' returned '0': CMAKE_PREFIX_PATH=/home/gdtr/ros2/colcon_mk/install/plumbing_interface_demo:/home/gdtr/ros2/colcon_mk/install/topic_demo:/home/gdtr/ros2/colcon_mk/install/hello_world_node PYTHONPATH=/home/gdtr/ros2/colcon_mk/build/topic_demo_py/prefix_override:/home/gdtr/ros2/colcon_mk/install/topic_demo_py/lib/python3.10/site-packages:${PYTHONPATH} /usr/bin/python3 setup.py egg_info --egg-base ../../build/topic_demo_py build --build-base /home/gdtr/ros2/colcon_mk/build/topic_demo_py/build install --record /home/gdtr/ros2/colcon_mk/build/topic_demo_py/install.log --single-version-externally-managed
