[0.018s] Invoking command in '/home/gdtr/ros2/colcon_mk/build/exercise_demo': CMAKE_PREFIX_PATH=/home/gdtr/ros2/colcon_mk/install/plumbing_interface_demo:/home/gdtr/ros2/colcon_mk/install/meta_package_demo:/home/gdtr/ros2/colcon_mk/install/topic_demo:/home/gdtr/ros2/colcon_mk/install/time_demo:/home/gdtr/ros2/colcon_mk/install/service_demo_py:/home/gdtr/ros2/colcon_mk/install/service_demo:/home/gdtr/ros2/colcon_mk/install/exercise_demo:/home/gdtr/ros2/colcon_mk/install/action_demo:/home/gdtr/ros2/colcon_mk/install/parameter_demo:/home/gdtr/ros2/colcon_mk/install/launch_demo:/home/gdtr/ros2/colcon_mk/install/hello_world_node:/home/gdtr/ros2/colcon_mk/install/topic_demo_py:/home/gdtr/ros2/colcon_mk/install/action_demo_py:/opt/ros/rolling /usr/bin/cmake --build /home/gdtr/ros2/colcon_mk/build/exercise_demo -- -j8 -l8
[0.054s] -- Found ament_cmake: 1.5.2 (/opt/ros/rolling/share/ament_cmake/cmake)
[0.248s] -- Found rclcpp: 19.0.0 (/opt/ros/rolling/share/rclcpp/cmake)
[0.302s] -- Found rosidl_generator_c: 3.3.1 (/opt/ros/rolling/share/rosidl_generator_c/cmake)
[0.311s] -- Found rosidl_generator_cpp: 3.3.1 (/opt/ros/rolling/share/rosidl_generator_cpp/cmake)
[0.327s] -- Using all available rosidl_typesupport_c: rosidl_typesupport_fastrtps_c;rosidl_typesupport_introspection_c
[0.351s] -- Using all available rosidl_typesupport_cpp: rosidl_typesupport_fastrtps_cpp;rosidl_typesupport_introspection_cpp
[0.435s] -- Found rmw_implementation_cmake: 6.4.0 (/opt/ros/rolling/share/rmw_implementation_cmake/cmake)
[0.437s] -- Found rmw_fastrtps_cpp: 6.5.0 (/opt/ros/rolling/share/rmw_fastrtps_cpp/cmake)
[0.682s] -- Using RMW implementation 'rmw_fastrtps_cpp' as default
[0.831s] -- Found turtlesim: 1.5.0 (/opt/ros/rolling/share/turtlesim/cmake)
[0.990s] -- Found plumbing_interface_demo: 0.0.0 (/home/gdtr/ros2/colcon_mk/install/plumbing_interface_demo/share/plumbing_interface_demo/cmake)
[1.051s] -- Found geometry_msgs: 4.6.1 (/opt/ros/rolling/share/geometry_msgs/cmake)
[1.162s] -- Found rclcpp_action: 19.0.0 (/opt/ros/rolling/share/rclcpp_action/cmake)
[1.209s] -- Found ament_lint_auto: 0.13.2 (/opt/ros/rolling/share/ament_lint_auto/cmake)
[1.295s] -- Added test 'cppcheck' to perform static code analysis on C / C++ code
[1.296s] -- Configured cppcheck include dirs: $<BUILD_INTERFACE:/home/gdtr/ros2/colcon_mk/src/exercise_demo/include>
[1.296s] -- Configured cppcheck exclude dirs and/or files: 
[1.296s] -- Added test 'flake8' to check Python code syntax and style conventions
[1.297s] -- Added test 'lint_cmake' to check CMake code style
[1.298s] -- Added test 'pep257' to check Python code against some of the docstring style conventions in PEP 257
[1.299s] -- Added test 'uncrustify' to check C / C++ code style
[1.299s] -- Configured uncrustify additional arguments: 
[1.299s] -- Added test 'xmllint' to check XML markup files
[1.300s] -- Configuring done
[1.336s] -- Generating done
[1.339s] -- Build files have been written to: /home/gdtr/ros2/colcon_mk/build/exercise_demo
[1.368s] [35m[1mConsolidate compiler generated dependencies of target eActionClient[0m
[1.368s] [35m[1mConsolidate compiler generated dependencies of target eTopic_talker[0m
[1.368s] [35m[1mConsolidate compiler generated dependencies of target eServiceServer[0m
[1.372s] [35m[1mConsolidate compiler generated dependencies of target eServiceClient[0m
[1.372s] [35m[1mConsolidate compiler generated dependencies of target eActionServer[0m
[1.379s] [ 10%] [32mBuilding CXX object CMakeFiles/eActionClient.dir/src/eActionClient.cpp.o[0m
[1.394s] [ 30%] Built target eServiceServer
[1.395s] [ 50%] Built target eTopic_talker
[1.398s] [ 70%] Built target eActionServer
[1.401s] [ 90%] Built target eServiceClient
[4.981s] [100%] [32m[1mLinking CXX executable eActionClient[0m
[5.192s] [100%] Built target eActionClient
[5.207s] Invoked command in '/home/gdtr/ros2/colcon_mk/build/exercise_demo' returned '0': CMAKE_PREFIX_PATH=/home/gdtr/ros2/colcon_mk/install/plumbing_interface_demo:/home/gdtr/ros2/colcon_mk/install/meta_package_demo:/home/gdtr/ros2/colcon_mk/install/topic_demo:/home/gdtr/ros2/colcon_mk/install/time_demo:/home/gdtr/ros2/colcon_mk/install/service_demo_py:/home/gdtr/ros2/colcon_mk/install/service_demo:/home/gdtr/ros2/colcon_mk/install/exercise_demo:/home/gdtr/ros2/colcon_mk/install/action_demo:/home/gdtr/ros2/colcon_mk/install/parameter_demo:/home/gdtr/ros2/colcon_mk/install/launch_demo:/home/gdtr/ros2/colcon_mk/install/hello_world_node:/home/gdtr/ros2/colcon_mk/install/topic_demo_py:/home/gdtr/ros2/colcon_mk/install/action_demo_py:/opt/ros/rolling /usr/bin/cmake --build /home/gdtr/ros2/colcon_mk/build/exercise_demo -- -j8 -l8
[5.266s] Invoking command in '/home/gdtr/ros2/colcon_mk/build/exercise_demo': CMAKE_PREFIX_PATH=/home/gdtr/ros2/colcon_mk/install/plumbing_interface_demo:/home/gdtr/ros2/colcon_mk/install/meta_package_demo:/home/gdtr/ros2/colcon_mk/install/topic_demo:/home/gdtr/ros2/colcon_mk/install/time_demo:/home/gdtr/ros2/colcon_mk/install/service_demo_py:/home/gdtr/ros2/colcon_mk/install/service_demo:/home/gdtr/ros2/colcon_mk/install/exercise_demo:/home/gdtr/ros2/colcon_mk/install/action_demo:/home/gdtr/ros2/colcon_mk/install/parameter_demo:/home/gdtr/ros2/colcon_mk/install/launch_demo:/home/gdtr/ros2/colcon_mk/install/hello_world_node:/home/gdtr/ros2/colcon_mk/install/topic_demo_py:/home/gdtr/ros2/colcon_mk/install/action_demo_py:/opt/ros/rolling /usr/bin/cmake --install /home/gdtr/ros2/colcon_mk/build/exercise_demo
[5.276s] -- Install configuration: ""
[5.276s] -- Installing: /home/gdtr/ros2/colcon_mk/install/exercise_demo/lib/exercise_demo/eTopic_talker
[5.284s] -- Set runtime path of "/home/gdtr/ros2/colcon_mk/install/exercise_demo/lib/exercise_demo/eTopic_talker" to ""
[5.284s] -- Installing: /home/gdtr/ros2/colcon_mk/install/exercise_demo/lib/exercise_demo/eServiceServer
[5.292s] -- Set runtime path of "/home/gdtr/ros2/colcon_mk/install/exercise_demo/lib/exercise_demo/eServiceServer" to ""
[5.292s] -- Installing: /home/gdtr/ros2/colcon_mk/install/exercise_demo/lib/exercise_demo/eServiceClient
[5.295s] -- Set runtime path of "/home/gdtr/ros2/colcon_mk/install/exercise_demo/lib/exercise_demo/eServiceClient" to ""
[5.295s] -- Installing: /home/gdtr/ros2/colcon_mk/install/exercise_demo/lib/exercise_demo/eActionServer
[5.297s] -- Set runtime path of "/home/gdtr/ros2/colcon_mk/install/exercise_demo/lib/exercise_demo/eActionServer" to ""
[5.297s] -- Installing: /home/gdtr/ros2/colcon_mk/install/exercise_demo/lib/exercise_demo/eActionClient
[5.297s] -- Set runtime path of "/home/gdtr/ros2/colcon_mk/install/exercise_demo/lib/exercise_demo/eActionClient" to ""
[5.298s] -- Up-to-date: /home/gdtr/ros2/colcon_mk/install/exercise_demo/share/exercise_demo/launch
[5.298s] -- Installing: /home/gdtr/ros2/colcon_mk/install/exercise_demo/share/exercise_demo/launch/eActionServer.py
[5.298s] -- Up-to-date: /home/gdtr/ros2/colcon_mk/install/exercise_demo/share/exercise_demo/launch/eServiceServer.py
[5.298s] -- Up-to-date: /home/gdtr/ros2/colcon_mk/install/exercise_demo/share/exercise_demo/launch/eServiceClient.py
[5.298s] -- Installing: /home/gdtr/ros2/colcon_mk/install/exercise_demo/share/exercise_demo/launch/eActionClient.py
[5.298s] -- Up-to-date: /home/gdtr/ros2/colcon_mk/install/exercise_demo/share/exercise_demo/launch/imageTurtle.py
[5.298s] -- Up-to-date: /home/gdtr/ros2/colcon_mk/install/exercise_demo/share/ament_index/resource_index/package_run_dependencies/exercise_demo
[5.298s] -- Up-to-date: /home/gdtr/ros2/colcon_mk/install/exercise_demo/share/ament_index/resource_index/parent_prefix_path/exercise_demo
[5.299s] -- Up-to-date: /home/gdtr/ros2/colcon_mk/install/exercise_demo/share/exercise_demo/environment/ament_prefix_path.sh
[5.299s] -- Installing: /home/gdtr/ros2/colcon_mk/install/exercise_demo/share/exercise_demo/environment/ament_prefix_path.dsv
[5.299s] -- Up-to-date: /home/gdtr/ros2/colcon_mk/install/exercise_demo/share/exercise_demo/environment/path.sh
[5.299s] -- Installing: /home/gdtr/ros2/colcon_mk/install/exercise_demo/share/exercise_demo/environment/path.dsv
[5.299s] -- Up-to-date: /home/gdtr/ros2/colcon_mk/install/exercise_demo/share/exercise_demo/local_setup.bash
[5.299s] -- Up-to-date: /home/gdtr/ros2/colcon_mk/install/exercise_demo/share/exercise_demo/local_setup.sh
[5.300s] -- Up-to-date: /home/gdtr/ros2/colcon_mk/install/exercise_demo/share/exercise_demo/local_setup.zsh
[5.300s] -- Installing: /home/gdtr/ros2/colcon_mk/install/exercise_demo/share/exercise_demo/local_setup.dsv
[5.300s] -- Installing: /home/gdtr/ros2/colcon_mk/install/exercise_demo/share/exercise_demo/package.dsv
[5.300s] -- Up-to-date: /home/gdtr/ros2/colcon_mk/install/exercise_demo/share/ament_index/resource_index/packages/exercise_demo
[5.300s] -- Up-to-date: /home/gdtr/ros2/colcon_mk/install/exercise_demo/share/exercise_demo/cmake/exercise_demoConfig.cmake
[5.300s] -- Up-to-date: /home/gdtr/ros2/colcon_mk/install/exercise_demo/share/exercise_demo/cmake/exercise_demoConfig-version.cmake
[5.300s] -- Up-to-date: /home/gdtr/ros2/colcon_mk/install/exercise_demo/share/exercise_demo/package.xml
[5.303s] Invoked command in '/home/gdtr/ros2/colcon_mk/build/exercise_demo' returned '0': CMAKE_PREFIX_PATH=/home/gdtr/ros2/colcon_mk/install/plumbing_interface_demo:/home/gdtr/ros2/colcon_mk/install/meta_package_demo:/home/gdtr/ros2/colcon_mk/install/topic_demo:/home/gdtr/ros2/colcon_mk/install/time_demo:/home/gdtr/ros2/colcon_mk/install/service_demo_py:/home/gdtr/ros2/colcon_mk/install/service_demo:/home/gdtr/ros2/colcon_mk/install/exercise_demo:/home/gdtr/ros2/colcon_mk/install/action_demo:/home/gdtr/ros2/colcon_mk/install/parameter_demo:/home/gdtr/ros2/colcon_mk/install/launch_demo:/home/gdtr/ros2/colcon_mk/install/hello_world_node:/home/gdtr/ros2/colcon_mk/install/topic_demo_py:/home/gdtr/ros2/colcon_mk/install/action_demo_py:/opt/ros/rolling /usr/bin/cmake --install /home/gdtr/ros2/colcon_mk/build/exercise_demo
