[  2%] Built target plumbing_interface_demo__cpp
[  6%] Built target plumbing_interface_node
[ 16%] Built target plumbing_interface_demo__rosidl_generator_c
[ 16%] Built target ament_cmake_python_copy_plumbing_interface_demo
[ 26%] Built target plumbing_interface_demo__rosidl_typesupport_introspection_cpp
[ 36%] Built target plumbing_interface_demo__rosidl_typesupport_cpp
[ 46%] Built target plumbing_interface_demo__rosidl_typesupport_fastrtps_cpp
[ 57%] Built target plumbing_interface_demo__rosidl_typesupport_introspection_c
[ 73%] Built target plumbing_interface_demo__rosidl_typesupport_fastrtps_c
[ 77%] Built target plumbing_interface_demo__rosidl_typesupport_c
[ 77%] Built target plumbing_interface_demo
[ 79%] Built target plumbing_interface_demo__py
[ 87%] Built target plumbing_interface_demo__rosidl_generator_py
[ 91%] Built target plumbing_interface_demo__rosidl_typesupport_introspection_c__pyext
[100%] Built target plumbing_interface_demo__rosidl_typesupport_fastrtps_c__pyext
[100%] Built target plumbing_interface_demo__rosidl_typesupport_c__pyext
running egg_info
writing plumbing_interface_demo.egg-info/PKG-INFO
writing dependency_links to plumbing_interface_demo.egg-info/dependency_links.txt
writing top-level names to plumbing_interface_demo.egg-info/top_level.txt
reading manifest file 'plumbing_interface_demo.egg-info/SOURCES.txt'
writing manifest file 'plumbing_interface_demo.egg-info/SOURCES.txt'
[100%] Built target ament_cmake_python_build_plumbing_interface_demo_egg
