[0.044s] Invoking command in '/home/gdtr/ros2/colcon_mk/build/plumbing_interface_demo': CMAKE_PREFIX_PATH=${CMAKE_PREFIX_PATH}:/home/gdtr/ros2/colcon_mk/install/topic_demo_py:/opt/ros/rolling /usr/bin/cmake --build /home/gdtr/ros2/colcon_mk/build/plumbing_interface_demo -- -j8 -l8
[0.145s] [  2%] Built target plumbing_interface_demo__cpp
[0.147s] [  6%] Built target plumbing_interface_node
[0.155s] [ 16%] Built target plumbing_interface_demo__rosidl_generator_c
[0.174s] [ 16%] Built target ament_cmake_python_copy_plumbing_interface_demo
[0.195s] [ 26%] Built target plumbing_interface_demo__rosidl_typesupport_introspection_cpp
[0.197s] [ 36%] Built target plumbing_interface_demo__rosidl_typesupport_cpp
[0.203s] [ 46%] Built target plumbing_interface_demo__rosidl_typesupport_fastrtps_cpp
[0.204s] [ 57%] Built target plumbing_interface_demo__rosidl_typesupport_introspection_c
[0.205s] [ 73%] Built target plumbing_interface_demo__rosidl_typesupport_fastrtps_c
[0.205s] [ 77%] Built target plumbing_interface_demo__rosidl_typesupport_c
[0.231s] [ 77%] Built target plumbing_interface_demo
[0.261s] [ 79%] Built target plumbing_interface_demo__py
[0.291s] [ 87%] Built target plumbing_interface_demo__rosidl_generator_py
[0.322s] [ 91%] Built target plumbing_interface_demo__rosidl_typesupport_introspection_c__pyext
[0.329s] [100%] Built target plumbing_interface_demo__rosidl_typesupport_fastrtps_c__pyext
[0.330s] [100%] Built target plumbing_interface_demo__rosidl_typesupport_c__pyext
[0.676s] running egg_info
[0.677s] writing plumbing_interface_demo.egg-info/PKG-INFO
[0.677s] writing dependency_links to plumbing_interface_demo.egg-info/dependency_links.txt
[0.677s] writing top-level names to plumbing_interface_demo.egg-info/top_level.txt
[0.682s] reading manifest file 'plumbing_interface_demo.egg-info/SOURCES.txt'
[0.684s] writing manifest file 'plumbing_interface_demo.egg-info/SOURCES.txt'
[0.712s] [100%] Built target ament_cmake_python_build_plumbing_interface_demo_egg
