[0.021s] Invoking command in '/home/gdtr/ros2/colcon_mk/build/exercise_demo': CMAKE_PREFIX_PATH=/home/gdtr/ros2/colcon_mk/install/plumbing_interface_demo:/home/gdtr/ros2/colcon_mk/install/meta_package_demo:/home/gdtr/ros2/colcon_mk/install/time_demo:/home/gdtr/ros2/colcon_mk/install/exercise_demo:/home/gdtr/ros2/colcon_mk/install/launch_demo:/home/gdtr/ros2/colcon_mk/install/topic_demo:/home/gdtr/ros2/colcon_mk/install/service_demo_py:/home/gdtr/ros2/colcon_mk/install/service_demo:/home/gdtr/ros2/colcon_mk/install/action_demo:/home/gdtr/ros2/colcon_mk/install/parameter_demo:/home/gdtr/ros2/colcon_mk/install/hello_world_node:/home/gdtr/ros2/colcon_mk/install/topic_demo_py:/home/gdtr/ros2/colcon_mk/install/action_demo_py:/opt/ros/rolling /usr/bin/cmake --build /home/gdtr/ros2/colcon_mk/build/exercise_demo -- -j8 -l8
[0.070s] [35m[1mConsolidate compiler generated dependencies of target eTopic_talker[0m
[0.090s] [ 50%] [32mBuilding CXX object CMakeFiles/eTopic_talker.dir/src/eTopic_talker.cpp.o[0m
[9.338s] [100%] [32m[1mLinking CXX executable eTopic_talker[0m
[9.882s] [100%] Built target eTopic_talker
[9.898s] Invoked command in '/home/gdtr/ros2/colcon_mk/build/exercise_demo' returned '0': CMAKE_PREFIX_PATH=/home/gdtr/ros2/colcon_mk/install/plumbing_interface_demo:/home/gdtr/ros2/colcon_mk/install/meta_package_demo:/home/gdtr/ros2/colcon_mk/install/time_demo:/home/gdtr/ros2/colcon_mk/install/exercise_demo:/home/gdtr/ros2/colcon_mk/install/launch_demo:/home/gdtr/ros2/colcon_mk/install/topic_demo:/home/gdtr/ros2/colcon_mk/install/service_demo_py:/home/gdtr/ros2/colcon_mk/install/service_demo:/home/gdtr/ros2/colcon_mk/install/action_demo:/home/gdtr/ros2/colcon_mk/install/parameter_demo:/home/gdtr/ros2/colcon_mk/install/hello_world_node:/home/gdtr/ros2/colcon_mk/install/topic_demo_py:/home/gdtr/ros2/colcon_mk/install/action_demo_py:/opt/ros/rolling /usr/bin/cmake --build /home/gdtr/ros2/colcon_mk/build/exercise_demo -- -j8 -l8
[9.946s] Invoking command in '/home/gdtr/ros2/colcon_mk/build/exercise_demo': CMAKE_PREFIX_PATH=/home/gdtr/ros2/colcon_mk/install/plumbing_interface_demo:/home/gdtr/ros2/colcon_mk/install/meta_package_demo:/home/gdtr/ros2/colcon_mk/install/time_demo:/home/gdtr/ros2/colcon_mk/install/exercise_demo:/home/gdtr/ros2/colcon_mk/install/launch_demo:/home/gdtr/ros2/colcon_mk/install/topic_demo:/home/gdtr/ros2/colcon_mk/install/service_demo_py:/home/gdtr/ros2/colcon_mk/install/service_demo:/home/gdtr/ros2/colcon_mk/install/action_demo:/home/gdtr/ros2/colcon_mk/install/parameter_demo:/home/gdtr/ros2/colcon_mk/install/hello_world_node:/home/gdtr/ros2/colcon_mk/install/topic_demo_py:/home/gdtr/ros2/colcon_mk/install/action_demo_py:/opt/ros/rolling /usr/bin/cmake --install /home/gdtr/ros2/colcon_mk/build/exercise_demo
[9.958s] -- Install configuration: ""
[9.958s] -- Installing: /home/gdtr/ros2/colcon_mk/install/exercise_demo/lib/exercise_demo/eTopic_talker
[9.964s] -- Set runtime path of "/home/gdtr/ros2/colcon_mk/install/exercise_demo/lib/exercise_demo/eTopic_talker" to ""
[9.964s] -- Up-to-date: /home/gdtr/ros2/colcon_mk/install/exercise_demo/share/exercise_demo/launch
[9.964s] -- Up-to-date: /home/gdtr/ros2/colcon_mk/install/exercise_demo/share/exercise_demo/launch/imageTurtle.py
[9.965s] -- Up-to-date: /home/gdtr/ros2/colcon_mk/install/exercise_demo/share/ament_index/resource_index/package_run_dependencies/exercise_demo
[9.965s] -- Up-to-date: /home/gdtr/ros2/colcon_mk/install/exercise_demo/share/ament_index/resource_index/parent_prefix_path/exercise_demo
[9.965s] -- Up-to-date: /home/gdtr/ros2/colcon_mk/install/exercise_demo/share/exercise_demo/environment/ament_prefix_path.sh
[9.965s] -- Up-to-date: /home/gdtr/ros2/colcon_mk/install/exercise_demo/share/exercise_demo/environment/ament_prefix_path.dsv
[9.966s] -- Up-to-date: /home/gdtr/ros2/colcon_mk/install/exercise_demo/share/exercise_demo/environment/path.sh
[9.966s] -- Up-to-date: /home/gdtr/ros2/colcon_mk/install/exercise_demo/share/exercise_demo/environment/path.dsv
[9.966s] -- Up-to-date: /home/gdtr/ros2/colcon_mk/install/exercise_demo/share/exercise_demo/local_setup.bash
[9.966s] -- Up-to-date: /home/gdtr/ros2/colcon_mk/install/exercise_demo/share/exercise_demo/local_setup.sh
[9.966s] -- Up-to-date: /home/gdtr/ros2/colcon_mk/install/exercise_demo/share/exercise_demo/local_setup.zsh
[9.966s] -- Up-to-date: /home/gdtr/ros2/colcon_mk/install/exercise_demo/share/exercise_demo/local_setup.dsv
[9.966s] -- Installing: /home/gdtr/ros2/colcon_mk/install/exercise_demo/share/exercise_demo/package.dsv
[9.967s] -- Up-to-date: /home/gdtr/ros2/colcon_mk/install/exercise_demo/share/ament_index/resource_index/packages/exercise_demo
[9.967s] -- Up-to-date: /home/gdtr/ros2/colcon_mk/install/exercise_demo/share/exercise_demo/cmake/exercise_demoConfig.cmake
[9.967s] -- Up-to-date: /home/gdtr/ros2/colcon_mk/install/exercise_demo/share/exercise_demo/cmake/exercise_demoConfig-version.cmake
[9.967s] -- Up-to-date: /home/gdtr/ros2/colcon_mk/install/exercise_demo/share/exercise_demo/package.xml
[9.969s] Invoked command in '/home/gdtr/ros2/colcon_mk/build/exercise_demo' returned '0': CMAKE_PREFIX_PATH=/home/gdtr/ros2/colcon_mk/install/plumbing_interface_demo:/home/gdtr/ros2/colcon_mk/install/meta_package_demo:/home/gdtr/ros2/colcon_mk/install/time_demo:/home/gdtr/ros2/colcon_mk/install/exercise_demo:/home/gdtr/ros2/colcon_mk/install/launch_demo:/home/gdtr/ros2/colcon_mk/install/topic_demo:/home/gdtr/ros2/colcon_mk/install/service_demo_py:/home/gdtr/ros2/colcon_mk/install/service_demo:/home/gdtr/ros2/colcon_mk/install/action_demo:/home/gdtr/ros2/colcon_mk/install/parameter_demo:/home/gdtr/ros2/colcon_mk/install/hello_world_node:/home/gdtr/ros2/colcon_mk/install/topic_demo_py:/home/gdtr/ros2/colcon_mk/install/action_demo_py:/opt/ros/rolling /usr/bin/cmake --install /home/gdtr/ros2/colcon_mk/build/exercise_demo
