[0.049s] Invoking command in '/home/gdtr/ros2/colcon_mk/build/hello_world_node': CMAKE_PREFIX_PATH=/opt/ros/rolling /usr/bin/cmake --build /home/gdtr/ros2/colcon_mk/build/hello_world_node -- -j8 -l8
[0.554s] [35m[1mConsolidate compiler generated dependencies of target hello_world[0m
[0.680s] [100%] Built target hello_world
[0.737s] Invoked command in '/home/gdtr/ros2/colcon_mk/build/hello_world_node' returned '0': CMAKE_PREFIX_PATH=/opt/ros/rolling /usr/bin/cmake --build /home/gdtr/ros2/colcon_mk/build/hello_world_node -- -j8 -l8
[0.914s] Invoking command in '/home/gdtr/ros2/colcon_mk/build/hello_world_node': CMAKE_PREFIX_PATH=/opt/ros/rolling /usr/bin/cmake --install /home/gdtr/ros2/colcon_mk/build/hello_world_node
[0.978s] -- Install configuration: ""
[0.987s] -- Up-to-date: /home/gdtr/ros2/colcon_mk/install/hello_world_node/lib/hello_world_node/hello_world
[0.994s] -- Up-to-date: /home/gdtr/ros2/colcon_mk/install/hello_world_node/share/ament_index/resource_index/package_run_dependencies/hello_world_node
[0.994s] -- Up-to-date: /home/gdtr/ros2/colcon_mk/install/hello_world_node/share/ament_index/resource_index/parent_prefix_path/hello_world_node
[0.995s] -- Up-to-date: /home/gdtr/ros2/colcon_mk/install/hello_world_node/share/hello_world_node/environment/ament_prefix_path.sh
[0.996s] -- Up-to-date: /home/gdtr/ros2/colcon_mk/install/hello_world_node/share/hello_world_node/environment/ament_prefix_path.dsv
[0.998s] -- Up-to-date: /home/gdtr/ros2/colcon_mk/install/hello_world_node/share/hello_world_node/environment/path.sh
[1.000s] -- Up-to-date: /home/gdtr/ros2/colcon_mk/install/hello_world_node/share/hello_world_node/environment/path.dsv
[1.001s] -- Up-to-date: /home/gdtr/ros2/colcon_mk/install/hello_world_node/share/hello_world_node/local_setup.bash
[1.001s] -- Up-to-date: /home/gdtr/ros2/colcon_mk/install/hello_world_node/share/hello_world_node/local_setup.sh
[1.015s] -- Up-to-date: /home/gdtr/ros2/colcon_mk/install/hello_world_node/share/hello_world_node/local_setup.zsh
[1.016s] -- Up-to-date: /home/gdtr/ros2/colcon_mk/install/hello_world_node/share/hello_world_node/local_setup.dsv
[1.016s] -- Installing: /home/gdtr/ros2/colcon_mk/install/hello_world_node/share/hello_world_node/package.dsv
[1.017s] -- Up-to-date: /home/gdtr/ros2/colcon_mk/install/hello_world_node/share/ament_index/resource_index/packages/hello_world_node
[1.021s] -- Up-to-date: /home/gdtr/ros2/colcon_mk/install/hello_world_node/share/hello_world_node/cmake/hello_world_nodeConfig.cmake
[1.025s] -- Up-to-date: /home/gdtr/ros2/colcon_mk/install/hello_world_node/share/hello_world_node/cmake/hello_world_nodeConfig-version.cmake
[1.025s] -- Up-to-date: /home/gdtr/ros2/colcon_mk/install/hello_world_node/share/hello_world_node/package.xml
[1.026s] Invoked command in '/home/gdtr/ros2/colcon_mk/build/hello_world_node' returned '0': CMAKE_PREFIX_PATH=/opt/ros/rolling /usr/bin/cmake --install /home/gdtr/ros2/colcon_mk/build/hello_world_node
