[0.028s] Invoking command in '/home/gdtr/ros2/colcon_mk/build/hello_world_node': CMAKE_PREFIX_PATH=/opt/ros/rolling /usr/bin/cmake --build /home/gdtr/ros2/colcon_mk/build/hello_world_node -- -j8 -l8
[0.190s] -- Found ament_cmake: 1.5.2 (/opt/ros/rolling/share/ament_cmake/cmake)
[0.571s] -- Found rclcpp: 19.0.0 (/opt/ros/rolling/share/rclcpp/cmake)
[0.678s] -- Found rosidl_generator_c: 3.3.1 (/opt/ros/rolling/share/rosidl_generator_c/cmake)
[0.691s] -- Found rosidl_generator_cpp: 3.3.1 (/opt/ros/rolling/share/rosidl_generator_cpp/cmake)
[0.711s] -- Using all available rosidl_typesupport_c: rosidl_typesupport_fastrtps_c;rosidl_typesupport_introspection_c
[0.739s] -- Using all available rosidl_typesupport_cpp: rosidl_typesupport_fastrtps_cpp;rosidl_typesupport_introspection_cpp
[0.822s] -- Found rmw_implementation_cmake: 6.4.0 (/opt/ros/rolling/share/rmw_implementation_cmake/cmake)
[0.826s] -- Found rmw_fastrtps_cpp: 6.5.0 (/opt/ros/rolling/share/rmw_fastrtps_cpp/cmake)
[1.064s] -- Using RMW implementation 'rmw_fastrtps_cpp' as default
[1.245s] -- Found ament_lint_auto: 0.13.2 (/opt/ros/rolling/share/ament_lint_auto/cmake)
[1.334s] -- Added test 'cppcheck' to perform static code analysis on C / C++ code
[1.335s] -- Configured cppcheck include dirs: $<BUILD_INTERFACE:/home/gdtr/ros2/colcon_mk/src/hello_world_node/include>
[1.335s] -- Configured cppcheck exclude dirs and/or files: 
[1.335s] -- Added test 'lint_cmake' to check CMake code style
[1.338s] -- Added test 'uncrustify' to check C / C++ code style
[1.338s] -- Configured uncrustify additional arguments: 
[1.339s] -- Added test 'xmllint' to check XML markup files
[1.341s] -- Configuring done
[1.357s] -- Generating done
[1.358s] -- Build files have been written to: /home/gdtr/ros2/colcon_mk/build/hello_world_node
[1.395s] [35m[1mConsolidate compiler generated dependencies of target hello_world[0m
[1.418s] [ 50%] [32mBuilding CXX object CMakeFiles/hello_world.dir/src/hello_world.cpp.o[0m
[5.567s] [100%] [32m[1mLinking CXX executable hello_world[0m
[5.781s] [100%] Built target hello_world
[5.796s] Invoked command in '/home/gdtr/ros2/colcon_mk/build/hello_world_node' returned '0': CMAKE_PREFIX_PATH=/opt/ros/rolling /usr/bin/cmake --build /home/gdtr/ros2/colcon_mk/build/hello_world_node -- -j8 -l8
[5.841s] Invoking command in '/home/gdtr/ros2/colcon_mk/build/hello_world_node': CMAKE_PREFIX_PATH=/opt/ros/rolling /usr/bin/cmake --install /home/gdtr/ros2/colcon_mk/build/hello_world_node
[5.855s] -- Install configuration: ""
[5.856s] -- Installing: /home/gdtr/ros2/colcon_mk/install/hello_world_node/lib/hello_world_node/hello_world
[5.857s] -- Set runtime path of "/home/gdtr/ros2/colcon_mk/install/hello_world_node/lib/hello_world_node/hello_world" to ""
[5.857s] -- Up-to-date: /home/gdtr/ros2/colcon_mk/install/hello_world_node/share/ament_index/resource_index/package_run_dependencies/hello_world_node
[5.858s] -- Up-to-date: /home/gdtr/ros2/colcon_mk/install/hello_world_node/share/ament_index/resource_index/parent_prefix_path/hello_world_node
[5.858s] -- Up-to-date: /home/gdtr/ros2/colcon_mk/install/hello_world_node/share/hello_world_node/environment/ament_prefix_path.sh
[5.858s] -- Installing: /home/gdtr/ros2/colcon_mk/install/hello_world_node/share/hello_world_node/environment/ament_prefix_path.dsv
[5.859s] -- Up-to-date: /home/gdtr/ros2/colcon_mk/install/hello_world_node/share/hello_world_node/environment/path.sh
[5.859s] -- Installing: /home/gdtr/ros2/colcon_mk/install/hello_world_node/share/hello_world_node/environment/path.dsv
[5.859s] -- Up-to-date: /home/gdtr/ros2/colcon_mk/install/hello_world_node/share/hello_world_node/local_setup.bash
[5.859s] -- Up-to-date: /home/gdtr/ros2/colcon_mk/install/hello_world_node/share/hello_world_node/local_setup.sh
[5.859s] -- Up-to-date: /home/gdtr/ros2/colcon_mk/install/hello_world_node/share/hello_world_node/local_setup.zsh
[5.859s] -- Installing: /home/gdtr/ros2/colcon_mk/install/hello_world_node/share/hello_world_node/local_setup.dsv
[5.860s] -- Installing: /home/gdtr/ros2/colcon_mk/install/hello_world_node/share/hello_world_node/package.dsv
[5.860s] -- Up-to-date: /home/gdtr/ros2/colcon_mk/install/hello_world_node/share/ament_index/resource_index/packages/hello_world_node
[5.860s] -- Up-to-date: /home/gdtr/ros2/colcon_mk/install/hello_world_node/share/hello_world_node/cmake/hello_world_nodeConfig.cmake
[5.860s] -- Up-to-date: /home/gdtr/ros2/colcon_mk/install/hello_world_node/share/hello_world_node/cmake/hello_world_nodeConfig-version.cmake
[5.860s] -- Up-to-date: /home/gdtr/ros2/colcon_mk/install/hello_world_node/share/hello_world_node/package.xml
[5.865s] Invoked command in '/home/gdtr/ros2/colcon_mk/build/hello_world_node' returned '0': CMAKE_PREFIX_PATH=/opt/ros/rolling /usr/bin/cmake --install /home/gdtr/ros2/colcon_mk/build/hello_world_node
