[0.017s] Invoking command in '/home/gdtr/ros2/colcon_mk/build/exercise_demo': CMAKE_PREFIX_PATH=/home/gdtr/ros2/colcon_mk/install/plumbing_interface_demo:/home/gdtr/ros2/colcon_mk/install/meta_package_demo:/home/gdtr/ros2/colcon_mk/install/topic_demo:/home/gdtr/ros2/colcon_mk/install/time_demo:/home/gdtr/ros2/colcon_mk/install/service_demo_py:/home/gdtr/ros2/colcon_mk/install/service_demo:/home/gdtr/ros2/colcon_mk/install/exercise_demo:/home/gdtr/ros2/colcon_mk/install/action_demo:/home/gdtr/ros2/colcon_mk/install/parameter_demo:/home/gdtr/ros2/colcon_mk/install/launch_demo:/home/gdtr/ros2/colcon_mk/install/hello_world_node:/home/gdtr/ros2/colcon_mk/install/topic_demo_py:/home/gdtr/ros2/colcon_mk/install/action_demo_py:/opt/ros/rolling /usr/bin/cmake --build /home/gdtr/ros2/colcon_mk/build/exercise_demo -- -j8 -l8
[0.066s] [35m[1mConsolidate compiler generated dependencies of target eServiceClient[0m
[0.083s] [ 33%] Built target eServiceServer
[0.086s] [ 66%] Built target eTopic_talker
[0.089s] [100%] Built target eServiceClient
[0.101s] Invoked command in '/home/gdtr/ros2/colcon_mk/build/exercise_demo' returned '0': CMAKE_PREFIX_PATH=/home/gdtr/ros2/colcon_mk/install/plumbing_interface_demo:/home/gdtr/ros2/colcon_mk/install/meta_package_demo:/home/gdtr/ros2/colcon_mk/install/topic_demo:/home/gdtr/ros2/colcon_mk/install/time_demo:/home/gdtr/ros2/colcon_mk/install/service_demo_py:/home/gdtr/ros2/colcon_mk/install/service_demo:/home/gdtr/ros2/colcon_mk/install/exercise_demo:/home/gdtr/ros2/colcon_mk/install/action_demo:/home/gdtr/ros2/colcon_mk/install/parameter_demo:/home/gdtr/ros2/colcon_mk/install/launch_demo:/home/gdtr/ros2/colcon_mk/install/hello_world_node:/home/gdtr/ros2/colcon_mk/install/topic_demo_py:/home/gdtr/ros2/colcon_mk/install/action_demo_py:/opt/ros/rolling /usr/bin/cmake --build /home/gdtr/ros2/colcon_mk/build/exercise_demo -- -j8 -l8
[0.148s] Invoking command in '/home/gdtr/ros2/colcon_mk/build/exercise_demo': CMAKE_PREFIX_PATH=/home/gdtr/ros2/colcon_mk/install/plumbing_interface_demo:/home/gdtr/ros2/colcon_mk/install/meta_package_demo:/home/gdtr/ros2/colcon_mk/install/topic_demo:/home/gdtr/ros2/colcon_mk/install/time_demo:/home/gdtr/ros2/colcon_mk/install/service_demo_py:/home/gdtr/ros2/colcon_mk/install/service_demo:/home/gdtr/ros2/colcon_mk/install/exercise_demo:/home/gdtr/ros2/colcon_mk/install/action_demo:/home/gdtr/ros2/colcon_mk/install/parameter_demo:/home/gdtr/ros2/colcon_mk/install/launch_demo:/home/gdtr/ros2/colcon_mk/install/hello_world_node:/home/gdtr/ros2/colcon_mk/install/topic_demo_py:/home/gdtr/ros2/colcon_mk/install/action_demo_py:/opt/ros/rolling /usr/bin/cmake --install /home/gdtr/ros2/colcon_mk/build/exercise_demo
[0.156s] -- Install configuration: ""
[0.156s] -- Up-to-date: /home/gdtr/ros2/colcon_mk/install/exercise_demo/lib/exercise_demo/eTopic_talker
[0.157s] -- Up-to-date: /home/gdtr/ros2/colcon_mk/install/exercise_demo/lib/exercise_demo/eServiceServer
[0.157s] -- Up-to-date: /home/gdtr/ros2/colcon_mk/install/exercise_demo/lib/exercise_demo/eServiceClient
[0.158s] -- Up-to-date: /home/gdtr/ros2/colcon_mk/install/exercise_demo/share/exercise_demo/launch
[0.158s] -- Up-to-date: /home/gdtr/ros2/colcon_mk/install/exercise_demo/share/exercise_demo/launch/eServiceServer.py
[0.158s] -- Installing: /home/gdtr/ros2/colcon_mk/install/exercise_demo/share/exercise_demo/launch/eServiceClient.py
[0.158s] -- Up-to-date: /home/gdtr/ros2/colcon_mk/install/exercise_demo/share/exercise_demo/launch/imageTurtle.py
[0.158s] -- Up-to-date: /home/gdtr/ros2/colcon_mk/install/exercise_demo/share/ament_index/resource_index/package_run_dependencies/exercise_demo
[0.158s] -- Up-to-date: /home/gdtr/ros2/colcon_mk/install/exercise_demo/share/ament_index/resource_index/parent_prefix_path/exercise_demo
[0.159s] -- Up-to-date: /home/gdtr/ros2/colcon_mk/install/exercise_demo/share/exercise_demo/environment/ament_prefix_path.sh
[0.159s] -- Up-to-date: /home/gdtr/ros2/colcon_mk/install/exercise_demo/share/exercise_demo/environment/ament_prefix_path.dsv
[0.159s] -- Up-to-date: /home/gdtr/ros2/colcon_mk/install/exercise_demo/share/exercise_demo/environment/path.sh
[0.159s] -- Up-to-date: /home/gdtr/ros2/colcon_mk/install/exercise_demo/share/exercise_demo/environment/path.dsv
[0.159s] -- Up-to-date: /home/gdtr/ros2/colcon_mk/install/exercise_demo/share/exercise_demo/local_setup.bash
[0.159s] -- Up-to-date: /home/gdtr/ros2/colcon_mk/install/exercise_demo/share/exercise_demo/local_setup.sh
[0.159s] -- Up-to-date: /home/gdtr/ros2/colcon_mk/install/exercise_demo/share/exercise_demo/local_setup.zsh
[0.160s] -- Up-to-date: /home/gdtr/ros2/colcon_mk/install/exercise_demo/share/exercise_demo/local_setup.dsv
[0.160s] -- Installing: /home/gdtr/ros2/colcon_mk/install/exercise_demo/share/exercise_demo/package.dsv
[0.160s] -- Up-to-date: /home/gdtr/ros2/colcon_mk/install/exercise_demo/share/ament_index/resource_index/packages/exercise_demo
[0.160s] -- Up-to-date: /home/gdtr/ros2/colcon_mk/install/exercise_demo/share/exercise_demo/cmake/exercise_demoConfig.cmake
[0.160s] -- Up-to-date: /home/gdtr/ros2/colcon_mk/install/exercise_demo/share/exercise_demo/cmake/exercise_demoConfig-version.cmake
[0.160s] -- Up-to-date: /home/gdtr/ros2/colcon_mk/install/exercise_demo/share/exercise_demo/package.xml
[0.162s] Invoked command in '/home/gdtr/ros2/colcon_mk/build/exercise_demo' returned '0': CMAKE_PREFIX_PATH=/home/gdtr/ros2/colcon_mk/install/plumbing_interface_demo:/home/gdtr/ros2/colcon_mk/install/meta_package_demo:/home/gdtr/ros2/colcon_mk/install/topic_demo:/home/gdtr/ros2/colcon_mk/install/time_demo:/home/gdtr/ros2/colcon_mk/install/service_demo_py:/home/gdtr/ros2/colcon_mk/install/service_demo:/home/gdtr/ros2/colcon_mk/install/exercise_demo:/home/gdtr/ros2/colcon_mk/install/action_demo:/home/gdtr/ros2/colcon_mk/install/parameter_demo:/home/gdtr/ros2/colcon_mk/install/launch_demo:/home/gdtr/ros2/colcon_mk/install/hello_world_node:/home/gdtr/ros2/colcon_mk/install/topic_demo_py:/home/gdtr/ros2/colcon_mk/install/action_demo_py:/opt/ros/rolling /usr/bin/cmake --install /home/gdtr/ros2/colcon_mk/build/exercise_demo
