[ 12%] [32mBuilding CXX object CMakeFiles/topic_listener.dir/src/topic_listener.cpp.o[0m
[ 25%] [32mBuilding CXX object CMakeFiles/topic_listener_custom.dir/src/topic_listener_custom.cpp.o[0m
[ 37%] [32mBuilding CXX object CMakeFiles/topic_talker_custom.dir/src/topic_talker_custom.cpp.o[0m
[ 50%] [32mBuilding CXX object CMakeFiles/topic_talker.dir/src/topic_talker.cpp.o[0m
[ 62%] [32m[1mLinking CXX executable topic_talker[0m
[ 75%] [32m[1mLinking CXX executable topic_talker_custom[0m
[ 75%] Built target topic_talker
[ 75%] Built target topic_talker_custom
[ 87%] [32m[1mLinking CXX executable topic_listener[0m
[100%] [32m[1mLinking CXX executable topic_listener_custom[0m
[100%] Built target topic_listener
[100%] Built target topic_listener_custom
-- Install configuration: ""
-- Installing: /home/gdtr/ros2/colcon_mk/install/topic_demo/lib/topic_demo/topic_talker
-- Set runtime path of "/home/gdtr/ros2/colcon_mk/install/topic_demo/lib/topic_demo/topic_talker" to ""
-- Installing: /home/gdtr/ros2/colcon_mk/install/topic_demo/lib/topic_demo/topic_listener
-- Set runtime path of "/home/gdtr/ros2/colcon_mk/install/topic_demo/lib/topic_demo/topic_listener" to ""
-- Installing: /home/gdtr/ros2/colcon_mk/install/topic_demo/lib/topic_demo/topic_talker_custom
-- Set runtime path of "/home/gdtr/ros2/colcon_mk/install/topic_demo/lib/topic_demo/topic_talker_custom" to ""
-- Installing: /home/gdtr/ros2/colcon_mk/install/topic_demo/lib/topic_demo/topic_listener_custom
-- Set runtime path of "/home/gdtr/ros2/colcon_mk/install/topic_demo/lib/topic_demo/topic_listener_custom" to ""
-- Up-to-date: /home/gdtr/ros2/colcon_mk/install/topic_demo/share/ament_index/resource_index/package_run_dependencies/topic_demo
-- Installing: /home/gdtr/ros2/colcon_mk/install/topic_demo/share/ament_index/resource_index/parent_prefix_path/topic_demo
-- Up-to-date: /home/gdtr/ros2/colcon_mk/install/topic_demo/share/topic_demo/environment/ament_prefix_path.sh
-- Installing: /home/gdtr/ros2/colcon_mk/install/topic_demo/share/topic_demo/environment/ament_prefix_path.dsv
-- Up-to-date: /home/gdtr/ros2/colcon_mk/install/topic_demo/share/topic_demo/environment/path.sh
-- Installing: /home/gdtr/ros2/colcon_mk/install/topic_demo/share/topic_demo/environment/path.dsv
-- Up-to-date: /home/gdtr/ros2/colcon_mk/install/topic_demo/share/topic_demo/local_setup.bash
-- Up-to-date: /home/gdtr/ros2/colcon_mk/install/topic_demo/share/topic_demo/local_setup.sh
-- Up-to-date: /home/gdtr/ros2/colcon_mk/install/topic_demo/share/topic_demo/local_setup.zsh
-- Installing: /home/gdtr/ros2/colcon_mk/install/topic_demo/share/topic_demo/local_setup.dsv
-- Installing: /home/gdtr/ros2/colcon_mk/install/topic_demo/share/topic_demo/package.dsv
-- Up-to-date: /home/gdtr/ros2/colcon_mk/install/topic_demo/share/ament_index/resource_index/packages/topic_demo
-- Up-to-date: /home/gdtr/ros2/colcon_mk/install/topic_demo/share/topic_demo/cmake/topic_demoConfig.cmake
-- Up-to-date: /home/gdtr/ros2/colcon_mk/install/topic_demo/share/topic_demo/cmake/topic_demoConfig-version.cmake
-- Up-to-date: /home/gdtr/ros2/colcon_mk/install/topic_demo/share/topic_demo/package.xml
