[0.826s] Invoking command in '/home/gdtr/ros2/colcon_mk/build/topic_demo': AMENT_PREFIX_PATH=/home/gdtr/ros2/colcon_mk/install/plumbing_interface_demo:${AMENT_PREFIX_PATH} CMAKE_PREFIX_PATH=/home/gdtr/ros2/colcon_mk/install/plumbing_interface_demo:/opt/ros/rolling LD_LIBRARY_PATH=/home/gdtr/ros2/colcon_mk/install/plumbing_interface_demo/lib:${LD_LIBRARY_PATH} PYTHONPATH=/home/gdtr/ros2/colcon_mk/install/plumbing_interface_demo/local/lib/python3.10/dist-packages:${PYTHONPATH} /usr/bin/cmake --build /home/gdtr/ros2/colcon_mk/build/topic_demo -- -j8 -l8
[0.922s] [ 12%] [32mBuilding CXX object CMakeFiles/topic_listener.dir/src/topic_listener.cpp.o[0m
[0.938s] [ 25%] [32mBuilding CXX object CMakeFiles/topic_listener_custom.dir/src/topic_listener_custom.cpp.o[0m
[0.938s] [ 37%] [32mBuilding CXX object CMakeFiles/topic_talker_custom.dir/src/topic_talker_custom.cpp.o[0m
[0.941s] [ 50%] [32mBuilding CXX object CMakeFiles/topic_talker.dir/src/topic_talker.cpp.o[0m
[11.324s] [ 62%] [32m[1mLinking CXX executable topic_talker[0m
[11.337s] [ 75%] [32m[1mLinking CXX executable topic_talker_custom[0m
[11.652s] [ 75%] Built target topic_talker
[11.661s] [ 75%] Built target topic_talker_custom
[15.400s] [ 87%] [32m[1mLinking CXX executable topic_listener[0m
[15.472s] [100%] [32m[1mLinking CXX executable topic_listener_custom[0m
[16.018s] [100%] Built target topic_listener
[16.049s] [100%] Built target topic_listener_custom
[16.062s] Invoked command in '/home/gdtr/ros2/colcon_mk/build/topic_demo' returned '0': AMENT_PREFIX_PATH=/home/gdtr/ros2/colcon_mk/install/plumbing_interface_demo:${AMENT_PREFIX_PATH} CMAKE_PREFIX_PATH=/home/gdtr/ros2/colcon_mk/install/plumbing_interface_demo:/opt/ros/rolling LD_LIBRARY_PATH=/home/gdtr/ros2/colcon_mk/install/plumbing_interface_demo/lib:${LD_LIBRARY_PATH} PYTHONPATH=/home/gdtr/ros2/colcon_mk/install/plumbing_interface_demo/local/lib/python3.10/dist-packages:${PYTHONPATH} /usr/bin/cmake --build /home/gdtr/ros2/colcon_mk/build/topic_demo -- -j8 -l8
[16.097s] Invoking command in '/home/gdtr/ros2/colcon_mk/build/topic_demo': AMENT_PREFIX_PATH=/home/gdtr/ros2/colcon_mk/install/plumbing_interface_demo:${AMENT_PREFIX_PATH} CMAKE_PREFIX_PATH=/home/gdtr/ros2/colcon_mk/install/plumbing_interface_demo:/opt/ros/rolling LD_LIBRARY_PATH=/home/gdtr/ros2/colcon_mk/install/plumbing_interface_demo/lib:${LD_LIBRARY_PATH} PYTHONPATH=/home/gdtr/ros2/colcon_mk/install/plumbing_interface_demo/local/lib/python3.10/dist-packages:${PYTHONPATH} /usr/bin/cmake --install /home/gdtr/ros2/colcon_mk/build/topic_demo
[16.105s] -- Install configuration: ""
[16.106s] -- Installing: /home/gdtr/ros2/colcon_mk/install/topic_demo/lib/topic_demo/topic_talker
[16.108s] -- Set runtime path of "/home/gdtr/ros2/colcon_mk/install/topic_demo/lib/topic_demo/topic_talker" to ""
[16.108s] -- Installing: /home/gdtr/ros2/colcon_mk/install/topic_demo/lib/topic_demo/topic_listener
[16.112s] -- Set runtime path of "/home/gdtr/ros2/colcon_mk/install/topic_demo/lib/topic_demo/topic_listener" to ""
[16.113s] -- Installing: /home/gdtr/ros2/colcon_mk/install/topic_demo/lib/topic_demo/topic_talker_custom
[16.114s] -- Set runtime path of "/home/gdtr/ros2/colcon_mk/install/topic_demo/lib/topic_demo/topic_talker_custom" to ""
[16.114s] -- Installing: /home/gdtr/ros2/colcon_mk/install/topic_demo/lib/topic_demo/topic_listener_custom
[16.118s] -- Set runtime path of "/home/gdtr/ros2/colcon_mk/install/topic_demo/lib/topic_demo/topic_listener_custom" to ""
[16.119s] -- Up-to-date: /home/gdtr/ros2/colcon_mk/install/topic_demo/share/ament_index/resource_index/package_run_dependencies/topic_demo
[16.119s] -- Installing: /home/gdtr/ros2/colcon_mk/install/topic_demo/share/ament_index/resource_index/parent_prefix_path/topic_demo
[16.120s] -- Up-to-date: /home/gdtr/ros2/colcon_mk/install/topic_demo/share/topic_demo/environment/ament_prefix_path.sh
[16.120s] -- Installing: /home/gdtr/ros2/colcon_mk/install/topic_demo/share/topic_demo/environment/ament_prefix_path.dsv
[16.120s] -- Up-to-date: /home/gdtr/ros2/colcon_mk/install/topic_demo/share/topic_demo/environment/path.sh
[16.120s] -- Installing: /home/gdtr/ros2/colcon_mk/install/topic_demo/share/topic_demo/environment/path.dsv
[16.121s] -- Up-to-date: /home/gdtr/ros2/colcon_mk/install/topic_demo/share/topic_demo/local_setup.bash
[16.121s] -- Up-to-date: /home/gdtr/ros2/colcon_mk/install/topic_demo/share/topic_demo/local_setup.sh
[16.121s] -- Up-to-date: /home/gdtr/ros2/colcon_mk/install/topic_demo/share/topic_demo/local_setup.zsh
[16.121s] -- Installing: /home/gdtr/ros2/colcon_mk/install/topic_demo/share/topic_demo/local_setup.dsv
[16.121s] -- Installing: /home/gdtr/ros2/colcon_mk/install/topic_demo/share/topic_demo/package.dsv
[16.122s] -- Up-to-date: /home/gdtr/ros2/colcon_mk/install/topic_demo/share/ament_index/resource_index/packages/topic_demo
[16.122s] -- Up-to-date: /home/gdtr/ros2/colcon_mk/install/topic_demo/share/topic_demo/cmake/topic_demoConfig.cmake
[16.122s] -- Up-to-date: /home/gdtr/ros2/colcon_mk/install/topic_demo/share/topic_demo/cmake/topic_demoConfig-version.cmake
[16.122s] -- Up-to-date: /home/gdtr/ros2/colcon_mk/install/topic_demo/share/topic_demo/package.xml
[16.128s] Invoked command in '/home/gdtr/ros2/colcon_mk/build/topic_demo' returned '0': AMENT_PREFIX_PATH=/home/gdtr/ros2/colcon_mk/install/plumbing_interface_demo:${AMENT_PREFIX_PATH} CMAKE_PREFIX_PATH=/home/gdtr/ros2/colcon_mk/install/plumbing_interface_demo:/opt/ros/rolling LD_LIBRARY_PATH=/home/gdtr/ros2/colcon_mk/install/plumbing_interface_demo/lib:${LD_LIBRARY_PATH} PYTHONPATH=/home/gdtr/ros2/colcon_mk/install/plumbing_interface_demo/local/lib/python3.10/dist-packages:${PYTHONPATH} /usr/bin/cmake --install /home/gdtr/ros2/colcon_mk/build/topic_demo
