[0.045s] Invoking command in '/home/gdtr/ros2/colcon_mk/build/topic_demo': CMAKE_PREFIX_PATH=${CMAKE_PREFIX_PATH}:/opt/ros/rolling /usr/bin/cmake --build /home/gdtr/ros2/colcon_mk/build/topic_demo -- -j8 -l8
[0.094s] -- Found ament_cmake: 1.5.2 (/opt/ros/rolling/share/ament_cmake/cmake)
[0.661s] -- Found rclcpp: 19.0.0 (/opt/ros/rolling/share/rclcpp/cmake)
[0.759s] -- Found rosidl_generator_c: 3.3.1 (/opt/ros/rolling/share/rosidl_generator_c/cmake)
[0.785s] -- Found rosidl_generator_cpp: 3.3.1 (/opt/ros/rolling/share/rosidl_generator_cpp/cmake)
[0.823s] -- Using all available rosidl_typesupport_c: rosidl_typesupport_fastrtps_c;rosidl_typesupport_introspection_c
[0.885s] -- Using all available rosidl_typesupport_cpp: rosidl_typesupport_fastrtps_cpp;rosidl_typesupport_introspection_cpp
[1.155s] -- Found rmw_implementation_cmake: 6.4.0 (/opt/ros/rolling/share/rmw_implementation_cmake/cmake)
[1.177s] -- Found rmw_fastrtps_cpp: 6.5.0 (/opt/ros/rolling/share/rmw_fastrtps_cpp/cmake)
[2.055s] -- Using RMW implementation 'rmw_fastrtps_cpp' as default
[2.661s] -- Found std_msgs: 4.6.1 (/opt/ros/rolling/share/std_msgs/cmake)
[2.732s] -- Found plumbing_interface_demo: 0.0.0 (/home/gdtr/ros2/colcon_mk/install/plumbing_interface_demo/share/plumbing_interface_demo/cmake)
[2.774s] -- Found ament_lint_auto: 0.13.2 (/opt/ros/rolling/share/ament_lint_auto/cmake)
[2.985s] -- Added test 'cppcheck' to perform static code analysis on C / C++ code
[2.986s] -- Configured cppcheck include dirs: $<BUILD_INTERFACE:/home/gdtr/ros2/colcon_mk/src/topic_demo/include>
[2.987s] -- Configured cppcheck exclude dirs and/or files: 
[2.991s] -- Added test 'lint_cmake' to check CMake code style
[2.995s] -- Added test 'uncrustify' to check C / C++ code style
[2.995s] -- Configured uncrustify additional arguments: 
[2.996s] -- Added test 'xmllint' to check XML markup files
[3.000s] -- Configuring done
[3.071s] -- Generating done
[3.076s] -- Build files have been written to: /home/gdtr/ros2/colcon_mk/build/topic_demo
[3.151s] [35m[1mConsolidate compiler generated dependencies of target topic_listener[0m
[3.152s] [35m[1mConsolidate compiler generated dependencies of target topic_listener_custom[0m
[3.152s] [35m[1mConsolidate compiler generated dependencies of target topic_talker_custom[0m
[3.152s] [35m[1mConsolidate compiler generated dependencies of target topic_talker[0m
[3.198s] [ 25%] [32mBuilding CXX object CMakeFiles/topic_listener_custom.dir/src/topic_listener_custom.cpp.o[0m
[3.199s] [ 25%] [32mBuilding CXX object CMakeFiles/topic_talker_custom.dir/src/topic_talker_custom.cpp.o[0m
[3.201s] [ 37%] [32m[1mLinking CXX executable topic_talker[0m
[3.216s] [ 50%] [32m[1mLinking CXX executable topic_listener[0m
[4.120s] [ 62%] Built target topic_talker
[4.607s] [ 75%] Built target topic_listener
[12.354s] [ 87%] [32m[1mLinking CXX executable topic_talker_custom[0m
[12.826s] [ 87%] Built target topic_talker_custom
[17.584s] [100%] [32m[1mLinking CXX executable topic_listener_custom[0m
[18.254s] [100%] Built target topic_listener_custom
[18.271s] Invoked command in '/home/gdtr/ros2/colcon_mk/build/topic_demo' returned '0': CMAKE_PREFIX_PATH=${CMAKE_PREFIX_PATH}:/opt/ros/rolling /usr/bin/cmake --build /home/gdtr/ros2/colcon_mk/build/topic_demo -- -j8 -l8
[18.327s] Invoking command in '/home/gdtr/ros2/colcon_mk/build/topic_demo': CMAKE_PREFIX_PATH=${CMAKE_PREFIX_PATH}:/opt/ros/rolling /usr/bin/cmake --install /home/gdtr/ros2/colcon_mk/build/topic_demo
[18.337s] -- Install configuration: ""
[18.337s] -- Installing: /home/gdtr/ros2/colcon_mk/install/topic_demo/lib/topic_demo/topic_talker
[18.339s] -- Set runtime path of "/home/gdtr/ros2/colcon_mk/install/topic_demo/lib/topic_demo/topic_talker" to ""
[18.340s] -- Installing: /home/gdtr/ros2/colcon_mk/install/topic_demo/lib/topic_demo/topic_listener
[18.348s] -- Set runtime path of "/home/gdtr/ros2/colcon_mk/install/topic_demo/lib/topic_demo/topic_listener" to ""
[18.348s] -- Installing: /home/gdtr/ros2/colcon_mk/install/topic_demo/lib/topic_demo/topic_talker_custom
[18.350s] -- Set runtime path of "/home/gdtr/ros2/colcon_mk/install/topic_demo/lib/topic_demo/topic_talker_custom" to ""
[18.350s] -- Installing: /home/gdtr/ros2/colcon_mk/install/topic_demo/lib/topic_demo/topic_listener_custom
[18.355s] -- Set runtime path of "/home/gdtr/ros2/colcon_mk/install/topic_demo/lib/topic_demo/topic_listener_custom" to ""
[18.355s] -- Installing: /home/gdtr/ros2/colcon_mk/install/topic_demo/share/ament_index/resource_index/package_run_dependencies/topic_demo
[18.356s] -- Installing: /home/gdtr/ros2/colcon_mk/install/topic_demo/share/ament_index/resource_index/parent_prefix_path/topic_demo
[18.356s] -- Installing: /home/gdtr/ros2/colcon_mk/install/topic_demo/share/topic_demo/environment/ament_prefix_path.sh
[18.356s] -- Installing: /home/gdtr/ros2/colcon_mk/install/topic_demo/share/topic_demo/environment/ament_prefix_path.dsv
[18.357s] -- Installing: /home/gdtr/ros2/colcon_mk/install/topic_demo/share/topic_demo/environment/path.sh
[18.357s] -- Installing: /home/gdtr/ros2/colcon_mk/install/topic_demo/share/topic_demo/environment/path.dsv
[18.357s] -- Installing: /home/gdtr/ros2/colcon_mk/install/topic_demo/share/topic_demo/local_setup.bash
[18.357s] -- Installing: /home/gdtr/ros2/colcon_mk/install/topic_demo/share/topic_demo/local_setup.sh
[18.358s] -- Installing: /home/gdtr/ros2/colcon_mk/install/topic_demo/share/topic_demo/local_setup.zsh
[18.358s] -- Installing: /home/gdtr/ros2/colcon_mk/install/topic_demo/share/topic_demo/local_setup.dsv
[18.358s] -- Installing: /home/gdtr/ros2/colcon_mk/install/topic_demo/share/topic_demo/package.dsv
[18.359s] -- Installing: /home/gdtr/ros2/colcon_mk/install/topic_demo/share/ament_index/resource_index/packages/topic_demo
[18.359s] -- Installing: /home/gdtr/ros2/colcon_mk/install/topic_demo/share/topic_demo/cmake/topic_demoConfig.cmake
[18.359s] -- Installing: /home/gdtr/ros2/colcon_mk/install/topic_demo/share/topic_demo/cmake/topic_demoConfig-version.cmake
[18.360s] -- Installing: /home/gdtr/ros2/colcon_mk/install/topic_demo/share/topic_demo/package.xml
[18.368s] Invoked command in '/home/gdtr/ros2/colcon_mk/build/topic_demo' returned '0': CMAKE_PREFIX_PATH=${CMAKE_PREFIX_PATH}:/opt/ros/rolling /usr/bin/cmake --install /home/gdtr/ros2/colcon_mk/build/topic_demo
