[0.380s] DEBUG:colcon:Command line arguments: ['/usr/bin/colcon', 'build']
[0.380s] DEBUG:colcon:Parsed command line arguments: Namespace(log_base=None, log_level=None, verb_name='build', build_base='build', install_base='install', merge_install=False, symlink_install=False, test_result_base=None, continue_on_error=False, executor='parallel', parallel_workers=8, event_handlers=None, ignore_user_meta=False, metas=['./colcon.meta'], base_paths=['.'], packages_ignore=None, packages_ignore_regex=None, paths=None, packages_up_to=None, packages_up_to_regex=None, packages_above=None, packages_above_and_dependencies=None, packages_above_depth=None, packages_select_by_dep=None, packages_skip_by_dep=None, packages_skip_up_to=None, packages_select_build_failed=False, packages_skip_build_finished=False, packages_select_test_failures=False, packages_skip_test_passed=False, packages_select=None, packages_skip=None, packages_select_regex=None, packages_skip_regex=None, packages_start=None, packages_end=None, allow_overriding=[], cmake_args=None, cmake_target=None, cmake_target_skip_unavailable=False, cmake_clean_cache=False, cmake_clean_first=False, cmake_force_configure=False, ament_cmake_args=None, catkin_cmake_args=None, catkin_skip_building_tests=False, verb_parser=<colcon_defaults.argument_parser.defaults.DefaultArgumentsDecorator object at 0x7f909dcebdf0>, verb_extension=<colcon_core.verb.build.BuildVerb object at 0x7f909e4ebf70>, main=<bound method BuildVerb.main of <colcon_core.verb.build.BuildVerb object at 0x7f909e4ebf70>>)
[0.448s] Level 1:colcon.colcon_core.package_discovery:discover_packages(colcon_meta) check parameters
[0.449s] Level 1:colcon.colcon_core.package_discovery:discover_packages(recursive) check parameters
[0.449s] Level 1:colcon.colcon_core.package_discovery:discover_packages(ignore) check parameters
[0.449s] Level 1:colcon.colcon_core.package_discovery:discover_packages(path) check parameters
[0.449s] Level 1:colcon.colcon_core.package_discovery:discover_packages(colcon_meta) discover
[0.449s] Level 1:colcon.colcon_core.package_discovery:discover_packages(recursive) discover
[0.449s] INFO:colcon.colcon_core.package_discovery:Crawling recursively for packages in '/home/gdtr/ros2/colcon_mk'
[0.449s] Level 1:colcon.colcon_core.package_identification:_identify(.) by extensions ['ignore', 'ignore_ament_install']
[0.450s] Level 1:colcon.colcon_core.package_identification:_identify(.) by extension 'ignore'
[0.450s] Level 1:colcon.colcon_core.package_identification:_identify(.) by extension 'ignore_ament_install'
[0.451s] Level 1:colcon.colcon_core.package_identification:_identify(.) by extensions ['colcon_pkg']
[0.451s] Level 1:colcon.colcon_core.package_identification:_identify(.) by extension 'colcon_pkg'
[0.451s] Level 1:colcon.colcon_core.package_identification:_identify(.) by extensions ['colcon_meta']
[0.451s] Level 1:colcon.colcon_core.package_identification:_identify(.) by extension 'colcon_meta'
[0.451s] Level 1:colcon.colcon_core.package_identification:_identify(.) by extensions ['ros']
[0.451s] Level 1:colcon.colcon_core.package_identification:_identify(.) by extension 'ros'
[0.477s] Level 1:colcon.colcon_core.package_identification:_identify(.) by extensions ['cmake', 'python']
[0.477s] Level 1:colcon.colcon_core.package_identification:_identify(.) by extension 'cmake'
[0.477s] Level 1:colcon.colcon_core.package_identification:_identify(.) by extension 'python'
[0.477s] Level 1:colcon.colcon_core.package_identification:_identify(.) by extensions ['python_setup_py']
[0.477s] Level 1:colcon.colcon_core.package_identification:_identify(.) by extension 'python_setup_py'
[0.478s] Level 1:colcon.colcon_core.package_identification:_identify(build) by extensions ['ignore', 'ignore_ament_install']
[0.478s] Level 1:colcon.colcon_core.package_identification:_identify(build) by extension 'ignore'
[0.478s] Level 1:colcon.colcon_core.package_identification:_identify(build) ignored
[0.478s] Level 1:colcon.colcon_core.package_identification:_identify(install) by extensions ['ignore', 'ignore_ament_install']
[0.478s] Level 1:colcon.colcon_core.package_identification:_identify(install) by extension 'ignore'
[0.478s] Level 1:colcon.colcon_core.package_identification:_identify(install) ignored
[0.479s] Level 1:colcon.colcon_core.package_identification:_identify(log) by extensions ['ignore', 'ignore_ament_install']
[0.479s] Level 1:colcon.colcon_core.package_identification:_identify(log) by extension 'ignore'
[0.479s] Level 1:colcon.colcon_core.package_identification:_identify(log) ignored
[0.479s] Level 1:colcon.colcon_core.package_identification:_identify(src) by extensions ['ignore', 'ignore_ament_install']
[0.479s] Level 1:colcon.colcon_core.package_identification:_identify(src) by extension 'ignore'
[0.479s] Level 1:colcon.colcon_core.package_identification:_identify(src) by extension 'ignore_ament_install'
[0.479s] Level 1:colcon.colcon_core.package_identification:_identify(src) by extensions ['colcon_pkg']
[0.479s] Level 1:colcon.colcon_core.package_identification:_identify(src) by extension 'colcon_pkg'
[0.480s] Level 1:colcon.colcon_core.package_identification:_identify(src) by extensions ['colcon_meta']
[0.480s] Level 1:colcon.colcon_core.package_identification:_identify(src) by extension 'colcon_meta'
[0.480s] Level 1:colcon.colcon_core.package_identification:_identify(src) by extensions ['ros']
[0.480s] Level 1:colcon.colcon_core.package_identification:_identify(src) by extension 'ros'
[0.480s] Level 1:colcon.colcon_core.package_identification:_identify(src) by extensions ['cmake', 'python']
[0.480s] Level 1:colcon.colcon_core.package_identification:_identify(src) by extension 'cmake'
[0.480s] Level 1:colcon.colcon_core.package_identification:_identify(src) by extension 'python'
[0.480s] Level 1:colcon.colcon_core.package_identification:_identify(src) by extensions ['python_setup_py']
[0.480s] Level 1:colcon.colcon_core.package_identification:_identify(src) by extension 'python_setup_py'
[0.480s] Level 1:colcon.colcon_core.package_identification:_identify(src/hello_world_node) by extensions ['ignore', 'ignore_ament_install']
[0.481s] Level 1:colcon.colcon_core.package_identification:_identify(src/hello_world_node) by extension 'ignore'
[0.481s] Level 1:colcon.colcon_core.package_identification:_identify(src/hello_world_node) by extension 'ignore_ament_install'
[0.481s] Level 1:colcon.colcon_core.package_identification:_identify(src/hello_world_node) by extensions ['colcon_pkg']
[0.481s] Level 1:colcon.colcon_core.package_identification:_identify(src/hello_world_node) by extension 'colcon_pkg'
[0.481s] Level 1:colcon.colcon_core.package_identification:_identify(src/hello_world_node) by extensions ['colcon_meta']
[0.481s] Level 1:colcon.colcon_core.package_identification:_identify(src/hello_world_node) by extension 'colcon_meta'
[0.481s] Level 1:colcon.colcon_core.package_identification:_identify(src/hello_world_node) by extensions ['ros']
[0.481s] Level 1:colcon.colcon_core.package_identification:_identify(src/hello_world_node) by extension 'ros'
[0.487s] DEBUG:colcon.colcon_core.package_identification:Package 'src/hello_world_node' with type 'ros.ament_cmake' and name 'hello_world_node'
[0.488s] Level 1:colcon.colcon_core.package_identification:_identify(src/plumbing_interface_demo) by extensions ['ignore', 'ignore_ament_install']
[0.488s] Level 1:colcon.colcon_core.package_identification:_identify(src/plumbing_interface_demo) by extension 'ignore'
[0.488s] Level 1:colcon.colcon_core.package_identification:_identify(src/plumbing_interface_demo) by extension 'ignore_ament_install'
[0.489s] Level 1:colcon.colcon_core.package_identification:_identify(src/plumbing_interface_demo) by extensions ['colcon_pkg']
[0.489s] Level 1:colcon.colcon_core.package_identification:_identify(src/plumbing_interface_demo) by extension 'colcon_pkg'
[0.489s] Level 1:colcon.colcon_core.package_identification:_identify(src/plumbing_interface_demo) by extensions ['colcon_meta']
[0.489s] Level 1:colcon.colcon_core.package_identification:_identify(src/plumbing_interface_demo) by extension 'colcon_meta'
[0.489s] Level 1:colcon.colcon_core.package_identification:_identify(src/plumbing_interface_demo) by extensions ['ros']
[0.489s] Level 1:colcon.colcon_core.package_identification:_identify(src/plumbing_interface_demo) by extension 'ros'
[0.490s] DEBUG:colcon.colcon_core.package_identification:Package 'src/plumbing_interface_demo' with type 'ros.ament_cmake' and name 'plumbing_interface_demo'
[0.490s] Level 1:colcon.colcon_core.package_identification:_identify(src/topic_demo) by extensions ['ignore', 'ignore_ament_install']
[0.490s] Level 1:colcon.colcon_core.package_identification:_identify(src/topic_demo) by extension 'ignore'
[0.490s] Level 1:colcon.colcon_core.package_identification:_identify(src/topic_demo) by extension 'ignore_ament_install'
[0.490s] Level 1:colcon.colcon_core.package_identification:_identify(src/topic_demo) by extensions ['colcon_pkg']
[0.490s] Level 1:colcon.colcon_core.package_identification:_identify(src/topic_demo) by extension 'colcon_pkg'
[0.491s] Level 1:colcon.colcon_core.package_identification:_identify(src/topic_demo) by extensions ['colcon_meta']
[0.491s] Level 1:colcon.colcon_core.package_identification:_identify(src/topic_demo) by extension 'colcon_meta'
[0.491s] Level 1:colcon.colcon_core.package_identification:_identify(src/topic_demo) by extensions ['ros']
[0.491s] Level 1:colcon.colcon_core.package_identification:_identify(src/topic_demo) by extension 'ros'
[0.492s] DEBUG:colcon.colcon_core.package_identification:Package 'src/topic_demo' with type 'ros.ament_cmake' and name 'topic_demo'
[0.492s] Level 1:colcon.colcon_core.package_discovery:discover_packages(recursive) using defaults
[0.492s] Level 1:colcon.colcon_core.package_discovery:discover_packages(ignore) discover
[0.492s] Level 1:colcon.colcon_core.package_discovery:discover_packages(ignore) using defaults
[0.492s] Level 1:colcon.colcon_core.package_discovery:discover_packages(path) discover
[0.492s] Level 1:colcon.colcon_core.package_discovery:discover_packages(path) using defaults
[0.534s] Level 1:colcon.colcon_core.package_discovery:discover_packages(prefix_path) check parameters
[0.534s] Level 1:colcon.colcon_core.package_discovery:discover_packages(prefix_path) discover
[0.536s] WARNING:colcon.colcon_ros.prefix_path.ament:The path '/home/gdtr/ros2/colcon_mk/install/topic_talker_demo' in the environment variable AMENT_PREFIX_PATH doesn't exist
[0.536s] WARNING:colcon.colcon_ros.prefix_path.ament:The path '/home/gdtr/ros2/colcon_mk/install/plumbing_interface_demo' in the environment variable AMENT_PREFIX_PATH doesn't exist
[0.536s] WARNING:colcon.colcon_ros.prefix_path.ament:The path '/home/gdtr/ros2/colcon_mk/install/plumbing_demo' in the environment variable AMENT_PREFIX_PATH doesn't exist
[0.536s] WARNING:colcon.colcon_ros.prefix_path.ament:The path '/home/gdtr/ros2/colcon_mk/install/hello_world_node' in the environment variable AMENT_PREFIX_PATH doesn't exist
[0.536s] WARNING:colcon.colcon_ros.prefix_path.catkin:The path '/home/gdtr/ros2/colcon_mk/install/topic_talker_demo' in the environment variable CMAKE_PREFIX_PATH doesn't exist
[0.536s] WARNING:colcon.colcon_ros.prefix_path.catkin:The path '/home/gdtr/ros2/colcon_mk/install/plumbing_interface_demo' in the environment variable CMAKE_PREFIX_PATH doesn't exist
[0.536s] WARNING:colcon.colcon_ros.prefix_path.catkin:The path '/home/gdtr/ros2/colcon_mk/install/plumbing_demo' in the environment variable CMAKE_PREFIX_PATH doesn't exist
[0.536s] WARNING:colcon.colcon_ros.prefix_path.catkin:The path '/home/gdtr/ros2/colcon_mk/install/hello_world_node' in the environment variable CMAKE_PREFIX_PATH doesn't exist
[0.539s] DEBUG:colcon.colcon_installed_package_information.package_discovery:Found 0 installed packages in /home/gdtr/ros2/colcon_mk/install
[0.541s] DEBUG:colcon.colcon_installed_package_information.package_discovery:Found 276 installed packages in /opt/ros/rolling
[0.543s] Level 1:colcon.colcon_core.package_discovery:discover_packages(prefix_path) using defaults
[0.641s] Level 5:colcon.colcon_core.verb:set package 'hello_world_node' build argument 'cmake_args' from command line to 'None'
[0.641s] Level 5:colcon.colcon_core.verb:set package 'hello_world_node' build argument 'cmake_target' from command line to 'None'
[0.641s] Level 5:colcon.colcon_core.verb:set package 'hello_world_node' build argument 'cmake_target_skip_unavailable' from command line to 'False'
[0.641s] Level 5:colcon.colcon_core.verb:set package 'hello_world_node' build argument 'cmake_clean_cache' from command line to 'False'
[0.641s] Level 5:colcon.colcon_core.verb:set package 'hello_world_node' build argument 'cmake_clean_first' from command line to 'False'
[0.641s] Level 5:colcon.colcon_core.verb:set package 'hello_world_node' build argument 'cmake_force_configure' from command line to 'False'
[0.641s] Level 5:colcon.colcon_core.verb:set package 'hello_world_node' build argument 'ament_cmake_args' from command line to 'None'
[0.641s] Level 5:colcon.colcon_core.verb:set package 'hello_world_node' build argument 'catkin_cmake_args' from command line to 'None'
[0.641s] Level 5:colcon.colcon_core.verb:set package 'hello_world_node' build argument 'catkin_skip_building_tests' from command line to 'False'
[0.642s] DEBUG:colcon.colcon_core.verb:Building package 'hello_world_node' with the following arguments: {'ament_cmake_args': None, 'build_base': '/home/gdtr/ros2/colcon_mk/build/hello_world_node', 'catkin_cmake_args': None, 'catkin_skip_building_tests': False, 'cmake_args': None, 'cmake_clean_cache': False, 'cmake_clean_first': False, 'cmake_force_configure': False, 'cmake_target': None, 'cmake_target_skip_unavailable': False, 'install_base': '/home/gdtr/ros2/colcon_mk/install/hello_world_node', 'merge_install': False, 'path': '/home/gdtr/ros2/colcon_mk/src/hello_world_node', 'symlink_install': False, 'test_result_base': None}
[0.643s] Level 5:colcon.colcon_core.verb:set package 'plumbing_interface_demo' build argument 'cmake_args' from command line to 'None'
[0.643s] Level 5:colcon.colcon_core.verb:set package 'plumbing_interface_demo' build argument 'cmake_target' from command line to 'None'
[0.644s] Level 5:colcon.colcon_core.verb:set package 'plumbing_interface_demo' build argument 'cmake_target_skip_unavailable' from command line to 'False'
[0.644s] Level 5:colcon.colcon_core.verb:set package 'plumbing_interface_demo' build argument 'cmake_clean_cache' from command line to 'False'
[0.644s] Level 5:colcon.colcon_core.verb:set package 'plumbing_interface_demo' build argument 'cmake_clean_first' from command line to 'False'
[0.644s] Level 5:colcon.colcon_core.verb:set package 'plumbing_interface_demo' build argument 'cmake_force_configure' from command line to 'False'
[0.644s] Level 5:colcon.colcon_core.verb:set package 'plumbing_interface_demo' build argument 'ament_cmake_args' from command line to 'None'
[0.644s] Level 5:colcon.colcon_core.verb:set package 'plumbing_interface_demo' build argument 'catkin_cmake_args' from command line to 'None'
[0.644s] Level 5:colcon.colcon_core.verb:set package 'plumbing_interface_demo' build argument 'catkin_skip_building_tests' from command line to 'False'
[0.644s] DEBUG:colcon.colcon_core.verb:Building package 'plumbing_interface_demo' with the following arguments: {'ament_cmake_args': None, 'build_base': '/home/gdtr/ros2/colcon_mk/build/plumbing_interface_demo', 'catkin_cmake_args': None, 'catkin_skip_building_tests': False, 'cmake_args': None, 'cmake_clean_cache': False, 'cmake_clean_first': False, 'cmake_force_configure': False, 'cmake_target': None, 'cmake_target_skip_unavailable': False, 'install_base': '/home/gdtr/ros2/colcon_mk/install/plumbing_interface_demo', 'merge_install': False, 'path': '/home/gdtr/ros2/colcon_mk/src/plumbing_interface_demo', 'symlink_install': False, 'test_result_base': None}
[0.646s] Level 5:colcon.colcon_core.verb:set package 'topic_demo' build argument 'cmake_args' from command line to 'None'
[0.646s] Level 5:colcon.colcon_core.verb:set package 'topic_demo' build argument 'cmake_target' from command line to 'None'
[0.646s] Level 5:colcon.colcon_core.verb:set package 'topic_demo' build argument 'cmake_target_skip_unavailable' from command line to 'False'
[0.646s] Level 5:colcon.colcon_core.verb:set package 'topic_demo' build argument 'cmake_clean_cache' from command line to 'False'
[0.646s] Level 5:colcon.colcon_core.verb:set package 'topic_demo' build argument 'cmake_clean_first' from command line to 'False'
[0.646s] Level 5:colcon.colcon_core.verb:set package 'topic_demo' build argument 'cmake_force_configure' from command line to 'False'
[0.646s] Level 5:colcon.colcon_core.verb:set package 'topic_demo' build argument 'ament_cmake_args' from command line to 'None'
[0.646s] Level 5:colcon.colcon_core.verb:set package 'topic_demo' build argument 'catkin_cmake_args' from command line to 'None'
[0.646s] Level 5:colcon.colcon_core.verb:set package 'topic_demo' build argument 'catkin_skip_building_tests' from command line to 'False'
[0.646s] DEBUG:colcon.colcon_core.verb:Building package 'topic_demo' with the following arguments: {'ament_cmake_args': None, 'build_base': '/home/gdtr/ros2/colcon_mk/build/topic_demo', 'catkin_cmake_args': None, 'catkin_skip_building_tests': False, 'cmake_args': None, 'cmake_clean_cache': False, 'cmake_clean_first': False, 'cmake_force_configure': False, 'cmake_target': None, 'cmake_target_skip_unavailable': False, 'install_base': '/home/gdtr/ros2/colcon_mk/install/topic_demo', 'merge_install': False, 'path': '/home/gdtr/ros2/colcon_mk/src/topic_demo', 'symlink_install': False, 'test_result_base': None}
[0.647s] INFO:colcon.colcon_core.executor:Executing jobs using 'parallel' executor
[0.653s] DEBUG:colcon.colcon_parallel_executor.executor.parallel:run_until_complete
[0.653s] INFO:colcon.colcon_ros.task.ament_cmake.build:Building ROS package in '/home/gdtr/ros2/colcon_mk/src/plumbing_interface_demo' with build type 'ament_cmake'
[0.653s] INFO:colcon.colcon_cmake.task.cmake.build:Building CMake package in '/home/gdtr/ros2/colcon_mk/src/plumbing_interface_demo'
[0.658s] INFO:colcon.colcon_core.plugin_system:Skipping extension 'colcon_core.shell.bat': Not used on non-Windows systems
[0.658s] INFO:colcon.colcon_core.shell:Skip shell extension 'powershell' for command environment: Not usable outside of PowerShell
[0.659s] DEBUG:colcon.colcon_core.shell:Skip shell extension 'dsv' for command environment
[0.663s] INFO:colcon.colcon_ros.task.ament_cmake.build:Building ROS package in '/home/gdtr/ros2/colcon_mk/src/hello_world_node' with build type 'ament_cmake'
[0.664s] INFO:colcon.colcon_cmake.task.cmake.build:Building CMake package in '/home/gdtr/ros2/colcon_mk/src/hello_world_node'
[0.665s] INFO:colcon.colcon_core.shell:Skip shell extension 'powershell' for command environment: Not usable outside of PowerShell
[0.666s] DEBUG:colcon.colcon_core.shell:Skip shell extension 'dsv' for command environment
[0.674s] DEBUG:colcon.colcon_core.event_handler.log_command:Invoking command in '/home/gdtr/ros2/colcon_mk/build/plumbing_interface_demo': CMAKE_PREFIX_PATH=${CMAKE_PREFIX_PATH}:/opt/ros/rolling /usr/bin/cmake /home/gdtr/ros2/colcon_mk/src/plumbing_interface_demo -DCMAKE_INSTALL_PREFIX=/home/gdtr/ros2/colcon_mk/install/plumbing_interface_demo
[0.682s] DEBUG:colcon.colcon_core.event_handler.log_command:Invoking command in '/home/gdtr/ros2/colcon_mk/build/hello_world_node': CMAKE_PREFIX_PATH=${CMAKE_PREFIX_PATH}:/opt/ros/rolling /usr/bin/cmake /home/gdtr/ros2/colcon_mk/src/hello_world_node -DCMAKE_INSTALL_PREFIX=/home/gdtr/ros2/colcon_mk/install/hello_world_node
[2.678s] DEBUG:colcon.colcon_core.event_handler.log_command:Invoked command in '/home/gdtr/ros2/colcon_mk/build/hello_world_node' returned '0': CMAKE_PREFIX_PATH=${CMAKE_PREFIX_PATH}:/opt/ros/rolling /usr/bin/cmake /home/gdtr/ros2/colcon_mk/src/hello_world_node -DCMAKE_INSTALL_PREFIX=/home/gdtr/ros2/colcon_mk/install/hello_world_node
[2.684s] DEBUG:colcon.colcon_core.event_handler.log_command:Invoking command in '/home/gdtr/ros2/colcon_mk/build/hello_world_node': CMAKE_PREFIX_PATH=${CMAKE_PREFIX_PATH}:/opt/ros/rolling /usr/bin/cmake --build /home/gdtr/ros2/colcon_mk/build/hello_world_node -- -j8 -l8
[2.725s] DEBUG:colcon.colcon_core.event_handler.log_command:Invoked command in '/home/gdtr/ros2/colcon_mk/build/plumbing_interface_demo' returned '0': CMAKE_PREFIX_PATH=${CMAKE_PREFIX_PATH}:/opt/ros/rolling /usr/bin/cmake /home/gdtr/ros2/colcon_mk/src/plumbing_interface_demo -DCMAKE_INSTALL_PREFIX=/home/gdtr/ros2/colcon_mk/install/plumbing_interface_demo
[2.728s] DEBUG:colcon.colcon_core.event_handler.log_command:Invoking command in '/home/gdtr/ros2/colcon_mk/build/plumbing_interface_demo': CMAKE_PREFIX_PATH=${CMAKE_PREFIX_PATH}:/opt/ros/rolling /usr/bin/cmake --build /home/gdtr/ros2/colcon_mk/build/plumbing_interface_demo -- -j8 -l8
[2.949s] DEBUG:colcon.colcon_core.event_handler.log_command:Invoked command in '/home/gdtr/ros2/colcon_mk/build/plumbing_interface_demo' returned '0': CMAKE_PREFIX_PATH=${CMAKE_PREFIX_PATH}:/opt/ros/rolling /usr/bin/cmake --build /home/gdtr/ros2/colcon_mk/build/plumbing_interface_demo -- -j8 -l8
[2.987s] DEBUG:colcon.colcon_core.event_handler.log_command:Invoking command in '/home/gdtr/ros2/colcon_mk/build/plumbing_interface_demo': CMAKE_PREFIX_PATH=${CMAKE_PREFIX_PATH}:/opt/ros/rolling /usr/bin/cmake --install /home/gdtr/ros2/colcon_mk/build/plumbing_interface_demo
[3.003s] Level 1:colcon.colcon_core.environment:create_environment_scripts_only(plumbing_interface_demo)
[3.004s] DEBUG:colcon.colcon_core.event_handler.log_command:Invoked command in '/home/gdtr/ros2/colcon_mk/build/plumbing_interface_demo' returned '0': CMAKE_PREFIX_PATH=${CMAKE_PREFIX_PATH}:/opt/ros/rolling /usr/bin/cmake --install /home/gdtr/ros2/colcon_mk/build/plumbing_interface_demo
[3.010s] Level 1:colcon.colcon_core.environment:checking '/home/gdtr/ros2/colcon_mk/install/plumbing_interface_demo' for CMake module files
[3.010s] Level 1:colcon.colcon_core.environment:checking '/home/gdtr/ros2/colcon_mk/install/plumbing_interface_demo' for CMake config files
[3.011s] Level 1:colcon.colcon_core.shell:create_environment_hook('plumbing_interface_demo', 'cmake_prefix_path')
[3.013s] INFO:colcon.colcon_core.shell:Creating environment hook '/home/gdtr/ros2/colcon_mk/install/plumbing_interface_demo/share/plumbing_interface_demo/hook/cmake_prefix_path.ps1'
[3.014s] INFO:colcon.colcon_core.shell:Creating environment descriptor '/home/gdtr/ros2/colcon_mk/install/plumbing_interface_demo/share/plumbing_interface_demo/hook/cmake_prefix_path.dsv'
[3.014s] INFO:colcon.colcon_core.shell:Creating environment hook '/home/gdtr/ros2/colcon_mk/install/plumbing_interface_demo/share/plumbing_interface_demo/hook/cmake_prefix_path.sh'
[3.015s] Level 1:colcon.colcon_core.environment:checking '/home/gdtr/ros2/colcon_mk/install/plumbing_interface_demo/lib'
[3.016s] Level 1:colcon.colcon_core.environment:checking '/home/gdtr/ros2/colcon_mk/install/plumbing_interface_demo/bin'
[3.016s] Level 1:colcon.colcon_core.environment:checking '/home/gdtr/ros2/colcon_mk/install/plumbing_interface_demo/lib/pkgconfig/plumbing_interface_demo.pc'
[3.016s] Level 1:colcon.colcon_core.environment:checking '/home/gdtr/ros2/colcon_mk/install/plumbing_interface_demo/lib/python3.10/site-packages'
[3.016s] Level 1:colcon.colcon_core.environment:checking '/home/gdtr/ros2/colcon_mk/install/plumbing_interface_demo/bin'
[3.018s] INFO:colcon.colcon_core.shell:Creating package script '/home/gdtr/ros2/colcon_mk/install/plumbing_interface_demo/share/plumbing_interface_demo/package.ps1'
[3.019s] INFO:colcon.colcon_core.shell:Creating package descriptor '/home/gdtr/ros2/colcon_mk/install/plumbing_interface_demo/share/plumbing_interface_demo/package.dsv'
[3.020s] INFO:colcon.colcon_core.shell:Creating package script '/home/gdtr/ros2/colcon_mk/install/plumbing_interface_demo/share/plumbing_interface_demo/package.sh'
[3.021s] INFO:colcon.colcon_core.shell:Creating package script '/home/gdtr/ros2/colcon_mk/install/plumbing_interface_demo/share/plumbing_interface_demo/package.bash'
[3.022s] INFO:colcon.colcon_core.shell:Creating package script '/home/gdtr/ros2/colcon_mk/install/plumbing_interface_demo/share/plumbing_interface_demo/package.zsh'
[3.023s] Level 1:colcon.colcon_core.environment:create_file_with_runtime_dependencies(/home/gdtr/ros2/colcon_mk/install/plumbing_interface_demo/share/colcon-core/packages/plumbing_interface_demo)
[3.055s] Level 1:colcon.colcon_core.environment:create_environment_scripts_only(plumbing_interface_demo)
[3.057s] Level 1:colcon.colcon_core.environment:checking '/home/gdtr/ros2/colcon_mk/install/plumbing_interface_demo' for CMake module files
[3.058s] Level 1:colcon.colcon_core.environment:checking '/home/gdtr/ros2/colcon_mk/install/plumbing_interface_demo' for CMake config files
[3.058s] Level 1:colcon.colcon_core.shell:create_environment_hook('plumbing_interface_demo', 'cmake_prefix_path')
[3.060s] INFO:colcon.colcon_core.shell:Creating environment hook '/home/gdtr/ros2/colcon_mk/install/plumbing_interface_demo/share/plumbing_interface_demo/hook/cmake_prefix_path.ps1'
[3.061s] INFO:colcon.colcon_core.shell:Creating environment descriptor '/home/gdtr/ros2/colcon_mk/install/plumbing_interface_demo/share/plumbing_interface_demo/hook/cmake_prefix_path.dsv'
[3.061s] INFO:colcon.colcon_core.shell:Creating environment hook '/home/gdtr/ros2/colcon_mk/install/plumbing_interface_demo/share/plumbing_interface_demo/hook/cmake_prefix_path.sh'
[3.062s] Level 1:colcon.colcon_core.environment:checking '/home/gdtr/ros2/colcon_mk/install/plumbing_interface_demo/lib'
[3.062s] Level 1:colcon.colcon_core.environment:checking '/home/gdtr/ros2/colcon_mk/install/plumbing_interface_demo/bin'
[3.062s] Level 1:colcon.colcon_core.environment:checking '/home/gdtr/ros2/colcon_mk/install/plumbing_interface_demo/lib/pkgconfig/plumbing_interface_demo.pc'
[3.062s] Level 1:colcon.colcon_core.environment:checking '/home/gdtr/ros2/colcon_mk/install/plumbing_interface_demo/lib/python3.10/site-packages'
[3.062s] Level 1:colcon.colcon_core.environment:checking '/home/gdtr/ros2/colcon_mk/install/plumbing_interface_demo/bin'
[3.064s] INFO:colcon.colcon_core.shell:Creating package script '/home/gdtr/ros2/colcon_mk/install/plumbing_interface_demo/share/plumbing_interface_demo/package.ps1'
[3.065s] INFO:colcon.colcon_core.shell:Creating package descriptor '/home/gdtr/ros2/colcon_mk/install/plumbing_interface_demo/share/plumbing_interface_demo/package.dsv'
[3.065s] INFO:colcon.colcon_core.shell:Creating package script '/home/gdtr/ros2/colcon_mk/install/plumbing_interface_demo/share/plumbing_interface_demo/package.sh'
[3.066s] INFO:colcon.colcon_core.shell:Creating package script '/home/gdtr/ros2/colcon_mk/install/plumbing_interface_demo/share/plumbing_interface_demo/package.bash'
[3.067s] INFO:colcon.colcon_core.shell:Creating package script '/home/gdtr/ros2/colcon_mk/install/plumbing_interface_demo/share/plumbing_interface_demo/package.zsh'
[3.067s] Level 1:colcon.colcon_core.environment:create_file_with_runtime_dependencies(/home/gdtr/ros2/colcon_mk/install/plumbing_interface_demo/share/colcon-core/packages/plumbing_interface_demo)
[3.068s] INFO:colcon.colcon_ros.task.ament_cmake.build:Building ROS package in '/home/gdtr/ros2/colcon_mk/src/topic_demo' with build type 'ament_cmake'
[3.068s] INFO:colcon.colcon_cmake.task.cmake.build:Building CMake package in '/home/gdtr/ros2/colcon_mk/src/topic_demo'
[3.071s] INFO:colcon.colcon_core.shell:Skip shell extension 'powershell' for command environment: Not usable outside of PowerShell
[3.071s] DEBUG:colcon.colcon_core.shell:Skip shell extension 'dsv' for command environment
[3.100s] DEBUG:colcon.colcon_core.event_handler.log_command:Invoking command in '/home/gdtr/ros2/colcon_mk/build/topic_demo': CMAKE_PREFIX_PATH=/home/gdtr/ros2/colcon_mk/install/plumbing_interface_demo:/home/gdtr/ros2/colcon_mk/install/topic_talker_demo:/home/gdtr/ros2/colcon_mk/install/plumbing_demo:/home/gdtr/ros2/colcon_mk/install/hello_world_node:/opt/ros/rolling /usr/bin/cmake /home/gdtr/ros2/colcon_mk/src/topic_demo -DCMAKE_INSTALL_PREFIX=/home/gdtr/ros2/colcon_mk/install/topic_demo
[5.169s] DEBUG:colcon.colcon_core.event_handler.log_command:Invoked command in '/home/gdtr/ros2/colcon_mk/build/topic_demo' returned '0': CMAKE_PREFIX_PATH=/home/gdtr/ros2/colcon_mk/install/plumbing_interface_demo:/home/gdtr/ros2/colcon_mk/install/topic_talker_demo:/home/gdtr/ros2/colcon_mk/install/plumbing_demo:/home/gdtr/ros2/colcon_mk/install/hello_world_node:/opt/ros/rolling /usr/bin/cmake /home/gdtr/ros2/colcon_mk/src/topic_demo -DCMAKE_INSTALL_PREFIX=/home/gdtr/ros2/colcon_mk/install/topic_demo
[5.172s] DEBUG:colcon.colcon_core.event_handler.log_command:Invoking command in '/home/gdtr/ros2/colcon_mk/build/topic_demo': CMAKE_PREFIX_PATH=/home/gdtr/ros2/colcon_mk/install/plumbing_interface_demo:/home/gdtr/ros2/colcon_mk/install/topic_talker_demo:/home/gdtr/ros2/colcon_mk/install/plumbing_demo:/home/gdtr/ros2/colcon_mk/install/hello_world_node:/opt/ros/rolling /usr/bin/cmake --build /home/gdtr/ros2/colcon_mk/build/topic_demo -- -j8 -l8
[7.134s] DEBUG:colcon.colcon_core.event_handler.log_command:Invoked command in '/home/gdtr/ros2/colcon_mk/build/hello_world_node' returned '0': CMAKE_PREFIX_PATH=${CMAKE_PREFIX_PATH}:/opt/ros/rolling /usr/bin/cmake --build /home/gdtr/ros2/colcon_mk/build/hello_world_node -- -j8 -l8
[7.166s] DEBUG:colcon.colcon_core.event_handler.log_command:Invoking command in '/home/gdtr/ros2/colcon_mk/build/hello_world_node': CMAKE_PREFIX_PATH=${CMAKE_PREFIX_PATH}:/opt/ros/rolling /usr/bin/cmake --install /home/gdtr/ros2/colcon_mk/build/hello_world_node
[7.182s] Level 1:colcon.colcon_core.environment:create_environment_scripts_only(hello_world_node)
[7.184s] Level 1:colcon.colcon_core.environment:checking '/home/gdtr/ros2/colcon_mk/install/hello_world_node' for CMake module files
[7.185s] DEBUG:colcon.colcon_core.event_handler.log_command:Invoked command in '/home/gdtr/ros2/colcon_mk/build/hello_world_node' returned '0': CMAKE_PREFIX_PATH=${CMAKE_PREFIX_PATH}:/opt/ros/rolling /usr/bin/cmake --install /home/gdtr/ros2/colcon_mk/build/hello_world_node
[7.185s] Level 1:colcon.colcon_core.environment:checking '/home/gdtr/ros2/colcon_mk/install/hello_world_node' for CMake config files
[7.185s] Level 1:colcon.colcon_core.shell:create_environment_hook('hello_world_node', 'cmake_prefix_path')
[7.187s] INFO:colcon.colcon_core.shell:Creating environment hook '/home/gdtr/ros2/colcon_mk/install/hello_world_node/share/hello_world_node/hook/cmake_prefix_path.ps1'
[7.187s] INFO:colcon.colcon_core.shell:Creating environment descriptor '/home/gdtr/ros2/colcon_mk/install/hello_world_node/share/hello_world_node/hook/cmake_prefix_path.dsv'
[7.188s] INFO:colcon.colcon_core.shell:Creating environment hook '/home/gdtr/ros2/colcon_mk/install/hello_world_node/share/hello_world_node/hook/cmake_prefix_path.sh'
[7.189s] Level 1:colcon.colcon_core.environment:checking '/home/gdtr/ros2/colcon_mk/install/hello_world_node/lib'
[7.189s] Level 1:colcon.colcon_core.environment:checking '/home/gdtr/ros2/colcon_mk/install/hello_world_node/bin'
[7.189s] Level 1:colcon.colcon_core.environment:checking '/home/gdtr/ros2/colcon_mk/install/hello_world_node/lib/pkgconfig/hello_world_node.pc'
[7.190s] Level 1:colcon.colcon_core.environment:checking '/home/gdtr/ros2/colcon_mk/install/hello_world_node/lib/python3.10/site-packages'
[7.190s] Level 1:colcon.colcon_core.environment:checking '/home/gdtr/ros2/colcon_mk/install/hello_world_node/bin'
[7.192s] INFO:colcon.colcon_core.shell:Creating package script '/home/gdtr/ros2/colcon_mk/install/hello_world_node/share/hello_world_node/package.ps1'
[7.194s] INFO:colcon.colcon_core.shell:Creating package descriptor '/home/gdtr/ros2/colcon_mk/install/hello_world_node/share/hello_world_node/package.dsv'
[7.194s] INFO:colcon.colcon_core.shell:Creating package script '/home/gdtr/ros2/colcon_mk/install/hello_world_node/share/hello_world_node/package.sh'
[7.195s] INFO:colcon.colcon_core.shell:Creating package script '/home/gdtr/ros2/colcon_mk/install/hello_world_node/share/hello_world_node/package.bash'
[7.195s] INFO:colcon.colcon_core.shell:Creating package script '/home/gdtr/ros2/colcon_mk/install/hello_world_node/share/hello_world_node/package.zsh'
[7.196s] Level 1:colcon.colcon_core.environment:create_file_with_runtime_dependencies(/home/gdtr/ros2/colcon_mk/install/hello_world_node/share/colcon-core/packages/hello_world_node)
[7.228s] Level 1:colcon.colcon_core.environment:create_environment_scripts_only(hello_world_node)
[7.230s] Level 1:colcon.colcon_core.environment:checking '/home/gdtr/ros2/colcon_mk/install/hello_world_node' for CMake module files
[7.231s] Level 1:colcon.colcon_core.environment:checking '/home/gdtr/ros2/colcon_mk/install/hello_world_node' for CMake config files
[7.231s] Level 1:colcon.colcon_core.shell:create_environment_hook('hello_world_node', 'cmake_prefix_path')
[7.233s] INFO:colcon.colcon_core.shell:Creating environment hook '/home/gdtr/ros2/colcon_mk/install/hello_world_node/share/hello_world_node/hook/cmake_prefix_path.ps1'
[7.233s] INFO:colcon.colcon_core.shell:Creating environment descriptor '/home/gdtr/ros2/colcon_mk/install/hello_world_node/share/hello_world_node/hook/cmake_prefix_path.dsv'
[7.233s] INFO:colcon.colcon_core.shell:Creating environment hook '/home/gdtr/ros2/colcon_mk/install/hello_world_node/share/hello_world_node/hook/cmake_prefix_path.sh'
[7.234s] Level 1:colcon.colcon_core.environment:checking '/home/gdtr/ros2/colcon_mk/install/hello_world_node/lib'
[7.234s] Level 1:colcon.colcon_core.environment:checking '/home/gdtr/ros2/colcon_mk/install/hello_world_node/bin'
[7.234s] Level 1:colcon.colcon_core.environment:checking '/home/gdtr/ros2/colcon_mk/install/hello_world_node/lib/pkgconfig/hello_world_node.pc'
[7.235s] Level 1:colcon.colcon_core.environment:checking '/home/gdtr/ros2/colcon_mk/install/hello_world_node/lib/python3.10/site-packages'
[7.235s] Level 1:colcon.colcon_core.environment:checking '/home/gdtr/ros2/colcon_mk/install/hello_world_node/bin'
[7.237s] INFO:colcon.colcon_core.shell:Creating package script '/home/gdtr/ros2/colcon_mk/install/hello_world_node/share/hello_world_node/package.ps1'
[7.238s] INFO:colcon.colcon_core.shell:Creating package descriptor '/home/gdtr/ros2/colcon_mk/install/hello_world_node/share/hello_world_node/package.dsv'
[7.238s] INFO:colcon.colcon_core.shell:Creating package script '/home/gdtr/ros2/colcon_mk/install/hello_world_node/share/hello_world_node/package.sh'
[7.239s] INFO:colcon.colcon_core.shell:Creating package script '/home/gdtr/ros2/colcon_mk/install/hello_world_node/share/hello_world_node/package.bash'
[7.239s] INFO:colcon.colcon_core.shell:Creating package script '/home/gdtr/ros2/colcon_mk/install/hello_world_node/share/hello_world_node/package.zsh'
[7.239s] Level 1:colcon.colcon_core.environment:create_file_with_runtime_dependencies(/home/gdtr/ros2/colcon_mk/install/hello_world_node/share/colcon-core/packages/hello_world_node)
[10.402s] DEBUG:colcon.colcon_core.event_handler.log_command:Invoked command in '/home/gdtr/ros2/colcon_mk/build/topic_demo' returned '0': CMAKE_PREFIX_PATH=/home/gdtr/ros2/colcon_mk/install/plumbing_interface_demo:/home/gdtr/ros2/colcon_mk/install/topic_talker_demo:/home/gdtr/ros2/colcon_mk/install/plumbing_demo:/home/gdtr/ros2/colcon_mk/install/hello_world_node:/opt/ros/rolling /usr/bin/cmake --build /home/gdtr/ros2/colcon_mk/build/topic_demo -- -j8 -l8
[10.440s] DEBUG:colcon.colcon_core.event_handler.log_command:Invoking command in '/home/gdtr/ros2/colcon_mk/build/topic_demo': CMAKE_PREFIX_PATH=/home/gdtr/ros2/colcon_mk/install/plumbing_interface_demo:/home/gdtr/ros2/colcon_mk/install/topic_talker_demo:/home/gdtr/ros2/colcon_mk/install/plumbing_demo:/home/gdtr/ros2/colcon_mk/install/hello_world_node:/opt/ros/rolling /usr/bin/cmake --install /home/gdtr/ros2/colcon_mk/build/topic_demo
[10.458s] Level 1:colcon.colcon_core.environment:create_environment_scripts_only(topic_demo)
[10.459s] DEBUG:colcon.colcon_core.event_handler.log_command:Invoked command in '/home/gdtr/ros2/colcon_mk/build/topic_demo' returned '0': CMAKE_PREFIX_PATH=/home/gdtr/ros2/colcon_mk/install/plumbing_interface_demo:/home/gdtr/ros2/colcon_mk/install/topic_talker_demo:/home/gdtr/ros2/colcon_mk/install/plumbing_demo:/home/gdtr/ros2/colcon_mk/install/hello_world_node:/opt/ros/rolling /usr/bin/cmake --install /home/gdtr/ros2/colcon_mk/build/topic_demo
[10.462s] Level 1:colcon.colcon_core.environment:checking '/home/gdtr/ros2/colcon_mk/install/topic_demo' for CMake module files
[10.463s] Level 1:colcon.colcon_core.environment:checking '/home/gdtr/ros2/colcon_mk/install/topic_demo' for CMake config files
[10.463s] Level 1:colcon.colcon_core.shell:create_environment_hook('topic_demo', 'cmake_prefix_path')
[10.465s] INFO:colcon.colcon_core.shell:Creating environment hook '/home/gdtr/ros2/colcon_mk/install/topic_demo/share/topic_demo/hook/cmake_prefix_path.ps1'
[10.466s] INFO:colcon.colcon_core.shell:Creating environment descriptor '/home/gdtr/ros2/colcon_mk/install/topic_demo/share/topic_demo/hook/cmake_prefix_path.dsv'
[10.466s] INFO:colcon.colcon_core.shell:Creating environment hook '/home/gdtr/ros2/colcon_mk/install/topic_demo/share/topic_demo/hook/cmake_prefix_path.sh'
[10.467s] Level 1:colcon.colcon_core.environment:checking '/home/gdtr/ros2/colcon_mk/install/topic_demo/lib'
[10.467s] Level 1:colcon.colcon_core.environment:checking '/home/gdtr/ros2/colcon_mk/install/topic_demo/bin'
[10.467s] Level 1:colcon.colcon_core.environment:checking '/home/gdtr/ros2/colcon_mk/install/topic_demo/lib/pkgconfig/topic_demo.pc'
[10.467s] Level 1:colcon.colcon_core.environment:checking '/home/gdtr/ros2/colcon_mk/install/topic_demo/lib/python3.10/site-packages'
[10.468s] Level 1:colcon.colcon_core.environment:checking '/home/gdtr/ros2/colcon_mk/install/topic_demo/bin'
[10.469s] INFO:colcon.colcon_core.shell:Creating package script '/home/gdtr/ros2/colcon_mk/install/topic_demo/share/topic_demo/package.ps1'
[10.470s] INFO:colcon.colcon_core.shell:Creating package descriptor '/home/gdtr/ros2/colcon_mk/install/topic_demo/share/topic_demo/package.dsv'
[10.471s] INFO:colcon.colcon_core.shell:Creating package script '/home/gdtr/ros2/colcon_mk/install/topic_demo/share/topic_demo/package.sh'
[10.471s] INFO:colcon.colcon_core.shell:Creating package script '/home/gdtr/ros2/colcon_mk/install/topic_demo/share/topic_demo/package.bash'
[10.471s] INFO:colcon.colcon_core.shell:Creating package script '/home/gdtr/ros2/colcon_mk/install/topic_demo/share/topic_demo/package.zsh'
[10.472s] Level 1:colcon.colcon_core.environment:create_file_with_runtime_dependencies(/home/gdtr/ros2/colcon_mk/install/topic_demo/share/colcon-core/packages/topic_demo)
[10.504s] Level 1:colcon.colcon_core.environment:create_environment_scripts_only(topic_demo)
[10.508s] Level 1:colcon.colcon_core.environment:checking '/home/gdtr/ros2/colcon_mk/install/topic_demo' for CMake module files
[10.509s] Level 1:colcon.colcon_core.environment:checking '/home/gdtr/ros2/colcon_mk/install/topic_demo' for CMake config files
[10.509s] Level 1:colcon.colcon_core.shell:create_environment_hook('topic_demo', 'cmake_prefix_path')
[10.511s] INFO:colcon.colcon_core.shell:Creating environment hook '/home/gdtr/ros2/colcon_mk/install/topic_demo/share/topic_demo/hook/cmake_prefix_path.ps1'
[10.512s] INFO:colcon.colcon_core.shell:Creating environment descriptor '/home/gdtr/ros2/colcon_mk/install/topic_demo/share/topic_demo/hook/cmake_prefix_path.dsv'
[10.512s] INFO:colcon.colcon_core.shell:Creating environment hook '/home/gdtr/ros2/colcon_mk/install/topic_demo/share/topic_demo/hook/cmake_prefix_path.sh'
[10.513s] Level 1:colcon.colcon_core.environment:checking '/home/gdtr/ros2/colcon_mk/install/topic_demo/lib'
[10.513s] Level 1:colcon.colcon_core.environment:checking '/home/gdtr/ros2/colcon_mk/install/topic_demo/bin'
[10.513s] Level 1:colcon.colcon_core.environment:checking '/home/gdtr/ros2/colcon_mk/install/topic_demo/lib/pkgconfig/topic_demo.pc'
[10.513s] Level 1:colcon.colcon_core.environment:checking '/home/gdtr/ros2/colcon_mk/install/topic_demo/lib/python3.10/site-packages'
[10.514s] Level 1:colcon.colcon_core.environment:checking '/home/gdtr/ros2/colcon_mk/install/topic_demo/bin'
[10.516s] INFO:colcon.colcon_core.shell:Creating package script '/home/gdtr/ros2/colcon_mk/install/topic_demo/share/topic_demo/package.ps1'
[10.517s] INFO:colcon.colcon_core.shell:Creating package descriptor '/home/gdtr/ros2/colcon_mk/install/topic_demo/share/topic_demo/package.dsv'
[10.518s] INFO:colcon.colcon_core.shell:Creating package script '/home/gdtr/ros2/colcon_mk/install/topic_demo/share/topic_demo/package.sh'
[10.518s] INFO:colcon.colcon_core.shell:Creating package script '/home/gdtr/ros2/colcon_mk/install/topic_demo/share/topic_demo/package.bash'
[10.519s] INFO:colcon.colcon_core.shell:Creating package script '/home/gdtr/ros2/colcon_mk/install/topic_demo/share/topic_demo/package.zsh'
[10.519s] Level 1:colcon.colcon_core.environment:create_file_with_runtime_dependencies(/home/gdtr/ros2/colcon_mk/install/topic_demo/share/colcon-core/packages/topic_demo)
[10.520s] DEBUG:colcon.colcon_parallel_executor.executor.parallel:closing loop
[10.520s] DEBUG:colcon.colcon_parallel_executor.executor.parallel:loop closed
[10.520s] DEBUG:colcon.colcon_parallel_executor.executor.parallel:run_until_complete finished with '0'
[10.520s] DEBUG:colcon.colcon_core.event_reactor:joining thread
[10.531s] INFO:colcon.colcon_core.plugin_system:Skipping extension 'colcon_notification.desktop_notification.notify_send': Could not find 'notify-send'
[10.532s] INFO:colcon.colcon_core.plugin_system:Skipping extension 'colcon_notification.desktop_notification.terminal_notifier': Not used on non-Darwin systems
[10.532s] INFO:colcon.colcon_core.plugin_system:Skipping extension 'colcon_notification.desktop_notification.win32': Not used on non-Windows systems
[10.532s] INFO:colcon.colcon_notification.desktop_notification:Sending desktop notification using 'notify2'
[10.536s] DEBUG:colcon.colcon_notification.desktop_notification.notify2:Failed to initialize notify2: org.freedesktop.DBus.Error.Spawn.ExecFailed: /usr/bin/dbus-launch terminated abnormally without any error message
[10.537s] DEBUG:colcon.colcon_core.event_reactor:joined thread
[10.539s] INFO:colcon.colcon_core.shell:Creating prefix script '/home/gdtr/ros2/colcon_mk/install/local_setup.ps1'
[10.541s] INFO:colcon.colcon_core.shell:Creating prefix util module '/home/gdtr/ros2/colcon_mk/install/_local_setup_util_ps1.py'
[10.544s] INFO:colcon.colcon_core.shell:Creating prefix chain script '/home/gdtr/ros2/colcon_mk/install/setup.ps1'
[10.547s] INFO:colcon.colcon_core.shell:Creating prefix script '/home/gdtr/ros2/colcon_mk/install/local_setup.sh'
[10.549s] INFO:colcon.colcon_core.shell:Creating prefix util module '/home/gdtr/ros2/colcon_mk/install/_local_setup_util_sh.py'
[10.550s] INFO:colcon.colcon_core.shell:Creating prefix chain script '/home/gdtr/ros2/colcon_mk/install/setup.sh'
[10.553s] INFO:colcon.colcon_core.shell:Creating prefix script '/home/gdtr/ros2/colcon_mk/install/local_setup.bash'
[10.553s] INFO:colcon.colcon_core.shell:Creating prefix chain script '/home/gdtr/ros2/colcon_mk/install/setup.bash'
[10.555s] INFO:colcon.colcon_core.shell:Creating prefix script '/home/gdtr/ros2/colcon_mk/install/local_setup.zsh'
[10.556s] INFO:colcon.colcon_core.shell:Creating prefix chain script '/home/gdtr/ros2/colcon_mk/install/setup.zsh'
