[0.014s] Invoking command in '/home/gdtr/ros2/colcon_mk/build/hello_world_node': CMAKE_PREFIX_PATH=/opt/ros/rolling /usr/bin/cmake /home/gdtr/ros2/colcon_mk/src/hello_world_node -DCMAKE_INSTALL_PREFIX=/home/gdtr/ros2/colcon_mk/install/hello_world_node
[0.185s] -- The C compiler identification is GNU 11.3.0
[0.295s] -- The CXX compiler identification is GNU 11.3.0
[0.306s] -- Detecting C compiler ABI info
[0.388s] -- Detecting C compiler ABI info - done
[0.396s] -- Check for working C compiler: /usr/bin/cc - skipped
[0.396s] -- Detecting C compile features
[0.397s] -- Detecting C compile features - done
[0.402s] -- Detecting CXX compiler ABI info
[0.521s] -- Detecting CXX compiler ABI info - done
[0.535s] -- Check for working CXX compiler: /usr/bin/c++ - skipped
[0.535s] -- Detecting CXX compile features
[0.536s] -- Detecting CXX compile features - done
[0.541s] -- Found ament_cmake: 1.5.2 (/opt/ros/rolling/share/ament_cmake/cmake)
[0.757s] -- Found Python3: /usr/bin/python3.10 (found version "3.10.6") found components: Interpreter 
[0.870s] -- Found rclcpp: 19.0.0 (/opt/ros/rolling/share/rclcpp/cmake)
[0.934s] -- Found rosidl_generator_c: 3.3.1 (/opt/ros/rolling/share/rosidl_generator_c/cmake)
[0.946s] -- Found rosidl_generator_cpp: 3.3.1 (/opt/ros/rolling/share/rosidl_generator_cpp/cmake)
[0.967s] -- Using all available rosidl_typesupport_c: rosidl_typesupport_fastrtps_c;rosidl_typesupport_introspection_c
[0.992s] -- Using all available rosidl_typesupport_cpp: rosidl_typesupport_fastrtps_cpp;rosidl_typesupport_introspection_cpp
[1.092s] -- Found rmw_implementation_cmake: 6.4.0 (/opt/ros/rolling/share/rmw_implementation_cmake/cmake)
[1.095s] -- Found rmw_fastrtps_cpp: 6.5.0 (/opt/ros/rolling/share/rmw_fastrtps_cpp/cmake)
[1.227s] -- Found OpenSSL: /usr/lib/x86_64-linux-gnu/libcrypto.so (found version "3.0.2")  
[1.266s] -- Found FastRTPS: /opt/ros/rolling/include  
[1.333s] -- Using RMW implementation 'rmw_fastrtps_cpp' as default
[1.345s] -- Looking for pthread.h
[1.432s] -- Looking for pthread.h - found
[1.432s] -- Performing Test CMAKE_HAVE_LIBC_PTHREAD
[1.513s] -- Performing Test CMAKE_HAVE_LIBC_PTHREAD - Success
[1.514s] -- Found Threads: TRUE  
[1.672s] -- Found ament_lint_auto: 0.13.2 (/opt/ros/rolling/share/ament_lint_auto/cmake)
[1.766s] -- Added test 'cppcheck' to perform static code analysis on C / C++ code
[1.767s] -- Configured cppcheck include dirs: $<BUILD_INTERFACE:/home/gdtr/ros2/colcon_mk/src/hello_world_node/include>
[1.767s] -- Configured cppcheck exclude dirs and/or files: 
[1.768s] -- Added test 'lint_cmake' to check CMake code style
[1.770s] -- Added test 'uncrustify' to check C / C++ code style
[1.770s] -- Configured uncrustify additional arguments: 
[1.770s] -- Added test 'xmllint' to check XML markup files
[1.772s] -- Configuring done
[1.783s] -- Generating done
[1.785s] -- Build files have been written to: /home/gdtr/ros2/colcon_mk/build/hello_world_node
[1.795s] Invoked command in '/home/gdtr/ros2/colcon_mk/build/hello_world_node' returned '0': CMAKE_PREFIX_PATH=/opt/ros/rolling /usr/bin/cmake /home/gdtr/ros2/colcon_mk/src/hello_world_node -DCMAKE_INSTALL_PREFIX=/home/gdtr/ros2/colcon_mk/install/hello_world_node
[1.798s] Invoking command in '/home/gdtr/ros2/colcon_mk/build/hello_world_node': CMAKE_PREFIX_PATH=/opt/ros/rolling /usr/bin/cmake --build /home/gdtr/ros2/colcon_mk/build/hello_world_node -- -j8 -l8
[1.852s] [ 50%] [32mBuilding CXX object CMakeFiles/hello_world.dir/src/hello_world.cpp.o[0m
[1.900s] [100%] [32m[1mLinking CXX executable hello_world[0m
[1.989s] [100%] Built target hello_world
[2.001s] Invoked command in '/home/gdtr/ros2/colcon_mk/build/hello_world_node' returned '0': CMAKE_PREFIX_PATH=/opt/ros/rolling /usr/bin/cmake --build /home/gdtr/ros2/colcon_mk/build/hello_world_node -- -j8 -l8
[2.038s] Invoking command in '/home/gdtr/ros2/colcon_mk/build/hello_world_node': CMAKE_PREFIX_PATH=/opt/ros/rolling /usr/bin/cmake --install /home/gdtr/ros2/colcon_mk/build/hello_world_node
[2.046s] -- Install configuration: ""
[2.047s] -- Installing: /home/gdtr/ros2/colcon_mk/install/hello_world_node/lib/hello_world_node/hello_world
[2.047s] -- Set runtime path of "/home/gdtr/ros2/colcon_mk/install/hello_world_node/lib/hello_world_node/hello_world" to ""
[2.047s] -- Installing: /home/gdtr/ros2/colcon_mk/install/hello_world_node/share/ament_index/resource_index/package_run_dependencies/hello_world_node
[2.047s] -- Installing: /home/gdtr/ros2/colcon_mk/install/hello_world_node/share/ament_index/resource_index/parent_prefix_path/hello_world_node
[2.048s] -- Installing: /home/gdtr/ros2/colcon_mk/install/hello_world_node/share/hello_world_node/environment/ament_prefix_path.sh
[2.048s] -- Installing: /home/gdtr/ros2/colcon_mk/install/hello_world_node/share/hello_world_node/environment/ament_prefix_path.dsv
[2.048s] -- Installing: /home/gdtr/ros2/colcon_mk/install/hello_world_node/share/hello_world_node/environment/path.sh
[2.048s] -- Installing: /home/gdtr/ros2/colcon_mk/install/hello_world_node/share/hello_world_node/environment/path.dsv
[2.048s] -- Installing: /home/gdtr/ros2/colcon_mk/install/hello_world_node/share/hello_world_node/local_setup.bash
[2.049s] -- Installing: /home/gdtr/ros2/colcon_mk/install/hello_world_node/share/hello_world_node/local_setup.sh
[2.049s] -- Installing: /home/gdtr/ros2/colcon_mk/install/hello_world_node/share/hello_world_node/local_setup.zsh
[2.049s] -- Installing: /home/gdtr/ros2/colcon_mk/install/hello_world_node/share/hello_world_node/local_setup.dsv
[2.049s] -- Installing: /home/gdtr/ros2/colcon_mk/install/hello_world_node/share/hello_world_node/package.dsv
[2.049s] -- Installing: /home/gdtr/ros2/colcon_mk/install/hello_world_node/share/ament_index/resource_index/packages/hello_world_node
[2.050s] -- Installing: /home/gdtr/ros2/colcon_mk/install/hello_world_node/share/hello_world_node/cmake/hello_world_nodeConfig.cmake
[2.050s] -- Installing: /home/gdtr/ros2/colcon_mk/install/hello_world_node/share/hello_world_node/cmake/hello_world_nodeConfig-version.cmake
[2.050s] -- Installing: /home/gdtr/ros2/colcon_mk/install/hello_world_node/share/hello_world_node/package.xml
[2.053s] Invoked command in '/home/gdtr/ros2/colcon_mk/build/hello_world_node' returned '0': CMAKE_PREFIX_PATH=/opt/ros/rolling /usr/bin/cmake --install /home/gdtr/ros2/colcon_mk/build/hello_world_node
