[0.037s] Invoking command in '/home/gdtr/ros2/colcon_mk/build/launch_demo': CMAKE_PREFIX_PATH=/opt/ros/rolling /usr/bin/cmake --build /home/gdtr/ros2/colcon_mk/build/launch_demo -- -j8 -l8
[0.084s] -- Found ament_cmake: 1.5.2 (/opt/ros/rolling/share/ament_cmake/cmake)
[0.455s] -- Found rclcpp: 19.0.0 (/opt/ros/rolling/share/rclcpp/cmake)
[0.498s] -- Found rosidl_generator_c: 3.3.1 (/opt/ros/rolling/share/rosidl_generator_c/cmake)
[0.512s] -- Found rosidl_generator_cpp: 3.3.1 (/opt/ros/rolling/share/rosidl_generator_cpp/cmake)
[0.525s] -- Using all available rosidl_typesupport_c: rosidl_typesupport_fastrtps_c;rosidl_typesupport_introspection_c
[0.546s] -- Using all available rosidl_typesupport_cpp: rosidl_typesupport_fastrtps_cpp;rosidl_typesupport_introspection_cpp
[0.624s] -- Found rmw_implementation_cmake: 6.4.0 (/opt/ros/rolling/share/rmw_implementation_cmake/cmake)
[0.626s] -- Found rmw_fastrtps_cpp: 6.5.0 (/opt/ros/rolling/share/rmw_fastrtps_cpp/cmake)
[0.824s] -- Using RMW implementation 'rmw_fastrtps_cpp' as default
[1.033s] -- Found ament_lint_auto: 0.13.2 (/opt/ros/rolling/share/ament_lint_auto/cmake)
[1.173s] -- Added test 'cppcheck' to perform static code analysis on C / C++ code
[1.173s] -- Configured cppcheck include dirs: $<BUILD_INTERFACE:/home/gdtr/ros2/colcon_mk/src/launch_demo/include>
[1.173s] -- Configured cppcheck exclude dirs and/or files: 
[1.174s] -- Added test 'flake8' to check Python code syntax and style conventions
[1.175s] -- Added test 'lint_cmake' to check CMake code style
[1.176s] -- Added test 'pep257' to check Python code against some of the docstring style conventions in PEP 257
[1.178s] -- Added test 'uncrustify' to check C / C++ code style
[1.179s] -- Configured uncrustify additional arguments: 
[1.179s] -- Added test 'xmllint' to check XML markup files
[1.181s] -- Configuring done
[1.199s] -- Generating done
[1.203s] -- Build files have been written to: /home/gdtr/ros2/colcon_mk/build/launch_demo
[1.252s] [35m[1mConsolidate compiler generated dependencies of target exec_multiName[0m
[1.265s] [100%] Built target exec_multiName
[1.920s] Invoked command in '/home/gdtr/ros2/colcon_mk/build/launch_demo' returned '0': CMAKE_PREFIX_PATH=/opt/ros/rolling /usr/bin/cmake --build /home/gdtr/ros2/colcon_mk/build/launch_demo -- -j8 -l8
[2.269s] Invoking command in '/home/gdtr/ros2/colcon_mk/build/launch_demo': CMAKE_PREFIX_PATH=/opt/ros/rolling /usr/bin/cmake --install /home/gdtr/ros2/colcon_mk/build/launch_demo
[2.299s] -- Install configuration: ""
[2.299s] -- Up-to-date: /home/gdtr/ros2/colcon_mk/install/launch_demo/lib/launch_demo/exec_multiName
[2.299s] -- Installing: /home/gdtr/ros2/colcon_mk/install/launch_demo/share/launch_demo/launch
[2.302s] -- Installing: /home/gdtr/ros2/colcon_mk/install/launch_demo/share/launch_demo/launch/demo_launch.py
[2.302s] -- Up-to-date: /home/gdtr/ros2/colcon_mk/install/launch_demo/share/ament_index/resource_index/package_run_dependencies/launch_demo
[2.303s] -- Up-to-date: /home/gdtr/ros2/colcon_mk/install/launch_demo/share/ament_index/resource_index/parent_prefix_path/launch_demo
[2.303s] -- Up-to-date: /home/gdtr/ros2/colcon_mk/install/launch_demo/share/launch_demo/environment/ament_prefix_path.sh
[2.303s] -- Installing: /home/gdtr/ros2/colcon_mk/install/launch_demo/share/launch_demo/environment/ament_prefix_path.dsv
[2.303s] -- Up-to-date: /home/gdtr/ros2/colcon_mk/install/launch_demo/share/launch_demo/environment/path.sh
[2.304s] -- Installing: /home/gdtr/ros2/colcon_mk/install/launch_demo/share/launch_demo/environment/path.dsv
[2.305s] -- Up-to-date: /home/gdtr/ros2/colcon_mk/install/launch_demo/share/launch_demo/local_setup.bash
[2.305s] -- Up-to-date: /home/gdtr/ros2/colcon_mk/install/launch_demo/share/launch_demo/local_setup.sh
[2.306s] -- Up-to-date: /home/gdtr/ros2/colcon_mk/install/launch_demo/share/launch_demo/local_setup.zsh
[2.307s] -- Installing: /home/gdtr/ros2/colcon_mk/install/launch_demo/share/launch_demo/local_setup.dsv
[2.307s] -- Installing: /home/gdtr/ros2/colcon_mk/install/launch_demo/share/launch_demo/package.dsv
[2.308s] -- Up-to-date: /home/gdtr/ros2/colcon_mk/install/launch_demo/share/ament_index/resource_index/packages/launch_demo
[2.316s] -- Up-to-date: /home/gdtr/ros2/colcon_mk/install/launch_demo/share/launch_demo/cmake/launch_demoConfig.cmake
[2.317s] -- Up-to-date: /home/gdtr/ros2/colcon_mk/install/launch_demo/share/launch_demo/cmake/launch_demoConfig-version.cmake
[2.317s] -- Up-to-date: /home/gdtr/ros2/colcon_mk/install/launch_demo/share/launch_demo/package.xml
[2.323s] Invoked command in '/home/gdtr/ros2/colcon_mk/build/launch_demo' returned '0': CMAKE_PREFIX_PATH=/opt/ros/rolling /usr/bin/cmake --install /home/gdtr/ros2/colcon_mk/build/launch_demo
