[0.016s] Invoking command in '/home/gdtr/ros2/colcon_mk/build/plumbing_interface_demo': CMAKE_PREFIX_PATH=/opt/ros/rolling /usr/bin/cmake --build /home/gdtr/ros2/colcon_mk/build/plumbing_interface_demo -- -j8 -l8
[0.043s] -- Found ament_cmake: 1.5.2 (/opt/ros/rolling/share/ament_cmake/cmake)
[0.213s] -- Found rclcpp: 19.0.0 (/opt/ros/rolling/share/rclcpp/cmake)
[0.247s] -- Found rosidl_generator_c: 3.3.1 (/opt/ros/rolling/share/rosidl_generator_c/cmake)
[0.255s] -- Found rosidl_generator_cpp: 3.3.1 (/opt/ros/rolling/share/rosidl_generator_cpp/cmake)
[0.267s] -- Using all available rosidl_typesupport_c: rosidl_typesupport_fastrtps_c;rosidl_typesupport_introspection_c
[0.285s] -- Using all available rosidl_typesupport_cpp: rosidl_typesupport_fastrtps_cpp;rosidl_typesupport_introspection_cpp
[0.361s] -- Found rmw_implementation_cmake: 6.4.0 (/opt/ros/rolling/share/rmw_implementation_cmake/cmake)
[0.362s] -- Found rmw_fastrtps_cpp: 6.5.0 (/opt/ros/rolling/share/rmw_fastrtps_cpp/cmake)
[0.578s] -- Using RMW implementation 'rmw_fastrtps_cpp' as default
[0.730s] -- Found std_msgs: 4.6.1 (/opt/ros/rolling/share/std_msgs/cmake)
[0.766s] -- Found rosidl_default_generators: 1.4.0 (/opt/ros/rolling/share/rosidl_default_generators/cmake)
[0.775s] -- Found rosidl_adapter: 3.3.1 (/opt/ros/rolling/share/rosidl_adapter/cmake)
[0.921s] [31mCMake Error at /opt/ros/rolling/share/rosidl_adapter/cmake/rosidl_adapt_interfaces.cmake:59 (message):
[0.921s]   execute_process(/usr/bin/python3.10 -m rosidl_adapter --package-name
[0.922s]   plumbing_interface_demo --arguments-file
[0.922s]   /home/gdtr/ros2/colcon_mk/build/plumbing_interface_demo/rosidl_adapter__arguments__plumbing_interface_demo.json
[0.922s]   --output-dir
[0.922s]   /home/gdtr/ros2/colcon_mk/build/plumbing_interface_demo/rosidl_adapter/plumbing_interface_demo
[0.922s]   --output-file
[0.922s]   /home/gdtr/ros2/colcon_mk/build/plumbing_interface_demo/rosidl_adapter/plumbing_interface_demo.idls)
[0.922s]   returned error code 1:
[0.922s] 
[0.923s]   Traceback (most recent call last):
[0.923s] 
[0.923s]     File "/usr/lib/python3.10/runpy.py", line 196, in _run_module_as_main
[0.923s]       return _run_code(code, main_globals, None,
[0.923s]     File "/usr/lib/python3.10/runpy.py", line 86, in _run_code
[0.923s]       exec(code, run_globals)
[0.923s]     File "/opt/ros/rolling/local/lib/python3.10/dist-packages/rosidl_adapter/__main__.py", line 19, in <module>
[0.923s]       sys.exit(main())
[0.923s]     File "/opt/ros/rolling/local/lib/python3.10/dist-packages/rosidl_adapter/main.py", line 53, in main
[0.924s]       abs_idl_file = convert_to_idl(
[0.924s]     File "/opt/ros/rolling/local/lib/python3.10/dist-packages/rosidl_adapter/__init__.py", line 24, in convert_to_idl
[0.924s]       return convert_srv_to_idl(
[0.924s]     File "/opt/ros/rolling/local/lib/python3.10/dist-packages/rosidl_adapter/srv/__init__.py", line 28, in convert_srv_to_idl
[0.924s]       srv = parse_service_string(package_name, input_file.stem, content)
[0.924s]     File "/opt/ros/rolling/local/lib/python3.10/dist-packages/rosidl_adapter/parser.py", line 859, in parse_service_string
[0.924s]       request_message = parse_message_string(
[0.924s]     File "/opt/ros/rolling/local/lib/python3.10/dist-packages/rosidl_adapter/parser.py", line 544, in parse_message_string
[0.924s]       msg = MessageSpecification(pkg_name, msg_name, fields, constants)
[0.925s]     File "/opt/ros/rolling/local/lib/python3.10/dist-packages/rosidl_adapter/parser.py", line 388, in __init__
[0.925s]       self.base_type = BaseType(
[0.925s]     File "/opt/ros/rolling/local/lib/python3.10/dist-packages/rosidl_adapter/parser.py", line 205, in __init__
[0.925s]       raise InvalidResourceName(
[0.925s] 
[0.925s]   rosidl_adapter.parser.InvalidResourceName: 'eService_demo_Request' is an
[0.925s]   invalid message name.  It should have the pattern '^[A-Z][A-Za-z0-9]*$'
[0.925s] 
[0.926s] Call Stack (most recent call first):
[0.926s]   /opt/ros/rolling/share/rosidl_cmake/cmake/rosidl_generate_interfaces.cmake:132 (rosidl_adapt_interfaces)
[0.926s]   CMakeLists.txt:15 (rosidl_generate_interfaces)
[0.926s] 
[0.926s] [0m
[0.926s] -- Configuring incomplete, errors occurred!
[0.926s] See also "/home/gdtr/ros2/colcon_mk/build/plumbing_interface_demo/CMakeFiles/CMakeOutput.log".
[0.932s] gmake: *** [Makefile:1220: cmake_check_build_system] Error 1
[0.934s] Invoked command in '/home/gdtr/ros2/colcon_mk/build/plumbing_interface_demo' returned '2': CMAKE_PREFIX_PATH=/opt/ros/rolling /usr/bin/cmake --build /home/gdtr/ros2/colcon_mk/build/plumbing_interface_demo -- -j8 -l8
