[2.773s] Invoking command in '/home/gdtr/ros2/colcon_mk/src/topic_demo_py': PYTHONPATH=/home/gdtr/ros2/colcon_mk/build/topic_demo_py/prefix_override:/home/gdtr/ros2/colcon_mk/install/topic_demo_py/lib/python3.10/site-packages:${PYTHONPATH} /usr/bin/python3 setup.py egg_info --egg-base ../../build/topic_demo_py build --build-base /home/gdtr/ros2/colcon_mk/build/topic_demo_py/build install --record /home/gdtr/ros2/colcon_mk/build/topic_demo_py/install.log --single-version-externally-managed
[3.712s] running egg_info
[3.713s] writing ../../build/topic_demo_py/topic_demo_py.egg-info/PKG-INFO
[3.713s] writing dependency_links to ../../build/topic_demo_py/topic_demo_py.egg-info/dependency_links.txt
[3.713s] writing entry points to ../../build/topic_demo_py/topic_demo_py.egg-info/entry_points.txt
[3.713s] writing requirements to ../../build/topic_demo_py/topic_demo_py.egg-info/requires.txt
[3.714s] writing top-level names to ../../build/topic_demo_py/topic_demo_py.egg-info/top_level.txt
[3.728s] reading manifest file '../../build/topic_demo_py/topic_demo_py.egg-info/SOURCES.txt'
[3.735s] writing manifest file '../../build/topic_demo_py/topic_demo_py.egg-info/SOURCES.txt'
[3.735s] running build
[3.736s] running build_py
[3.736s] copying topic_demo_py/topic_listener_py.py -> /home/gdtr/ros2/colcon_mk/build/topic_demo_py/build/lib/topic_demo_py
[3.738s] running install
[3.742s] running install_lib
[3.746s] creating /home/gdtr/ros2/colcon_mk/install/topic_demo_py/lib/python3.10/site-packages/topic_demo_py
[3.747s] copying /home/gdtr/ros2/colcon_mk/build/topic_demo_py/build/lib/topic_demo_py/topic_listener_py.py -> /home/gdtr/ros2/colcon_mk/install/topic_demo_py/lib/python3.10/site-packages/topic_demo_py
[3.747s] copying /home/gdtr/ros2/colcon_mk/build/topic_demo_py/build/lib/topic_demo_py/__init__.py -> /home/gdtr/ros2/colcon_mk/install/topic_demo_py/lib/python3.10/site-packages/topic_demo_py
[3.749s] copying /home/gdtr/ros2/colcon_mk/build/topic_demo_py/build/lib/topic_demo_py/topic_talker_py.py -> /home/gdtr/ros2/colcon_mk/install/topic_demo_py/lib/python3.10/site-packages/topic_demo_py
[3.751s] byte-compiling /home/gdtr/ros2/colcon_mk/install/topic_demo_py/lib/python3.10/site-packages/topic_demo_py/topic_listener_py.py to topic_listener_py.cpython-310.pyc
[3.756s] byte-compiling /home/gdtr/ros2/colcon_mk/install/topic_demo_py/lib/python3.10/site-packages/topic_demo_py/__init__.py to __init__.cpython-310.pyc
[3.759s] byte-compiling /home/gdtr/ros2/colcon_mk/install/topic_demo_py/lib/python3.10/site-packages/topic_demo_py/topic_talker_py.py to topic_talker_py.cpython-310.pyc
[3.765s] running install_data
[3.765s] creating /home/gdtr/ros2/colcon_mk/install/topic_demo_py/share/ament_index
[3.766s] creating /home/gdtr/ros2/colcon_mk/install/topic_demo_py/share/ament_index/resource_index
[3.766s] creating /home/gdtr/ros2/colcon_mk/install/topic_demo_py/share/ament_index/resource_index/packages
[3.766s] copying resource/topic_demo_py -> /home/gdtr/ros2/colcon_mk/install/topic_demo_py/share/ament_index/resource_index/packages
[3.766s] copying package.xml -> /home/gdtr/ros2/colcon_mk/install/topic_demo_py/share/topic_demo_py
[3.766s] running install_egg_info
[3.767s] Copying ../../build/topic_demo_py/topic_demo_py.egg-info to /home/gdtr/ros2/colcon_mk/install/topic_demo_py/lib/python3.10/site-packages/topic_demo_py-0.0.0-py3.10.egg-info
[3.769s] running install_scripts
[3.835s] Installing topic_listener_py script to /home/gdtr/ros2/colcon_mk/install/topic_demo_py/lib/topic_demo_py
[3.835s] Installing topic_talker_py script to /home/gdtr/ros2/colcon_mk/install/topic_demo_py/lib/topic_demo_py
[3.836s] writing list of installed files to '/home/gdtr/ros2/colcon_mk/build/topic_demo_py/install.log'
[3.966s] Invoked command in '/home/gdtr/ros2/colcon_mk/src/topic_demo_py' returned '0': PYTHONPATH=/home/gdtr/ros2/colcon_mk/build/topic_demo_py/prefix_override:/home/gdtr/ros2/colcon_mk/install/topic_demo_py/lib/python3.10/site-packages:${PYTHONPATH} /usr/bin/python3 setup.py egg_info --egg-base ../../build/topic_demo_py build --build-base /home/gdtr/ros2/colcon_mk/build/topic_demo_py/build install --record /home/gdtr/ros2/colcon_mk/build/topic_demo_py/install.log --single-version-externally-managed
