[0.114s] Invoking command in '/home/gdtr/ros2/colcon_mk/build/action_demo': CMAKE_PREFIX_PATH=/home/gdtr/ros2/colcon_mk/install/plumbing_interface_demo:/home/gdtr/ros2/colcon_mk/install/paramter_demo:/home/gdtr/ros2/colcon_mk/install/action_demo:/home/gdtr/ros2/colcon_mk/install/topic_demo:/home/gdtr/ros2/colcon_mk/install/service_demo_py:/home/gdtr/ros2/colcon_mk/install/service_demo:/home/gdtr/ros2/colcon_mk/install/hello_world_node:/home/gdtr/ros2/colcon_mk/install/topic_demo_py:/opt/ros/rolling /usr/bin/cmake --build /home/gdtr/ros2/colcon_mk/build/action_demo -- -j8 -l8
[1.826s] [35m[1mConsolidate compiler generated dependencies of target action_client[0m
[1.826s] [ 50%] Built target action_server
[1.827s] [100%] Built target action_client
[1.829s] Invoked command in '/home/gdtr/ros2/colcon_mk/build/action_demo' returned '0': CMAKE_PREFIX_PATH=/home/gdtr/ros2/colcon_mk/install/plumbing_interface_demo:/home/gdtr/ros2/colcon_mk/install/paramter_demo:/home/gdtr/ros2/colcon_mk/install/action_demo:/home/gdtr/ros2/colcon_mk/install/topic_demo:/home/gdtr/ros2/colcon_mk/install/service_demo_py:/home/gdtr/ros2/colcon_mk/install/service_demo:/home/gdtr/ros2/colcon_mk/install/hello_world_node:/home/gdtr/ros2/colcon_mk/install/topic_demo_py:/opt/ros/rolling /usr/bin/cmake --build /home/gdtr/ros2/colcon_mk/build/action_demo -- -j8 -l8
[2.293s] Invoking command in '/home/gdtr/ros2/colcon_mk/build/action_demo': CMAKE_PREFIX_PATH=/home/gdtr/ros2/colcon_mk/install/plumbing_interface_demo:/home/gdtr/ros2/colcon_mk/install/paramter_demo:/home/gdtr/ros2/colcon_mk/install/action_demo:/home/gdtr/ros2/colcon_mk/install/topic_demo:/home/gdtr/ros2/colcon_mk/install/service_demo_py:/home/gdtr/ros2/colcon_mk/install/service_demo:/home/gdtr/ros2/colcon_mk/install/hello_world_node:/home/gdtr/ros2/colcon_mk/install/topic_demo_py:/opt/ros/rolling /usr/bin/cmake --install /home/gdtr/ros2/colcon_mk/build/action_demo
[2.333s] -- Install configuration: ""
[2.333s] -- Up-to-date: /home/gdtr/ros2/colcon_mk/install/action_demo/lib/action_demo/action_server
[2.334s] -- Up-to-date: /home/gdtr/ros2/colcon_mk/install/action_demo/lib/action_demo/action_client
[2.334s] -- Up-to-date: /home/gdtr/ros2/colcon_mk/install/action_demo/share/ament_index/resource_index/package_run_dependencies/action_demo
[2.335s] -- Up-to-date: /home/gdtr/ros2/colcon_mk/install/action_demo/share/ament_index/resource_index/parent_prefix_path/action_demo
[2.345s] -- Up-to-date: /home/gdtr/ros2/colcon_mk/install/action_demo/share/action_demo/environment/ament_prefix_path.sh
[2.345s] -- Up-to-date: /home/gdtr/ros2/colcon_mk/install/action_demo/share/action_demo/environment/ament_prefix_path.dsv
[2.345s] -- Up-to-date: /home/gdtr/ros2/colcon_mk/install/action_demo/share/action_demo/environment/path.sh
[2.345s] -- Up-to-date: /home/gdtr/ros2/colcon_mk/install/action_demo/share/action_demo/environment/path.dsv
[2.345s] -- Up-to-date: /home/gdtr/ros2/colcon_mk/install/action_demo/share/action_demo/local_setup.bash
[2.345s] -- Up-to-date: /home/gdtr/ros2/colcon_mk/install/action_demo/share/action_demo/local_setup.sh
[2.346s] -- Up-to-date: /home/gdtr/ros2/colcon_mk/install/action_demo/share/action_demo/local_setup.zsh
[2.346s] -- Up-to-date: /home/gdtr/ros2/colcon_mk/install/action_demo/share/action_demo/local_setup.dsv
[2.346s] -- Installing: /home/gdtr/ros2/colcon_mk/install/action_demo/share/action_demo/package.dsv
[2.346s] -- Up-to-date: /home/gdtr/ros2/colcon_mk/install/action_demo/share/ament_index/resource_index/packages/action_demo
[2.346s] -- Up-to-date: /home/gdtr/ros2/colcon_mk/install/action_demo/share/action_demo/cmake/action_demoConfig.cmake
[2.346s] -- Up-to-date: /home/gdtr/ros2/colcon_mk/install/action_demo/share/action_demo/cmake/action_demoConfig-version.cmake
[2.346s] -- Up-to-date: /home/gdtr/ros2/colcon_mk/install/action_demo/share/action_demo/package.xml
[2.381s] Invoked command in '/home/gdtr/ros2/colcon_mk/build/action_demo' returned '0': CMAKE_PREFIX_PATH=/home/gdtr/ros2/colcon_mk/install/plumbing_interface_demo:/home/gdtr/ros2/colcon_mk/install/paramter_demo:/home/gdtr/ros2/colcon_mk/install/action_demo:/home/gdtr/ros2/colcon_mk/install/topic_demo:/home/gdtr/ros2/colcon_mk/install/service_demo_py:/home/gdtr/ros2/colcon_mk/install/service_demo:/home/gdtr/ros2/colcon_mk/install/hello_world_node:/home/gdtr/ros2/colcon_mk/install/topic_demo_py:/opt/ros/rolling /usr/bin/cmake --install /home/gdtr/ros2/colcon_mk/build/action_demo
