[1.029s] DEBUG:colcon:Command line arguments: ['/usr/bin/colcon', 'build']
[1.029s] DEBUG:colcon:Parsed command line arguments: Namespace(log_base=None, log_level=None, verb_name='build', build_base='build', install_base='install', merge_install=False, symlink_install=False, test_result_base=None, continue_on_error=False, executor='parallel', parallel_workers=8, event_handlers=None, ignore_user_meta=False, metas=['./colcon.meta'], base_paths=['.'], packages_ignore=None, packages_ignore_regex=None, paths=None, packages_up_to=None, packages_up_to_regex=None, packages_above=None, packages_above_and_dependencies=None, packages_above_depth=None, packages_select_by_dep=None, packages_skip_by_dep=None, packages_skip_up_to=None, packages_select_build_failed=False, packages_skip_build_finished=False, packages_select_test_failures=False, packages_skip_test_passed=False, packages_select=None, packages_skip=None, packages_select_regex=None, packages_skip_regex=None, packages_start=None, packages_end=None, allow_overriding=[], cmake_args=None, cmake_target=None, cmake_target_skip_unavailable=False, cmake_clean_cache=False, cmake_clean_first=False, cmake_force_configure=False, ament_cmake_args=None, catkin_cmake_args=None, catkin_skip_building_tests=False, verb_parser=<colcon_defaults.argument_parser.defaults.DefaultArgumentsDecorator object at 0x7f646ddefee0>, verb_extension=<colcon_core.verb.build.BuildVerb object at 0x7f646e5f19f0>, main=<bound method BuildVerb.main of <colcon_core.verb.build.BuildVerb object at 0x7f646e5f19f0>>)
[1.124s] Level 1:colcon.colcon_core.package_discovery:discover_packages(colcon_meta) check parameters
[1.125s] Level 1:colcon.colcon_core.package_discovery:discover_packages(recursive) check parameters
[1.125s] Level 1:colcon.colcon_core.package_discovery:discover_packages(ignore) check parameters
[1.125s] Level 1:colcon.colcon_core.package_discovery:discover_packages(path) check parameters
[1.125s] Level 1:colcon.colcon_core.package_discovery:discover_packages(colcon_meta) discover
[1.125s] Level 1:colcon.colcon_core.package_discovery:discover_packages(recursive) discover
[1.125s] INFO:colcon.colcon_core.package_discovery:Crawling recursively for packages in '/home/gdtr/ros2/colcon_mk'
[1.125s] Level 1:colcon.colcon_core.package_identification:_identify(.) by extensions ['ignore', 'ignore_ament_install']
[1.126s] Level 1:colcon.colcon_core.package_identification:_identify(.) by extension 'ignore'
[1.126s] Level 1:colcon.colcon_core.package_identification:_identify(.) by extension 'ignore_ament_install'
[1.126s] Level 1:colcon.colcon_core.package_identification:_identify(.) by extensions ['colcon_pkg']
[1.126s] Level 1:colcon.colcon_core.package_identification:_identify(.) by extension 'colcon_pkg'
[1.126s] Level 1:colcon.colcon_core.package_identification:_identify(.) by extensions ['colcon_meta']
[1.126s] Level 1:colcon.colcon_core.package_identification:_identify(.) by extension 'colcon_meta'
[1.126s] Level 1:colcon.colcon_core.package_identification:_identify(.) by extensions ['ros']
[1.126s] Level 1:colcon.colcon_core.package_identification:_identify(.) by extension 'ros'
[1.166s] Level 1:colcon.colcon_core.package_identification:_identify(.) by extensions ['cmake', 'python']
[1.167s] Level 1:colcon.colcon_core.package_identification:_identify(.) by extension 'cmake'
[1.167s] Level 1:colcon.colcon_core.package_identification:_identify(.) by extension 'python'
[1.167s] Level 1:colcon.colcon_core.package_identification:_identify(.) by extensions ['python_setup_py']
[1.168s] Level 1:colcon.colcon_core.package_identification:_identify(.) by extension 'python_setup_py'
[1.168s] Level 1:colcon.colcon_core.package_identification:_identify(build) by extensions ['ignore', 'ignore_ament_install']
[1.168s] Level 1:colcon.colcon_core.package_identification:_identify(build) by extension 'ignore'
[1.169s] Level 1:colcon.colcon_core.package_identification:_identify(build) ignored
[1.169s] Level 1:colcon.colcon_core.package_identification:_identify(install) by extensions ['ignore', 'ignore_ament_install']
[1.169s] Level 1:colcon.colcon_core.package_identification:_identify(install) by extension 'ignore'
[1.169s] Level 1:colcon.colcon_core.package_identification:_identify(install) ignored
[1.170s] Level 1:colcon.colcon_core.package_identification:_identify(log) by extensions ['ignore', 'ignore_ament_install']
[1.170s] Level 1:colcon.colcon_core.package_identification:_identify(log) by extension 'ignore'
[1.170s] Level 1:colcon.colcon_core.package_identification:_identify(log) ignored
[1.170s] Level 1:colcon.colcon_core.package_identification:_identify(src) by extensions ['ignore', 'ignore_ament_install']
[1.171s] Level 1:colcon.colcon_core.package_identification:_identify(src) by extension 'ignore'
[1.171s] Level 1:colcon.colcon_core.package_identification:_identify(src) by extension 'ignore_ament_install'
[1.171s] Level 1:colcon.colcon_core.package_identification:_identify(src) by extensions ['colcon_pkg']
[1.171s] Level 1:colcon.colcon_core.package_identification:_identify(src) by extension 'colcon_pkg'
[1.171s] Level 1:colcon.colcon_core.package_identification:_identify(src) by extensions ['colcon_meta']
[1.171s] Level 1:colcon.colcon_core.package_identification:_identify(src) by extension 'colcon_meta'
[1.171s] Level 1:colcon.colcon_core.package_identification:_identify(src) by extensions ['ros']
[1.172s] Level 1:colcon.colcon_core.package_identification:_identify(src) by extension 'ros'
[1.172s] Level 1:colcon.colcon_core.package_identification:_identify(src) by extensions ['cmake', 'python']
[1.172s] Level 1:colcon.colcon_core.package_identification:_identify(src) by extension 'cmake'
[1.172s] Level 1:colcon.colcon_core.package_identification:_identify(src) by extension 'python'
[1.172s] Level 1:colcon.colcon_core.package_identification:_identify(src) by extensions ['python_setup_py']
[1.172s] Level 1:colcon.colcon_core.package_identification:_identify(src) by extension 'python_setup_py'
[1.173s] Level 1:colcon.colcon_core.package_identification:_identify(src/hello_world_node) by extensions ['ignore', 'ignore_ament_install']
[1.173s] Level 1:colcon.colcon_core.package_identification:_identify(src/hello_world_node) by extension 'ignore'
[1.173s] Level 1:colcon.colcon_core.package_identification:_identify(src/hello_world_node) by extension 'ignore_ament_install'
[1.173s] Level 1:colcon.colcon_core.package_identification:_identify(src/hello_world_node) by extensions ['colcon_pkg']
[1.174s] Level 1:colcon.colcon_core.package_identification:_identify(src/hello_world_node) by extension 'colcon_pkg'
[1.174s] Level 1:colcon.colcon_core.package_identification:_identify(src/hello_world_node) by extensions ['colcon_meta']
[1.174s] Level 1:colcon.colcon_core.package_identification:_identify(src/hello_world_node) by extension 'colcon_meta'
[1.174s] Level 1:colcon.colcon_core.package_identification:_identify(src/hello_world_node) by extensions ['ros']
[1.174s] Level 1:colcon.colcon_core.package_identification:_identify(src/hello_world_node) by extension 'ros'
[1.181s] DEBUG:colcon.colcon_core.package_identification:Package 'src/hello_world_node' with type 'ros.ament_cmake' and name 'hello_world_node'
[1.181s] Level 1:colcon.colcon_core.package_discovery:discover_packages(recursive) using defaults
[1.182s] Level 1:colcon.colcon_core.package_discovery:discover_packages(ignore) discover
[1.182s] Level 1:colcon.colcon_core.package_discovery:discover_packages(ignore) using defaults
[1.182s] Level 1:colcon.colcon_core.package_discovery:discover_packages(path) discover
[1.182s] Level 1:colcon.colcon_core.package_discovery:discover_packages(path) using defaults
[1.278s] Level 1:colcon.colcon_core.package_discovery:discover_packages(prefix_path) check parameters
[1.278s] Level 1:colcon.colcon_core.package_discovery:discover_packages(prefix_path) discover
[1.291s] DEBUG:colcon.colcon_installed_package_information.package_discovery:Found 276 installed packages in /opt/ros/rolling
[1.294s] Level 1:colcon.colcon_core.package_discovery:discover_packages(prefix_path) using defaults
[1.626s] Level 5:colcon.colcon_core.verb:set package 'hello_world_node' build argument 'cmake_args' from command line to 'None'
[1.627s] Level 5:colcon.colcon_core.verb:set package 'hello_world_node' build argument 'cmake_target' from command line to 'None'
[1.627s] Level 5:colcon.colcon_core.verb:set package 'hello_world_node' build argument 'cmake_target_skip_unavailable' from command line to 'False'
[1.627s] Level 5:colcon.colcon_core.verb:set package 'hello_world_node' build argument 'cmake_clean_cache' from command line to 'False'
[1.628s] Level 5:colcon.colcon_core.verb:set package 'hello_world_node' build argument 'cmake_clean_first' from command line to 'False'
[1.628s] Level 5:colcon.colcon_core.verb:set package 'hello_world_node' build argument 'cmake_force_configure' from command line to 'False'
[1.628s] Level 5:colcon.colcon_core.verb:set package 'hello_world_node' build argument 'ament_cmake_args' from command line to 'None'
[1.628s] Level 5:colcon.colcon_core.verb:set package 'hello_world_node' build argument 'catkin_cmake_args' from command line to 'None'
[1.628s] Level 5:colcon.colcon_core.verb:set package 'hello_world_node' build argument 'catkin_skip_building_tests' from command line to 'False'
[1.629s] DEBUG:colcon.colcon_core.verb:Building package 'hello_world_node' with the following arguments: {'ament_cmake_args': None, 'build_base': '/home/gdtr/ros2/colcon_mk/build/hello_world_node', 'catkin_cmake_args': None, 'catkin_skip_building_tests': False, 'cmake_args': None, 'cmake_clean_cache': False, 'cmake_clean_first': False, 'cmake_force_configure': False, 'cmake_target': None, 'cmake_target_skip_unavailable': False, 'install_base': '/home/gdtr/ros2/colcon_mk/install/hello_world_node', 'merge_install': False, 'path': '/home/gdtr/ros2/colcon_mk/src/hello_world_node', 'symlink_install': False, 'test_result_base': None}
[1.634s] INFO:colcon.colcon_core.executor:Executing jobs using 'parallel' executor
[1.652s] DEBUG:colcon.colcon_parallel_executor.executor.parallel:run_until_complete
[1.652s] INFO:colcon.colcon_ros.task.ament_cmake.build:Building ROS package in '/home/gdtr/ros2/colcon_mk/src/hello_world_node' with build type 'ament_cmake'
[1.653s] INFO:colcon.colcon_cmake.task.cmake.build:Building CMake package in '/home/gdtr/ros2/colcon_mk/src/hello_world_node'
[1.697s] INFO:colcon.colcon_core.plugin_system:Skipping extension 'colcon_core.shell.bat': Not used on non-Windows systems
[1.700s] INFO:colcon.colcon_core.shell:Skip shell extension 'powershell' for command environment: Not usable outside of PowerShell
[1.700s] DEBUG:colcon.colcon_core.shell:Skip shell extension 'dsv' for command environment
[1.749s] DEBUG:colcon.colcon_core.event_handler.log_command:Invoking command in '/home/gdtr/ros2/colcon_mk/build/hello_world_node': CMAKE_PREFIX_PATH=/opt/ros/rolling /usr/bin/cmake --build /home/gdtr/ros2/colcon_mk/build/hello_world_node -- -j8 -l8
[12.826s] DEBUG:colcon.colcon_core.event_handler.log_command:Invoked command in '/home/gdtr/ros2/colcon_mk/build/hello_world_node' returned '0': CMAKE_PREFIX_PATH=/opt/ros/rolling /usr/bin/cmake --build /home/gdtr/ros2/colcon_mk/build/hello_world_node -- -j8 -l8
[12.933s] DEBUG:colcon.colcon_core.event_handler.log_command:Invoking command in '/home/gdtr/ros2/colcon_mk/build/hello_world_node': CMAKE_PREFIX_PATH=/opt/ros/rolling /usr/bin/cmake --install /home/gdtr/ros2/colcon_mk/build/hello_world_node
[12.966s] Level 1:colcon.colcon_core.environment:create_environment_scripts_only(hello_world_node)
[12.969s] DEBUG:colcon.colcon_core.event_handler.log_command:Invoked command in '/home/gdtr/ros2/colcon_mk/build/hello_world_node' returned '0': CMAKE_PREFIX_PATH=/opt/ros/rolling /usr/bin/cmake --install /home/gdtr/ros2/colcon_mk/build/hello_world_node
[12.983s] Level 1:colcon.colcon_core.environment:checking '/home/gdtr/ros2/colcon_mk/install/hello_world_node' for CMake module files
[12.984s] Level 1:colcon.colcon_core.environment:checking '/home/gdtr/ros2/colcon_mk/install/hello_world_node' for CMake config files
[12.985s] Level 1:colcon.colcon_core.shell:create_environment_hook('hello_world_node', 'cmake_prefix_path')
[12.989s] INFO:colcon.colcon_core.shell:Creating environment hook '/home/gdtr/ros2/colcon_mk/install/hello_world_node/share/hello_world_node/hook/cmake_prefix_path.ps1'
[12.991s] INFO:colcon.colcon_core.shell:Creating environment descriptor '/home/gdtr/ros2/colcon_mk/install/hello_world_node/share/hello_world_node/hook/cmake_prefix_path.dsv'
[12.992s] INFO:colcon.colcon_core.shell:Creating environment hook '/home/gdtr/ros2/colcon_mk/install/hello_world_node/share/hello_world_node/hook/cmake_prefix_path.sh'
[12.995s] Level 1:colcon.colcon_core.environment:checking '/home/gdtr/ros2/colcon_mk/install/hello_world_node/lib'
[12.995s] Level 1:colcon.colcon_core.environment:checking '/home/gdtr/ros2/colcon_mk/install/hello_world_node/bin'
[12.995s] Level 1:colcon.colcon_core.environment:checking '/home/gdtr/ros2/colcon_mk/install/hello_world_node/lib/pkgconfig/hello_world_node.pc'
[12.996s] Level 1:colcon.colcon_core.environment:checking '/home/gdtr/ros2/colcon_mk/install/hello_world_node/lib/python3.10/site-packages'
[12.997s] Level 1:colcon.colcon_core.environment:checking '/home/gdtr/ros2/colcon_mk/install/hello_world_node/bin'
[13.002s] INFO:colcon.colcon_core.shell:Creating package script '/home/gdtr/ros2/colcon_mk/install/hello_world_node/share/hello_world_node/package.ps1'
[13.005s] INFO:colcon.colcon_core.shell:Creating package descriptor '/home/gdtr/ros2/colcon_mk/install/hello_world_node/share/hello_world_node/package.dsv'
[13.008s] INFO:colcon.colcon_core.shell:Creating package script '/home/gdtr/ros2/colcon_mk/install/hello_world_node/share/hello_world_node/package.sh'
[13.010s] INFO:colcon.colcon_core.shell:Creating package script '/home/gdtr/ros2/colcon_mk/install/hello_world_node/share/hello_world_node/package.bash'
[13.012s] INFO:colcon.colcon_core.shell:Creating package script '/home/gdtr/ros2/colcon_mk/install/hello_world_node/share/hello_world_node/package.zsh'
[13.015s] Level 1:colcon.colcon_core.environment:create_file_with_runtime_dependencies(/home/gdtr/ros2/colcon_mk/install/hello_world_node/share/colcon-core/packages/hello_world_node)
[13.059s] Level 1:colcon.colcon_core.environment:create_environment_scripts_only(hello_world_node)
[13.067s] Level 1:colcon.colcon_core.environment:checking '/home/gdtr/ros2/colcon_mk/install/hello_world_node' for CMake module files
[13.069s] Level 1:colcon.colcon_core.environment:checking '/home/gdtr/ros2/colcon_mk/install/hello_world_node' for CMake config files
[13.069s] Level 1:colcon.colcon_core.shell:create_environment_hook('hello_world_node', 'cmake_prefix_path')
[13.076s] INFO:colcon.colcon_core.shell:Creating environment hook '/home/gdtr/ros2/colcon_mk/install/hello_world_node/share/hello_world_node/hook/cmake_prefix_path.ps1'
[13.080s] INFO:colcon.colcon_core.shell:Creating environment descriptor '/home/gdtr/ros2/colcon_mk/install/hello_world_node/share/hello_world_node/hook/cmake_prefix_path.dsv'
[13.082s] INFO:colcon.colcon_core.shell:Creating environment hook '/home/gdtr/ros2/colcon_mk/install/hello_world_node/share/hello_world_node/hook/cmake_prefix_path.sh'
[13.084s] Level 1:colcon.colcon_core.environment:checking '/home/gdtr/ros2/colcon_mk/install/hello_world_node/lib'
[13.085s] Level 1:colcon.colcon_core.environment:checking '/home/gdtr/ros2/colcon_mk/install/hello_world_node/bin'
[13.085s] Level 1:colcon.colcon_core.environment:checking '/home/gdtr/ros2/colcon_mk/install/hello_world_node/lib/pkgconfig/hello_world_node.pc'
[13.087s] Level 1:colcon.colcon_core.environment:checking '/home/gdtr/ros2/colcon_mk/install/hello_world_node/lib/python3.10/site-packages'
[13.088s] Level 1:colcon.colcon_core.environment:checking '/home/gdtr/ros2/colcon_mk/install/hello_world_node/bin'
[13.094s] INFO:colcon.colcon_core.shell:Creating package script '/home/gdtr/ros2/colcon_mk/install/hello_world_node/share/hello_world_node/package.ps1'
[13.094s] INFO:colcon.colcon_core.shell:Creating package descriptor '/home/gdtr/ros2/colcon_mk/install/hello_world_node/share/hello_world_node/package.dsv'
[13.095s] INFO:colcon.colcon_core.shell:Creating package script '/home/gdtr/ros2/colcon_mk/install/hello_world_node/share/hello_world_node/package.sh'
[13.096s] INFO:colcon.colcon_core.shell:Creating package script '/home/gdtr/ros2/colcon_mk/install/hello_world_node/share/hello_world_node/package.bash'
[13.096s] INFO:colcon.colcon_core.shell:Creating package script '/home/gdtr/ros2/colcon_mk/install/hello_world_node/share/hello_world_node/package.zsh'
[13.097s] Level 1:colcon.colcon_core.environment:create_file_with_runtime_dependencies(/home/gdtr/ros2/colcon_mk/install/hello_world_node/share/colcon-core/packages/hello_world_node)
[13.097s] DEBUG:colcon.colcon_parallel_executor.executor.parallel:closing loop
[13.098s] DEBUG:colcon.colcon_parallel_executor.executor.parallel:loop closed
[13.098s] DEBUG:colcon.colcon_parallel_executor.executor.parallel:run_until_complete finished with '0'
[13.098s] DEBUG:colcon.colcon_core.event_reactor:joining thread
[13.119s] INFO:colcon.colcon_core.plugin_system:Skipping extension 'colcon_notification.desktop_notification.notify_send': Could not find 'notify-send'
[13.120s] INFO:colcon.colcon_core.plugin_system:Skipping extension 'colcon_notification.desktop_notification.terminal_notifier': Not used on non-Darwin systems
[13.120s] INFO:colcon.colcon_core.plugin_system:Skipping extension 'colcon_notification.desktop_notification.win32': Not used on non-Windows systems
[13.120s] INFO:colcon.colcon_notification.desktop_notification:Sending desktop notification using 'notify2'
[13.126s] DEBUG:colcon.colcon_notification.desktop_notification.notify2:Failed to initialize notify2: org.freedesktop.DBus.Error.Spawn.ExecFailed: /usr/bin/dbus-launch terminated abnormally without any error message
[13.127s] DEBUG:colcon.colcon_core.event_reactor:joined thread
[13.133s] INFO:colcon.colcon_core.shell:Creating prefix script '/home/gdtr/ros2/colcon_mk/install/local_setup.ps1'
[13.137s] INFO:colcon.colcon_core.shell:Creating prefix util module '/home/gdtr/ros2/colcon_mk/install/_local_setup_util_ps1.py'
[13.143s] INFO:colcon.colcon_core.shell:Creating prefix chain script '/home/gdtr/ros2/colcon_mk/install/setup.ps1'
[13.147s] INFO:colcon.colcon_core.shell:Creating prefix script '/home/gdtr/ros2/colcon_mk/install/local_setup.sh'
[13.148s] INFO:colcon.colcon_core.shell:Creating prefix util module '/home/gdtr/ros2/colcon_mk/install/_local_setup_util_sh.py'
[13.149s] INFO:colcon.colcon_core.shell:Creating prefix chain script '/home/gdtr/ros2/colcon_mk/install/setup.sh'
[13.152s] INFO:colcon.colcon_core.shell:Creating prefix script '/home/gdtr/ros2/colcon_mk/install/local_setup.bash'
[13.153s] INFO:colcon.colcon_core.shell:Creating prefix chain script '/home/gdtr/ros2/colcon_mk/install/setup.bash'
[13.155s] INFO:colcon.colcon_core.shell:Creating prefix script '/home/gdtr/ros2/colcon_mk/install/local_setup.zsh'
[13.156s] INFO:colcon.colcon_core.shell:Creating prefix chain script '/home/gdtr/ros2/colcon_mk/install/setup.zsh'
