running egg_info
writing ../../build/service_demo_py/service_demo_py.egg-info/PKG-INFO
writing dependency_links to ../../build/service_demo_py/service_demo_py.egg-info/dependency_links.txt
writing entry points to ../../build/service_demo_py/service_demo_py.egg-info/entry_points.txt
writing requirements to ../../build/service_demo_py/service_demo_py.egg-info/requires.txt
writing top-level names to ../../build/service_demo_py/service_demo_py.egg-info/top_level.txt
reading manifest file '../../build/service_demo_py/service_demo_py.egg-info/SOURCES.txt'
writing manifest file '../../build/service_demo_py/service_demo_py.egg-info/SOURCES.txt'
running build
running build_py
copying service_demo_py/service_client.py -> /home/gdtr/ros2/colcon_mk/build/service_demo_py/build/lib/service_demo_py
running install
running install_lib
copying /home/gdtr/ros2/colcon_mk/build/service_demo_py/build/lib/service_demo_py/service_client.py -> /home/gdtr/ros2/colcon_mk/install/service_demo_py/lib/python3.10/site-packages/service_demo_py
byte-compiling /home/gdtr/ros2/colcon_mk/install/service_demo_py/lib/python3.10/site-packages/service_demo_py/service_client.py to service_client.cpython-310.pyc
running install_data
running install_egg_info
removing '/home/gdtr/ros2/colcon_mk/install/service_demo_py/lib/python3.10/site-packages/service_demo_py-0.0.0-py3.10.egg-info' (and everything under it)
Copying ../../build/service_demo_py/service_demo_py.egg-info to /home/gdtr/ros2/colcon_mk/install/service_demo_py/lib/python3.10/site-packages/service_demo_py-0.0.0-py3.10.egg-info
running install_scripts
Installing service_client script to /home/gdtr/ros2/colcon_mk/install/service_demo_py/lib/service_demo_py
Installing service_server script to /home/gdtr/ros2/colcon_mk/install/service_demo_py/lib/service_demo_py
writing list of installed files to '/home/gdtr/ros2/colcon_mk/build/service_demo_py/install.log'
