[1.593s] Invoking command in '/home/gdtr/ros2/colcon_mk/src/service_demo_py': AMENT_PREFIX_PATH=/home/gdtr/ros2/colcon_mk/install/plumbing_interface_demo:${AMENT_PREFIX_PATH} CMAKE_PREFIX_PATH=/home/gdtr/ros2/colcon_mk/install/plumbing_interface_demo LD_LIBRARY_PATH=/home/gdtr/ros2/colcon_mk/install/plumbing_interface_demo/lib:${LD_LIBRARY_PATH} PYTHONPATH=/home/gdtr/ros2/colcon_mk/build/service_demo_py/prefix_override:/home/gdtr/ros2/colcon_mk/install/service_demo_py/lib/python3.10/site-packages:/home/gdtr/ros2/colcon_mk/install/plumbing_interface_demo/local/lib/python3.10/dist-packages:${PYTHONPATH} /usr/bin/python3 setup.py egg_info --egg-base ../../build/service_demo_py build --build-base /home/gdtr/ros2/colcon_mk/build/service_demo_py/build install --record /home/gdtr/ros2/colcon_mk/build/service_demo_py/install.log --single-version-externally-managed
[1.910s] running egg_info
[1.910s] writing ../../build/service_demo_py/service_demo_py.egg-info/PKG-INFO
[1.910s] writing dependency_links to ../../build/service_demo_py/service_demo_py.egg-info/dependency_links.txt
[1.911s] writing entry points to ../../build/service_demo_py/service_demo_py.egg-info/entry_points.txt
[1.911s] writing requirements to ../../build/service_demo_py/service_demo_py.egg-info/requires.txt
[1.911s] writing top-level names to ../../build/service_demo_py/service_demo_py.egg-info/top_level.txt
[1.913s] reading manifest file '../../build/service_demo_py/service_demo_py.egg-info/SOURCES.txt'
[1.914s] writing manifest file '../../build/service_demo_py/service_demo_py.egg-info/SOURCES.txt'
[1.914s] running build
[1.915s] running build_py
[1.915s] copying service_demo_py/service_client.py -> /home/gdtr/ros2/colcon_mk/build/service_demo_py/build/lib/service_demo_py
[1.915s] running install
[1.916s] running install_lib
[1.917s] copying /home/gdtr/ros2/colcon_mk/build/service_demo_py/build/lib/service_demo_py/service_client.py -> /home/gdtr/ros2/colcon_mk/install/service_demo_py/lib/python3.10/site-packages/service_demo_py
[1.918s] byte-compiling /home/gdtr/ros2/colcon_mk/install/service_demo_py/lib/python3.10/site-packages/service_demo_py/service_client.py to service_client.cpython-310.pyc
[1.918s] running install_data
[1.919s] running install_egg_info
[1.921s] removing '/home/gdtr/ros2/colcon_mk/install/service_demo_py/lib/python3.10/site-packages/service_demo_py-0.0.0-py3.10.egg-info' (and everything under it)
[1.921s] Copying ../../build/service_demo_py/service_demo_py.egg-info to /home/gdtr/ros2/colcon_mk/install/service_demo_py/lib/python3.10/site-packages/service_demo_py-0.0.0-py3.10.egg-info
[1.922s] running install_scripts
[1.949s] Installing service_client script to /home/gdtr/ros2/colcon_mk/install/service_demo_py/lib/service_demo_py
[1.950s] Installing service_server script to /home/gdtr/ros2/colcon_mk/install/service_demo_py/lib/service_demo_py
[1.950s] writing list of installed files to '/home/gdtr/ros2/colcon_mk/build/service_demo_py/install.log'
[1.982s] Invoked command in '/home/gdtr/ros2/colcon_mk/src/service_demo_py' returned '0': AMENT_PREFIX_PATH=/home/gdtr/ros2/colcon_mk/install/plumbing_interface_demo:${AMENT_PREFIX_PATH} CMAKE_PREFIX_PATH=/home/gdtr/ros2/colcon_mk/install/plumbing_interface_demo LD_LIBRARY_PATH=/home/gdtr/ros2/colcon_mk/install/plumbing_interface_demo/lib:${LD_LIBRARY_PATH} PYTHONPATH=/home/gdtr/ros2/colcon_mk/build/service_demo_py/prefix_override:/home/gdtr/ros2/colcon_mk/install/service_demo_py/lib/python3.10/site-packages:/home/gdtr/ros2/colcon_mk/install/plumbing_interface_demo/local/lib/python3.10/dist-packages:${PYTHONPATH} /usr/bin/python3 setup.py egg_info --egg-base ../../build/service_demo_py build --build-base /home/gdtr/ros2/colcon_mk/build/service_demo_py/build install --record /home/gdtr/ros2/colcon_mk/build/service_demo_py/install.log --single-version-externally-managed
