[0.781s] Invoking command in '/home/gdtr/ros2/colcon_mk/build/topic_demo': AMENT_PREFIX_PATH=/home/gdtr/ros2/colcon_mk/install/plumbing_interface_demo:${AMENT_PREFIX_PATH} CMAKE_PREFIX_PATH=/home/gdtr/ros2/colcon_mk/install/plumbing_interface_demo:/opt/ros/rolling LD_LIBRARY_PATH=/home/gdtr/ros2/colcon_mk/install/plumbing_interface_demo/lib:${LD_LIBRARY_PATH} PYTHONPATH=/home/gdtr/ros2/colcon_mk/install/plumbing_interface_demo/local/lib/python3.10/dist-packages:${PYTHONPATH} /usr/bin/cmake --build /home/gdtr/ros2/colcon_mk/build/topic_demo -- -j8 -l8
[1.449s] [35m[1mConsolidate compiler generated dependencies of target topic_listener[0m
[1.449s] [35m[1mConsolidate compiler generated dependencies of target topic_talker[0m
[1.449s] [35m[1mConsolidate compiler generated dependencies of target topic_listener_custom[0m
[1.449s] [35m[1mConsolidate compiler generated dependencies of target topic_talker_custom[0m
[1.449s] [ 25%] Built target topic_listener
[1.449s] [ 50%] Built target topic_talker_custom
[1.450s] [ 75%] Built target topic_talker
[1.450s] [100%] Built target topic_listener_custom
[1.880s] Invoked command in '/home/gdtr/ros2/colcon_mk/build/topic_demo' returned '0': AMENT_PREFIX_PATH=/home/gdtr/ros2/colcon_mk/install/plumbing_interface_demo:${AMENT_PREFIX_PATH} CMAKE_PREFIX_PATH=/home/gdtr/ros2/colcon_mk/install/plumbing_interface_demo:/opt/ros/rolling LD_LIBRARY_PATH=/home/gdtr/ros2/colcon_mk/install/plumbing_interface_demo/lib:${LD_LIBRARY_PATH} PYTHONPATH=/home/gdtr/ros2/colcon_mk/install/plumbing_interface_demo/local/lib/python3.10/dist-packages:${PYTHONPATH} /usr/bin/cmake --build /home/gdtr/ros2/colcon_mk/build/topic_demo -- -j8 -l8
[2.138s] Invoking command in '/home/gdtr/ros2/colcon_mk/build/topic_demo': AMENT_PREFIX_PATH=/home/gdtr/ros2/colcon_mk/install/plumbing_interface_demo:${AMENT_PREFIX_PATH} CMAKE_PREFIX_PATH=/home/gdtr/ros2/colcon_mk/install/plumbing_interface_demo:/opt/ros/rolling LD_LIBRARY_PATH=/home/gdtr/ros2/colcon_mk/install/plumbing_interface_demo/lib:${LD_LIBRARY_PATH} PYTHONPATH=/home/gdtr/ros2/colcon_mk/install/plumbing_interface_demo/local/lib/python3.10/dist-packages:${PYTHONPATH} /usr/bin/cmake --install /home/gdtr/ros2/colcon_mk/build/topic_demo
[2.157s] -- Install configuration: ""
[2.158s] -- Up-to-date: /home/gdtr/ros2/colcon_mk/install/topic_demo/lib/topic_demo/topic_talker
[2.160s] -- Up-to-date: /home/gdtr/ros2/colcon_mk/install/topic_demo/lib/topic_demo/topic_listener
[2.162s] -- Up-to-date: /home/gdtr/ros2/colcon_mk/install/topic_demo/lib/topic_demo/topic_talker_custom
[2.163s] -- Up-to-date: /home/gdtr/ros2/colcon_mk/install/topic_demo/lib/topic_demo/topic_listener_custom
[2.164s] -- Up-to-date: /home/gdtr/ros2/colcon_mk/install/topic_demo/share/ament_index/resource_index/package_run_dependencies/topic_demo
[2.164s] -- Up-to-date: /home/gdtr/ros2/colcon_mk/install/topic_demo/share/ament_index/resource_index/parent_prefix_path/topic_demo
[2.165s] -- Up-to-date: /home/gdtr/ros2/colcon_mk/install/topic_demo/share/topic_demo/environment/ament_prefix_path.sh
[2.165s] -- Up-to-date: /home/gdtr/ros2/colcon_mk/install/topic_demo/share/topic_demo/environment/ament_prefix_path.dsv
[2.166s] -- Up-to-date: /home/gdtr/ros2/colcon_mk/install/topic_demo/share/topic_demo/environment/path.sh
[2.167s] -- Up-to-date: /home/gdtr/ros2/colcon_mk/install/topic_demo/share/topic_demo/environment/path.dsv
[2.172s] -- Up-to-date: /home/gdtr/ros2/colcon_mk/install/topic_demo/share/topic_demo/local_setup.bash
[2.172s] -- Up-to-date: /home/gdtr/ros2/colcon_mk/install/topic_demo/share/topic_demo/local_setup.sh
[2.172s] -- Up-to-date: /home/gdtr/ros2/colcon_mk/install/topic_demo/share/topic_demo/local_setup.zsh
[2.172s] -- Up-to-date: /home/gdtr/ros2/colcon_mk/install/topic_demo/share/topic_demo/local_setup.dsv
[2.173s] -- Installing: /home/gdtr/ros2/colcon_mk/install/topic_demo/share/topic_demo/package.dsv
[2.173s] -- Up-to-date: /home/gdtr/ros2/colcon_mk/install/topic_demo/share/ament_index/resource_index/packages/topic_demo
[2.173s] -- Up-to-date: /home/gdtr/ros2/colcon_mk/install/topic_demo/share/topic_demo/cmake/topic_demoConfig.cmake
[2.173s] -- Up-to-date: /home/gdtr/ros2/colcon_mk/install/topic_demo/share/topic_demo/cmake/topic_demoConfig-version.cmake
[2.173s] -- Up-to-date: /home/gdtr/ros2/colcon_mk/install/topic_demo/share/topic_demo/package.xml
[2.198s] Invoked command in '/home/gdtr/ros2/colcon_mk/build/topic_demo' returned '0': AMENT_PREFIX_PATH=/home/gdtr/ros2/colcon_mk/install/plumbing_interface_demo:${AMENT_PREFIX_PATH} CMAKE_PREFIX_PATH=/home/gdtr/ros2/colcon_mk/install/plumbing_interface_demo:/opt/ros/rolling LD_LIBRARY_PATH=/home/gdtr/ros2/colcon_mk/install/plumbing_interface_demo/lib:${LD_LIBRARY_PATH} PYTHONPATH=/home/gdtr/ros2/colcon_mk/install/plumbing_interface_demo/local/lib/python3.10/dist-packages:${PYTHONPATH} /usr/bin/cmake --install /home/gdtr/ros2/colcon_mk/build/topic_demo
