[0.017s] Invoking command in '/home/gdtr/ros2/colcon_mk/build/plumbing_interface_demo': CMAKE_PREFIX_PATH=${CMAKE_PREFIX_PATH}:/home/gdtr/ros2/colcon_mk/install/topic_demo_py:/home/gdtr/ros2/colcon_mk/install/action_demo_py:/opt/ros/rolling /usr/bin/cmake --build /home/gdtr/ros2/colcon_mk/build/plumbing_interface_demo -- -j8 -l8
[0.071s] [35m[1mConsolidate compiler generated dependencies of target plumbing_interface_demo__rosidl_generator_c[0m
[0.077s] [  1%] Built target plumbing_interface_demo__cpp
[0.081s] [  4%] Built target plumbing_interface_node
[0.092s] [ 15%] Built target plumbing_interface_demo__rosidl_generator_c
[0.093s] [35m[1mConsolidate compiler generated dependencies of target plumbing_interface_demo__rosidl_typesupport_cpp[0m
[0.094s] [ 15%] Built target ament_cmake_python_copy_plumbing_interface_demo
[0.095s] [35m[1mConsolidate compiler generated dependencies of target plumbing_interface_demo__rosidl_typesupport_introspection_cpp[0m
[0.098s] [35m[1mConsolidate compiler generated dependencies of target plumbing_interface_demo__rosidl_typesupport_fastrtps_cpp[0m
[0.110s] [35m[1mConsolidate compiler generated dependencies of target plumbing_interface_demo__rosidl_typesupport_introspection_c[0m
[0.112s] [35m[1mConsolidate compiler generated dependencies of target plumbing_interface_demo__rosidl_typesupport_fastrtps_c[0m
[0.114s] [35m[1mConsolidate compiler generated dependencies of target plumbing_interface_demo__rosidl_typesupport_c[0m
[0.120s] [ 26%] Built target plumbing_interface_demo__rosidl_typesupport_cpp
[0.128s] [ 36%] Built target plumbing_interface_demo__rosidl_typesupport_introspection_cpp
[0.137s] [ 47%] Built target plumbing_interface_demo__rosidl_typesupport_fastrtps_cpp
[0.138s] [ 58%] Built target plumbing_interface_demo__rosidl_typesupport_introspection_c
[0.140s] [ 69%] Built target plumbing_interface_demo__rosidl_typesupport_c
[0.147s] [ 80%] Built target plumbing_interface_demo__rosidl_typesupport_fastrtps_c
[0.170s] [ 80%] Built target plumbing_interface_demo
[0.192s] [ 81%] Built target plumbing_interface_demo__py
[0.205s] [35m[1mConsolidate compiler generated dependencies of target plumbing_interface_demo__rosidl_generator_py[0m
[0.235s] [ 90%] Built target plumbing_interface_demo__rosidl_generator_py
[0.250s] [35m[1mConsolidate compiler generated dependencies of target plumbing_interface_demo__rosidl_typesupport_c__pyext[0m
[0.252s] [35m[1mConsolidate compiler generated dependencies of target plumbing_interface_demo__rosidl_typesupport_introspection_c__pyext[0m
[0.253s] [35m[1mConsolidate compiler generated dependencies of target plumbing_interface_demo__rosidl_typesupport_fastrtps_c__pyext[0m
[0.271s] [ 93%] Built target plumbing_interface_demo__rosidl_typesupport_fastrtps_c__pyext
[0.271s] [ 96%] Built target plumbing_interface_demo__rosidl_typesupport_c__pyext
[0.273s] [100%] Built target plumbing_interface_demo__rosidl_typesupport_introspection_c__pyext
[0.492s] running egg_info
[0.495s] writing plumbing_interface_demo.egg-info/PKG-INFO
[0.495s] writing dependency_links to plumbing_interface_demo.egg-info/dependency_links.txt
[0.495s] writing top-level names to plumbing_interface_demo.egg-info/top_level.txt
[0.502s] reading manifest file 'plumbing_interface_demo.egg-info/SOURCES.txt'
[0.504s] writing manifest file 'plumbing_interface_demo.egg-info/SOURCES.txt'
[0.606s] [100%] Built target ament_cmake_python_build_plumbing_interface_demo_egg
[0.634s] Invoked command in '/home/gdtr/ros2/colcon_mk/build/plumbing_interface_demo' returned '0': CMAKE_PREFIX_PATH=${CMAKE_PREFIX_PATH}:/home/gdtr/ros2/colcon_mk/install/topic_demo_py:/home/gdtr/ros2/colcon_mk/install/action_demo_py:/opt/ros/rolling /usr/bin/cmake --build /home/gdtr/ros2/colcon_mk/build/plumbing_interface_demo -- -j8 -l8
[0.803s] Invoking command in '/home/gdtr/ros2/colcon_mk/build/plumbing_interface_demo': CMAKE_PREFIX_PATH=${CMAKE_PREFIX_PATH}:/home/gdtr/ros2/colcon_mk/install/topic_demo_py:/home/gdtr/ros2/colcon_mk/install/action_demo_py:/opt/ros/rolling /usr/bin/cmake --install /home/gdtr/ros2/colcon_mk/build/plumbing_interface_demo
[0.812s] -- Install configuration: ""
[0.812s] -- Up-to-date: /home/gdtr/ros2/colcon_mk/install/plumbing_interface_demo/share/ament_index/resource_index/rosidl_interfaces/plumbing_interface_demo
[0.812s] -- Up-to-date: /home/gdtr/ros2/colcon_mk/install/plumbing_interface_demo/include/plumbing_interface_demo/plumbing_interface_demo
[0.813s] -- Up-to-date: /home/gdtr/ros2/colcon_mk/install/plumbing_interface_demo/include/plumbing_interface_demo/plumbing_interface_demo/msg
[0.813s] -- Up-to-date: /home/gdtr/ros2/colcon_mk/install/plumbing_interface_demo/include/plumbing_interface_demo/plumbing_interface_demo/msg/rosidl_generator_c__visibility_control.h
[0.813s] -- Up-to-date: /home/gdtr/ros2/colcon_mk/install/plumbing_interface_demo/include/plumbing_interface_demo/plumbing_interface_demo/msg/detail
[0.813s] -- Up-to-date: /home/gdtr/ros2/colcon_mk/install/plumbing_interface_demo/include/plumbing_interface_demo/plumbing_interface_demo/msg/detail/custom_msg__functions.h
[0.813s] -- Up-to-date: /home/gdtr/ros2/colcon_mk/install/plumbing_interface_demo/include/plumbing_interface_demo/plumbing_interface_demo/msg/detail/custom_msg__functions.c
[0.814s] -- Up-to-date: /home/gdtr/ros2/colcon_mk/install/plumbing_interface_demo/include/plumbing_interface_demo/plumbing_interface_demo/msg/detail/custom_msg__struct.h
[0.814s] -- Up-to-date: /home/gdtr/ros2/colcon_mk/install/plumbing_interface_demo/include/plumbing_interface_demo/plumbing_interface_demo/msg/detail/custom_msg__type_support.h
[0.814s] -- Up-to-date: /home/gdtr/ros2/colcon_mk/install/plumbing_interface_demo/include/plumbing_interface_demo/plumbing_interface_demo/msg/custom_msg.h
[0.814s] -- Up-to-date: /home/gdtr/ros2/colcon_mk/install/plumbing_interface_demo/include/plumbing_interface_demo/plumbing_interface_demo/action
[0.814s] -- Up-to-date: /home/gdtr/ros2/colcon_mk/install/plumbing_interface_demo/include/plumbing_interface_demo/plumbing_interface_demo/action/action_msg.h
[0.815s] -- Up-to-date: /home/gdtr/ros2/colcon_mk/install/plumbing_interface_demo/include/plumbing_interface_demo/plumbing_interface_demo/action/action_exercise.h
[0.815s] -- Up-to-date: /home/gdtr/ros2/colcon_mk/install/plumbing_interface_demo/include/plumbing_interface_demo/plumbing_interface_demo/action/detail
[0.815s] -- Up-to-date: /home/gdtr/ros2/colcon_mk/install/plumbing_interface_demo/include/plumbing_interface_demo/plumbing_interface_demo/action/detail/action_msg__functions.h
[0.815s] -- Up-to-date: /home/gdtr/ros2/colcon_mk/install/plumbing_interface_demo/include/plumbing_interface_demo/plumbing_interface_demo/action/detail/action_msg__type_support.h
[0.815s] -- Up-to-date: /home/gdtr/ros2/colcon_mk/install/plumbing_interface_demo/include/plumbing_interface_demo/plumbing_interface_demo/action/detail/action_msg__struct.h
[0.815s] -- Up-to-date: /home/gdtr/ros2/colcon_mk/install/plumbing_interface_demo/include/plumbing_interface_demo/plumbing_interface_demo/action/detail/action_exercise__functions.h
[0.816s] -- Up-to-date: /home/gdtr/ros2/colcon_mk/install/plumbing_interface_demo/include/plumbing_interface_demo/plumbing_interface_demo/action/detail/action_msg__functions.c
[0.816s] -- Up-to-date: /home/gdtr/ros2/colcon_mk/install/plumbing_interface_demo/include/plumbing_interface_demo/plumbing_interface_demo/action/detail/action_exercise__functions.c
[0.816s] -- Up-to-date: /home/gdtr/ros2/colcon_mk/install/plumbing_interface_demo/include/plumbing_interface_demo/plumbing_interface_demo/action/detail/action_exercise__struct.h
[0.816s] -- Up-to-date: /home/gdtr/ros2/colcon_mk/install/plumbing_interface_demo/include/plumbing_interface_demo/plumbing_interface_demo/action/detail/action_exercise__type_support.h
[0.816s] -- Up-to-date: /home/gdtr/ros2/colcon_mk/install/plumbing_interface_demo/include/plumbing_interface_demo/plumbing_interface_demo/srv
[0.817s] -- Up-to-date: /home/gdtr/ros2/colcon_mk/install/plumbing_interface_demo/include/plumbing_interface_demo/plumbing_interface_demo/srv/service_msg.h
[0.817s] -- Up-to-date: /home/gdtr/ros2/colcon_mk/install/plumbing_interface_demo/include/plumbing_interface_demo/plumbing_interface_demo/srv/service_exercise.h
[0.817s] -- Up-to-date: /home/gdtr/ros2/colcon_mk/install/plumbing_interface_demo/include/plumbing_interface_demo/plumbing_interface_demo/srv/detail
[0.817s] -- Up-to-date: /home/gdtr/ros2/colcon_mk/install/plumbing_interface_demo/include/plumbing_interface_demo/plumbing_interface_demo/srv/detail/service_exercise__struct.h
[0.817s] -- Up-to-date: /home/gdtr/ros2/colcon_mk/install/plumbing_interface_demo/include/plumbing_interface_demo/plumbing_interface_demo/srv/detail/service_exercise__functions.c
[0.818s] -- Up-to-date: /home/gdtr/ros2/colcon_mk/install/plumbing_interface_demo/include/plumbing_interface_demo/plumbing_interface_demo/srv/detail/service_msg__functions.h
[0.818s] -- Up-to-date: /home/gdtr/ros2/colcon_mk/install/plumbing_interface_demo/include/plumbing_interface_demo/plumbing_interface_demo/srv/detail/service_msg__functions.c
[0.818s] -- Up-to-date: /home/gdtr/ros2/colcon_mk/install/plumbing_interface_demo/include/plumbing_interface_demo/plumbing_interface_demo/srv/detail/service_exercise__functions.h
[0.818s] -- Up-to-date: /home/gdtr/ros2/colcon_mk/install/plumbing_interface_demo/include/plumbing_interface_demo/plumbing_interface_demo/srv/detail/service_msg__type_support.h
[0.818s] -- Up-to-date: /home/gdtr/ros2/colcon_mk/install/plumbing_interface_demo/include/plumbing_interface_demo/plumbing_interface_demo/srv/detail/service_exercise__type_support.h
[0.819s] -- Up-to-date: /home/gdtr/ros2/colcon_mk/install/plumbing_interface_demo/include/plumbing_interface_demo/plumbing_interface_demo/srv/detail/service_msg__struct.h
[0.819s] -- Up-to-date: /home/gdtr/ros2/colcon_mk/install/plumbing_interface_demo/share/plumbing_interface_demo/environment/library_path.sh
[0.819s] -- Up-to-date: /home/gdtr/ros2/colcon_mk/install/plumbing_interface_demo/share/plumbing_interface_demo/environment/library_path.dsv
[0.819s] -- Up-to-date: /home/gdtr/ros2/colcon_mk/install/plumbing_interface_demo/lib/libplumbing_interface_demo__rosidl_generator_c.so
[0.820s] -- Up-to-date: /home/gdtr/ros2/colcon_mk/install/plumbing_interface_demo/include/plumbing_interface_demo/plumbing_interface_demo
[0.820s] -- Up-to-date: /home/gdtr/ros2/colcon_mk/install/plumbing_interface_demo/include/plumbing_interface_demo/plumbing_interface_demo/msg
[0.820s] -- Up-to-date: /home/gdtr/ros2/colcon_mk/install/plumbing_interface_demo/include/plumbing_interface_demo/plumbing_interface_demo/msg/rosidl_typesupport_fastrtps_c__visibility_control.h
[0.820s] -- Up-to-date: /home/gdtr/ros2/colcon_mk/install/plumbing_interface_demo/include/plumbing_interface_demo/plumbing_interface_demo/msg/detail
[0.820s] -- Up-to-date: /home/gdtr/ros2/colcon_mk/install/plumbing_interface_demo/include/plumbing_interface_demo/plumbing_interface_demo/msg/detail/custom_msg__rosidl_typesupport_fastrtps_c.h
[0.820s] -- Up-to-date: /home/gdtr/ros2/colcon_mk/install/plumbing_interface_demo/include/plumbing_interface_demo/plumbing_interface_demo/action
[0.821s] -- Up-to-date: /home/gdtr/ros2/colcon_mk/install/plumbing_interface_demo/include/plumbing_interface_demo/plumbing_interface_demo/action/detail
[0.821s] -- Up-to-date: /home/gdtr/ros2/colcon_mk/install/plumbing_interface_demo/include/plumbing_interface_demo/plumbing_interface_demo/action/detail/action_msg__rosidl_typesupport_fastrtps_c.h
[0.821s] -- Up-to-date: /home/gdtr/ros2/colcon_mk/install/plumbing_interface_demo/include/plumbing_interface_demo/plumbing_interface_demo/action/detail/action_exercise__rosidl_typesupport_fastrtps_c.h
[0.821s] -- Up-to-date: /home/gdtr/ros2/colcon_mk/install/plumbing_interface_demo/include/plumbing_interface_demo/plumbing_interface_demo/srv
[0.822s] -- Up-to-date: /home/gdtr/ros2/colcon_mk/install/plumbing_interface_demo/include/plumbing_interface_demo/plumbing_interface_demo/srv/detail
[0.822s] -- Up-to-date: /home/gdtr/ros2/colcon_mk/install/plumbing_interface_demo/include/plumbing_interface_demo/plumbing_interface_demo/srv/detail/service_msg__rosidl_typesupport_fastrtps_c.h
[0.822s] -- Up-to-date: /home/gdtr/ros2/colcon_mk/install/plumbing_interface_demo/include/plumbing_interface_demo/plumbing_interface_demo/srv/detail/service_exercise__rosidl_typesupport_fastrtps_c.h
[0.822s] -- Up-to-date: /home/gdtr/ros2/colcon_mk/install/plumbing_interface_demo/lib/libplumbing_interface_demo__rosidl_typesupport_fastrtps_c.so
[0.822s] -- Up-to-date: /home/gdtr/ros2/colcon_mk/install/plumbing_interface_demo/include/plumbing_interface_demo/plumbing_interface_demo
[0.822s] -- Up-to-date: /home/gdtr/ros2/colcon_mk/install/plumbing_interface_demo/include/plumbing_interface_demo/plumbing_interface_demo/msg
[0.823s] -- Up-to-date: /home/gdtr/ros2/colcon_mk/install/plumbing_interface_demo/include/plumbing_interface_demo/plumbing_interface_demo/msg/custom_msg.hpp
[0.823s] -- Up-to-date: /home/gdtr/ros2/colcon_mk/install/plumbing_interface_demo/include/plumbing_interface_demo/plumbing_interface_demo/msg/detail
[0.824s] -- Up-to-date: /home/gdtr/ros2/colcon_mk/install/plumbing_interface_demo/include/plumbing_interface_demo/plumbing_interface_demo/msg/detail/custom_msg__struct.hpp
[0.824s] -- Up-to-date: /home/gdtr/ros2/colcon_mk/install/plumbing_interface_demo/include/plumbing_interface_demo/plumbing_interface_demo/msg/detail/custom_msg__traits.hpp
[0.824s] -- Up-to-date: /home/gdtr/ros2/colcon_mk/install/plumbing_interface_demo/include/plumbing_interface_demo/plumbing_interface_demo/msg/detail/custom_msg__builder.hpp
[0.825s] -- Up-to-date: /home/gdtr/ros2/colcon_mk/install/plumbing_interface_demo/include/plumbing_interface_demo/plumbing_interface_demo/action
[0.825s] -- Up-to-date: /home/gdtr/ros2/colcon_mk/install/plumbing_interface_demo/include/plumbing_interface_demo/plumbing_interface_demo/action/action_msg.hpp
[0.826s] -- Up-to-date: /home/gdtr/ros2/colcon_mk/install/plumbing_interface_demo/include/plumbing_interface_demo/plumbing_interface_demo/action/action_exercise.hpp
[0.826s] -- Up-to-date: /home/gdtr/ros2/colcon_mk/install/plumbing_interface_demo/include/plumbing_interface_demo/plumbing_interface_demo/action/detail
[0.826s] -- Up-to-date: /home/gdtr/ros2/colcon_mk/install/plumbing_interface_demo/include/plumbing_interface_demo/plumbing_interface_demo/action/detail/action_exercise__traits.hpp
[0.826s] -- Up-to-date: /home/gdtr/ros2/colcon_mk/install/plumbing_interface_demo/include/plumbing_interface_demo/plumbing_interface_demo/action/detail/action_exercise__builder.hpp
[0.826s] -- Up-to-date: /home/gdtr/ros2/colcon_mk/install/plumbing_interface_demo/include/plumbing_interface_demo/plumbing_interface_demo/action/detail/action_msg__builder.hpp
[0.827s] -- Up-to-date: /home/gdtr/ros2/colcon_mk/install/plumbing_interface_demo/include/plumbing_interface_demo/plumbing_interface_demo/action/detail/action_exercise__struct.hpp
[0.827s] -- Up-to-date: /home/gdtr/ros2/colcon_mk/install/plumbing_interface_demo/include/plumbing_interface_demo/plumbing_interface_demo/action/detail/action_msg__traits.hpp
[0.827s] -- Up-to-date: /home/gdtr/ros2/colcon_mk/install/plumbing_interface_demo/include/plumbing_interface_demo/plumbing_interface_demo/action/detail/action_msg__struct.hpp
[0.827s] -- Up-to-date: /home/gdtr/ros2/colcon_mk/install/plumbing_interface_demo/include/plumbing_interface_demo/plumbing_interface_demo/srv
[0.827s] -- Up-to-date: /home/gdtr/ros2/colcon_mk/install/plumbing_interface_demo/include/plumbing_interface_demo/plumbing_interface_demo/srv/service_exercise.hpp
[0.827s] -- Up-to-date: /home/gdtr/ros2/colcon_mk/install/plumbing_interface_demo/include/plumbing_interface_demo/plumbing_interface_demo/srv/service_msg.hpp
[0.828s] -- Up-to-date: /home/gdtr/ros2/colcon_mk/install/plumbing_interface_demo/include/plumbing_interface_demo/plumbing_interface_demo/srv/detail
[0.828s] -- Up-to-date: /home/gdtr/ros2/colcon_mk/install/plumbing_interface_demo/include/plumbing_interface_demo/plumbing_interface_demo/srv/detail/service_exercise__struct.hpp
[0.828s] -- Up-to-date: /home/gdtr/ros2/colcon_mk/install/plumbing_interface_demo/include/plumbing_interface_demo/plumbing_interface_demo/srv/detail/service_exercise__traits.hpp
[0.828s] -- Up-to-date: /home/gdtr/ros2/colcon_mk/install/plumbing_interface_demo/include/plumbing_interface_demo/plumbing_interface_demo/srv/detail/service_msg__builder.hpp
[0.828s] -- Up-to-date: /home/gdtr/ros2/colcon_mk/install/plumbing_interface_demo/include/plumbing_interface_demo/plumbing_interface_demo/srv/detail/service_msg__struct.hpp
[0.828s] -- Up-to-date: /home/gdtr/ros2/colcon_mk/install/plumbing_interface_demo/include/plumbing_interface_demo/plumbing_interface_demo/srv/detail/service_exercise__builder.hpp
[0.828s] -- Up-to-date: /home/gdtr/ros2/colcon_mk/install/plumbing_interface_demo/include/plumbing_interface_demo/plumbing_interface_demo/srv/detail/service_msg__traits.hpp
[0.828s] -- Up-to-date: /home/gdtr/ros2/colcon_mk/install/plumbing_interface_demo/include/plumbing_interface_demo/plumbing_interface_demo
[0.828s] -- Up-to-date: /home/gdtr/ros2/colcon_mk/install/plumbing_interface_demo/include/plumbing_interface_demo/plumbing_interface_demo/msg
[0.829s] -- Up-to-date: /home/gdtr/ros2/colcon_mk/install/plumbing_interface_demo/include/plumbing_interface_demo/plumbing_interface_demo/msg/rosidl_typesupport_fastrtps_cpp__visibility_control.h
[0.829s] -- Up-to-date: /home/gdtr/ros2/colcon_mk/install/plumbing_interface_demo/include/plumbing_interface_demo/plumbing_interface_demo/msg/detail
[0.829s] -- Up-to-date: /home/gdtr/ros2/colcon_mk/install/plumbing_interface_demo/include/plumbing_interface_demo/plumbing_interface_demo/msg/detail/custom_msg__rosidl_typesupport_fastrtps_cpp.hpp
[0.829s] -- Up-to-date: /home/gdtr/ros2/colcon_mk/install/plumbing_interface_demo/include/plumbing_interface_demo/plumbing_interface_demo/msg/detail/dds_fastrtps
[0.829s] -- Up-to-date: /home/gdtr/ros2/colcon_mk/install/plumbing_interface_demo/include/plumbing_interface_demo/plumbing_interface_demo/action
[0.829s] -- Up-to-date: /home/gdtr/ros2/colcon_mk/install/plumbing_interface_demo/include/plumbing_interface_demo/plumbing_interface_demo/action/detail
[0.829s] -- Up-to-date: /home/gdtr/ros2/colcon_mk/install/plumbing_interface_demo/include/plumbing_interface_demo/plumbing_interface_demo/action/detail/action_exercise__rosidl_typesupport_fastrtps_cpp.hpp
[0.829s] -- Up-to-date: /home/gdtr/ros2/colcon_mk/install/plumbing_interface_demo/include/plumbing_interface_demo/plumbing_interface_demo/action/detail/action_msg__rosidl_typesupport_fastrtps_cpp.hpp
[0.829s] -- Up-to-date: /home/gdtr/ros2/colcon_mk/install/plumbing_interface_demo/include/plumbing_interface_demo/plumbing_interface_demo/action/detail/dds_fastrtps
[0.830s] -- Up-to-date: /home/gdtr/ros2/colcon_mk/install/plumbing_interface_demo/include/plumbing_interface_demo/plumbing_interface_demo/srv
[0.830s] -- Up-to-date: /home/gdtr/ros2/colcon_mk/install/plumbing_interface_demo/include/plumbing_interface_demo/plumbing_interface_demo/srv/detail
[0.830s] -- Up-to-date: /home/gdtr/ros2/colcon_mk/install/plumbing_interface_demo/include/plumbing_interface_demo/plumbing_interface_demo/srv/detail/service_msg__rosidl_typesupport_fastrtps_cpp.hpp
[0.830s] -- Up-to-date: /home/gdtr/ros2/colcon_mk/install/plumbing_interface_demo/include/plumbing_interface_demo/plumbing_interface_demo/srv/detail/dds_fastrtps
[0.830s] -- Up-to-date: /home/gdtr/ros2/colcon_mk/install/plumbing_interface_demo/include/plumbing_interface_demo/plumbing_interface_demo/srv/detail/service_exercise__rosidl_typesupport_fastrtps_cpp.hpp
[0.830s] -- Up-to-date: /home/gdtr/ros2/colcon_mk/install/plumbing_interface_demo/lib/libplumbing_interface_demo__rosidl_typesupport_fastrtps_cpp.so
[0.830s] -- Up-to-date: /home/gdtr/ros2/colcon_mk/install/plumbing_interface_demo/include/plumbing_interface_demo/plumbing_interface_demo
[0.830s] -- Up-to-date: /home/gdtr/ros2/colcon_mk/install/plumbing_interface_demo/include/plumbing_interface_demo/plumbing_interface_demo/msg
[0.830s] -- Up-to-date: /home/gdtr/ros2/colcon_mk/install/plumbing_interface_demo/include/plumbing_interface_demo/plumbing_interface_demo/msg/rosidl_typesupport_introspection_c__visibility_control.h
[0.830s] -- Up-to-date: /home/gdtr/ros2/colcon_mk/install/plumbing_interface_demo/include/plumbing_interface_demo/plumbing_interface_demo/msg/detail
[0.831s] -- Up-to-date: /home/gdtr/ros2/colcon_mk/install/plumbing_interface_demo/include/plumbing_interface_demo/plumbing_interface_demo/msg/detail/custom_msg__rosidl_typesupport_introspection_c.h
[0.831s] -- Up-to-date: /home/gdtr/ros2/colcon_mk/install/plumbing_interface_demo/include/plumbing_interface_demo/plumbing_interface_demo/msg/detail/custom_msg__type_support.c
[0.831s] -- Up-to-date: /home/gdtr/ros2/colcon_mk/install/plumbing_interface_demo/include/plumbing_interface_demo/plumbing_interface_demo/action
[0.831s] -- Up-to-date: /home/gdtr/ros2/colcon_mk/install/plumbing_interface_demo/include/plumbing_interface_demo/plumbing_interface_demo/action/detail
[0.831s] -- Up-to-date: /home/gdtr/ros2/colcon_mk/install/plumbing_interface_demo/include/plumbing_interface_demo/plumbing_interface_demo/action/detail/action_msg__type_support.c
[0.831s] -- Up-to-date: /home/gdtr/ros2/colcon_mk/install/plumbing_interface_demo/include/plumbing_interface_demo/plumbing_interface_demo/action/detail/action_exercise__rosidl_typesupport_introspection_c.h
[0.831s] -- Up-to-date: /home/gdtr/ros2/colcon_mk/install/plumbing_interface_demo/include/plumbing_interface_demo/plumbing_interface_demo/action/detail/action_msg__rosidl_typesupport_introspection_c.h
[0.831s] -- Up-to-date: /home/gdtr/ros2/colcon_mk/install/plumbing_interface_demo/include/plumbing_interface_demo/plumbing_interface_demo/action/detail/action_exercise__type_support.c
[0.831s] -- Up-to-date: /home/gdtr/ros2/colcon_mk/install/plumbing_interface_demo/include/plumbing_interface_demo/plumbing_interface_demo/srv
[0.832s] -- Up-to-date: /home/gdtr/ros2/colcon_mk/install/plumbing_interface_demo/include/plumbing_interface_demo/plumbing_interface_demo/srv/detail
[0.832s] -- Up-to-date: /home/gdtr/ros2/colcon_mk/install/plumbing_interface_demo/include/plumbing_interface_demo/plumbing_interface_demo/srv/detail/service_msg__type_support.c
[0.832s] -- Up-to-date: /home/gdtr/ros2/colcon_mk/install/plumbing_interface_demo/include/plumbing_interface_demo/plumbing_interface_demo/srv/detail/service_msg__rosidl_typesupport_introspection_c.h
[0.832s] -- Up-to-date: /home/gdtr/ros2/colcon_mk/install/plumbing_interface_demo/include/plumbing_interface_demo/plumbing_interface_demo/srv/detail/service_exercise__type_support.c
[0.832s] -- Up-to-date: /home/gdtr/ros2/colcon_mk/install/plumbing_interface_demo/include/plumbing_interface_demo/plumbing_interface_demo/srv/detail/service_exercise__rosidl_typesupport_introspection_c.h
[0.832s] -- Up-to-date: /home/gdtr/ros2/colcon_mk/install/plumbing_interface_demo/lib/libplumbing_interface_demo__rosidl_typesupport_introspection_c.so
[0.832s] -- Up-to-date: /home/gdtr/ros2/colcon_mk/install/plumbing_interface_demo/lib/libplumbing_interface_demo__rosidl_typesupport_c.so
[0.832s] -- Up-to-date: /home/gdtr/ros2/colcon_mk/install/plumbing_interface_demo/include/plumbing_interface_demo/plumbing_interface_demo
[0.832s] -- Up-to-date: /home/gdtr/ros2/colcon_mk/install/plumbing_interface_demo/include/plumbing_interface_demo/plumbing_interface_demo/msg
[0.833s] -- Up-to-date: /home/gdtr/ros2/colcon_mk/install/plumbing_interface_demo/include/plumbing_interface_demo/plumbing_interface_demo/msg/detail
[0.833s] -- Up-to-date: /home/gdtr/ros2/colcon_mk/install/plumbing_interface_demo/include/plumbing_interface_demo/plumbing_interface_demo/msg/detail/custom_msg__rosidl_typesupport_introspection_cpp.hpp
[0.833s] -- Up-to-date: /home/gdtr/ros2/colcon_mk/install/plumbing_interface_demo/include/plumbing_interface_demo/plumbing_interface_demo/msg/detail/custom_msg__type_support.cpp
[0.833s] -- Up-to-date: /home/gdtr/ros2/colcon_mk/install/plumbing_interface_demo/include/plumbing_interface_demo/plumbing_interface_demo/action
[0.834s] -- Up-to-date: /home/gdtr/ros2/colcon_mk/install/plumbing_interface_demo/include/plumbing_interface_demo/plumbing_interface_demo/action/detail
[0.834s] -- Up-to-date: /home/gdtr/ros2/colcon_mk/install/plumbing_interface_demo/include/plumbing_interface_demo/plumbing_interface_demo/action/detail/action_exercise__rosidl_typesupport_introspection_cpp.hpp
[0.834s] -- Up-to-date: /home/gdtr/ros2/colcon_mk/install/plumbing_interface_demo/include/plumbing_interface_demo/plumbing_interface_demo/action/detail/action_msg__rosidl_typesupport_introspection_cpp.hpp
[0.834s] -- Up-to-date: /home/gdtr/ros2/colcon_mk/install/plumbing_interface_demo/include/plumbing_interface_demo/plumbing_interface_demo/action/detail/action_msg__type_support.cpp
[0.834s] -- Up-to-date: /home/gdtr/ros2/colcon_mk/install/plumbing_interface_demo/include/plumbing_interface_demo/plumbing_interface_demo/action/detail/action_exercise__type_support.cpp
[0.834s] -- Up-to-date: /home/gdtr/ros2/colcon_mk/install/plumbing_interface_demo/include/plumbing_interface_demo/plumbing_interface_demo/srv
[0.835s] -- Up-to-date: /home/gdtr/ros2/colcon_mk/install/plumbing_interface_demo/include/plumbing_interface_demo/plumbing_interface_demo/srv/detail
[0.835s] -- Up-to-date: /home/gdtr/ros2/colcon_mk/install/plumbing_interface_demo/include/plumbing_interface_demo/plumbing_interface_demo/srv/detail/service_msg__rosidl_typesupport_introspection_cpp.hpp
[0.835s] -- Up-to-date: /home/gdtr/ros2/colcon_mk/install/plumbing_interface_demo/include/plumbing_interface_demo/plumbing_interface_demo/srv/detail/service_exercise__type_support.cpp
[0.835s] -- Up-to-date: /home/gdtr/ros2/colcon_mk/install/plumbing_interface_demo/include/plumbing_interface_demo/plumbing_interface_demo/srv/detail/service_msg__type_support.cpp
[0.835s] -- Up-to-date: /home/gdtr/ros2/colcon_mk/install/plumbing_interface_demo/include/plumbing_interface_demo/plumbing_interface_demo/srv/detail/service_exercise__rosidl_typesupport_introspection_cpp.hpp
[0.835s] -- Up-to-date: /home/gdtr/ros2/colcon_mk/install/plumbing_interface_demo/lib/libplumbing_interface_demo__rosidl_typesupport_introspection_cpp.so
[0.835s] -- Up-to-date: /home/gdtr/ros2/colcon_mk/install/plumbing_interface_demo/lib/libplumbing_interface_demo__rosidl_typesupport_cpp.so
[0.835s] -- Up-to-date: /home/gdtr/ros2/colcon_mk/install/plumbing_interface_demo/share/plumbing_interface_demo/environment/pythonpath.sh
[0.835s] -- Up-to-date: /home/gdtr/ros2/colcon_mk/install/plumbing_interface_demo/share/plumbing_interface_demo/environment/pythonpath.dsv
[0.835s] -- Up-to-date: /home/gdtr/ros2/colcon_mk/install/plumbing_interface_demo/local/lib/python3.10/dist-packages/plumbing_interface_demo-0.0.0-py3.10.egg-info
[0.836s] -- Installing: /home/gdtr/ros2/colcon_mk/install/plumbing_interface_demo/local/lib/python3.10/dist-packages/plumbing_interface_demo-0.0.0-py3.10.egg-info/SOURCES.txt
[0.836s] -- Installing: /home/gdtr/ros2/colcon_mk/install/plumbing_interface_demo/local/lib/python3.10/dist-packages/plumbing_interface_demo-0.0.0-py3.10.egg-info/top_level.txt
[0.836s] -- Installing: /home/gdtr/ros2/colcon_mk/install/plumbing_interface_demo/local/lib/python3.10/dist-packages/plumbing_interface_demo-0.0.0-py3.10.egg-info/PKG-INFO
[0.836s] -- Installing: /home/gdtr/ros2/colcon_mk/install/plumbing_interface_demo/local/lib/python3.10/dist-packages/plumbing_interface_demo-0.0.0-py3.10.egg-info/dependency_links.txt
[0.836s] -- Up-to-date: /home/gdtr/ros2/colcon_mk/install/plumbing_interface_demo/local/lib/python3.10/dist-packages/plumbing_interface_demo
[0.836s] -- Up-to-date: /home/gdtr/ros2/colcon_mk/install/plumbing_interface_demo/local/lib/python3.10/dist-packages/plumbing_interface_demo/msg
[0.836s] -- Up-to-date: /home/gdtr/ros2/colcon_mk/install/plumbing_interface_demo/local/lib/python3.10/dist-packages/plumbing_interface_demo/msg/_custom_msg_s.c
[0.836s] -- Up-to-date: /home/gdtr/ros2/colcon_mk/install/plumbing_interface_demo/local/lib/python3.10/dist-packages/plumbing_interface_demo/msg/_custom_msg.py
[0.836s] -- Up-to-date: /home/gdtr/ros2/colcon_mk/install/plumbing_interface_demo/local/lib/python3.10/dist-packages/plumbing_interface_demo/msg/__init__.py
[0.837s] -- Up-to-date: /home/gdtr/ros2/colcon_mk/install/plumbing_interface_demo/local/lib/python3.10/dist-packages/plumbing_interface_demo/action
[0.837s] -- Up-to-date: /home/gdtr/ros2/colcon_mk/install/plumbing_interface_demo/local/lib/python3.10/dist-packages/plumbing_interface_demo/action/_action_msg.py
[0.837s] -- Up-to-date: /home/gdtr/ros2/colcon_mk/install/plumbing_interface_demo/local/lib/python3.10/dist-packages/plumbing_interface_demo/action/_action_msg_s.c
[0.837s] -- Up-to-date: /home/gdtr/ros2/colcon_mk/install/plumbing_interface_demo/local/lib/python3.10/dist-packages/plumbing_interface_demo/action/_action_exercise.py
[0.837s] -- Up-to-date: /home/gdtr/ros2/colcon_mk/install/plumbing_interface_demo/local/lib/python3.10/dist-packages/plumbing_interface_demo/action/__init__.py
[0.837s] -- Up-to-date: /home/gdtr/ros2/colcon_mk/install/plumbing_interface_demo/local/lib/python3.10/dist-packages/plumbing_interface_demo/action/_action_exercise_s.c
[0.837s] -- Up-to-date: /home/gdtr/ros2/colcon_mk/install/plumbing_interface_demo/local/lib/python3.10/dist-packages/plumbing_interface_demo/libplumbing_interface_demo__rosidl_generator_py.so
[0.837s] -- Up-to-date: /home/gdtr/ros2/colcon_mk/install/plumbing_interface_demo/local/lib/python3.10/dist-packages/plumbing_interface_demo/_plumbing_interface_demo_s.ep.rosidl_typesupport_introspection_c.c
[0.837s] -- Up-to-date: /home/gdtr/ros2/colcon_mk/install/plumbing_interface_demo/local/lib/python3.10/dist-packages/plumbing_interface_demo/plumbing_interface_demo_s__rosidl_typesupport_fastrtps_c.cpython-310-x86_64-linux-gnu.so
[0.837s] -- Up-to-date: /home/gdtr/ros2/colcon_mk/install/plumbing_interface_demo/local/lib/python3.10/dist-packages/plumbing_interface_demo/plumbing_interface_demo_s__rosidl_typesupport_introspection_c.cpython-310-x86_64-linux-gnu.so
[0.838s] -- Up-to-date: /home/gdtr/ros2/colcon_mk/install/plumbing_interface_demo/local/lib/python3.10/dist-packages/plumbing_interface_demo/srv
[0.838s] -- Up-to-date: /home/gdtr/ros2/colcon_mk/install/plumbing_interface_demo/local/lib/python3.10/dist-packages/plumbing_interface_demo/srv/_service_msg_s.c
[0.838s] -- Up-to-date: /home/gdtr/ros2/colcon_mk/install/plumbing_interface_demo/local/lib/python3.10/dist-packages/plumbing_interface_demo/srv/_service_exercise.py
[0.838s] -- Up-to-date: /home/gdtr/ros2/colcon_mk/install/plumbing_interface_demo/local/lib/python3.10/dist-packages/plumbing_interface_demo/srv/_service_exercise_s.c
[0.838s] -- Up-to-date: /home/gdtr/ros2/colcon_mk/install/plumbing_interface_demo/local/lib/python3.10/dist-packages/plumbing_interface_demo/srv/_service_msg.py
[0.838s] -- Up-to-date: /home/gdtr/ros2/colcon_mk/install/plumbing_interface_demo/local/lib/python3.10/dist-packages/plumbing_interface_demo/srv/__init__.py
[0.838s] -- Up-to-date: /home/gdtr/ros2/colcon_mk/install/plumbing_interface_demo/local/lib/python3.10/dist-packages/plumbing_interface_demo/plumbing_interface_demo_s__rosidl_typesupport_c.cpython-310-x86_64-linux-gnu.so
[0.838s] -- Up-to-date: /home/gdtr/ros2/colcon_mk/install/plumbing_interface_demo/local/lib/python3.10/dist-packages/plumbing_interface_demo/__init__.py
[0.838s] -- Up-to-date: /home/gdtr/ros2/colcon_mk/install/plumbing_interface_demo/local/lib/python3.10/dist-packages/plumbing_interface_demo/_plumbing_interface_demo_s.ep.rosidl_typesupport_fastrtps_c.c
[0.839s] -- Up-to-date: /home/gdtr/ros2/colcon_mk/install/plumbing_interface_demo/local/lib/python3.10/dist-packages/plumbing_interface_demo/_plumbing_interface_demo_s.ep.rosidl_typesupport_c.c
[0.869s] Listing '/home/gdtr/ros2/colcon_mk/install/plumbing_interface_demo/local/lib/python3.10/dist-packages/plumbing_interface_demo'...
[0.870s] Listing '/home/gdtr/ros2/colcon_mk/install/plumbing_interface_demo/local/lib/python3.10/dist-packages/plumbing_interface_demo/action'...
[0.870s] Listing '/home/gdtr/ros2/colcon_mk/install/plumbing_interface_demo/local/lib/python3.10/dist-packages/plumbing_interface_demo/msg'...
[0.870s] Listing '/home/gdtr/ros2/colcon_mk/install/plumbing_interface_demo/local/lib/python3.10/dist-packages/plumbing_interface_demo/srv'...
[0.875s] -- Up-to-date: /home/gdtr/ros2/colcon_mk/install/plumbing_interface_demo/local/lib/python3.10/dist-packages/plumbing_interface_demo/plumbing_interface_demo_s__rosidl_typesupport_fastrtps_c.cpython-310-x86_64-linux-gnu.so
[0.876s] -- Up-to-date: /home/gdtr/ros2/colcon_mk/install/plumbing_interface_demo/local/lib/python3.10/dist-packages/plumbing_interface_demo/plumbing_interface_demo_s__rosidl_typesupport_introspection_c.cpython-310-x86_64-linux-gnu.so
[0.876s] -- Up-to-date: /home/gdtr/ros2/colcon_mk/install/plumbing_interface_demo/local/lib/python3.10/dist-packages/plumbing_interface_demo/plumbing_interface_demo_s__rosidl_typesupport_c.cpython-310-x86_64-linux-gnu.so
[0.877s] -- Up-to-date: /home/gdtr/ros2/colcon_mk/install/plumbing_interface_demo/lib/libplumbing_interface_demo__rosidl_generator_py.so
[0.877s] -- Up-to-date: /home/gdtr/ros2/colcon_mk/install/plumbing_interface_demo/share/plumbing_interface_demo/msg/CustomMsg.idl
[0.877s] -- Up-to-date: /home/gdtr/ros2/colcon_mk/install/plumbing_interface_demo/share/plumbing_interface_demo/srv/ServiceMsg.idl
[0.877s] -- Up-to-date: /home/gdtr/ros2/colcon_mk/install/plumbing_interface_demo/share/plumbing_interface_demo/srv/ServiceExercise.idl
[0.878s] -- Up-to-date: /home/gdtr/ros2/colcon_mk/install/plumbing_interface_demo/share/plumbing_interface_demo/action/ActionMsg.idl
[0.878s] -- Up-to-date: /home/gdtr/ros2/colcon_mk/install/plumbing_interface_demo/share/plumbing_interface_demo/action/ActionExercise.idl
[0.878s] -- Up-to-date: /home/gdtr/ros2/colcon_mk/install/plumbing_interface_demo/share/plumbing_interface_demo/msg/CustomMsg.msg
[0.878s] -- Up-to-date: /home/gdtr/ros2/colcon_mk/install/plumbing_interface_demo/share/plumbing_interface_demo/srv/ServiceMsg.srv
[0.878s] -- Up-to-date: /home/gdtr/ros2/colcon_mk/install/plumbing_interface_demo/share/plumbing_interface_demo/srv/ServiceMsg_Request.msg
[0.878s] -- Up-to-date: /home/gdtr/ros2/colcon_mk/install/plumbing_interface_demo/share/plumbing_interface_demo/srv/ServiceMsg_Response.msg
[0.878s] -- Up-to-date: /home/gdtr/ros2/colcon_mk/install/plumbing_interface_demo/share/plumbing_interface_demo/srv/ServiceExercise.srv
[0.878s] -- Up-to-date: /home/gdtr/ros2/colcon_mk/install/plumbing_interface_demo/share/plumbing_interface_demo/srv/ServiceExercise_Request.msg
[0.878s] -- Up-to-date: /home/gdtr/ros2/colcon_mk/install/plumbing_interface_demo/share/plumbing_interface_demo/srv/ServiceExercise_Response.msg
[0.878s] -- Up-to-date: /home/gdtr/ros2/colcon_mk/install/plumbing_interface_demo/share/plumbing_interface_demo/action/ActionMsg.action
[0.878s] -- Up-to-date: /home/gdtr/ros2/colcon_mk/install/plumbing_interface_demo/share/plumbing_interface_demo/action/ActionExercise.action
[0.878s] -- Up-to-date: /home/gdtr/ros2/colcon_mk/install/plumbing_interface_demo/lib/plumbing_interface_demo/plumbing_interface_node
[0.879s] -- Up-to-date: /home/gdtr/ros2/colcon_mk/install/plumbing_interface_demo/share/ament_index/resource_index/package_run_dependencies/plumbing_interface_demo
[0.879s] -- Up-to-date: /home/gdtr/ros2/colcon_mk/install/plumbing_interface_demo/share/ament_index/resource_index/parent_prefix_path/plumbing_interface_demo
[0.879s] -- Up-to-date: /home/gdtr/ros2/colcon_mk/install/plumbing_interface_demo/share/plumbing_interface_demo/environment/ament_prefix_path.sh
[0.879s] -- Up-to-date: /home/gdtr/ros2/colcon_mk/install/plumbing_interface_demo/share/plumbing_interface_demo/environment/ament_prefix_path.dsv
[0.879s] -- Up-to-date: /home/gdtr/ros2/colcon_mk/install/plumbing_interface_demo/share/plumbing_interface_demo/environment/path.sh
[0.879s] -- Up-to-date: /home/gdtr/ros2/colcon_mk/install/plumbing_interface_demo/share/plumbing_interface_demo/environment/path.dsv
[0.879s] -- Up-to-date: /home/gdtr/ros2/colcon_mk/install/plumbing_interface_demo/share/plumbing_interface_demo/local_setup.bash
[0.879s] -- Up-to-date: /home/gdtr/ros2/colcon_mk/install/plumbing_interface_demo/share/plumbing_interface_demo/local_setup.sh
[0.879s] -- Up-to-date: /home/gdtr/ros2/colcon_mk/install/plumbing_interface_demo/share/plumbing_interface_demo/local_setup.zsh
[0.880s] -- Up-to-date: /home/gdtr/ros2/colcon_mk/install/plumbing_interface_demo/share/plumbing_interface_demo/local_setup.dsv
[0.880s] -- Installing: /home/gdtr/ros2/colcon_mk/install/plumbing_interface_demo/share/plumbing_interface_demo/package.dsv
[0.880s] -- Up-to-date: /home/gdtr/ros2/colcon_mk/install/plumbing_interface_demo/share/ament_index/resource_index/packages/plumbing_interface_demo
[0.880s] -- Up-to-date: /home/gdtr/ros2/colcon_mk/install/plumbing_interface_demo/share/plumbing_interface_demo/cmake/export_plumbing_interface_demo__rosidl_generator_cExport.cmake
[0.880s] -- Up-to-date: /home/gdtr/ros2/colcon_mk/install/plumbing_interface_demo/share/plumbing_interface_demo/cmake/export_plumbing_interface_demo__rosidl_generator_cExport-noconfig.cmake
[0.880s] -- Up-to-date: /home/gdtr/ros2/colcon_mk/install/plumbing_interface_demo/share/plumbing_interface_demo/cmake/export_plumbing_interface_demo__rosidl_typesupport_fastrtps_cExport.cmake
[0.880s] -- Up-to-date: /home/gdtr/ros2/colcon_mk/install/plumbing_interface_demo/share/plumbing_interface_demo/cmake/export_plumbing_interface_demo__rosidl_typesupport_fastrtps_cExport-noconfig.cmake
[0.880s] -- Up-to-date: /home/gdtr/ros2/colcon_mk/install/plumbing_interface_demo/share/plumbing_interface_demo/cmake/export_plumbing_interface_demo__rosidl_generator_cppExport.cmake
[0.881s] -- Up-to-date: /home/gdtr/ros2/colcon_mk/install/plumbing_interface_demo/share/plumbing_interface_demo/cmake/export_plumbing_interface_demo__rosidl_typesupport_fastrtps_cppExport.cmake
[0.881s] -- Up-to-date: /home/gdtr/ros2/colcon_mk/install/plumbing_interface_demo/share/plumbing_interface_demo/cmake/export_plumbing_interface_demo__rosidl_typesupport_fastrtps_cppExport-noconfig.cmake
[0.881s] -- Up-to-date: /home/gdtr/ros2/colcon_mk/install/plumbing_interface_demo/share/plumbing_interface_demo/cmake/plumbing_interface_demo__rosidl_typesupport_introspection_cExport.cmake
[0.881s] -- Up-to-date: /home/gdtr/ros2/colcon_mk/install/plumbing_interface_demo/share/plumbing_interface_demo/cmake/plumbing_interface_demo__rosidl_typesupport_introspection_cExport-noconfig.cmake
[0.881s] -- Up-to-date: /home/gdtr/ros2/colcon_mk/install/plumbing_interface_demo/share/plumbing_interface_demo/cmake/plumbing_interface_demo__rosidl_typesupport_cExport.cmake
[0.882s] -- Up-to-date: /home/gdtr/ros2/colcon_mk/install/plumbing_interface_demo/share/plumbing_interface_demo/cmake/plumbing_interface_demo__rosidl_typesupport_cExport-noconfig.cmake
[0.882s] -- Up-to-date: /home/gdtr/ros2/colcon_mk/install/plumbing_interface_demo/share/plumbing_interface_demo/cmake/plumbing_interface_demo__rosidl_typesupport_introspection_cppExport.cmake
[0.882s] -- Up-to-date: /home/gdtr/ros2/colcon_mk/install/plumbing_interface_demo/share/plumbing_interface_demo/cmake/plumbing_interface_demo__rosidl_typesupport_introspection_cppExport-noconfig.cmake
[0.882s] -- Up-to-date: /home/gdtr/ros2/colcon_mk/install/plumbing_interface_demo/share/plumbing_interface_demo/cmake/plumbing_interface_demo__rosidl_typesupport_cppExport.cmake
[0.882s] -- Up-to-date: /home/gdtr/ros2/colcon_mk/install/plumbing_interface_demo/share/plumbing_interface_demo/cmake/plumbing_interface_demo__rosidl_typesupport_cppExport-noconfig.cmake
[0.883s] -- Up-to-date: /home/gdtr/ros2/colcon_mk/install/plumbing_interface_demo/share/plumbing_interface_demo/cmake/export_plumbing_interface_demo__rosidl_generator_pyExport.cmake
[0.883s] -- Up-to-date: /home/gdtr/ros2/colcon_mk/install/plumbing_interface_demo/share/plumbing_interface_demo/cmake/export_plumbing_interface_demo__rosidl_generator_pyExport-noconfig.cmake
[0.883s] -- Up-to-date: /home/gdtr/ros2/colcon_mk/install/plumbing_interface_demo/share/plumbing_interface_demo/cmake/rosidl_cmake-extras.cmake
[0.883s] -- Up-to-date: /home/gdtr/ros2/colcon_mk/install/plumbing_interface_demo/share/plumbing_interface_demo/cmake/ament_cmake_export_dependencies-extras.cmake
[0.883s] -- Up-to-date: /home/gdtr/ros2/colcon_mk/install/plumbing_interface_demo/share/plumbing_interface_demo/cmake/ament_cmake_export_include_directories-extras.cmake
[0.883s] -- Up-to-date: /home/gdtr/ros2/colcon_mk/install/plumbing_interface_demo/share/plumbing_interface_demo/cmake/ament_cmake_export_libraries-extras.cmake
[0.883s] -- Up-to-date: /home/gdtr/ros2/colcon_mk/install/plumbing_interface_demo/share/plumbing_interface_demo/cmake/ament_cmake_export_targets-extras.cmake
[0.884s] -- Up-to-date: /home/gdtr/ros2/colcon_mk/install/plumbing_interface_demo/share/plumbing_interface_demo/cmake/rosidl_cmake_export_typesupport_targets-extras.cmake
[0.884s] -- Up-to-date: /home/gdtr/ros2/colcon_mk/install/plumbing_interface_demo/share/plumbing_interface_demo/cmake/rosidl_cmake_export_typesupport_libraries-extras.cmake
[0.884s] -- Up-to-date: /home/gdtr/ros2/colcon_mk/install/plumbing_interface_demo/share/plumbing_interface_demo/cmake/plumbing_interface_demoConfig.cmake
[0.884s] -- Up-to-date: /home/gdtr/ros2/colcon_mk/install/plumbing_interface_demo/share/plumbing_interface_demo/cmake/plumbing_interface_demoConfig-version.cmake
[0.884s] -- Up-to-date: /home/gdtr/ros2/colcon_mk/install/plumbing_interface_demo/share/plumbing_interface_demo/package.xml
[0.886s] Invoked command in '/home/gdtr/ros2/colcon_mk/build/plumbing_interface_demo' returned '0': CMAKE_PREFIX_PATH=${CMAKE_PREFIX_PATH}:/home/gdtr/ros2/colcon_mk/install/topic_demo_py:/home/gdtr/ros2/colcon_mk/install/action_demo_py:/opt/ros/rolling /usr/bin/cmake --install /home/gdtr/ros2/colcon_mk/build/plumbing_interface_demo
