-- Found ament_cmake: 1.5.2 (/opt/ros/rolling/share/ament_cmake/cmake)
-- Found rclcpp: 19.0.0 (/opt/ros/rolling/share/rclcpp/cmake)
-- Found rosidl_generator_c: 3.3.1 (/opt/ros/rolling/share/rosidl_generator_c/cmake)
-- Found rosidl_generator_cpp: 3.3.1 (/opt/ros/rolling/share/rosidl_generator_cpp/cmake)
-- Using all available rosidl_typesupport_c: rosidl_typesupport_fastrtps_c;rosidl_typesupport_introspection_c
-- Using all available rosidl_typesupport_cpp: rosidl_typesupport_fastrtps_cpp;rosidl_typesupport_introspection_cpp
-- Found rmw_implementation_cmake: 6.4.0 (/opt/ros/rolling/share/rmw_implementation_cmake/cmake)
-- Found rmw_fastrtps_cpp: 6.5.0 (/opt/ros/rolling/share/rmw_fastrtps_cpp/cmake)
-- Using RMW implementation 'rmw_fastrtps_cpp' as default
-- Found ament_lint_auto: 0.13.2 (/opt/ros/rolling/share/ament_lint_auto/cmake)
-- Added test 'cppcheck' to perform static code analysis on C / C++ code
-- Configured cppcheck include dirs: $<BUILD_INTERFACE:/home/gdtr/ros2/colcon_mk/src/launch_demo/include>
-- Configured cppcheck exclude dirs and/or files: 
-- Added test 'flake8' to check Python code syntax and style conventions
-- Added test 'lint_cmake' to check CMake code style
-- Added test 'pep257' to check Python code against some of the docstring style conventions in PEP 257
-- Added test 'uncrustify' to check C / C++ code style
-- Configured uncrustify additional arguments: 
-- Added test 'xmllint' to check XML markup files
-- Configuring done
-- Generating done
-- Build files have been written to: /home/gdtr/ros2/colcon_mk/build/launch_demo
[35m[1mConsolidate compiler generated dependencies of target exec_multiName[0m
[ 50%] [32mBuilding CXX object CMakeFiles/exec_multiName.dir/src/exec_multiName.cpp.o[0m
[100%] [32m[1mLinking CXX executable exec_multiName[0m
[100%] Built target exec_multiName
-- Install configuration: ""
-- Installing: /home/gdtr/ros2/colcon_mk/install/launch_demo/lib/launch_demo/exec_multiName
-- Set runtime path of "/home/gdtr/ros2/colcon_mk/install/launch_demo/lib/launch_demo/exec_multiName" to ""
-- Up-to-date: /home/gdtr/ros2/colcon_mk/install/launch_demo/share/launch_demo/launch
-- Installing: /home/gdtr/ros2/colcon_mk/install/launch_demo/share/launch_demo/launch/launch_demo.py
-- Up-to-date: /home/gdtr/ros2/colcon_mk/install/launch_demo/share/launch_demo/launch/launch_demo.xml
-- Up-to-date: /home/gdtr/ros2/colcon_mk/install/launch_demo/share/launch_demo/launch/launch_demo.yaml
-- Installing: /home/gdtr/ros2/colcon_mk/install/launch_demo/share/launch_demo/parameters
-- Installing: /home/gdtr/ros2/colcon_mk/install/launch_demo/share/launch_demo/parameters/turtlesim.yaml
-- Up-to-date: /home/gdtr/ros2/colcon_mk/install/launch_demo/share/ament_index/resource_index/package_run_dependencies/launch_demo
-- Installing: /home/gdtr/ros2/colcon_mk/install/launch_demo/share/ament_index/resource_index/parent_prefix_path/launch_demo
-- Up-to-date: /home/gdtr/ros2/colcon_mk/install/launch_demo/share/launch_demo/environment/ament_prefix_path.sh
-- Installing: /home/gdtr/ros2/colcon_mk/install/launch_demo/share/launch_demo/environment/ament_prefix_path.dsv
-- Up-to-date: /home/gdtr/ros2/colcon_mk/install/launch_demo/share/launch_demo/environment/path.sh
-- Installing: /home/gdtr/ros2/colcon_mk/install/launch_demo/share/launch_demo/environment/path.dsv
-- Up-to-date: /home/gdtr/ros2/colcon_mk/install/launch_demo/share/launch_demo/local_setup.bash
-- Up-to-date: /home/gdtr/ros2/colcon_mk/install/launch_demo/share/launch_demo/local_setup.sh
-- Up-to-date: /home/gdtr/ros2/colcon_mk/install/launch_demo/share/launch_demo/local_setup.zsh
-- Installing: /home/gdtr/ros2/colcon_mk/install/launch_demo/share/launch_demo/local_setup.dsv
-- Installing: /home/gdtr/ros2/colcon_mk/install/launch_demo/share/launch_demo/package.dsv
-- Up-to-date: /home/gdtr/ros2/colcon_mk/install/launch_demo/share/ament_index/resource_index/packages/launch_demo
-- Up-to-date: /home/gdtr/ros2/colcon_mk/install/launch_demo/share/launch_demo/cmake/launch_demoConfig.cmake
-- Up-to-date: /home/gdtr/ros2/colcon_mk/install/launch_demo/share/launch_demo/cmake/launch_demoConfig-version.cmake
-- Up-to-date: /home/gdtr/ros2/colcon_mk/install/launch_demo/share/launch_demo/package.xml
