[0.034s] Invoking command in '/home/gdtr/ros2/colcon_mk/build/paramter_demo': CMAKE_PREFIX_PATH=${CMAKE_PREFIX_PATH}:/home/gdtr/ros2/colcon_mk/install/topic_demo_py:/opt/ros/rolling /usr/bin/cmake /home/gdtr/ros2/colcon_mk/src/parameter_demo -DCMAKE_INSTALL_PREFIX=/home/gdtr/ros2/colcon_mk/install/paramter_demo
[0.201s] -- The C compiler identification is GNU 11.3.0
[0.346s] -- The CXX compiler identification is GNU 11.3.0
[0.365s] -- Detecting C compiler ABI info
[0.505s] -- Detecting C compiler ABI info - done
[0.518s] -- Check for working C compiler: /usr/bin/cc - skipped
[0.519s] -- Detecting C compile features
[0.520s] -- Detecting C compile features - done
[0.528s] -- Detecting CXX compiler ABI info
[0.728s] -- Detecting CXX compiler ABI info - done
[0.744s] -- Check for working CXX compiler: /usr/bin/c++ - skipped
[0.744s] -- Detecting CXX compile features
[0.745s] -- Detecting CXX compile features - done
[0.757s] -- Found ament_cmake: 1.5.2 (/opt/ros/rolling/share/ament_cmake/cmake)
[1.439s] -- Found Python3: /usr/bin/python3.10 (found version "3.10.6") found components: Interpreter 
[2.060s] -- Found rclcpp: 19.0.0 (/opt/ros/rolling/share/rclcpp/cmake)
[2.225s] -- Found rosidl_generator_c: 3.3.1 (/opt/ros/rolling/share/rosidl_generator_c/cmake)
[2.261s] -- Found rosidl_generator_cpp: 3.3.1 (/opt/ros/rolling/share/rosidl_generator_cpp/cmake)
[2.295s] -- Using all available rosidl_typesupport_c: rosidl_typesupport_fastrtps_c;rosidl_typesupport_introspection_c
[2.347s] -- Using all available rosidl_typesupport_cpp: rosidl_typesupport_fastrtps_cpp;rosidl_typesupport_introspection_cpp
[2.637s] -- Found rmw_implementation_cmake: 6.4.0 (/opt/ros/rolling/share/rmw_implementation_cmake/cmake)
[2.648s] -- Found rmw_fastrtps_cpp: 6.5.0 (/opt/ros/rolling/share/rmw_fastrtps_cpp/cmake)
[2.869s] -- Found OpenSSL: /usr/lib/x86_64-linux-gnu/libcrypto.so (found version "3.0.2")  
[3.072s] -- Found FastRTPS: /opt/ros/rolling/include  
[3.352s] -- Using RMW implementation 'rmw_fastrtps_cpp' as default
[3.462s] -- Looking for pthread.h
[3.733s] -- Looking for pthread.h - found
[3.734s] -- Performing Test CMAKE_HAVE_LIBC_PTHREAD
[3.833s] -- Performing Test CMAKE_HAVE_LIBC_PTHREAD - Success
[3.834s] -- Found Threads: TRUE  
[4.140s] -- Found ament_lint_auto: 0.13.2 (/opt/ros/rolling/share/ament_lint_auto/cmake)
[4.246s] [31mCMake Error at /opt/ros/rolling/share/ament_cmake_core/cmake/core/ament_package_xml.cmake:53 (message):
[4.246s]   ament_package_xml() package name 'paramter_demo' in '/package.xml' does not
[4.246s]   match current PROJECT_NAME 'parameter_demo'.  You must call project() with
[4.247s]   the same package name before.
[4.247s] Call Stack (most recent call first):
[4.247s]   /opt/ros/rolling/share/ament_lint_auto/cmake/ament_lint_auto_find_test_dependencies.cmake:31 (ament_package_xml)
[4.247s]   CMakeLists.txt:56 (ament_lint_auto_find_test_dependencies)
[4.247s] 
[4.247s] [0m
[4.247s] -- Configuring incomplete, errors occurred!
[4.247s] See also "/home/gdtr/ros2/colcon_mk/build/paramter_demo/CMakeFiles/CMakeOutput.log".
[4.402s] Invoked command in '/home/gdtr/ros2/colcon_mk/build/paramter_demo' returned '1': CMAKE_PREFIX_PATH=${CMAKE_PREFIX_PATH}:/home/gdtr/ros2/colcon_mk/install/topic_demo_py:/opt/ros/rolling /usr/bin/cmake /home/gdtr/ros2/colcon_mk/src/parameter_demo -DCMAKE_INSTALL_PREFIX=/home/gdtr/ros2/colcon_mk/install/paramter_demo
