In file included from [01m[K/opt/ros/rolling/include/rclcpp/rclcpp/logging.hpp:24[m[K,
                 from [01m[K/opt/ros/rolling/include/rclcpp/rclcpp/client.hpp:40[m[K,
                 from [01m[K/opt/ros/rolling/include/rclcpp/rclcpp/callback_group.hpp:24[m[K,
                 from [01m[K/opt/ros/rolling/include/rclcpp/rclcpp/any_executable.hpp:20[m[K,
                 from [01m[K/opt/ros/rolling/include/rclcpp/rclcpp/memory_strategy.hpp:25[m[K,
                 from [01m[K/opt/ros/rolling/include/rclcpp/rclcpp/memory_strategies.hpp:18[m[K,
                 from [01m[K/opt/ros/rolling/include/rclcpp/rclcpp/executor_options.hpp:20[m[K,
                 from [01m[K/opt/ros/rolling/include/rclcpp/rclcpp/executor.hpp:37[m[K,
                 from [01m[K/opt/ros/rolling/include/rclcpp/rclcpp/executors/multi_threaded_executor.hpp:25[m[K,
                 from [01m[K/opt/ros/rolling/include/rclcpp/rclcpp/executors.hpp:21[m[K,
                 from [01m[K/opt/ros/rolling/include/rclcpp/rclcpp/rclcpp.hpp:155[m[K,
                 from [01m[K/home/gdtr/ros2/colcon_mk/src/service_demo/src/service_client.cpp:2[m[K:
[01m[K/home/gdtr/ros2/colcon_mk/src/service_demo/src/service_client.cpp:[m[K In member function ‘[01m[Kbool ServiceClient::connect_server()[m[K’:
[01m[K/home/gdtr/ros2/colcon_mk/src/service_demo/src/service_client.cpp:34:57:[m[K [01;35m[Kwarning: [m[Kformat ‘[01m[K%f[m[K’ expects argument of type ‘[01m[Kdouble[m[K’, but argument 5 has type ‘[01m[Ksize_t[m[K’ {aka ‘[01m[Klong unsigned int[m[K’} [[01;35m[K]8;;https://gcc.gnu.org/onlinedocs/gcc/Warning-Options.html#index-Wformat=-Wformat=]8;;[m[K]
   34 |         RCLCPP_INFO(rclcpp::get_logger("ServiceClient"),[01;35m[K"Successfully connected, try time:%.2f s"[m[K,[32m[Ktry_times*10/1000[m[K);
      |                                                         [01;35m[K^~~~~~~~~~~~~~~~~~~~~~~~~~~~~~~~~~~~~~~~~[m[K [32m[K~~~~~~~~~~~~~~~~~[m[K
      |                                                                                                               [32m[K|[m[K
      |                                                                                                               [32m[Ksize_t {aka long unsigned int}[m[K
[01m[K/home/gdtr/ros2/colcon_mk/src/service_demo/src/service_client.cpp:34:94:[m[K [01;36m[Knote: [m[Kformat string is defined here
   34 |         RCLCPP_INFO(rclcpp::get_logger("ServiceClient"),"Successfully connected, try time:[01;36m[K%.2f[m[K s",try_times*10/1000);
      |                                                                                           [01;36m[K~~~^[m[K
      |                                                                                              [01;36m[K|[m[K
      |                                                                                              [01;36m[Kdouble[m[K
      |                                                                                           [32m[K%.2ld[m[K
