[0.023s] Invoking command in '/home/gdtr/ros2/colcon_mk/build/service_demo': CMAKE_PREFIX_PATH=/home/gdtr/ros2/colcon_mk/install/plumbing_interface_demo:/home/gdtr/ros2/colcon_mk/install/topic_demo:/home/gdtr/ros2/colcon_mk/install/service_demo_py:/home/gdtr/ros2/colcon_mk/install/service_demo:/home/gdtr/ros2/colcon_mk/install/hello_world_node:/home/gdtr/ros2/colcon_mk/install/topic_demo_py:/opt/ros/rolling /usr/bin/cmake --build /home/gdtr/ros2/colcon_mk/build/service_demo -- -j8 -l8
[0.141s] [35m[1mConsolidate compiler generated dependencies of target service_client[0m
[0.159s] [ 50%] Built target service_server
[0.168s] [ 75%] [32mBuilding CXX object CMakeFiles/service_client.dir/src/service_client.cpp.o[0m
[3.507s] In file included from [01m[K/opt/ros/rolling/include/rclcpp/rclcpp/logging.hpp:24[m[K,
[3.507s]                  from [01m[K/opt/ros/rolling/include/rclcpp/rclcpp/client.hpp:40[m[K,
[3.507s]                  from [01m[K/opt/ros/rolling/include/rclcpp/rclcpp/callback_group.hpp:24[m[K,
[3.508s]                  from [01m[K/opt/ros/rolling/include/rclcpp/rclcpp/any_executable.hpp:20[m[K,
[3.508s]                  from [01m[K/opt/ros/rolling/include/rclcpp/rclcpp/memory_strategy.hpp:25[m[K,
[3.508s]                  from [01m[K/opt/ros/rolling/include/rclcpp/rclcpp/memory_strategies.hpp:18[m[K,
[3.508s]                  from [01m[K/opt/ros/rolling/include/rclcpp/rclcpp/executor_options.hpp:20[m[K,
[3.508s]                  from [01m[K/opt/ros/rolling/include/rclcpp/rclcpp/executor.hpp:37[m[K,
[3.508s]                  from [01m[K/opt/ros/rolling/include/rclcpp/rclcpp/executors/multi_threaded_executor.hpp:25[m[K,
[3.508s]                  from [01m[K/opt/ros/rolling/include/rclcpp/rclcpp/executors.hpp:21[m[K,
[3.508s]                  from [01m[K/opt/ros/rolling/include/rclcpp/rclcpp/rclcpp.hpp:155[m[K,
[3.509s]                  from [01m[K/home/gdtr/ros2/colcon_mk/src/service_demo/src/service_client.cpp:2[m[K:
[3.509s] [01m[K/home/gdtr/ros2/colcon_mk/src/service_demo/src/service_client.cpp:[m[K In member function ‘[01m[Kbool ServiceClient::connect_server()[m[K’:
[3.509s] [01m[K/home/gdtr/ros2/colcon_mk/src/service_demo/src/service_client.cpp:34:57:[m[K [01;35m[Kwarning: [m[Kformat ‘[01m[K%f[m[K’ expects argument of type ‘[01m[Kdouble[m[K’, but argument 5 has type ‘[01m[Ksize_t[m[K’ {aka ‘[01m[Klong unsigned int[m[K’} [[01;35m[K]8;;https://gcc.gnu.org/onlinedocs/gcc/Warning-Options.html#index-Wformat=-Wformat=]8;;[m[K]
[3.509s]    34 |         RCLCPP_INFO(rclcpp::get_logger("ServiceClient"),[01;35m[K"Successfully connected, try time:%.2f s"[m[K,[32m[Ktry_times*10/1000[m[K);
[3.509s]       |                                                         [01;35m[K^~~~~~~~~~~~~~~~~~~~~~~~~~~~~~~~~~~~~~~~~[m[K [32m[K~~~~~~~~~~~~~~~~~[m[K
[3.509s]       |                                                                                                               [32m[K|[m[K
[3.509s]       |                                                                                                               [32m[Ksize_t {aka long unsigned int}[m[K
[3.509s] [01m[K/home/gdtr/ros2/colcon_mk/src/service_demo/src/service_client.cpp:34:94:[m[K [01;36m[Knote: [m[Kformat string is defined here
[3.509s]    34 |         RCLCPP_INFO(rclcpp::get_logger("ServiceClient"),"Successfully connected, try time:[01;36m[K%.2f[m[K s",try_times*10/1000);
[3.510s]       |                                                                                           [01;36m[K~~~^[m[K
[3.510s]       |                                                                                              [01;36m[K|[m[K
[3.510s]       |                                                                                              [01;36m[Kdouble[m[K
[3.510s]       |                                                                                           [32m[K%.2ld[m[K
[5.031s] [100%] [32m[1mLinking CXX executable service_client[0m
[5.412s] [100%] Built target service_client
[5.429s] Invoked command in '/home/gdtr/ros2/colcon_mk/build/service_demo' returned '0': CMAKE_PREFIX_PATH=/home/gdtr/ros2/colcon_mk/install/plumbing_interface_demo:/home/gdtr/ros2/colcon_mk/install/topic_demo:/home/gdtr/ros2/colcon_mk/install/service_demo_py:/home/gdtr/ros2/colcon_mk/install/service_demo:/home/gdtr/ros2/colcon_mk/install/hello_world_node:/home/gdtr/ros2/colcon_mk/install/topic_demo_py:/opt/ros/rolling /usr/bin/cmake --build /home/gdtr/ros2/colcon_mk/build/service_demo -- -j8 -l8
[5.494s] Invoking command in '/home/gdtr/ros2/colcon_mk/build/service_demo': CMAKE_PREFIX_PATH=/home/gdtr/ros2/colcon_mk/install/plumbing_interface_demo:/home/gdtr/ros2/colcon_mk/install/topic_demo:/home/gdtr/ros2/colcon_mk/install/service_demo_py:/home/gdtr/ros2/colcon_mk/install/service_demo:/home/gdtr/ros2/colcon_mk/install/hello_world_node:/home/gdtr/ros2/colcon_mk/install/topic_demo_py:/opt/ros/rolling /usr/bin/cmake --install /home/gdtr/ros2/colcon_mk/build/service_demo
[5.505s] -- Install configuration: ""
[5.506s] -- Up-to-date: /home/gdtr/ros2/colcon_mk/install/service_demo/lib/service_demo/service_server
[5.507s] -- Installing: /home/gdtr/ros2/colcon_mk/install/service_demo/lib/service_demo/service_client
[5.509s] -- Set runtime path of "/home/gdtr/ros2/colcon_mk/install/service_demo/lib/service_demo/service_client" to ""
[5.509s] -- Up-to-date: /home/gdtr/ros2/colcon_mk/install/service_demo/share/ament_index/resource_index/package_run_dependencies/service_demo
[5.510s] -- Up-to-date: /home/gdtr/ros2/colcon_mk/install/service_demo/share/ament_index/resource_index/parent_prefix_path/service_demo
[5.510s] -- Up-to-date: /home/gdtr/ros2/colcon_mk/install/service_demo/share/service_demo/environment/ament_prefix_path.sh
[5.510s] -- Up-to-date: /home/gdtr/ros2/colcon_mk/install/service_demo/share/service_demo/environment/ament_prefix_path.dsv
[5.510s] -- Up-to-date: /home/gdtr/ros2/colcon_mk/install/service_demo/share/service_demo/environment/path.sh
[5.510s] -- Up-to-date: /home/gdtr/ros2/colcon_mk/install/service_demo/share/service_demo/environment/path.dsv
[5.511s] -- Up-to-date: /home/gdtr/ros2/colcon_mk/install/service_demo/share/service_demo/local_setup.bash
[5.511s] -- Up-to-date: /home/gdtr/ros2/colcon_mk/install/service_demo/share/service_demo/local_setup.sh
[5.511s] -- Up-to-date: /home/gdtr/ros2/colcon_mk/install/service_demo/share/service_demo/local_setup.zsh
[5.511s] -- Up-to-date: /home/gdtr/ros2/colcon_mk/install/service_demo/share/service_demo/local_setup.dsv
[5.511s] -- Installing: /home/gdtr/ros2/colcon_mk/install/service_demo/share/service_demo/package.dsv
[5.511s] -- Up-to-date: /home/gdtr/ros2/colcon_mk/install/service_demo/share/ament_index/resource_index/packages/service_demo
[5.512s] -- Up-to-date: /home/gdtr/ros2/colcon_mk/install/service_demo/share/service_demo/cmake/service_demoConfig.cmake
[5.512s] -- Up-to-date: /home/gdtr/ros2/colcon_mk/install/service_demo/share/service_demo/cmake/service_demoConfig-version.cmake
[5.513s] -- Up-to-date: /home/gdtr/ros2/colcon_mk/install/service_demo/share/service_demo/package.xml
[5.516s] Invoked command in '/home/gdtr/ros2/colcon_mk/build/service_demo' returned '0': CMAKE_PREFIX_PATH=/home/gdtr/ros2/colcon_mk/install/plumbing_interface_demo:/home/gdtr/ros2/colcon_mk/install/topic_demo:/home/gdtr/ros2/colcon_mk/install/service_demo_py:/home/gdtr/ros2/colcon_mk/install/service_demo:/home/gdtr/ros2/colcon_mk/install/hello_world_node:/home/gdtr/ros2/colcon_mk/install/topic_demo_py:/opt/ros/rolling /usr/bin/cmake --install /home/gdtr/ros2/colcon_mk/build/service_demo
