[0.954s] Invoking command in '/home/gdtr/ros2/colcon_mk/src/topic_demo_py': AMENT_PREFIX_PATH=/home/gdtr/ros2/colcon_mk/install/plumbing_interface_demo:${AMENT_PREFIX_PATH} CMAKE_PREFIX_PATH=/home/gdtr/ros2/colcon_mk/install/plumbing_interface_demo PYTHONPATH=/home/gdtr/ros2/colcon_mk/build/topic_demo_py/prefix_override:/home/gdtr/ros2/colcon_mk/install/topic_demo_py/lib/python3.10/site-packages:${PYTHONPATH} /usr/bin/python3 setup.py egg_info --egg-base ../../build/topic_demo_py build --build-base /home/gdtr/ros2/colcon_mk/build/topic_demo_py/build install --record /home/gdtr/ros2/colcon_mk/build/topic_demo_py/install.log --single-version-externally-managed
[1.305s] running egg_info
[1.306s] writing ../../build/topic_demo_py/topic_demo_py.egg-info/PKG-INFO
[1.306s] writing dependency_links to ../../build/topic_demo_py/topic_demo_py.egg-info/dependency_links.txt
[1.306s] writing entry points to ../../build/topic_demo_py/topic_demo_py.egg-info/entry_points.txt
[1.306s] writing requirements to ../../build/topic_demo_py/topic_demo_py.egg-info/requires.txt
[1.306s] writing top-level names to ../../build/topic_demo_py/topic_demo_py.egg-info/top_level.txt
[1.309s] reading manifest file '../../build/topic_demo_py/topic_demo_py.egg-info/SOURCES.txt'
[1.311s] writing manifest file '../../build/topic_demo_py/topic_demo_py.egg-info/SOURCES.txt'
[1.311s] running build
[1.311s] running build_py
[1.311s] copying topic_demo_py/topic_listener_py.py -> /home/gdtr/ros2/colcon_mk/build/topic_demo_py/build/lib/topic_demo_py
[1.311s] running install
[1.312s] running install_lib
[1.313s] copying /home/gdtr/ros2/colcon_mk/build/topic_demo_py/build/lib/topic_demo_py/topic_listener_py.py -> /home/gdtr/ros2/colcon_mk/install/topic_demo_py/lib/python3.10/site-packages/topic_demo_py
[1.313s] byte-compiling /home/gdtr/ros2/colcon_mk/install/topic_demo_py/lib/python3.10/site-packages/topic_demo_py/topic_listener_py.py to topic_listener_py.cpython-310.pyc
[1.314s] running install_data
[1.315s] running install_egg_info
[1.316s] removing '/home/gdtr/ros2/colcon_mk/install/topic_demo_py/lib/python3.10/site-packages/topic_demo_py-0.0.0-py3.10.egg-info' (and everything under it)
[1.317s] Copying ../../build/topic_demo_py/topic_demo_py.egg-info to /home/gdtr/ros2/colcon_mk/install/topic_demo_py/lib/python3.10/site-packages/topic_demo_py-0.0.0-py3.10.egg-info
[1.318s] running install_scripts
[1.353s] Installing topic_listener_py script to /home/gdtr/ros2/colcon_mk/install/topic_demo_py/lib/topic_demo_py
[1.353s] Installing topic_talker_py script to /home/gdtr/ros2/colcon_mk/install/topic_demo_py/lib/topic_demo_py
[1.353s] writing list of installed files to '/home/gdtr/ros2/colcon_mk/build/topic_demo_py/install.log'
[1.391s] Invoked command in '/home/gdtr/ros2/colcon_mk/src/topic_demo_py' returned '0': AMENT_PREFIX_PATH=/home/gdtr/ros2/colcon_mk/install/plumbing_interface_demo:${AMENT_PREFIX_PATH} CMAKE_PREFIX_PATH=/home/gdtr/ros2/colcon_mk/install/plumbing_interface_demo PYTHONPATH=/home/gdtr/ros2/colcon_mk/build/topic_demo_py/prefix_override:/home/gdtr/ros2/colcon_mk/install/topic_demo_py/lib/python3.10/site-packages:${PYTHONPATH} /usr/bin/python3 setup.py egg_info --egg-base ../../build/topic_demo_py build --build-base /home/gdtr/ros2/colcon_mk/build/topic_demo_py/build install --record /home/gdtr/ros2/colcon_mk/build/topic_demo_py/install.log --single-version-externally-managed
