[ 25%] Built target topic_listener
[100%] Built target topic_talker_custom
[100%] Built target topic_talker
[100%] Built target topic_listener_custom
-- Install configuration: ""
-- Up-to-date: /home/gdtr/ros2/colcon_mk/install/topic_demo/lib/topic_demo/topic_talker
-- Up-to-date: /home/gdtr/ros2/colcon_mk/install/topic_demo/lib/topic_demo/topic_listener
-- Up-to-date: /home/gdtr/ros2/colcon_mk/install/topic_demo/lib/topic_demo/topic_talker_custom
-- Up-to-date: /home/gdtr/ros2/colcon_mk/install/topic_demo/lib/topic_demo/topic_listener_custom
-- Up-to-date: /home/gdtr/ros2/colcon_mk/install/topic_demo/share/ament_index/resource_index/package_run_dependencies/topic_demo
-- Up-to-date: /home/gdtr/ros2/colcon_mk/install/topic_demo/share/ament_index/resource_index/parent_prefix_path/topic_demo
-- Up-to-date: /home/gdtr/ros2/colcon_mk/install/topic_demo/share/topic_demo/environment/ament_prefix_path.sh
-- Up-to-date: /home/gdtr/ros2/colcon_mk/install/topic_demo/share/topic_demo/environment/ament_prefix_path.dsv
-- Up-to-date: /home/gdtr/ros2/colcon_mk/install/topic_demo/share/topic_demo/environment/path.sh
-- Up-to-date: /home/gdtr/ros2/colcon_mk/install/topic_demo/share/topic_demo/environment/path.dsv
-- Up-to-date: /home/gdtr/ros2/colcon_mk/install/topic_demo/share/topic_demo/local_setup.bash
-- Up-to-date: /home/gdtr/ros2/colcon_mk/install/topic_demo/share/topic_demo/local_setup.sh
-- Up-to-date: /home/gdtr/ros2/colcon_mk/install/topic_demo/share/topic_demo/local_setup.zsh
-- Up-to-date: /home/gdtr/ros2/colcon_mk/install/topic_demo/share/topic_demo/local_setup.dsv
-- Installing: /home/gdtr/ros2/colcon_mk/install/topic_demo/share/topic_demo/package.dsv
-- Up-to-date: /home/gdtr/ros2/colcon_mk/install/topic_demo/share/ament_index/resource_index/packages/topic_demo
-- Up-to-date: /home/gdtr/ros2/colcon_mk/install/topic_demo/share/topic_demo/cmake/topic_demoConfig.cmake
-- Up-to-date: /home/gdtr/ros2/colcon_mk/install/topic_demo/share/topic_demo/cmake/topic_demoConfig-version.cmake
-- Up-to-date: /home/gdtr/ros2/colcon_mk/install/topic_demo/share/topic_demo/package.xml
