[0.016s] Invoking command in '/home/gdtr/ros2/colcon_mk/build/launch_demo': CMAKE_PREFIX_PATH=${CMAKE_PREFIX_PATH}:/home/gdtr/ros2/colcon_mk/install/topic_demo_py:/home/gdtr/ros2/colcon_mk/install/action_demo_py:/opt/ros/rolling /usr/bin/cmake --build /home/gdtr/ros2/colcon_mk/build/launch_demo -- -j8 -l8
[0.064s] [35m[1mConsolidate compiler generated dependencies of target exec_multiName[0m
[0.084s] [ 50%] [32mBuilding CXX object CMakeFiles/exec_multiName.dir/src/exec_multiName.cpp.o[0m
[3.633s] [100%] [32m[1mLinking CXX executable exec_multiName[0m
[3.779s] [100%] Built target exec_multiName
[3.793s] Invoked command in '/home/gdtr/ros2/colcon_mk/build/launch_demo' returned '0': CMAKE_PREFIX_PATH=${CMAKE_PREFIX_PATH}:/home/gdtr/ros2/colcon_mk/install/topic_demo_py:/home/gdtr/ros2/colcon_mk/install/action_demo_py:/opt/ros/rolling /usr/bin/cmake --build /home/gdtr/ros2/colcon_mk/build/launch_demo -- -j8 -l8
[3.834s] Invoking command in '/home/gdtr/ros2/colcon_mk/build/launch_demo': CMAKE_PREFIX_PATH=${CMAKE_PREFIX_PATH}:/home/gdtr/ros2/colcon_mk/install/topic_demo_py:/home/gdtr/ros2/colcon_mk/install/action_demo_py:/opt/ros/rolling /usr/bin/cmake --install /home/gdtr/ros2/colcon_mk/build/launch_demo
[3.844s] -- Install configuration: ""
[3.844s] -- Installing: /home/gdtr/ros2/colcon_mk/install/launch_demo/lib/launch_demo/exec_multiName
[3.845s] -- Set runtime path of "/home/gdtr/ros2/colcon_mk/install/launch_demo/lib/launch_demo/exec_multiName" to ""
[3.845s] -- Up-to-date: /home/gdtr/ros2/colcon_mk/install/launch_demo/share/launch_demo/launch
[3.845s] -- Up-to-date: /home/gdtr/ros2/colcon_mk/install/launch_demo/share/launch_demo/launch/launch_demo.py
[3.845s] -- Up-to-date: /home/gdtr/ros2/colcon_mk/install/launch_demo/share/launch_demo/launch/launch_demo.xml
[3.845s] -- Up-to-date: /home/gdtr/ros2/colcon_mk/install/launch_demo/share/launch_demo/launch/launch_demo.yaml
[3.846s] -- Up-to-date: /home/gdtr/ros2/colcon_mk/install/launch_demo/share/ament_index/resource_index/package_run_dependencies/launch_demo
[3.846s] -- Up-to-date: /home/gdtr/ros2/colcon_mk/install/launch_demo/share/ament_index/resource_index/parent_prefix_path/launch_demo
[3.846s] -- Up-to-date: /home/gdtr/ros2/colcon_mk/install/launch_demo/share/launch_demo/environment/ament_prefix_path.sh
[3.846s] -- Up-to-date: /home/gdtr/ros2/colcon_mk/install/launch_demo/share/launch_demo/environment/ament_prefix_path.dsv
[3.846s] -- Up-to-date: /home/gdtr/ros2/colcon_mk/install/launch_demo/share/launch_demo/environment/path.sh
[3.846s] -- Up-to-date: /home/gdtr/ros2/colcon_mk/install/launch_demo/share/launch_demo/environment/path.dsv
[3.846s] -- Up-to-date: /home/gdtr/ros2/colcon_mk/install/launch_demo/share/launch_demo/local_setup.bash
[3.847s] -- Up-to-date: /home/gdtr/ros2/colcon_mk/install/launch_demo/share/launch_demo/local_setup.sh
[3.847s] -- Up-to-date: /home/gdtr/ros2/colcon_mk/install/launch_demo/share/launch_demo/local_setup.zsh
[3.847s] -- Up-to-date: /home/gdtr/ros2/colcon_mk/install/launch_demo/share/launch_demo/local_setup.dsv
[3.847s] -- Installing: /home/gdtr/ros2/colcon_mk/install/launch_demo/share/launch_demo/package.dsv
[3.847s] -- Up-to-date: /home/gdtr/ros2/colcon_mk/install/launch_demo/share/ament_index/resource_index/packages/launch_demo
[3.847s] -- Up-to-date: /home/gdtr/ros2/colcon_mk/install/launch_demo/share/launch_demo/cmake/launch_demoConfig.cmake
[3.848s] -- Up-to-date: /home/gdtr/ros2/colcon_mk/install/launch_demo/share/launch_demo/cmake/launch_demoConfig-version.cmake
[3.849s] -- Up-to-date: /home/gdtr/ros2/colcon_mk/install/launch_demo/share/launch_demo/package.xml
[3.849s] Invoked command in '/home/gdtr/ros2/colcon_mk/build/launch_demo' returned '0': CMAKE_PREFIX_PATH=${CMAKE_PREFIX_PATH}:/home/gdtr/ros2/colcon_mk/install/topic_demo_py:/home/gdtr/ros2/colcon_mk/install/action_demo_py:/opt/ros/rolling /usr/bin/cmake --install /home/gdtr/ros2/colcon_mk/build/launch_demo
