[3.228s] Invoking command in '/home/gdtr/ros2/colcon_mk/src/topic_demo_py': AMENT_PREFIX_PATH=/home/gdtr/ros2/colcon_mk/install/plumbing_interface_demo:${AMENT_PREFIX_PATH} CMAKE_PREFIX_PATH=/home/gdtr/ros2/colcon_mk/install/plumbing_interface_demo LD_LIBRARY_PATH=/home/gdtr/ros2/colcon_mk/install/plumbing_interface_demo/lib:${LD_LIBRARY_PATH} PYTHONPATH=/home/gdtr/ros2/colcon_mk/build/topic_demo_py/prefix_override:/home/gdtr/ros2/colcon_mk/install/topic_demo_py/lib/python3.10/site-packages:/home/gdtr/ros2/colcon_mk/install/plumbing_interface_demo/local/lib/python3.10/dist-packages:${PYTHONPATH} /usr/bin/python3 setup.py egg_info --egg-base ../../build/topic_demo_py build --build-base /home/gdtr/ros2/colcon_mk/build/topic_demo_py/build install --record /home/gdtr/ros2/colcon_mk/build/topic_demo_py/install.log --single-version-externally-managed
[4.680s] running egg_info
[4.682s] writing ../../build/topic_demo_py/topic_demo_py.egg-info/PKG-INFO
[4.702s] writing dependency_links to ../../build/topic_demo_py/topic_demo_py.egg-info/dependency_links.txt
[4.704s] writing entry points to ../../build/topic_demo_py/topic_demo_py.egg-info/entry_points.txt
[4.705s] writing requirements to ../../build/topic_demo_py/topic_demo_py.egg-info/requires.txt
[4.705s] writing top-level names to ../../build/topic_demo_py/topic_demo_py.egg-info/top_level.txt
[4.723s] reading manifest file '../../build/topic_demo_py/topic_demo_py.egg-info/SOURCES.txt'
[4.731s] writing manifest file '../../build/topic_demo_py/topic_demo_py.egg-info/SOURCES.txt'
[4.736s] running build
[4.737s] running build_py
[4.740s] running install
[4.741s] running install_lib
[4.750s] running install_data
[4.751s] running install_egg_info
[4.771s] removing '/home/gdtr/ros2/colcon_mk/install/topic_demo_py/lib/python3.10/site-packages/topic_demo_py-0.0.0-py3.10.egg-info' (and everything under it)
[4.809s] Copying ../../build/topic_demo_py/topic_demo_py.egg-info to /home/gdtr/ros2/colcon_mk/install/topic_demo_py/lib/python3.10/site-packages/topic_demo_py-0.0.0-py3.10.egg-info
[4.827s] running install_scripts
[4.879s] Installing topic_listener_py script to /home/gdtr/ros2/colcon_mk/install/topic_demo_py/lib/topic_demo_py
[4.879s] Installing topic_talker_py script to /home/gdtr/ros2/colcon_mk/install/topic_demo_py/lib/topic_demo_py
[4.880s] writing list of installed files to '/home/gdtr/ros2/colcon_mk/build/topic_demo_py/install.log'
[5.075s] Invoked command in '/home/gdtr/ros2/colcon_mk/src/topic_demo_py' returned '0': AMENT_PREFIX_PATH=/home/gdtr/ros2/colcon_mk/install/plumbing_interface_demo:${AMENT_PREFIX_PATH} CMAKE_PREFIX_PATH=/home/gdtr/ros2/colcon_mk/install/plumbing_interface_demo LD_LIBRARY_PATH=/home/gdtr/ros2/colcon_mk/install/plumbing_interface_demo/lib:${LD_LIBRARY_PATH} PYTHONPATH=/home/gdtr/ros2/colcon_mk/build/topic_demo_py/prefix_override:/home/gdtr/ros2/colcon_mk/install/topic_demo_py/lib/python3.10/site-packages:/home/gdtr/ros2/colcon_mk/install/plumbing_interface_demo/local/lib/python3.10/dist-packages:${PYTHONPATH} /usr/bin/python3 setup.py egg_info --egg-base ../../build/topic_demo_py build --build-base /home/gdtr/ros2/colcon_mk/build/topic_demo_py/build install --record /home/gdtr/ros2/colcon_mk/build/topic_demo_py/install.log --single-version-externally-managed
