-- Found ament_cmake: 1.5.2 (/opt/ros/rolling/share/ament_cmake/cmake)
-- Found rclcpp: 19.0.0 (/opt/ros/rolling/share/rclcpp/cmake)
-- Found rosidl_generator_c: 3.3.1 (/opt/ros/rolling/share/rosidl_generator_c/cmake)
-- Found rosidl_generator_cpp: 3.3.1 (/opt/ros/rolling/share/rosidl_generator_cpp/cmake)
-- Using all available rosidl_typesupport_c: rosidl_typesupport_fastrtps_c;rosidl_typesupport_introspection_c
-- Using all available rosidl_typesupport_cpp: rosidl_typesupport_fastrtps_cpp;rosidl_typesupport_introspection_cpp
-- Found rmw_implementation_cmake: 6.4.0 (/opt/ros/rolling/share/rmw_implementation_cmake/cmake)
-- Found rmw_fastrtps_cpp: 6.5.0 (/opt/ros/rolling/share/rmw_fastrtps_cpp/cmake)
-- Using RMW implementation 'rmw_fastrtps_cpp' as default
-- Found ament_lint_auto: 0.13.2 (/opt/ros/rolling/share/ament_lint_auto/cmake)
-- Added test 'cppcheck' to perform static code analysis on C / C++ code
-- Configured cppcheck include dirs: $<BUILD_INTERFACE:/home/gdtr/ros2/colcon_mk/src/paramter_demo/include>
-- Configured cppcheck exclude dirs and/or files: 
-- Added test 'lint_cmake' to check CMake code style
-- Added test 'uncrustify' to check C / C++ code style
-- Configured uncrustify additional arguments: 
-- Added test 'xmllint' to check XML markup files
-- Configuring done
-- Generating done
-- Build files have been written to: /home/gdtr/ros2/colcon_mk/build/paramter_demo
[35m[1mConsolidate compiler generated dependencies of target param_demo0[0m
[ 33%] [32mBuilding CXX object CMakeFiles/param_client.dir/src/param_client.cpp.o[0m
[ 33%] [32mBuilding CXX object CMakeFiles/param_server.dir/src/param_server.cpp.o[0m
[ 50%] [32mBuilding CXX object CMakeFiles/param_demo0.dir/src/param_demo0.cpp.o[0m
[ 83%] [32m[1mLinking CXX executable param_demo0[0m
[ 83%] [32m[1mLinking CXX executable param_client[0m
[100%] [32m[1mLinking CXX executable param_server[0m
[100%] Built target param_demo0
[100%] Built target param_server
[100%] Built target param_client
-- Install configuration: ""
-- Installing: /home/gdtr/ros2/colcon_mk/install/paramter_demo/lib/paramter_demo/param_demo0
-- Set runtime path of "/home/gdtr/ros2/colcon_mk/install/paramter_demo/lib/paramter_demo/param_demo0" to ""
-- Installing: /home/gdtr/ros2/colcon_mk/install/paramter_demo/lib/paramter_demo/param_server
-- Set runtime path of "/home/gdtr/ros2/colcon_mk/install/paramter_demo/lib/paramter_demo/param_server" to ""
-- Installing: /home/gdtr/ros2/colcon_mk/install/paramter_demo/lib/paramter_demo/param_client
-- Set runtime path of "/home/gdtr/ros2/colcon_mk/install/paramter_demo/lib/paramter_demo/param_client" to ""
-- Up-to-date: /home/gdtr/ros2/colcon_mk/install/paramter_demo/share/ament_index/resource_index/package_run_dependencies/paramter_demo
-- Up-to-date: /home/gdtr/ros2/colcon_mk/install/paramter_demo/share/ament_index/resource_index/parent_prefix_path/paramter_demo
-- Up-to-date: /home/gdtr/ros2/colcon_mk/install/paramter_demo/share/paramter_demo/environment/ament_prefix_path.sh
-- Installing: /home/gdtr/ros2/colcon_mk/install/paramter_demo/share/paramter_demo/environment/ament_prefix_path.dsv
-- Up-to-date: /home/gdtr/ros2/colcon_mk/install/paramter_demo/share/paramter_demo/environment/path.sh
-- Installing: /home/gdtr/ros2/colcon_mk/install/paramter_demo/share/paramter_demo/environment/path.dsv
-- Up-to-date: /home/gdtr/ros2/colcon_mk/install/paramter_demo/share/paramter_demo/local_setup.bash
-- Up-to-date: /home/gdtr/ros2/colcon_mk/install/paramter_demo/share/paramter_demo/local_setup.sh
-- Up-to-date: /home/gdtr/ros2/colcon_mk/install/paramter_demo/share/paramter_demo/local_setup.zsh
-- Installing: /home/gdtr/ros2/colcon_mk/install/paramter_demo/share/paramter_demo/local_setup.dsv
-- Installing: /home/gdtr/ros2/colcon_mk/install/paramter_demo/share/paramter_demo/package.dsv
-- Up-to-date: /home/gdtr/ros2/colcon_mk/install/paramter_demo/share/ament_index/resource_index/packages/paramter_demo
-- Up-to-date: /home/gdtr/ros2/colcon_mk/install/paramter_demo/share/paramter_demo/cmake/paramter_demoConfig.cmake
-- Up-to-date: /home/gdtr/ros2/colcon_mk/install/paramter_demo/share/paramter_demo/cmake/paramter_demoConfig-version.cmake
-- Up-to-date: /home/gdtr/ros2/colcon_mk/install/paramter_demo/share/paramter_demo/package.xml
