[0.024s] Invoking command in '/home/gdtr/ros2/colcon_mk/build/service_demo': CMAKE_PREFIX_PATH=/home/gdtr/ros2/colcon_mk/install/plumbing_interface_demo:/home/gdtr/ros2/colcon_mk/install/topic_demo:/home/gdtr/ros2/colcon_mk/install/service_demo_py:/home/gdtr/ros2/colcon_mk/install/service_demo:/home/gdtr/ros2/colcon_mk/install/hello_world_node:/home/gdtr/ros2/colcon_mk/install/topic_demo_py:/opt/ros/rolling /usr/bin/cmake --build /home/gdtr/ros2/colcon_mk/build/service_demo -- -j8 -l8
[0.099s] [35m[1mConsolidate compiler generated dependencies of target service_server[0m
[0.116s] [ 50%] [32mBuilding CXX object CMakeFiles/service_server.dir/src/service_server.cpp.o[0m
[4.910s] [100%] [32m[1mLinking CXX executable service_server[0m
[5.168s] [100%] Built target service_server
[5.189s] Invoked command in '/home/gdtr/ros2/colcon_mk/build/service_demo' returned '0': CMAKE_PREFIX_PATH=/home/gdtr/ros2/colcon_mk/install/plumbing_interface_demo:/home/gdtr/ros2/colcon_mk/install/topic_demo:/home/gdtr/ros2/colcon_mk/install/service_demo_py:/home/gdtr/ros2/colcon_mk/install/service_demo:/home/gdtr/ros2/colcon_mk/install/hello_world_node:/home/gdtr/ros2/colcon_mk/install/topic_demo_py:/opt/ros/rolling /usr/bin/cmake --build /home/gdtr/ros2/colcon_mk/build/service_demo -- -j8 -l8
[5.254s] Invoking command in '/home/gdtr/ros2/colcon_mk/build/service_demo': CMAKE_PREFIX_PATH=/home/gdtr/ros2/colcon_mk/install/plumbing_interface_demo:/home/gdtr/ros2/colcon_mk/install/topic_demo:/home/gdtr/ros2/colcon_mk/install/service_demo_py:/home/gdtr/ros2/colcon_mk/install/service_demo:/home/gdtr/ros2/colcon_mk/install/hello_world_node:/home/gdtr/ros2/colcon_mk/install/topic_demo_py:/opt/ros/rolling /usr/bin/cmake --install /home/gdtr/ros2/colcon_mk/build/service_demo
[5.271s] -- Install configuration: ""
[5.272s] -- Installing: /home/gdtr/ros2/colcon_mk/install/service_demo/lib/service_demo/service_server
[5.273s] -- Set runtime path of "/home/gdtr/ros2/colcon_mk/install/service_demo/lib/service_demo/service_server" to ""
[5.274s] -- Up-to-date: /home/gdtr/ros2/colcon_mk/install/service_demo/share/ament_index/resource_index/package_run_dependencies/service_demo
[5.274s] -- Up-to-date: /home/gdtr/ros2/colcon_mk/install/service_demo/share/ament_index/resource_index/parent_prefix_path/service_demo
[5.274s] -- Up-to-date: /home/gdtr/ros2/colcon_mk/install/service_demo/share/service_demo/environment/ament_prefix_path.sh
[5.274s] -- Up-to-date: /home/gdtr/ros2/colcon_mk/install/service_demo/share/service_demo/environment/ament_prefix_path.dsv
[5.275s] -- Up-to-date: /home/gdtr/ros2/colcon_mk/install/service_demo/share/service_demo/environment/path.sh
[5.275s] -- Up-to-date: /home/gdtr/ros2/colcon_mk/install/service_demo/share/service_demo/environment/path.dsv
[5.275s] -- Up-to-date: /home/gdtr/ros2/colcon_mk/install/service_demo/share/service_demo/local_setup.bash
[5.275s] -- Up-to-date: /home/gdtr/ros2/colcon_mk/install/service_demo/share/service_demo/local_setup.sh
[5.275s] -- Up-to-date: /home/gdtr/ros2/colcon_mk/install/service_demo/share/service_demo/local_setup.zsh
[5.276s] -- Up-to-date: /home/gdtr/ros2/colcon_mk/install/service_demo/share/service_demo/local_setup.dsv
[5.276s] -- Up-to-date: /home/gdtr/ros2/colcon_mk/install/service_demo/share/service_demo/package.dsv
[5.276s] -- Up-to-date: /home/gdtr/ros2/colcon_mk/install/service_demo/share/ament_index/resource_index/packages/service_demo
[5.276s] -- Up-to-date: /home/gdtr/ros2/colcon_mk/install/service_demo/share/service_demo/cmake/service_demoConfig.cmake
[5.276s] -- Up-to-date: /home/gdtr/ros2/colcon_mk/install/service_demo/share/service_demo/cmake/service_demoConfig-version.cmake
[5.277s] -- Up-to-date: /home/gdtr/ros2/colcon_mk/install/service_demo/share/service_demo/package.xml
[5.284s] Invoked command in '/home/gdtr/ros2/colcon_mk/build/service_demo' returned '0': CMAKE_PREFIX_PATH=/home/gdtr/ros2/colcon_mk/install/plumbing_interface_demo:/home/gdtr/ros2/colcon_mk/install/topic_demo:/home/gdtr/ros2/colcon_mk/install/service_demo_py:/home/gdtr/ros2/colcon_mk/install/service_demo:/home/gdtr/ros2/colcon_mk/install/hello_world_node:/home/gdtr/ros2/colcon_mk/install/topic_demo_py:/opt/ros/rolling /usr/bin/cmake --install /home/gdtr/ros2/colcon_mk/build/service_demo
