[1.767s] Invoking command in '/home/gdtr/ros2/colcon_mk/build/topic_demo': CMAKE_PREFIX_PATH=/home/gdtr/ros2/colcon_mk/install/plumbing_interface_demo:/home/gdtr/ros2/colcon_mk/install/paramter_demo:/home/gdtr/ros2/colcon_mk/install/action_demo:/home/gdtr/ros2/colcon_mk/install/topic_demo:/home/gdtr/ros2/colcon_mk/install/service_demo_py:/home/gdtr/ros2/colcon_mk/install/service_demo:/home/gdtr/ros2/colcon_mk/install/hello_world_node:/home/gdtr/ros2/colcon_mk/install/topic_demo_py:/opt/ros/rolling /usr/bin/cmake --build /home/gdtr/ros2/colcon_mk/build/topic_demo -- -j8 -l8
[1.801s] -- Found ament_cmake: 1.5.2 (/opt/ros/rolling/share/ament_cmake/cmake)
[2.100s] -- Found rclcpp: 19.0.0 (/opt/ros/rolling/share/rclcpp/cmake)
[2.160s] -- Found rosidl_generator_c: 3.3.1 (/opt/ros/rolling/share/rosidl_generator_c/cmake)
[2.174s] -- Found rosidl_generator_cpp: 3.3.1 (/opt/ros/rolling/share/rosidl_generator_cpp/cmake)
[2.195s] -- Using all available rosidl_typesupport_c: rosidl_typesupport_fastrtps_c;rosidl_typesupport_introspection_c
[2.223s] -- Using all available rosidl_typesupport_cpp: rosidl_typesupport_fastrtps_cpp;rosidl_typesupport_introspection_cpp
[2.388s] -- Found rmw_implementation_cmake: 6.4.0 (/opt/ros/rolling/share/rmw_implementation_cmake/cmake)
[2.388s] -- Found rmw_fastrtps_cpp: 6.5.0 (/opt/ros/rolling/share/rmw_fastrtps_cpp/cmake)
[2.751s] -- Using RMW implementation 'rmw_fastrtps_cpp' as default
[3.165s] -- Found std_msgs: 4.6.1 (/opt/ros/rolling/share/std_msgs/cmake)
[3.386s] -- Found plumbing_interface_demo: 0.0.0 (/home/gdtr/ros2/colcon_mk/install/plumbing_interface_demo/share/plumbing_interface_demo/cmake)
[3.728s] -- Found ament_lint_auto: 0.13.2 (/opt/ros/rolling/share/ament_lint_auto/cmake)
[4.264s] -- Added test 'cppcheck' to perform static code analysis on C / C++ code
[4.268s] -- Configured cppcheck include dirs: $<BUILD_INTERFACE:/home/gdtr/ros2/colcon_mk/src/topic_demo/include>
[4.269s] -- Configured cppcheck exclude dirs and/or files: 
[4.273s] -- Added test 'lint_cmake' to check CMake code style
[4.282s] -- Added test 'uncrustify' to check C / C++ code style
[4.283s] -- Configured uncrustify additional arguments: 
[4.284s] -- Added test 'xmllint' to check XML markup files
[4.290s] -- Configuring done
[4.603s] -- Generating done
[4.618s] -- Build files have been written to: /home/gdtr/ros2/colcon_mk/build/topic_demo
[4.704s] [35m[1mConsolidate compiler generated dependencies of target topic_talker[0m
[4.708s] [35m[1mConsolidate compiler generated dependencies of target topic_listener_custom[0m
[4.713s] [35m[1mConsolidate compiler generated dependencies of target topic_listener[0m
[4.738s] [35m[1mConsolidate compiler generated dependencies of target topic_talker_custom[0m
[4.759s] [ 12%] [32mBuilding CXX object CMakeFiles/topic_listener_custom.dir/src/topic_listener_custom.cpp.o[0m
[4.770s] [ 25%] [32mBuilding CXX object CMakeFiles/topic_talker.dir/src/topic_talker.cpp.o[0m
[4.792s] [ 37%] [32mBuilding CXX object CMakeFiles/topic_listener.dir/src/topic_listener.cpp.o[0m
[4.812s] [ 50%] [32mBuilding CXX object CMakeFiles/topic_talker_custom.dir/src/topic_talker_custom.cpp.o[0m
