[0.013s] Invoking command in '/home/gdtr/ros2/colcon_mk/build/plumbing_interface_demo': CMAKE_PREFIX_PATH=/opt/ros/rolling /usr/bin/cmake --build /home/gdtr/ros2/colcon_mk/build/plumbing_interface_demo -- -j8 -l8
[0.043s] -- Found ament_cmake: 1.5.2 (/opt/ros/rolling/share/ament_cmake/cmake)
[0.213s] -- Found rclcpp: 19.0.0 (/opt/ros/rolling/share/rclcpp/cmake)
[0.247s] -- Found rosidl_generator_c: 3.3.1 (/opt/ros/rolling/share/rosidl_generator_c/cmake)
[0.255s] -- Found rosidl_generator_cpp: 3.3.1 (/opt/ros/rolling/share/rosidl_generator_cpp/cmake)
[0.268s] -- Using all available rosidl_typesupport_c: rosidl_typesupport_fastrtps_c;rosidl_typesupport_introspection_c
[0.286s] -- Using all available rosidl_typesupport_cpp: rosidl_typesupport_fastrtps_cpp;rosidl_typesupport_introspection_cpp
[0.363s] -- Found rmw_implementation_cmake: 6.4.0 (/opt/ros/rolling/share/rmw_implementation_cmake/cmake)
[0.365s] -- Found rmw_fastrtps_cpp: 6.5.0 (/opt/ros/rolling/share/rmw_fastrtps_cpp/cmake)
[0.574s] -- Using RMW implementation 'rmw_fastrtps_cpp' as default
[0.741s] -- Found std_msgs: 4.6.1 (/opt/ros/rolling/share/std_msgs/cmake)
[0.777s] -- Found rosidl_default_generators: 1.4.0 (/opt/ros/rolling/share/rosidl_default_generators/cmake)
[0.786s] -- Found rosidl_adapter: 3.3.1 (/opt/ros/rolling/share/rosidl_adapter/cmake)
[1.186s] -- Found ament_cmake_ros: 0.11.1 (/opt/ros/rolling/share/ament_cmake_ros/cmake)
[1.546s] -- Using all available rosidl_typesupport_c: rosidl_typesupport_fastrtps_c;rosidl_typesupport_introspection_c
[1.685s] -- Using all available rosidl_typesupport_cpp: rosidl_typesupport_fastrtps_cpp;rosidl_typesupport_introspection_cpp
[1.709s] -- Found python_cmake_module: 0.10.1 (/opt/ros/rolling/share/python_cmake_module/cmake)
[1.736s] -- Using PYTHON_EXECUTABLE: /usr/bin/python3
[1.736s] -- Using PYTHON_INCLUDE_DIRS: /usr/include/python3.10
[1.737s] -- Using PYTHON_LIBRARIES: /usr/lib/x86_64-linux-gnu/libpython3.10.so
[1.761s] -- Found ament_lint_auto: 0.13.2 (/opt/ros/rolling/share/ament_lint_auto/cmake)
[1.777s] -- Added test 'cppcheck' to perform static code analysis on C / C++ code
[1.778s] -- Configured cppcheck include dirs: $<BUILD_INTERFACE:/home/gdtr/ros2/colcon_mk/src/plumbing_interface_demo/include>
[1.778s] -- Configured cppcheck exclude dirs and/or files: 
[1.779s] -- Added test 'lint_cmake' to check CMake code style
[1.781s] -- Added test 'uncrustify' to check C / C++ code style
[1.781s] -- Configured uncrustify additional arguments: 
[1.781s] -- Added test 'xmllint' to check XML markup files
[1.784s] -- Configuring done
[1.838s] -- Generating done
[1.842s] -- Build files have been written to: /home/gdtr/ros2/colcon_mk/build/plumbing_interface_demo
[1.871s] [  1%] [34m[1mGenerating C code for ROS interfaces[0m
[1.871s] [35m[1mConsolidate compiler generated dependencies of target plumbing_interface_node[0m
[1.882s] [  3%] [34m[1mGenerating C++ code for ROS interfaces[0m
[1.882s] [  7%] Built target plumbing_interface_node
[1.895s] [  7%] Built target ament_cmake_python_copy_plumbing_interface_demo
[2.254s] running egg_info
[2.255s] writing plumbing_interface_demo.egg-info/PKG-INFO
[2.255s] writing dependency_links to plumbing_interface_demo.egg-info/dependency_links.txt
[2.255s] writing top-level names to plumbing_interface_demo.egg-info/top_level.txt
[2.259s] reading manifest file 'plumbing_interface_demo.egg-info/SOURCES.txt'
[2.259s] writing manifest file 'plumbing_interface_demo.egg-info/SOURCES.txt'
[2.288s] [  7%] Built target ament_cmake_python_build_plumbing_interface_demo_egg
[2.787s] [35m[1mConsolidate compiler generated dependencies of target plumbing_interface_demo__rosidl_generator_c[0m
[2.801s] [  8%] [32mBuilding C object CMakeFiles/plumbing_interface_demo__rosidl_generator_c.dir/rosidl_generator_c/plumbing_interface_demo/action/detail/action_msg__functions.c.o[0m
[2.802s] [ 10%] [32mBuilding C object CMakeFiles/plumbing_interface_demo__rosidl_generator_c.dir/rosidl_generator_c/plumbing_interface_demo/msg/detail/custom_msg__functions.c.o[0m
[2.803s] [ 12%] [32mBuilding C object CMakeFiles/plumbing_interface_demo__rosidl_generator_c.dir/rosidl_generator_c/plumbing_interface_demo/srv/detail/service_msg__functions.c.o[0m
[2.803s] [ 14%] [32mBuilding C object CMakeFiles/plumbing_interface_demo__rosidl_generator_c.dir/rosidl_generator_c/plumbing_interface_demo/srv/detail/service_exercise__functions.c.o[0m
[2.998s] [ 14%] Built target plumbing_interface_demo__cpp
[3.009s] [ 15%] [34m[1mGenerating C++ type support dispatch for ROS interfaces[0m
[3.013s] [ 19%] [34m[1mGenerating C++ type support for eProsima Fast-RTPS[0m
[3.013s] [ 19%] [34m[1mGenerating C++ introspection for ROS interfaces[0m
[3.035s] [ 21%] [32m[1mLinking C shared library libplumbing_interface_demo__rosidl_generator_c.so[0m
[3.101s] [ 21%] Built target plumbing_interface_demo__rosidl_generator_c
[3.116s] [ 24%] [34m[1mGenerating C type support dispatch for ROS interfaces[0m
[3.116s] [ 26%] [34m[1mGenerating C type support for eProsima Fast-RTPS[0m
[3.117s] [ 26%] [34m[1mGenerating C introspection for ROS interfaces[0m
[3.718s] [35m[1mConsolidate compiler generated dependencies of target plumbing_interface_demo__rosidl_typesupport_cpp[0m
[3.755s] [ 28%] [32mBuilding CXX object CMakeFiles/plumbing_interface_demo__rosidl_typesupport_cpp.dir/rosidl_typesupport_cpp/plumbing_interface_demo/srv/service_msg__type_support.cpp.o[0m
[3.755s] [ 29%] [32mBuilding CXX object CMakeFiles/plumbing_interface_demo__rosidl_typesupport_cpp.dir/rosidl_typesupport_cpp/plumbing_interface_demo/srv/service_exercise__type_support.cpp.o[0m
[3.766s] [ 31%] [32mBuilding CXX object CMakeFiles/plumbing_interface_demo__rosidl_typesupport_cpp.dir/rosidl_typesupport_cpp/plumbing_interface_demo/msg/custom_msg__type_support.cpp.o[0m
[3.865s] [35m[1mConsolidate compiler generated dependencies of target plumbing_interface_demo__rosidl_typesupport_introspection_cpp[0m
[3.883s] [35m[1mConsolidate compiler generated dependencies of target plumbing_interface_demo__rosidl_typesupport_c[0m
[3.898s] [ 33%] [32mBuilding CXX object CMakeFiles/plumbing_interface_demo__rosidl_typesupport_introspection_cpp.dir/rosidl_typesupport_introspection_cpp/plumbing_interface_demo/msg/detail/custom_msg__type_support.cpp.o[0m
[3.915s] [ 35%] [32mBuilding CXX object CMakeFiles/plumbing_interface_demo__rosidl_typesupport_c.dir/rosidl_typesupport_c/plumbing_interface_demo/msg/custom_msg__type_support.cpp.o[0m
[4.035s] [ 36%] [32mBuilding CXX object CMakeFiles/plumbing_interface_demo__rosidl_typesupport_c.dir/rosidl_typesupport_c/plumbing_interface_demo/srv/service_msg__type_support.cpp.o[0m
[4.191s] [ 38%] [32mBuilding CXX object CMakeFiles/plumbing_interface_demo__rosidl_typesupport_c.dir/rosidl_typesupport_c/plumbing_interface_demo/srv/service_exercise__type_support.cpp.o[0m
[4.275s] [35m[1mConsolidate compiler generated dependencies of target plumbing_interface_demo__rosidl_typesupport_fastrtps_cpp[0m
[4.279s] [35m[1mConsolidate compiler generated dependencies of target plumbing_interface_demo__rosidl_typesupport_introspection_c[0m
[4.285s] [ 40%] [32mBuilding CXX object CMakeFiles/plumbing_interface_demo__rosidl_typesupport_c.dir/rosidl_typesupport_c/plumbing_interface_demo/action/action_msg__type_support.cpp.o[0m
[4.325s] [ 42%] [32mBuilding CXX object CMakeFiles/plumbing_interface_demo__rosidl_typesupport_fastrtps_cpp.dir/rosidl_typesupport_fastrtps_cpp/plumbing_interface_demo/msg/detail/dds_fastrtps/custom_msg__type_support.cpp.o[0m
[4.337s] [ 43%] [32mBuilding C object CMakeFiles/plumbing_interface_demo__rosidl_typesupport_introspection_c.dir/rosidl_typesupport_introspection_c/plumbing_interface_demo/msg/detail/custom_msg__type_support.c.o[0m
[4.384s] [ 45%] [32mBuilding C object CMakeFiles/plumbing_interface_demo__rosidl_typesupport_introspection_c.dir/rosidl_typesupport_introspection_c/plumbing_interface_demo/srv/detail/service_msg__type_support.c.o[0m
[4.393s] [35m[1mConsolidate compiler generated dependencies of target plumbing_interface_demo__rosidl_typesupport_fastrtps_c[0m
[4.406s] [ 47%] [32m[1mLinking CXX shared library libplumbing_interface_demo__rosidl_typesupport_c.so[0m
[4.413s] [ 49%] [32mBuilding CXX object CMakeFiles/plumbing_interface_demo__rosidl_typesupport_cpp.dir/rosidl_typesupport_cpp/plumbing_interface_demo/action/action_msg__type_support.cpp.o[0m
[4.445s] [ 50%] [32mBuilding CXX object CMakeFiles/plumbing_interface_demo__rosidl_typesupport_fastrtps_c.dir/rosidl_typesupport_fastrtps_c/plumbing_interface_demo/msg/detail/custom_msg__type_support_c.cpp.o[0m
[4.457s] [ 52%] [32mBuilding C object CMakeFiles/plumbing_interface_demo__rosidl_typesupport_introspection_c.dir/rosidl_typesupport_introspection_c/plumbing_interface_demo/srv/detail/service_exercise__type_support.c.o[0m
[4.471s] [ 54%] [32mBuilding C object CMakeFiles/plumbing_interface_demo__rosidl_typesupport_introspection_c.dir/rosidl_typesupport_introspection_c/plumbing_interface_demo/action/detail/action_msg__type_support.c.o[0m
[4.515s] [ 56%] [32mBuilding CXX object CMakeFiles/plumbing_interface_demo__rosidl_typesupport_fastrtps_c.dir/rosidl_typesupport_fastrtps_c/plumbing_interface_demo/srv/detail/service_msg__type_support_c.cpp.o[0m
[4.550s] [ 56%] Built target plumbing_interface_demo__rosidl_typesupport_c
[4.569s] [ 57%] [32mBuilding CXX object CMakeFiles/plumbing_interface_demo__rosidl_typesupport_fastrtps_cpp.dir/rosidl_typesupport_fastrtps_cpp/plumbing_interface_demo/srv/detail/dds_fastrtps/service_msg__type_support.cpp.o[0m
[4.572s] [ 59%] [32mBuilding CXX object CMakeFiles/plumbing_interface_demo__rosidl_typesupport_fastrtps_c.dir/rosidl_typesupport_fastrtps_c/plumbing_interface_demo/srv/detail/service_exercise__type_support_c.cpp.o[0m
[4.584s] [ 61%] [32m[1mLinking C shared library libplumbing_interface_demo__rosidl_typesupport_introspection_c.so[0m
[4.770s] [ 61%] Built target plumbing_interface_demo__rosidl_typesupport_introspection_c
[4.794s] [ 63%] [32mBuilding CXX object CMakeFiles/plumbing_interface_demo__rosidl_typesupport_introspection_cpp.dir/rosidl_typesupport_introspection_cpp/plumbing_interface_demo/srv/detail/service_msg__type_support.cpp.o[0m
[4.820s] [ 64%] [32mBuilding CXX object CMakeFiles/plumbing_interface_demo__rosidl_typesupport_fastrtps_cpp.dir/rosidl_typesupport_fastrtps_cpp/plumbing_interface_demo/srv/detail/dds_fastrtps/service_exercise__type_support.cpp.o[0m
[5.336s] [ 66%] [32mBuilding CXX object CMakeFiles/plumbing_interface_demo__rosidl_typesupport_fastrtps_cpp.dir/rosidl_typesupport_fastrtps_cpp/plumbing_interface_demo/action/detail/dds_fastrtps/action_msg__type_support.cpp.o[0m
[5.360s] [ 68%] [32mBuilding CXX object CMakeFiles/plumbing_interface_demo__rosidl_typesupport_fastrtps_c.dir/rosidl_typesupport_fastrtps_c/plumbing_interface_demo/action/detail/action_msg__type_support_c.cpp.o[0m
[5.420s] [ 70%] [32mBuilding CXX object CMakeFiles/plumbing_interface_demo__rosidl_typesupport_introspection_cpp.dir/rosidl_typesupport_introspection_cpp/plumbing_interface_demo/srv/detail/service_exercise__type_support.cpp.o[0m
[5.492s] [ 71%] [32m[1mLinking CXX shared library libplumbing_interface_demo__rosidl_typesupport_cpp.so[0m
[5.515s] [ 73%] [32mBuilding CXX object CMakeFiles/plumbing_interface_demo__rosidl_typesupport_introspection_cpp.dir/rosidl_typesupport_introspection_cpp/plumbing_interface_demo/action/detail/action_msg__type_support.cpp.o[0m
[5.644s] [ 73%] Built target plumbing_interface_demo__rosidl_typesupport_cpp
[6.012s] [ 75%] [32m[1mLinking CXX shared library libplumbing_interface_demo__rosidl_typesupport_fastrtps_c.so[0m
[6.135s] [ 75%] Built target plumbing_interface_demo__rosidl_typesupport_fastrtps_c
[6.390s] [ 77%] [32m[1mLinking CXX shared library libplumbing_interface_demo__rosidl_typesupport_fastrtps_cpp.so[0m
[6.502s] [ 77%] Built target plumbing_interface_demo__rosidl_typesupport_fastrtps_cpp
[6.552s] [ 78%] [32m[1mLinking CXX shared library libplumbing_interface_demo__rosidl_typesupport_introspection_cpp.so[0m
[6.641s] [ 78%] Built target plumbing_interface_demo__rosidl_typesupport_introspection_cpp
[6.662s] [ 78%] Built target plumbing_interface_demo
[6.682s] [ 80%] [34m[1mGenerating Python code for ROS interfaces[0m
[8.123s] [ 80%] Built target plumbing_interface_demo__py
[8.134s] [35m[1mConsolidate compiler generated dependencies of target plumbing_interface_demo__rosidl_generator_py[0m
[8.153s] [ 85%] [32mBuilding C object CMakeFiles/plumbing_interface_demo__rosidl_generator_py.dir/rosidl_generator_py/plumbing_interface_demo/srv/_service_exercise_s.c.o[0m
[8.153s] [ 85%] [32mBuilding C object CMakeFiles/plumbing_interface_demo__rosidl_generator_py.dir/rosidl_generator_py/plumbing_interface_demo/msg/_custom_msg_s.c.o[0m
[8.153s] [ 85%] [32mBuilding C object CMakeFiles/plumbing_interface_demo__rosidl_generator_py.dir/rosidl_generator_py/plumbing_interface_demo/srv/_service_msg_s.c.o[0m
[8.156s] [ 87%] [32mBuilding C object CMakeFiles/plumbing_interface_demo__rosidl_generator_py.dir/rosidl_generator_py/plumbing_interface_demo/action/_action_msg_s.c.o[0m
[8.383s] [ 89%] [32m[1mLinking C shared library rosidl_generator_py/plumbing_interface_demo/libplumbing_interface_demo__rosidl_generator_py.so[0m
[8.427s] [ 89%] Built target plumbing_interface_demo__rosidl_generator_py
[8.438s] [35m[1mConsolidate compiler generated dependencies of target plumbing_interface_demo__rosidl_typesupport_introspection_c__pyext[0m
[8.438s] [35m[1mConsolidate compiler generated dependencies of target plumbing_interface_demo__rosidl_typesupport_c__pyext[0m
[8.439s] [35m[1mConsolidate compiler generated dependencies of target plumbing_interface_demo__rosidl_typesupport_fastrtps_c__pyext[0m
[8.454s] [ 92%] [32mBuilding C object CMakeFiles/plumbing_interface_demo__rosidl_typesupport_introspection_c__pyext.dir/rosidl_generator_py/plumbing_interface_demo/_plumbing_interface_demo_s.ep.rosidl_typesupport_introspection_c.c.o[0m
[8.454s] [ 92%] [32mBuilding C object CMakeFiles/plumbing_interface_demo__rosidl_typesupport_fastrtps_c__pyext.dir/rosidl_generator_py/plumbing_interface_demo/_plumbing_interface_demo_s.ep.rosidl_typesupport_fastrtps_c.c.o[0m
[8.456s] [ 94%] [32mBuilding C object CMakeFiles/plumbing_interface_demo__rosidl_typesupport_c__pyext.dir/rosidl_generator_py/plumbing_interface_demo/_plumbing_interface_demo_s.ep.rosidl_typesupport_c.c.o[0m
[8.684s] [ 96%] [32m[1mLinking C shared library rosidl_generator_py/plumbing_interface_demo/plumbing_interface_demo_s__rosidl_typesupport_introspection_c.cpython-310-x86_64-linux-gnu.so[0m
[8.707s] [ 98%] [32m[1mLinking C shared library rosidl_generator_py/plumbing_interface_demo/plumbing_interface_demo_s__rosidl_typesupport_fastrtps_c.cpython-310-x86_64-linux-gnu.so[0m
[8.707s] [100%] [32m[1mLinking C shared library rosidl_generator_py/plumbing_interface_demo/plumbing_interface_demo_s__rosidl_typesupport_c.cpython-310-x86_64-linux-gnu.so[0m
[8.753s] [100%] Built target plumbing_interface_demo__rosidl_typesupport_introspection_c__pyext
[8.757s] [100%] Built target plumbing_interface_demo__rosidl_typesupport_fastrtps_c__pyext
[8.772s] [100%] Built target plumbing_interface_demo__rosidl_typesupport_c__pyext
[8.788s] Invoked command in '/home/gdtr/ros2/colcon_mk/build/plumbing_interface_demo' returned '0': CMAKE_PREFIX_PATH=/opt/ros/rolling /usr/bin/cmake --build /home/gdtr/ros2/colcon_mk/build/plumbing_interface_demo -- -j8 -l8
[8.927s] Invoking command in '/home/gdtr/ros2/colcon_mk/build/plumbing_interface_demo': CMAKE_PREFIX_PATH=/opt/ros/rolling /usr/bin/cmake --install /home/gdtr/ros2/colcon_mk/build/plumbing_interface_demo
[8.935s] -- Install configuration: ""
[8.935s] -- Installing: /home/gdtr/ros2/colcon_mk/install/plumbing_interface_demo/share/ament_index/resource_index/rosidl_interfaces/plumbing_interface_demo
[8.936s] -- Up-to-date: /home/gdtr/ros2/colcon_mk/install/plumbing_interface_demo/include/plumbing_interface_demo/plumbing_interface_demo
[8.936s] -- Up-to-date: /home/gdtr/ros2/colcon_mk/install/plumbing_interface_demo/include/plumbing_interface_demo/plumbing_interface_demo/msg
[8.936s] -- Up-to-date: /home/gdtr/ros2/colcon_mk/install/plumbing_interface_demo/include/plumbing_interface_demo/plumbing_interface_demo/msg/rosidl_generator_c__visibility_control.h
[8.936s] -- Up-to-date: /home/gdtr/ros2/colcon_mk/install/plumbing_interface_demo/include/plumbing_interface_demo/plumbing_interface_demo/msg/detail
[8.936s] -- Installing: /home/gdtr/ros2/colcon_mk/install/plumbing_interface_demo/include/plumbing_interface_demo/plumbing_interface_demo/msg/detail/custom_msg__functions.h
[8.936s] -- Installing: /home/gdtr/ros2/colcon_mk/install/plumbing_interface_demo/include/plumbing_interface_demo/plumbing_interface_demo/msg/detail/custom_msg__functions.c
[8.936s] -- Installing: /home/gdtr/ros2/colcon_mk/install/plumbing_interface_demo/include/plumbing_interface_demo/plumbing_interface_demo/msg/detail/custom_msg__struct.h
[8.937s] -- Installing: /home/gdtr/ros2/colcon_mk/install/plumbing_interface_demo/include/plumbing_interface_demo/plumbing_interface_demo/msg/detail/custom_msg__type_support.h
[8.937s] -- Installing: /home/gdtr/ros2/colcon_mk/install/plumbing_interface_demo/include/plumbing_interface_demo/plumbing_interface_demo/msg/custom_msg.h
[8.937s] -- Up-to-date: /home/gdtr/ros2/colcon_mk/install/plumbing_interface_demo/include/plumbing_interface_demo/plumbing_interface_demo/action
[8.937s] -- Installing: /home/gdtr/ros2/colcon_mk/install/plumbing_interface_demo/include/plumbing_interface_demo/plumbing_interface_demo/action/action_msg.h
[8.937s] -- Up-to-date: /home/gdtr/ros2/colcon_mk/install/plumbing_interface_demo/include/plumbing_interface_demo/plumbing_interface_demo/action/detail
[8.937s] -- Installing: /home/gdtr/ros2/colcon_mk/install/plumbing_interface_demo/include/plumbing_interface_demo/plumbing_interface_demo/action/detail/action_msg__functions.h
[8.937s] -- Installing: /home/gdtr/ros2/colcon_mk/install/plumbing_interface_demo/include/plumbing_interface_demo/plumbing_interface_demo/action/detail/action_msg__type_support.h
[8.938s] -- Installing: /home/gdtr/ros2/colcon_mk/install/plumbing_interface_demo/include/plumbing_interface_demo/plumbing_interface_demo/action/detail/action_msg__struct.h
[8.938s] -- Installing: /home/gdtr/ros2/colcon_mk/install/plumbing_interface_demo/include/plumbing_interface_demo/plumbing_interface_demo/action/detail/action_msg__functions.c
[8.938s] -- Up-to-date: /home/gdtr/ros2/colcon_mk/install/plumbing_interface_demo/include/plumbing_interface_demo/plumbing_interface_demo/srv
[8.938s] -- Installing: /home/gdtr/ros2/colcon_mk/install/plumbing_interface_demo/include/plumbing_interface_demo/plumbing_interface_demo/srv/service_msg.h
[8.938s] -- Installing: /home/gdtr/ros2/colcon_mk/install/plumbing_interface_demo/include/plumbing_interface_demo/plumbing_interface_demo/srv/service_exercise.h
[8.938s] -- Up-to-date: /home/gdtr/ros2/colcon_mk/install/plumbing_interface_demo/include/plumbing_interface_demo/plumbing_interface_demo/srv/detail
[8.939s] -- Installing: /home/gdtr/ros2/colcon_mk/install/plumbing_interface_demo/include/plumbing_interface_demo/plumbing_interface_demo/srv/detail/service_exercise__struct.h
[8.939s] -- Installing: /home/gdtr/ros2/colcon_mk/install/plumbing_interface_demo/include/plumbing_interface_demo/plumbing_interface_demo/srv/detail/service_exercise__functions.c
[8.939s] -- Installing: /home/gdtr/ros2/colcon_mk/install/plumbing_interface_demo/include/plumbing_interface_demo/plumbing_interface_demo/srv/detail/service_msg__functions.h
[8.939s] -- Installing: /home/gdtr/ros2/colcon_mk/install/plumbing_interface_demo/include/plumbing_interface_demo/plumbing_interface_demo/srv/detail/service_msg__functions.c
[8.939s] -- Installing: /home/gdtr/ros2/colcon_mk/install/plumbing_interface_demo/include/plumbing_interface_demo/plumbing_interface_demo/srv/detail/service_exercise__functions.h
[8.939s] -- Installing: /home/gdtr/ros2/colcon_mk/install/plumbing_interface_demo/include/plumbing_interface_demo/plumbing_interface_demo/srv/detail/service_msg__type_support.h
[8.940s] -- Installing: /home/gdtr/ros2/colcon_mk/install/plumbing_interface_demo/include/plumbing_interface_demo/plumbing_interface_demo/srv/detail/service_exercise__type_support.h
[8.940s] -- Installing: /home/gdtr/ros2/colcon_mk/install/plumbing_interface_demo/include/plumbing_interface_demo/plumbing_interface_demo/srv/detail/service_msg__struct.h
[8.940s] -- Up-to-date: /home/gdtr/ros2/colcon_mk/install/plumbing_interface_demo/share/plumbing_interface_demo/environment/library_path.sh
[8.940s] -- Installing: /home/gdtr/ros2/colcon_mk/install/plumbing_interface_demo/share/plumbing_interface_demo/environment/library_path.dsv
[8.940s] -- Installing: /home/gdtr/ros2/colcon_mk/install/plumbing_interface_demo/lib/libplumbing_interface_demo__rosidl_generator_c.so
[8.941s] -- Set runtime path of "/home/gdtr/ros2/colcon_mk/install/plumbing_interface_demo/lib/libplumbing_interface_demo__rosidl_generator_c.so" to ""
[8.941s] -- Up-to-date: /home/gdtr/ros2/colcon_mk/install/plumbing_interface_demo/include/plumbing_interface_demo/plumbing_interface_demo
[8.941s] -- Up-to-date: /home/gdtr/ros2/colcon_mk/install/plumbing_interface_demo/include/plumbing_interface_demo/plumbing_interface_demo/msg
[8.942s] -- Up-to-date: /home/gdtr/ros2/colcon_mk/install/plumbing_interface_demo/include/plumbing_interface_demo/plumbing_interface_demo/msg/rosidl_typesupport_fastrtps_c__visibility_control.h
[8.942s] -- Up-to-date: /home/gdtr/ros2/colcon_mk/install/plumbing_interface_demo/include/plumbing_interface_demo/plumbing_interface_demo/msg/detail
[8.942s] -- Installing: /home/gdtr/ros2/colcon_mk/install/plumbing_interface_demo/include/plumbing_interface_demo/plumbing_interface_demo/msg/detail/custom_msg__rosidl_typesupport_fastrtps_c.h
[8.942s] -- Up-to-date: /home/gdtr/ros2/colcon_mk/install/plumbing_interface_demo/include/plumbing_interface_demo/plumbing_interface_demo/action
[8.942s] -- Up-to-date: /home/gdtr/ros2/colcon_mk/install/plumbing_interface_demo/include/plumbing_interface_demo/plumbing_interface_demo/action/detail
[8.942s] -- Installing: /home/gdtr/ros2/colcon_mk/install/plumbing_interface_demo/include/plumbing_interface_demo/plumbing_interface_demo/action/detail/action_msg__rosidl_typesupport_fastrtps_c.h
[8.943s] -- Up-to-date: /home/gdtr/ros2/colcon_mk/install/plumbing_interface_demo/include/plumbing_interface_demo/plumbing_interface_demo/srv
[8.943s] -- Up-to-date: /home/gdtr/ros2/colcon_mk/install/plumbing_interface_demo/include/plumbing_interface_demo/plumbing_interface_demo/srv/detail
[8.943s] -- Installing: /home/gdtr/ros2/colcon_mk/install/plumbing_interface_demo/include/plumbing_interface_demo/plumbing_interface_demo/srv/detail/service_msg__rosidl_typesupport_fastrtps_c.h
[8.943s] -- Installing: /home/gdtr/ros2/colcon_mk/install/plumbing_interface_demo/include/plumbing_interface_demo/plumbing_interface_demo/srv/detail/service_exercise__rosidl_typesupport_fastrtps_c.h
[8.943s] -- Installing: /home/gdtr/ros2/colcon_mk/install/plumbing_interface_demo/lib/libplumbing_interface_demo__rosidl_typesupport_fastrtps_c.so
[8.944s] -- Set runtime path of "/home/gdtr/ros2/colcon_mk/install/plumbing_interface_demo/lib/libplumbing_interface_demo__rosidl_typesupport_fastrtps_c.so" to ""
[8.944s] -- Up-to-date: /home/gdtr/ros2/colcon_mk/install/plumbing_interface_demo/include/plumbing_interface_demo/plumbing_interface_demo
[8.944s] -- Up-to-date: /home/gdtr/ros2/colcon_mk/install/plumbing_interface_demo/include/plumbing_interface_demo/plumbing_interface_demo/msg
[8.945s] -- Installing: /home/gdtr/ros2/colcon_mk/install/plumbing_interface_demo/include/plumbing_interface_demo/plumbing_interface_demo/msg/custom_msg.hpp
[8.945s] -- Up-to-date: /home/gdtr/ros2/colcon_mk/install/plumbing_interface_demo/include/plumbing_interface_demo/plumbing_interface_demo/msg/detail
[8.945s] -- Installing: /home/gdtr/ros2/colcon_mk/install/plumbing_interface_demo/include/plumbing_interface_demo/plumbing_interface_demo/msg/detail/custom_msg__struct.hpp
[8.945s] -- Installing: /home/gdtr/ros2/colcon_mk/install/plumbing_interface_demo/include/plumbing_interface_demo/plumbing_interface_demo/msg/detail/custom_msg__traits.hpp
[8.945s] -- Installing: /home/gdtr/ros2/colcon_mk/install/plumbing_interface_demo/include/plumbing_interface_demo/plumbing_interface_demo/msg/detail/custom_msg__builder.hpp
[8.946s] -- Up-to-date: /home/gdtr/ros2/colcon_mk/install/plumbing_interface_demo/include/plumbing_interface_demo/plumbing_interface_demo/action
[8.946s] -- Installing: /home/gdtr/ros2/colcon_mk/install/plumbing_interface_demo/include/plumbing_interface_demo/plumbing_interface_demo/action/action_msg.hpp
[8.946s] -- Up-to-date: /home/gdtr/ros2/colcon_mk/install/plumbing_interface_demo/include/plumbing_interface_demo/plumbing_interface_demo/action/detail
[8.946s] -- Installing: /home/gdtr/ros2/colcon_mk/install/plumbing_interface_demo/include/plumbing_interface_demo/plumbing_interface_demo/action/detail/action_msg__builder.hpp
[8.946s] -- Installing: /home/gdtr/ros2/colcon_mk/install/plumbing_interface_demo/include/plumbing_interface_demo/plumbing_interface_demo/action/detail/action_msg__traits.hpp
[8.946s] -- Installing: /home/gdtr/ros2/colcon_mk/install/plumbing_interface_demo/include/plumbing_interface_demo/plumbing_interface_demo/action/detail/action_msg__struct.hpp
[8.947s] -- Up-to-date: /home/gdtr/ros2/colcon_mk/install/plumbing_interface_demo/include/plumbing_interface_demo/plumbing_interface_demo/srv
[8.947s] -- Installing: /home/gdtr/ros2/colcon_mk/install/plumbing_interface_demo/include/plumbing_interface_demo/plumbing_interface_demo/srv/service_exercise.hpp
[8.947s] -- Installing: /home/gdtr/ros2/colcon_mk/install/plumbing_interface_demo/include/plumbing_interface_demo/plumbing_interface_demo/srv/service_msg.hpp
[8.947s] -- Up-to-date: /home/gdtr/ros2/colcon_mk/install/plumbing_interface_demo/include/plumbing_interface_demo/plumbing_interface_demo/srv/detail
[8.947s] -- Installing: /home/gdtr/ros2/colcon_mk/install/plumbing_interface_demo/include/plumbing_interface_demo/plumbing_interface_demo/srv/detail/service_exercise__struct.hpp
[8.947s] -- Installing: /home/gdtr/ros2/colcon_mk/install/plumbing_interface_demo/include/plumbing_interface_demo/plumbing_interface_demo/srv/detail/service_exercise__traits.hpp
[8.948s] -- Installing: /home/gdtr/ros2/colcon_mk/install/plumbing_interface_demo/include/plumbing_interface_demo/plumbing_interface_demo/srv/detail/service_msg__builder.hpp
[8.948s] -- Installing: /home/gdtr/ros2/colcon_mk/install/plumbing_interface_demo/include/plumbing_interface_demo/plumbing_interface_demo/srv/detail/service_msg__struct.hpp
[8.948s] -- Installing: /home/gdtr/ros2/colcon_mk/install/plumbing_interface_demo/include/plumbing_interface_demo/plumbing_interface_demo/srv/detail/service_exercise__builder.hpp
[8.948s] -- Installing: /home/gdtr/ros2/colcon_mk/install/plumbing_interface_demo/include/plumbing_interface_demo/plumbing_interface_demo/srv/detail/service_msg__traits.hpp
[8.948s] -- Up-to-date: /home/gdtr/ros2/colcon_mk/install/plumbing_interface_demo/include/plumbing_interface_demo/plumbing_interface_demo
[8.948s] -- Up-to-date: /home/gdtr/ros2/colcon_mk/install/plumbing_interface_demo/include/plumbing_interface_demo/plumbing_interface_demo/msg
[8.949s] -- Up-to-date: /home/gdtr/ros2/colcon_mk/install/plumbing_interface_demo/include/plumbing_interface_demo/plumbing_interface_demo/msg/rosidl_typesupport_fastrtps_cpp__visibility_control.h
[8.949s] -- Up-to-date: /home/gdtr/ros2/colcon_mk/install/plumbing_interface_demo/include/plumbing_interface_demo/plumbing_interface_demo/msg/detail
[8.949s] -- Installing: /home/gdtr/ros2/colcon_mk/install/plumbing_interface_demo/include/plumbing_interface_demo/plumbing_interface_demo/msg/detail/custom_msg__rosidl_typesupport_fastrtps_cpp.hpp
[8.949s] -- Up-to-date: /home/gdtr/ros2/colcon_mk/install/plumbing_interface_demo/include/plumbing_interface_demo/plumbing_interface_demo/msg/detail/dds_fastrtps
[8.949s] -- Up-to-date: /home/gdtr/ros2/colcon_mk/install/plumbing_interface_demo/include/plumbing_interface_demo/plumbing_interface_demo/action
[8.950s] -- Up-to-date: /home/gdtr/ros2/colcon_mk/install/plumbing_interface_demo/include/plumbing_interface_demo/plumbing_interface_demo/action/detail
[8.950s] -- Installing: /home/gdtr/ros2/colcon_mk/install/plumbing_interface_demo/include/plumbing_interface_demo/plumbing_interface_demo/action/detail/action_msg__rosidl_typesupport_fastrtps_cpp.hpp
[8.950s] -- Up-to-date: /home/gdtr/ros2/colcon_mk/install/plumbing_interface_demo/include/plumbing_interface_demo/plumbing_interface_demo/action/detail/dds_fastrtps
[8.950s] -- Up-to-date: /home/gdtr/ros2/colcon_mk/install/plumbing_interface_demo/include/plumbing_interface_demo/plumbing_interface_demo/srv
[8.950s] -- Up-to-date: /home/gdtr/ros2/colcon_mk/install/plumbing_interface_demo/include/plumbing_interface_demo/plumbing_interface_demo/srv/detail
[8.950s] -- Installing: /home/gdtr/ros2/colcon_mk/install/plumbing_interface_demo/include/plumbing_interface_demo/plumbing_interface_demo/srv/detail/service_msg__rosidl_typesupport_fastrtps_cpp.hpp
[8.951s] -- Up-to-date: /home/gdtr/ros2/colcon_mk/install/plumbing_interface_demo/include/plumbing_interface_demo/plumbing_interface_demo/srv/detail/dds_fastrtps
[8.951s] -- Installing: /home/gdtr/ros2/colcon_mk/install/plumbing_interface_demo/include/plumbing_interface_demo/plumbing_interface_demo/srv/detail/service_exercise__rosidl_typesupport_fastrtps_cpp.hpp
[8.951s] -- Installing: /home/gdtr/ros2/colcon_mk/install/plumbing_interface_demo/lib/libplumbing_interface_demo__rosidl_typesupport_fastrtps_cpp.so
[8.951s] -- Set runtime path of "/home/gdtr/ros2/colcon_mk/install/plumbing_interface_demo/lib/libplumbing_interface_demo__rosidl_typesupport_fastrtps_cpp.so" to ""
[8.951s] -- Up-to-date: /home/gdtr/ros2/colcon_mk/install/plumbing_interface_demo/include/plumbing_interface_demo/plumbing_interface_demo
[8.951s] -- Up-to-date: /home/gdtr/ros2/colcon_mk/install/plumbing_interface_demo/include/plumbing_interface_demo/plumbing_interface_demo/msg
[8.952s] -- Up-to-date: /home/gdtr/ros2/colcon_mk/install/plumbing_interface_demo/include/plumbing_interface_demo/plumbing_interface_demo/msg/rosidl_typesupport_introspection_c__visibility_control.h
[8.952s] -- Up-to-date: /home/gdtr/ros2/colcon_mk/install/plumbing_interface_demo/include/plumbing_interface_demo/plumbing_interface_demo/msg/detail
[8.952s] -- Installing: /home/gdtr/ros2/colcon_mk/install/plumbing_interface_demo/include/plumbing_interface_demo/plumbing_interface_demo/msg/detail/custom_msg__rosidl_typesupport_introspection_c.h
[8.952s] -- Installing: /home/gdtr/ros2/colcon_mk/install/plumbing_interface_demo/include/plumbing_interface_demo/plumbing_interface_demo/msg/detail/custom_msg__type_support.c
[8.952s] -- Up-to-date: /home/gdtr/ros2/colcon_mk/install/plumbing_interface_demo/include/plumbing_interface_demo/plumbing_interface_demo/action
[8.952s] -- Up-to-date: /home/gdtr/ros2/colcon_mk/install/plumbing_interface_demo/include/plumbing_interface_demo/plumbing_interface_demo/action/detail
[8.953s] -- Installing: /home/gdtr/ros2/colcon_mk/install/plumbing_interface_demo/include/plumbing_interface_demo/plumbing_interface_demo/action/detail/action_msg__type_support.c
[8.953s] -- Installing: /home/gdtr/ros2/colcon_mk/install/plumbing_interface_demo/include/plumbing_interface_demo/plumbing_interface_demo/action/detail/action_msg__rosidl_typesupport_introspection_c.h
[8.953s] -- Up-to-date: /home/gdtr/ros2/colcon_mk/install/plumbing_interface_demo/include/plumbing_interface_demo/plumbing_interface_demo/srv
[8.953s] -- Up-to-date: /home/gdtr/ros2/colcon_mk/install/plumbing_interface_demo/include/plumbing_interface_demo/plumbing_interface_demo/srv/detail
[8.953s] -- Installing: /home/gdtr/ros2/colcon_mk/install/plumbing_interface_demo/include/plumbing_interface_demo/plumbing_interface_demo/srv/detail/service_msg__type_support.c
[8.953s] -- Installing: /home/gdtr/ros2/colcon_mk/install/plumbing_interface_demo/include/plumbing_interface_demo/plumbing_interface_demo/srv/detail/service_msg__rosidl_typesupport_introspection_c.h
[8.953s] -- Installing: /home/gdtr/ros2/colcon_mk/install/plumbing_interface_demo/include/plumbing_interface_demo/plumbing_interface_demo/srv/detail/service_exercise__type_support.c
[8.954s] -- Installing: /home/gdtr/ros2/colcon_mk/install/plumbing_interface_demo/include/plumbing_interface_demo/plumbing_interface_demo/srv/detail/service_exercise__rosidl_typesupport_introspection_c.h
[8.954s] -- Installing: /home/gdtr/ros2/colcon_mk/install/plumbing_interface_demo/lib/libplumbing_interface_demo__rosidl_typesupport_introspection_c.so
[8.955s] -- Set runtime path of "/home/gdtr/ros2/colcon_mk/install/plumbing_interface_demo/lib/libplumbing_interface_demo__rosidl_typesupport_introspection_c.so" to ""
[8.955s] -- Installing: /home/gdtr/ros2/colcon_mk/install/plumbing_interface_demo/lib/libplumbing_interface_demo__rosidl_typesupport_c.so
[8.958s] -- Set runtime path of "/home/gdtr/ros2/colcon_mk/install/plumbing_interface_demo/lib/libplumbing_interface_demo__rosidl_typesupport_c.so" to ""
[8.958s] -- Up-to-date: /home/gdtr/ros2/colcon_mk/install/plumbing_interface_demo/include/plumbing_interface_demo/plumbing_interface_demo
[8.959s] -- Up-to-date: /home/gdtr/ros2/colcon_mk/install/plumbing_interface_demo/include/plumbing_interface_demo/plumbing_interface_demo/msg
[8.959s] -- Up-to-date: /home/gdtr/ros2/colcon_mk/install/plumbing_interface_demo/include/plumbing_interface_demo/plumbing_interface_demo/msg/detail
[8.959s] -- Installing: /home/gdtr/ros2/colcon_mk/install/plumbing_interface_demo/include/plumbing_interface_demo/plumbing_interface_demo/msg/detail/custom_msg__rosidl_typesupport_introspection_cpp.hpp
[8.959s] -- Installing: /home/gdtr/ros2/colcon_mk/install/plumbing_interface_demo/include/plumbing_interface_demo/plumbing_interface_demo/msg/detail/custom_msg__type_support.cpp
[8.959s] -- Up-to-date: /home/gdtr/ros2/colcon_mk/install/plumbing_interface_demo/include/plumbing_interface_demo/plumbing_interface_demo/action
[8.959s] -- Up-to-date: /home/gdtr/ros2/colcon_mk/install/plumbing_interface_demo/include/plumbing_interface_demo/plumbing_interface_demo/action/detail
[8.960s] -- Installing: /home/gdtr/ros2/colcon_mk/install/plumbing_interface_demo/include/plumbing_interface_demo/plumbing_interface_demo/action/detail/action_msg__rosidl_typesupport_introspection_cpp.hpp
[8.960s] -- Installing: /home/gdtr/ros2/colcon_mk/install/plumbing_interface_demo/include/plumbing_interface_demo/plumbing_interface_demo/action/detail/action_msg__type_support.cpp
[8.960s] -- Up-to-date: /home/gdtr/ros2/colcon_mk/install/plumbing_interface_demo/include/plumbing_interface_demo/plumbing_interface_demo/srv
[8.966s] -- Up-to-date: /home/gdtr/ros2/colcon_mk/install/plumbing_interface_demo/include/plumbing_interface_demo/plumbing_interface_demo/srv/detail
[8.966s] -- Installing: /home/gdtr/ros2/colcon_mk/install/plumbing_interface_demo/include/plumbing_interface_demo/plumbing_interface_demo/srv/detail/service_msg__rosidl_typesupport_introspection_cpp.hpp
[8.966s] -- Installing: /home/gdtr/ros2/colcon_mk/install/plumbing_interface_demo/include/plumbing_interface_demo/plumbing_interface_demo/srv/detail/service_exercise__type_support.cpp
[8.967s] -- Installing: /home/gdtr/ros2/colcon_mk/install/plumbing_interface_demo/include/plumbing_interface_demo/plumbing_interface_demo/srv/detail/service_msg__type_support.cpp
[8.967s] -- Installing: /home/gdtr/ros2/colcon_mk/install/plumbing_interface_demo/include/plumbing_interface_demo/plumbing_interface_demo/srv/detail/service_exercise__rosidl_typesupport_introspection_cpp.hpp
[8.967s] -- Installing: /home/gdtr/ros2/colcon_mk/install/plumbing_interface_demo/lib/libplumbing_interface_demo__rosidl_typesupport_introspection_cpp.so
[8.967s] -- Set runtime path of "/home/gdtr/ros2/colcon_mk/install/plumbing_interface_demo/lib/libplumbing_interface_demo__rosidl_typesupport_introspection_cpp.so" to ""
[8.967s] -- Installing: /home/gdtr/ros2/colcon_mk/install/plumbing_interface_demo/lib/libplumbing_interface_demo__rosidl_typesupport_cpp.so
[8.967s] -- Set runtime path of "/home/gdtr/ros2/colcon_mk/install/plumbing_interface_demo/lib/libplumbing_interface_demo__rosidl_typesupport_cpp.so" to ""
[8.971s] -- Up-to-date: /home/gdtr/ros2/colcon_mk/install/plumbing_interface_demo/share/plumbing_interface_demo/environment/pythonpath.sh
[8.971s] -- Installing: /home/gdtr/ros2/colcon_mk/install/plumbing_interface_demo/share/plumbing_interface_demo/environment/pythonpath.dsv
[8.971s] -- Up-to-date: /home/gdtr/ros2/colcon_mk/install/plumbing_interface_demo/local/lib/python3.10/dist-packages/plumbing_interface_demo-0.0.0-py3.10.egg-info
[8.971s] -- Installing: /home/gdtr/ros2/colcon_mk/install/plumbing_interface_demo/local/lib/python3.10/dist-packages/plumbing_interface_demo-0.0.0-py3.10.egg-info/SOURCES.txt
[8.971s] -- Installing: /home/gdtr/ros2/colcon_mk/install/plumbing_interface_demo/local/lib/python3.10/dist-packages/plumbing_interface_demo-0.0.0-py3.10.egg-info/top_level.txt
[8.971s] -- Installing: /home/gdtr/ros2/colcon_mk/install/plumbing_interface_demo/local/lib/python3.10/dist-packages/plumbing_interface_demo-0.0.0-py3.10.egg-info/PKG-INFO
[8.971s] -- Installing: /home/gdtr/ros2/colcon_mk/install/plumbing_interface_demo/local/lib/python3.10/dist-packages/plumbing_interface_demo-0.0.0-py3.10.egg-info/dependency_links.txt
[8.971s] -- Up-to-date: /home/gdtr/ros2/colcon_mk/install/plumbing_interface_demo/local/lib/python3.10/dist-packages/plumbing_interface_demo
[8.972s] -- Up-to-date: /home/gdtr/ros2/colcon_mk/install/plumbing_interface_demo/local/lib/python3.10/dist-packages/plumbing_interface_demo/msg
[8.972s] -- Installing: /home/gdtr/ros2/colcon_mk/install/plumbing_interface_demo/local/lib/python3.10/dist-packages/plumbing_interface_demo/msg/_custom_msg_s.c
[8.972s] -- Installing: /home/gdtr/ros2/colcon_mk/install/plumbing_interface_demo/local/lib/python3.10/dist-packages/plumbing_interface_demo/msg/_custom_msg.py
[8.972s] -- Installing: /home/gdtr/ros2/colcon_mk/install/plumbing_interface_demo/local/lib/python3.10/dist-packages/plumbing_interface_demo/msg/__init__.py
[8.972s] -- Up-to-date: /home/gdtr/ros2/colcon_mk/install/plumbing_interface_demo/local/lib/python3.10/dist-packages/plumbing_interface_demo/action
[8.972s] -- Installing: /home/gdtr/ros2/colcon_mk/install/plumbing_interface_demo/local/lib/python3.10/dist-packages/plumbing_interface_demo/action/_action_msg.py
[8.972s] -- Installing: /home/gdtr/ros2/colcon_mk/install/plumbing_interface_demo/local/lib/python3.10/dist-packages/plumbing_interface_demo/action/_action_msg_s.c
[8.972s] -- Installing: /home/gdtr/ros2/colcon_mk/install/plumbing_interface_demo/local/lib/python3.10/dist-packages/plumbing_interface_demo/action/__init__.py
[8.972s] -- Installing: /home/gdtr/ros2/colcon_mk/install/plumbing_interface_demo/local/lib/python3.10/dist-packages/plumbing_interface_demo/libplumbing_interface_demo__rosidl_generator_py.so
[8.972s] -- Installing: /home/gdtr/ros2/colcon_mk/install/plumbing_interface_demo/local/lib/python3.10/dist-packages/plumbing_interface_demo/_plumbing_interface_demo_s.ep.rosidl_typesupport_introspection_c.c
[8.973s] -- Installing: /home/gdtr/ros2/colcon_mk/install/plumbing_interface_demo/local/lib/python3.10/dist-packages/plumbing_interface_demo/plumbing_interface_demo_s__rosidl_typesupport_fastrtps_c.cpython-310-x86_64-linux-gnu.so
[8.973s] -- Installing: /home/gdtr/ros2/colcon_mk/install/plumbing_interface_demo/local/lib/python3.10/dist-packages/plumbing_interface_demo/plumbing_interface_demo_s__rosidl_typesupport_introspection_c.cpython-310-x86_64-linux-gnu.so
[8.973s] -- Up-to-date: /home/gdtr/ros2/colcon_mk/install/plumbing_interface_demo/local/lib/python3.10/dist-packages/plumbing_interface_demo/srv
[8.973s] -- Installing: /home/gdtr/ros2/colcon_mk/install/plumbing_interface_demo/local/lib/python3.10/dist-packages/plumbing_interface_demo/srv/_service_msg_s.c
[8.973s] -- Installing: /home/gdtr/ros2/colcon_mk/install/plumbing_interface_demo/local/lib/python3.10/dist-packages/plumbing_interface_demo/srv/_service_exercise.py
[8.973s] -- Installing: /home/gdtr/ros2/colcon_mk/install/plumbing_interface_demo/local/lib/python3.10/dist-packages/plumbing_interface_demo/srv/_service_exercise_s.c
[8.973s] -- Installing: /home/gdtr/ros2/colcon_mk/install/plumbing_interface_demo/local/lib/python3.10/dist-packages/plumbing_interface_demo/srv/_service_msg.py
[8.973s] -- Installing: /home/gdtr/ros2/colcon_mk/install/plumbing_interface_demo/local/lib/python3.10/dist-packages/plumbing_interface_demo/srv/__init__.py
[8.973s] -- Installing: /home/gdtr/ros2/colcon_mk/install/plumbing_interface_demo/local/lib/python3.10/dist-packages/plumbing_interface_demo/plumbing_interface_demo_s__rosidl_typesupport_c.cpython-310-x86_64-linux-gnu.so
[8.974s] -- Installing: /home/gdtr/ros2/colcon_mk/install/plumbing_interface_demo/local/lib/python3.10/dist-packages/plumbing_interface_demo/__init__.py
[8.974s] -- Installing: /home/gdtr/ros2/colcon_mk/install/plumbing_interface_demo/local/lib/python3.10/dist-packages/plumbing_interface_demo/_plumbing_interface_demo_s.ep.rosidl_typesupport_fastrtps_c.c
[8.974s] -- Installing: /home/gdtr/ros2/colcon_mk/install/plumbing_interface_demo/local/lib/python3.10/dist-packages/plumbing_interface_demo/_plumbing_interface_demo_s.ep.rosidl_typesupport_c.c
[9.023s] Listing '/home/gdtr/ros2/colcon_mk/install/plumbing_interface_demo/local/lib/python3.10/dist-packages/plumbing_interface_demo'...
[9.024s] Compiling '/home/gdtr/ros2/colcon_mk/install/plumbing_interface_demo/local/lib/python3.10/dist-packages/plumbing_interface_demo/__init__.py'...
[9.024s] Listing '/home/gdtr/ros2/colcon_mk/install/plumbing_interface_demo/local/lib/python3.10/dist-packages/plumbing_interface_demo/action'...
[9.024s] Compiling '/home/gdtr/ros2/colcon_mk/install/plumbing_interface_demo/local/lib/python3.10/dist-packages/plumbing_interface_demo/action/__init__.py'...
[9.024s] Compiling '/home/gdtr/ros2/colcon_mk/install/plumbing_interface_demo/local/lib/python3.10/dist-packages/plumbing_interface_demo/action/_action_msg.py'...
[9.024s] Listing '/home/gdtr/ros2/colcon_mk/install/plumbing_interface_demo/local/lib/python3.10/dist-packages/plumbing_interface_demo/msg'...
[9.025s] Compiling '/home/gdtr/ros2/colcon_mk/install/plumbing_interface_demo/local/lib/python3.10/dist-packages/plumbing_interface_demo/msg/__init__.py'...
[9.025s] Compiling '/home/gdtr/ros2/colcon_mk/install/plumbing_interface_demo/local/lib/python3.10/dist-packages/plumbing_interface_demo/msg/_custom_msg.py'...
[9.025s] Listing '/home/gdtr/ros2/colcon_mk/install/plumbing_interface_demo/local/lib/python3.10/dist-packages/plumbing_interface_demo/srv'...
[9.025s] Compiling '/home/gdtr/ros2/colcon_mk/install/plumbing_interface_demo/local/lib/python3.10/dist-packages/plumbing_interface_demo/srv/__init__.py'...
[9.025s] Compiling '/home/gdtr/ros2/colcon_mk/install/plumbing_interface_demo/local/lib/python3.10/dist-packages/plumbing_interface_demo/srv/_service_exercise.py'...
[9.025s] Compiling '/home/gdtr/ros2/colcon_mk/install/plumbing_interface_demo/local/lib/python3.10/dist-packages/plumbing_interface_demo/srv/_service_msg.py'...
[9.031s] -- Installing: /home/gdtr/ros2/colcon_mk/install/plumbing_interface_demo/local/lib/python3.10/dist-packages/plumbing_interface_demo/plumbing_interface_demo_s__rosidl_typesupport_fastrtps_c.cpython-310-x86_64-linux-gnu.so
[9.032s] -- Set runtime path of "/home/gdtr/ros2/colcon_mk/install/plumbing_interface_demo/local/lib/python3.10/dist-packages/plumbing_interface_demo/plumbing_interface_demo_s__rosidl_typesupport_fastrtps_c.cpython-310-x86_64-linux-gnu.so" to ""
[9.032s] -- Installing: /home/gdtr/ros2/colcon_mk/install/plumbing_interface_demo/local/lib/python3.10/dist-packages/plumbing_interface_demo/plumbing_interface_demo_s__rosidl_typesupport_introspection_c.cpython-310-x86_64-linux-gnu.so
[9.033s] -- Set runtime path of "/home/gdtr/ros2/colcon_mk/install/plumbing_interface_demo/local/lib/python3.10/dist-packages/plumbing_interface_demo/plumbing_interface_demo_s__rosidl_typesupport_introspection_c.cpython-310-x86_64-linux-gnu.so" to ""
[9.033s] -- Installing: /home/gdtr/ros2/colcon_mk/install/plumbing_interface_demo/local/lib/python3.10/dist-packages/plumbing_interface_demo/plumbing_interface_demo_s__rosidl_typesupport_c.cpython-310-x86_64-linux-gnu.so
[9.034s] -- Set runtime path of "/home/gdtr/ros2/colcon_mk/install/plumbing_interface_demo/local/lib/python3.10/dist-packages/plumbing_interface_demo/plumbing_interface_demo_s__rosidl_typesupport_c.cpython-310-x86_64-linux-gnu.so" to ""
[9.034s] -- Installing: /home/gdtr/ros2/colcon_mk/install/plumbing_interface_demo/lib/libplumbing_interface_demo__rosidl_generator_py.so
[9.035s] -- Set runtime path of "/home/gdtr/ros2/colcon_mk/install/plumbing_interface_demo/lib/libplumbing_interface_demo__rosidl_generator_py.so" to ""
[9.036s] -- Up-to-date: /home/gdtr/ros2/colcon_mk/install/plumbing_interface_demo/share/plumbing_interface_demo/msg/CustomMsg.idl
[9.036s] -- Up-to-date: /home/gdtr/ros2/colcon_mk/install/plumbing_interface_demo/share/plumbing_interface_demo/srv/ServiceMsg.idl
[9.036s] -- Installing: /home/gdtr/ros2/colcon_mk/install/plumbing_interface_demo/share/plumbing_interface_demo/srv/ServiceExercise.idl
[9.036s] -- Up-to-date: /home/gdtr/ros2/colcon_mk/install/plumbing_interface_demo/share/plumbing_interface_demo/action/ActionMsg.idl
[9.036s] -- Up-to-date: /home/gdtr/ros2/colcon_mk/install/plumbing_interface_demo/share/plumbing_interface_demo/msg/CustomMsg.msg
[9.036s] -- Up-to-date: /home/gdtr/ros2/colcon_mk/install/plumbing_interface_demo/share/plumbing_interface_demo/srv/ServiceMsg.srv
[9.036s] -- Up-to-date: /home/gdtr/ros2/colcon_mk/install/plumbing_interface_demo/share/plumbing_interface_demo/srv/ServiceMsg_Request.msg
[9.037s] -- Up-to-date: /home/gdtr/ros2/colcon_mk/install/plumbing_interface_demo/share/plumbing_interface_demo/srv/ServiceMsg_Response.msg
[9.037s] -- Installing: /home/gdtr/ros2/colcon_mk/install/plumbing_interface_demo/share/plumbing_interface_demo/srv/ServiceExercise.srv
[9.037s] -- Installing: /home/gdtr/ros2/colcon_mk/install/plumbing_interface_demo/share/plumbing_interface_demo/srv/ServiceExercise_Request.msg
[9.037s] -- Installing: /home/gdtr/ros2/colcon_mk/install/plumbing_interface_demo/share/plumbing_interface_demo/srv/ServiceExercise_Response.msg
[9.037s] -- Up-to-date: /home/gdtr/ros2/colcon_mk/install/plumbing_interface_demo/share/plumbing_interface_demo/action/ActionMsg.action
[9.038s] -- Up-to-date: /home/gdtr/ros2/colcon_mk/install/plumbing_interface_demo/lib/plumbing_interface_demo/plumbing_interface_node
[9.038s] -- Up-to-date: /home/gdtr/ros2/colcon_mk/install/plumbing_interface_demo/share/ament_index/resource_index/package_run_dependencies/plumbing_interface_demo
[9.039s] -- Installing: /home/gdtr/ros2/colcon_mk/install/plumbing_interface_demo/share/ament_index/resource_index/parent_prefix_path/plumbing_interface_demo
[9.039s] -- Up-to-date: /home/gdtr/ros2/colcon_mk/install/plumbing_interface_demo/share/plumbing_interface_demo/environment/ament_prefix_path.sh
[9.039s] -- Installing: /home/gdtr/ros2/colcon_mk/install/plumbing_interface_demo/share/plumbing_interface_demo/environment/ament_prefix_path.dsv
[9.039s] -- Up-to-date: /home/gdtr/ros2/colcon_mk/install/plumbing_interface_demo/share/plumbing_interface_demo/environment/path.sh
[9.039s] -- Installing: /home/gdtr/ros2/colcon_mk/install/plumbing_interface_demo/share/plumbing_interface_demo/environment/path.dsv
[9.040s] -- Up-to-date: /home/gdtr/ros2/colcon_mk/install/plumbing_interface_demo/share/plumbing_interface_demo/local_setup.bash
[9.040s] -- Up-to-date: /home/gdtr/ros2/colcon_mk/install/plumbing_interface_demo/share/plumbing_interface_demo/local_setup.sh
[9.040s] -- Up-to-date: /home/gdtr/ros2/colcon_mk/install/plumbing_interface_demo/share/plumbing_interface_demo/local_setup.zsh
[9.040s] -- Installing: /home/gdtr/ros2/colcon_mk/install/plumbing_interface_demo/share/plumbing_interface_demo/local_setup.dsv
[9.040s] -- Installing: /home/gdtr/ros2/colcon_mk/install/plumbing_interface_demo/share/plumbing_interface_demo/package.dsv
[9.040s] -- Up-to-date: /home/gdtr/ros2/colcon_mk/install/plumbing_interface_demo/share/ament_index/resource_index/packages/plumbing_interface_demo
[9.041s] -- Up-to-date: /home/gdtr/ros2/colcon_mk/install/plumbing_interface_demo/share/plumbing_interface_demo/cmake/export_plumbing_interface_demo__rosidl_generator_cExport.cmake
[9.041s] -- Up-to-date: /home/gdtr/ros2/colcon_mk/install/plumbing_interface_demo/share/plumbing_interface_demo/cmake/export_plumbing_interface_demo__rosidl_generator_cExport-noconfig.cmake
[9.041s] -- Up-to-date: /home/gdtr/ros2/colcon_mk/install/plumbing_interface_demo/share/plumbing_interface_demo/cmake/export_plumbing_interface_demo__rosidl_typesupport_fastrtps_cExport.cmake
[9.041s] -- Up-to-date: /home/gdtr/ros2/colcon_mk/install/plumbing_interface_demo/share/plumbing_interface_demo/cmake/export_plumbing_interface_demo__rosidl_typesupport_fastrtps_cExport-noconfig.cmake
[9.041s] -- Up-to-date: /home/gdtr/ros2/colcon_mk/install/plumbing_interface_demo/share/plumbing_interface_demo/cmake/export_plumbing_interface_demo__rosidl_generator_cppExport.cmake
[9.041s] -- Up-to-date: /home/gdtr/ros2/colcon_mk/install/plumbing_interface_demo/share/plumbing_interface_demo/cmake/export_plumbing_interface_demo__rosidl_typesupport_fastrtps_cppExport.cmake
[9.041s] -- Up-to-date: /home/gdtr/ros2/colcon_mk/install/plumbing_interface_demo/share/plumbing_interface_demo/cmake/export_plumbing_interface_demo__rosidl_typesupport_fastrtps_cppExport-noconfig.cmake
[9.042s] -- Up-to-date: /home/gdtr/ros2/colcon_mk/install/plumbing_interface_demo/share/plumbing_interface_demo/cmake/plumbing_interface_demo__rosidl_typesupport_introspection_cExport.cmake
[9.042s] -- Up-to-date: /home/gdtr/ros2/colcon_mk/install/plumbing_interface_demo/share/plumbing_interface_demo/cmake/plumbing_interface_demo__rosidl_typesupport_introspection_cExport-noconfig.cmake
[9.042s] -- Up-to-date: /home/gdtr/ros2/colcon_mk/install/plumbing_interface_demo/share/plumbing_interface_demo/cmake/plumbing_interface_demo__rosidl_typesupport_cExport.cmake
[9.043s] -- Up-to-date: /home/gdtr/ros2/colcon_mk/install/plumbing_interface_demo/share/plumbing_interface_demo/cmake/plumbing_interface_demo__rosidl_typesupport_cExport-noconfig.cmake
[9.043s] -- Up-to-date: /home/gdtr/ros2/colcon_mk/install/plumbing_interface_demo/share/plumbing_interface_demo/cmake/plumbing_interface_demo__rosidl_typesupport_introspection_cppExport.cmake
[9.043s] -- Up-to-date: /home/gdtr/ros2/colcon_mk/install/plumbing_interface_demo/share/plumbing_interface_demo/cmake/plumbing_interface_demo__rosidl_typesupport_introspection_cppExport-noconfig.cmake
[9.044s] -- Up-to-date: /home/gdtr/ros2/colcon_mk/install/plumbing_interface_demo/share/plumbing_interface_demo/cmake/plumbing_interface_demo__rosidl_typesupport_cppExport.cmake
[9.044s] -- Up-to-date: /home/gdtr/ros2/colcon_mk/install/plumbing_interface_demo/share/plumbing_interface_demo/cmake/plumbing_interface_demo__rosidl_typesupport_cppExport-noconfig.cmake
[9.044s] -- Up-to-date: /home/gdtr/ros2/colcon_mk/install/plumbing_interface_demo/share/plumbing_interface_demo/cmake/export_plumbing_interface_demo__rosidl_generator_pyExport.cmake
[9.044s] -- Up-to-date: /home/gdtr/ros2/colcon_mk/install/plumbing_interface_demo/share/plumbing_interface_demo/cmake/export_plumbing_interface_demo__rosidl_generator_pyExport-noconfig.cmake
[9.044s] -- Installing: /home/gdtr/ros2/colcon_mk/install/plumbing_interface_demo/share/plumbing_interface_demo/cmake/rosidl_cmake-extras.cmake
[9.044s] -- Up-to-date: /home/gdtr/ros2/colcon_mk/install/plumbing_interface_demo/share/plumbing_interface_demo/cmake/ament_cmake_export_dependencies-extras.cmake
[9.045s] -- Up-to-date: /home/gdtr/ros2/colcon_mk/install/plumbing_interface_demo/share/plumbing_interface_demo/cmake/ament_cmake_export_include_directories-extras.cmake
[9.045s] -- Up-to-date: /home/gdtr/ros2/colcon_mk/install/plumbing_interface_demo/share/plumbing_interface_demo/cmake/ament_cmake_export_libraries-extras.cmake
[9.045s] -- Up-to-date: /home/gdtr/ros2/colcon_mk/install/plumbing_interface_demo/share/plumbing_interface_demo/cmake/ament_cmake_export_targets-extras.cmake
[9.045s] -- Up-to-date: /home/gdtr/ros2/colcon_mk/install/plumbing_interface_demo/share/plumbing_interface_demo/cmake/rosidl_cmake_export_typesupport_targets-extras.cmake
[9.045s] -- Up-to-date: /home/gdtr/ros2/colcon_mk/install/plumbing_interface_demo/share/plumbing_interface_demo/cmake/rosidl_cmake_export_typesupport_libraries-extras.cmake
[9.045s] -- Up-to-date: /home/gdtr/ros2/colcon_mk/install/plumbing_interface_demo/share/plumbing_interface_demo/cmake/plumbing_interface_demoConfig.cmake
[9.046s] -- Up-to-date: /home/gdtr/ros2/colcon_mk/install/plumbing_interface_demo/share/plumbing_interface_demo/cmake/plumbing_interface_demoConfig-version.cmake
[9.046s] -- Up-to-date: /home/gdtr/ros2/colcon_mk/install/plumbing_interface_demo/share/plumbing_interface_demo/package.xml
[9.049s] Invoked command in '/home/gdtr/ros2/colcon_mk/build/plumbing_interface_demo' returned '0': CMAKE_PREFIX_PATH=/opt/ros/rolling /usr/bin/cmake --install /home/gdtr/ros2/colcon_mk/build/plumbing_interface_demo
