[0.018s] Invoking command in '/home/gdtr/ros2/colcon_mk/build/topic_demo': CMAKE_PREFIX_PATH=/home/gdtr/ros2/colcon_mk/install/plumbing_interface_demo:/home/gdtr/ros2/colcon_mk/install/topic_demo:/home/gdtr/ros2/colcon_mk/install/hello_world_node:/home/gdtr/ros2/colcon_mk/install/topic_demo_py:/opt/ros/rolling /usr/bin/cmake --build /home/gdtr/ros2/colcon_mk/build/topic_demo -- -j8 -l8
[0.056s] -- Found ament_cmake: 1.5.2 (/opt/ros/rolling/share/ament_cmake/cmake)
[0.236s] -- Found rclcpp: 19.0.0 (/opt/ros/rolling/share/rclcpp/cmake)
[0.279s] -- Found rosidl_generator_c: 3.3.1 (/opt/ros/rolling/share/rosidl_generator_c/cmake)
[0.288s] -- Found rosidl_generator_cpp: 3.3.1 (/opt/ros/rolling/share/rosidl_generator_cpp/cmake)
[0.301s] -- Using all available rosidl_typesupport_c: rosidl_typesupport_fastrtps_c;rosidl_typesupport_introspection_c
[0.323s] -- Using all available rosidl_typesupport_cpp: rosidl_typesupport_fastrtps_cpp;rosidl_typesupport_introspection_cpp
[0.414s] -- Found rmw_implementation_cmake: 6.4.0 (/opt/ros/rolling/share/rmw_implementation_cmake/cmake)
[0.417s] -- Found rmw_fastrtps_cpp: 6.5.0 (/opt/ros/rolling/share/rmw_fastrtps_cpp/cmake)
[0.693s] -- Using RMW implementation 'rmw_fastrtps_cpp' as default
[0.878s] -- Found std_msgs: 4.6.1 (/opt/ros/rolling/share/std_msgs/cmake)
[0.916s] -- Found plumbing_interface_demo: 0.0.0 (/home/gdtr/ros2/colcon_mk/install/plumbing_interface_demo/share/plumbing_interface_demo/cmake)
[0.941s] -- Found ament_lint_auto: 0.13.2 (/opt/ros/rolling/share/ament_lint_auto/cmake)
[1.022s] -- Added test 'cppcheck' to perform static code analysis on C / C++ code
[1.022s] -- Configured cppcheck include dirs: $<BUILD_INTERFACE:/home/gdtr/ros2/colcon_mk/src/topic_demo/include>
[1.022s] -- Configured cppcheck exclude dirs and/or files: 
[1.023s] -- Added test 'lint_cmake' to check CMake code style
[1.025s] -- Added test 'uncrustify' to check C / C++ code style
[1.025s] -- Configured uncrustify additional arguments: 
[1.025s] -- Added test 'xmllint' to check XML markup files
[1.027s] -- Configuring done
[1.052s] -- Generating done
[1.054s] -- Build files have been written to: /home/gdtr/ros2/colcon_mk/build/topic_demo
[1.089s] [35m[1mConsolidate compiler generated dependencies of target topic_listener[0m
[1.090s] [35m[1mConsolidate compiler generated dependencies of target topic_talker_custom[0m
[1.091s] [35m[1mConsolidate compiler generated dependencies of target topic_talker[0m
[1.106s] [ 12%] [32mBuilding CXX object CMakeFiles/topic_listener_custom.dir/src/topic_talker_custom.cpp.o[0m
[1.119s] [ 37%] Built target topic_talker_custom
[1.122s] [ 62%] Built target topic_listener
[1.125s] [ 87%] Built target topic_talker
[5.612s] [100%] [32m[1mLinking CXX executable topic_listener_custom[0m
[5.977s] [100%] Built target topic_listener_custom
[5.994s] Invoked command in '/home/gdtr/ros2/colcon_mk/build/topic_demo' returned '0': CMAKE_PREFIX_PATH=/home/gdtr/ros2/colcon_mk/install/plumbing_interface_demo:/home/gdtr/ros2/colcon_mk/install/topic_demo:/home/gdtr/ros2/colcon_mk/install/hello_world_node:/home/gdtr/ros2/colcon_mk/install/topic_demo_py:/opt/ros/rolling /usr/bin/cmake --build /home/gdtr/ros2/colcon_mk/build/topic_demo -- -j8 -l8
[6.053s] Invoking command in '/home/gdtr/ros2/colcon_mk/build/topic_demo': CMAKE_PREFIX_PATH=/home/gdtr/ros2/colcon_mk/install/plumbing_interface_demo:/home/gdtr/ros2/colcon_mk/install/topic_demo:/home/gdtr/ros2/colcon_mk/install/hello_world_node:/home/gdtr/ros2/colcon_mk/install/topic_demo_py:/opt/ros/rolling /usr/bin/cmake --install /home/gdtr/ros2/colcon_mk/build/topic_demo
[6.063s] -- Install configuration: ""
[6.064s] -- Up-to-date: /home/gdtr/ros2/colcon_mk/install/topic_demo/lib/topic_demo/topic_talker
[6.064s] -- Up-to-date: /home/gdtr/ros2/colcon_mk/install/topic_demo/lib/topic_demo/topic_listener
[6.065s] -- Up-to-date: /home/gdtr/ros2/colcon_mk/install/topic_demo/lib/topic_demo/topic_talker_custom
[6.066s] -- Installing: /home/gdtr/ros2/colcon_mk/install/topic_demo/lib/topic_demo/topic_listener_custom
[6.068s] -- Set runtime path of "/home/gdtr/ros2/colcon_mk/install/topic_demo/lib/topic_demo/topic_listener_custom" to ""
[6.068s] -- Up-to-date: /home/gdtr/ros2/colcon_mk/install/topic_demo/share/ament_index/resource_index/package_run_dependencies/topic_demo
[6.069s] -- Up-to-date: /home/gdtr/ros2/colcon_mk/install/topic_demo/share/ament_index/resource_index/parent_prefix_path/topic_demo
[6.069s] -- Up-to-date: /home/gdtr/ros2/colcon_mk/install/topic_demo/share/topic_demo/environment/ament_prefix_path.sh
[6.069s] -- Installing: /home/gdtr/ros2/colcon_mk/install/topic_demo/share/topic_demo/environment/ament_prefix_path.dsv
[6.069s] -- Up-to-date: /home/gdtr/ros2/colcon_mk/install/topic_demo/share/topic_demo/environment/path.sh
[6.069s] -- Installing: /home/gdtr/ros2/colcon_mk/install/topic_demo/share/topic_demo/environment/path.dsv
[6.069s] -- Up-to-date: /home/gdtr/ros2/colcon_mk/install/topic_demo/share/topic_demo/local_setup.bash
[6.069s] -- Up-to-date: /home/gdtr/ros2/colcon_mk/install/topic_demo/share/topic_demo/local_setup.sh
[6.070s] -- Up-to-date: /home/gdtr/ros2/colcon_mk/install/topic_demo/share/topic_demo/local_setup.zsh
[6.070s] -- Installing: /home/gdtr/ros2/colcon_mk/install/topic_demo/share/topic_demo/local_setup.dsv
[6.070s] -- Installing: /home/gdtr/ros2/colcon_mk/install/topic_demo/share/topic_demo/package.dsv
[6.070s] -- Up-to-date: /home/gdtr/ros2/colcon_mk/install/topic_demo/share/ament_index/resource_index/packages/topic_demo
[6.070s] -- Up-to-date: /home/gdtr/ros2/colcon_mk/install/topic_demo/share/topic_demo/cmake/topic_demoConfig.cmake
[6.070s] -- Up-to-date: /home/gdtr/ros2/colcon_mk/install/topic_demo/share/topic_demo/cmake/topic_demoConfig-version.cmake
[6.070s] -- Up-to-date: /home/gdtr/ros2/colcon_mk/install/topic_demo/share/topic_demo/package.xml
[6.074s] Invoked command in '/home/gdtr/ros2/colcon_mk/build/topic_demo' returned '0': CMAKE_PREFIX_PATH=/home/gdtr/ros2/colcon_mk/install/plumbing_interface_demo:/home/gdtr/ros2/colcon_mk/install/topic_demo:/home/gdtr/ros2/colcon_mk/install/hello_world_node:/home/gdtr/ros2/colcon_mk/install/topic_demo_py:/opt/ros/rolling /usr/bin/cmake --install /home/gdtr/ros2/colcon_mk/build/topic_demo
