In file included from [01m[K/opt/ros/rolling/include/rclcpp/rclcpp/logging.hpp:24[m[K,
                 from [01m[K/opt/ros/rolling/include/rclcpp/rclcpp/client.hpp:40[m[K,
                 from [01m[K/opt/ros/rolling/include/rclcpp/rclcpp/callback_group.hpp:24[m[K,
                 from [01m[K/opt/ros/rolling/include/rclcpp/rclcpp/any_executable.hpp:20[m[K,
                 from [01m[K/opt/ros/rolling/include/rclcpp/rclcpp/memory_strategy.hpp:25[m[K,
                 from [01m[K/opt/ros/rolling/include/rclcpp/rclcpp/memory_strategies.hpp:18[m[K,
                 from [01m[K/opt/ros/rolling/include/rclcpp/rclcpp/executor_options.hpp:20[m[K,
                 from [01m[K/opt/ros/rolling/include/rclcpp/rclcpp/executor.hpp:37[m[K,
                 from [01m[K/opt/ros/rolling/include/rclcpp/rclcpp/executors/multi_threaded_executor.hpp:25[m[K,
                 from [01m[K/opt/ros/rolling/include/rclcpp/rclcpp/executors.hpp:21[m[K,
                 from [01m[K/opt/ros/rolling/include/rclcpp/rclcpp/rclcpp.hpp:155[m[K,
                 from [01m[K/home/gdtr/ros2/colcon_mk/src/action_demo/src/action_client.cpp:17[m[K:
[01m[K/home/gdtr/ros2/colcon_mk/src/action_demo/src/action_client.cpp:[m[K In member function ‘[01m[Kvoid ActionClient::on_result_cb(const rclcpp_action::ClientGoalHandle<plumbing_interface_demo::action::ActionMsg>::WrappedResult&)[m[K’:
[01m[K/home/gdtr/ros2/colcon_mk/src/action_demo/src/action_client.cpp:78:44:[m[K [01;35m[Kwarning: [m[Kformat ‘[01m[K%d[m[K’ expects argument of type ‘[01m[Kint[m[K’, but argument 5 has type ‘[01m[Kconst SharedPtr[m[K’ {aka ‘[01m[Kconst std::shared_ptr<plumbing_interface_demo::action::ActionMsg_Result_<std::allocator<void> > >[m[K’} [[01;35m[K]8;;https://gcc.gnu.org/onlinedocs/gcc/Warning-Options.html#index-Wformat=-Wformat=]8;;[m[K]
   78 |             RCLCPP_INFO(this->get_logger(),[01;35m[K"All progression completed,The result: %d"[m[K,result.result);
      |                                            [01;35m[K^~~~~~~~~~~~~~~~~~~~~~~~~~~~~~~~~~~~~~~~~~[m[K
[01m[K/home/gdtr/ros2/colcon_mk/src/action_demo/src/action_client.cpp:78:84:[m[K [01;36m[Knote: [m[Kformat string is defined here
   78 |             RCLCPP_INFO(this->get_logger(),"All progression completed,The result: [01;36m[K%d[m[K",result.result);
      |                                                                                   [01;36m[K~^[m[K
      |                                                                                    [01;36m[K|[m[K
      |                                                                                    [01;36m[Kint[m[K
