[0.018s] Invoking command in '/home/gdtr/ros2/colcon_mk/build/action_demo': CMAKE_PREFIX_PATH=/home/gdtr/ros2/colcon_mk/install/plumbing_interface_demo:/home/gdtr/ros2/colcon_mk/install/action_demo:/home/gdtr/ros2/colcon_mk/install/topic_demo:/home/gdtr/ros2/colcon_mk/install/service_demo_py:/home/gdtr/ros2/colcon_mk/install/service_demo:/home/gdtr/ros2/colcon_mk/install/hello_world_node:/home/gdtr/ros2/colcon_mk/install/topic_demo_py:/opt/ros/rolling /usr/bin/cmake --build /home/gdtr/ros2/colcon_mk/build/action_demo -- -j8 -l8
[0.073s] [35m[1mConsolidate compiler generated dependencies of target action_client[0m
[0.090s] [ 50%] Built target action_server
[0.095s] [ 75%] [32mBuilding CXX object CMakeFiles/action_client.dir/src/action_client.cpp.o[0m
[3.145s] In file included from [01m[K/opt/ros/rolling/include/rclcpp/rclcpp/logging.hpp:24[m[K,
[3.145s]                  from [01m[K/opt/ros/rolling/include/rclcpp/rclcpp/client.hpp:40[m[K,
[3.145s]                  from [01m[K/opt/ros/rolling/include/rclcpp/rclcpp/callback_group.hpp:24[m[K,
[3.145s]                  from [01m[K/opt/ros/rolling/include/rclcpp/rclcpp/any_executable.hpp:20[m[K,
[3.145s]                  from [01m[K/opt/ros/rolling/include/rclcpp/rclcpp/memory_strategy.hpp:25[m[K,
[3.146s]                  from [01m[K/opt/ros/rolling/include/rclcpp/rclcpp/memory_strategies.hpp:18[m[K,
[3.146s]                  from [01m[K/opt/ros/rolling/include/rclcpp/rclcpp/executor_options.hpp:20[m[K,
[3.146s]                  from [01m[K/opt/ros/rolling/include/rclcpp/rclcpp/executor.hpp:37[m[K,
[3.146s]                  from [01m[K/opt/ros/rolling/include/rclcpp/rclcpp/executors/multi_threaded_executor.hpp:25[m[K,
[3.146s]                  from [01m[K/opt/ros/rolling/include/rclcpp/rclcpp/executors.hpp:21[m[K,
[3.146s]                  from [01m[K/opt/ros/rolling/include/rclcpp/rclcpp/rclcpp.hpp:155[m[K,
[3.146s]                  from [01m[K/home/gdtr/ros2/colcon_mk/src/action_demo/src/action_client.cpp:17[m[K:
[3.146s] [01m[K/home/gdtr/ros2/colcon_mk/src/action_demo/src/action_client.cpp:[m[K In member function ‘[01m[Kvoid ActionClient::on_result_cb(const rclcpp_action::ClientGoalHandle<plumbing_interface_demo::action::ActionMsg>::WrappedResult&)[m[K’:
[3.146s] [01m[K/home/gdtr/ros2/colcon_mk/src/action_demo/src/action_client.cpp:78:44:[m[K [01;35m[Kwarning: [m[Kformat ‘[01m[K%d[m[K’ expects argument of type ‘[01m[Kint[m[K’, but argument 5 has type ‘[01m[Kconst SharedPtr[m[K’ {aka ‘[01m[Kconst std::shared_ptr<plumbing_interface_demo::action::ActionMsg_Result_<std::allocator<void> > >[m[K’} [[01;35m[K]8;;https://gcc.gnu.org/onlinedocs/gcc/Warning-Options.html#index-Wformat=-Wformat=]8;;[m[K]
[3.146s]    78 |             RCLCPP_INFO(this->get_logger(),[01;35m[K"All progression completed,The result: %d"[m[K,result.result);
[3.147s]       |                                            [01;35m[K^~~~~~~~~~~~~~~~~~~~~~~~~~~~~~~~~~~~~~~~~~[m[K
[3.147s] [01m[K/home/gdtr/ros2/colcon_mk/src/action_demo/src/action_client.cpp:78:84:[m[K [01;36m[Knote: [m[Kformat string is defined here
[3.147s]    78 |             RCLCPP_INFO(this->get_logger(),"All progression completed,The result: [01;36m[K%d[m[K",result.result);
[3.147s]       |                                                                                   [01;36m[K~^[m[K
[3.147s]       |                                                                                    [01;36m[K|[m[K
[3.147s]       |                                                                                    [01;36m[Kint[m[K
[4.896s] [100%] [32m[1mLinking CXX executable action_client[0m
[5.512s] [100%] Built target action_client
[5.528s] Invoked command in '/home/gdtr/ros2/colcon_mk/build/action_demo' returned '0': CMAKE_PREFIX_PATH=/home/gdtr/ros2/colcon_mk/install/plumbing_interface_demo:/home/gdtr/ros2/colcon_mk/install/action_demo:/home/gdtr/ros2/colcon_mk/install/topic_demo:/home/gdtr/ros2/colcon_mk/install/service_demo_py:/home/gdtr/ros2/colcon_mk/install/service_demo:/home/gdtr/ros2/colcon_mk/install/hello_world_node:/home/gdtr/ros2/colcon_mk/install/topic_demo_py:/opt/ros/rolling /usr/bin/cmake --build /home/gdtr/ros2/colcon_mk/build/action_demo -- -j8 -l8
[5.610s] Invoking command in '/home/gdtr/ros2/colcon_mk/build/action_demo': CMAKE_PREFIX_PATH=/home/gdtr/ros2/colcon_mk/install/plumbing_interface_demo:/home/gdtr/ros2/colcon_mk/install/action_demo:/home/gdtr/ros2/colcon_mk/install/topic_demo:/home/gdtr/ros2/colcon_mk/install/service_demo_py:/home/gdtr/ros2/colcon_mk/install/service_demo:/home/gdtr/ros2/colcon_mk/install/hello_world_node:/home/gdtr/ros2/colcon_mk/install/topic_demo_py:/opt/ros/rolling /usr/bin/cmake --install /home/gdtr/ros2/colcon_mk/build/action_demo
[5.625s] -- Install configuration: ""
[5.625s] -- Up-to-date: /home/gdtr/ros2/colcon_mk/install/action_demo/lib/action_demo/action_server
[5.626s] -- Installing: /home/gdtr/ros2/colcon_mk/install/action_demo/lib/action_demo/action_client
[5.630s] -- Set runtime path of "/home/gdtr/ros2/colcon_mk/install/action_demo/lib/action_demo/action_client" to ""
[5.631s] -- Up-to-date: /home/gdtr/ros2/colcon_mk/install/action_demo/share/ament_index/resource_index/package_run_dependencies/action_demo
[5.631s] -- Up-to-date: /home/gdtr/ros2/colcon_mk/install/action_demo/share/ament_index/resource_index/parent_prefix_path/action_demo
[5.631s] -- Up-to-date: /home/gdtr/ros2/colcon_mk/install/action_demo/share/action_demo/environment/ament_prefix_path.sh
[5.632s] -- Up-to-date: /home/gdtr/ros2/colcon_mk/install/action_demo/share/action_demo/environment/ament_prefix_path.dsv
[5.632s] -- Up-to-date: /home/gdtr/ros2/colcon_mk/install/action_demo/share/action_demo/environment/path.sh
[5.633s] -- Up-to-date: /home/gdtr/ros2/colcon_mk/install/action_demo/share/action_demo/environment/path.dsv
[5.633s] -- Up-to-date: /home/gdtr/ros2/colcon_mk/install/action_demo/share/action_demo/local_setup.bash
[5.633s] -- Up-to-date: /home/gdtr/ros2/colcon_mk/install/action_demo/share/action_demo/local_setup.sh
[5.634s] -- Up-to-date: /home/gdtr/ros2/colcon_mk/install/action_demo/share/action_demo/local_setup.zsh
[5.634s] -- Up-to-date: /home/gdtr/ros2/colcon_mk/install/action_demo/share/action_demo/local_setup.dsv
[5.634s] -- Installing: /home/gdtr/ros2/colcon_mk/install/action_demo/share/action_demo/package.dsv
[5.635s] -- Up-to-date: /home/gdtr/ros2/colcon_mk/install/action_demo/share/ament_index/resource_index/packages/action_demo
[5.635s] -- Up-to-date: /home/gdtr/ros2/colcon_mk/install/action_demo/share/action_demo/cmake/action_demoConfig.cmake
[5.635s] -- Up-to-date: /home/gdtr/ros2/colcon_mk/install/action_demo/share/action_demo/cmake/action_demoConfig-version.cmake
[5.635s] -- Up-to-date: /home/gdtr/ros2/colcon_mk/install/action_demo/share/action_demo/package.xml
[5.639s] Invoked command in '/home/gdtr/ros2/colcon_mk/build/action_demo' returned '0': CMAKE_PREFIX_PATH=/home/gdtr/ros2/colcon_mk/install/plumbing_interface_demo:/home/gdtr/ros2/colcon_mk/install/action_demo:/home/gdtr/ros2/colcon_mk/install/topic_demo:/home/gdtr/ros2/colcon_mk/install/service_demo_py:/home/gdtr/ros2/colcon_mk/install/service_demo:/home/gdtr/ros2/colcon_mk/install/hello_world_node:/home/gdtr/ros2/colcon_mk/install/topic_demo_py:/opt/ros/rolling /usr/bin/cmake --install /home/gdtr/ros2/colcon_mk/build/action_demo
