running egg_info
creating ../../build/action_demo_py/action_demo_py.egg-info
writing ../../build/action_demo_py/action_demo_py.egg-info/PKG-INFO
writing dependency_links to ../../build/action_demo_py/action_demo_py.egg-info/dependency_links.txt
writing entry points to ../../build/action_demo_py/action_demo_py.egg-info/entry_points.txt
writing requirements to ../../build/action_demo_py/action_demo_py.egg-info/requires.txt
writing top-level names to ../../build/action_demo_py/action_demo_py.egg-info/top_level.txt
writing manifest file '../../build/action_demo_py/action_demo_py.egg-info/SOURCES.txt'
reading manifest file '../../build/action_demo_py/action_demo_py.egg-info/SOURCES.txt'
writing manifest file '../../build/action_demo_py/action_demo_py.egg-info/SOURCES.txt'
running build
running build_py
creating /home/gdtr/ros2/colcon_mk/build/action_demo_py/build
creating /home/gdtr/ros2/colcon_mk/build/action_demo_py/build/lib
creating /home/gdtr/ros2/colcon_mk/build/action_demo_py/build/lib/action_demo_py
copying action_demo_py/action_server_py.py -> /home/gdtr/ros2/colcon_mk/build/action_demo_py/build/lib/action_demo_py
copying action_demo_py/__init__.py -> /home/gdtr/ros2/colcon_mk/build/action_demo_py/build/lib/action_demo_py
running install
running install_lib
creating /home/gdtr/ros2/colcon_mk/install/action_demo_py/lib/python3.10/site-packages/action_demo_py
copying /home/gdtr/ros2/colcon_mk/build/action_demo_py/build/lib/action_demo_py/action_server_py.py -> /home/gdtr/ros2/colcon_mk/install/action_demo_py/lib/python3.10/site-packages/action_demo_py
copying /home/gdtr/ros2/colcon_mk/build/action_demo_py/build/lib/action_demo_py/__init__.py -> /home/gdtr/ros2/colcon_mk/install/action_demo_py/lib/python3.10/site-packages/action_demo_py
byte-compiling /home/gdtr/ros2/colcon_mk/install/action_demo_py/lib/python3.10/site-packages/action_demo_py/action_server_py.py to action_server_py.cpython-310.pyc
byte-compiling /home/gdtr/ros2/colcon_mk/install/action_demo_py/lib/python3.10/site-packages/action_demo_py/__init__.py to __init__.cpython-310.pyc
running install_data
creating /home/gdtr/ros2/colcon_mk/install/action_demo_py/share/ament_index
creating /home/gdtr/ros2/colcon_mk/install/action_demo_py/share/ament_index/resource_index
creating /home/gdtr/ros2/colcon_mk/install/action_demo_py/share/ament_index/resource_index/packages
copying resource/action_demo_py -> /home/gdtr/ros2/colcon_mk/install/action_demo_py/share/ament_index/resource_index/packages
copying package.xml -> /home/gdtr/ros2/colcon_mk/install/action_demo_py/share/action_demo_py
running install_egg_info
Copying ../../build/action_demo_py/action_demo_py.egg-info to /home/gdtr/ros2/colcon_mk/install/action_demo_py/lib/python3.10/site-packages/action_demo_py-0.0.0-py3.10.egg-info
running install_scripts
Installing action_server_py script to /home/gdtr/ros2/colcon_mk/install/action_demo_py/lib/action_demo_py
writing list of installed files to '/home/gdtr/ros2/colcon_mk/build/action_demo_py/install.log'
