[0.013s] Invoking command in '/home/gdtr/ros2/colcon_mk/build/launch_demo': CMAKE_PREFIX_PATH=/opt/ros/rolling /usr/bin/cmake --build /home/gdtr/ros2/colcon_mk/build/launch_demo -- -j8 -l8
[0.070s] [100%] Built target exec_multiName
[0.081s] Invoked command in '/home/gdtr/ros2/colcon_mk/build/launch_demo' returned '0': CMAKE_PREFIX_PATH=/opt/ros/rolling /usr/bin/cmake --build /home/gdtr/ros2/colcon_mk/build/launch_demo -- -j8 -l8
[0.116s] Invoking command in '/home/gdtr/ros2/colcon_mk/build/launch_demo': CMAKE_PREFIX_PATH=/opt/ros/rolling /usr/bin/cmake --install /home/gdtr/ros2/colcon_mk/build/launch_demo
[0.125s] -- Install configuration: ""
[0.125s] -- Up-to-date: /home/gdtr/ros2/colcon_mk/install/launch_demo/lib/launch_demo/exec_multiName
[0.126s] -- Up-to-date: /home/gdtr/ros2/colcon_mk/install/launch_demo/share/launch_demo/launch
[0.126s] -- Installing: /home/gdtr/ros2/colcon_mk/install/launch_demo/share/launch_demo/launch/launch_demo.py
[0.126s] -- Up-to-date: /home/gdtr/ros2/colcon_mk/install/launch_demo/share/ament_index/resource_index/package_run_dependencies/launch_demo
[0.126s] -- Up-to-date: /home/gdtr/ros2/colcon_mk/install/launch_demo/share/ament_index/resource_index/parent_prefix_path/launch_demo
[0.126s] -- Up-to-date: /home/gdtr/ros2/colcon_mk/install/launch_demo/share/launch_demo/environment/ament_prefix_path.sh
[0.126s] -- Up-to-date: /home/gdtr/ros2/colcon_mk/install/launch_demo/share/launch_demo/environment/ament_prefix_path.dsv
[0.127s] -- Up-to-date: /home/gdtr/ros2/colcon_mk/install/launch_demo/share/launch_demo/environment/path.sh
[0.127s] -- Up-to-date: /home/gdtr/ros2/colcon_mk/install/launch_demo/share/launch_demo/environment/path.dsv
[0.127s] -- Up-to-date: /home/gdtr/ros2/colcon_mk/install/launch_demo/share/launch_demo/local_setup.bash
[0.127s] -- Up-to-date: /home/gdtr/ros2/colcon_mk/install/launch_demo/share/launch_demo/local_setup.sh
[0.127s] -- Up-to-date: /home/gdtr/ros2/colcon_mk/install/launch_demo/share/launch_demo/local_setup.zsh
[0.127s] -- Up-to-date: /home/gdtr/ros2/colcon_mk/install/launch_demo/share/launch_demo/local_setup.dsv
[0.127s] -- Installing: /home/gdtr/ros2/colcon_mk/install/launch_demo/share/launch_demo/package.dsv
[0.127s] -- Up-to-date: /home/gdtr/ros2/colcon_mk/install/launch_demo/share/ament_index/resource_index/packages/launch_demo
[0.128s] -- Up-to-date: /home/gdtr/ros2/colcon_mk/install/launch_demo/share/launch_demo/cmake/launch_demoConfig.cmake
[0.128s] -- Up-to-date: /home/gdtr/ros2/colcon_mk/install/launch_demo/share/launch_demo/cmake/launch_demoConfig-version.cmake
[0.128s] -- Up-to-date: /home/gdtr/ros2/colcon_mk/install/launch_demo/share/launch_demo/package.xml
[0.129s] Invoked command in '/home/gdtr/ros2/colcon_mk/build/launch_demo' returned '0': CMAKE_PREFIX_PATH=/opt/ros/rolling /usr/bin/cmake --install /home/gdtr/ros2/colcon_mk/build/launch_demo
