[35m[1mConsolidate compiler generated dependencies of target param_demo0[0m
[35m[1mConsolidate compiler generated dependencies of target param_server[0m
[ 33%] Built target param_client
[ 66%] Built target param_demo0
[ 83%] [32mBuilding CXX object CMakeFiles/param_server.dir/src/param_server.cpp.o[0m
[100%] [32m[1mLinking CXX executable param_server[0m
[100%] Built target param_server
-- Install configuration: ""
-- Installing: /home/gdtr/ros2/colcon_mk/install/paramter_demo/lib/paramter_demo/param_demo0
-- Set runtime path of "/home/gdtr/ros2/colcon_mk/install/paramter_demo/lib/paramter_demo/param_demo0" to ""
-- Installing: /home/gdtr/ros2/colcon_mk/install/paramter_demo/lib/paramter_demo/param_server
-- Set runtime path of "/home/gdtr/ros2/colcon_mk/install/paramter_demo/lib/paramter_demo/param_server" to ""
-- Up-to-date: /home/gdtr/ros2/colcon_mk/install/paramter_demo/lib/paramter_demo/param_client
-- Up-to-date: /home/gdtr/ros2/colcon_mk/install/paramter_demo/share/ament_index/resource_index/package_run_dependencies/paramter_demo
-- Up-to-date: /home/gdtr/ros2/colcon_mk/install/paramter_demo/share/ament_index/resource_index/parent_prefix_path/paramter_demo
-- Up-to-date: /home/gdtr/ros2/colcon_mk/install/paramter_demo/share/paramter_demo/environment/ament_prefix_path.sh
-- Up-to-date: /home/gdtr/ros2/colcon_mk/install/paramter_demo/share/paramter_demo/environment/ament_prefix_path.dsv
-- Up-to-date: /home/gdtr/ros2/colcon_mk/install/paramter_demo/share/paramter_demo/environment/path.sh
-- Up-to-date: /home/gdtr/ros2/colcon_mk/install/paramter_demo/share/paramter_demo/environment/path.dsv
-- Up-to-date: /home/gdtr/ros2/colcon_mk/install/paramter_demo/share/paramter_demo/local_setup.bash
-- Up-to-date: /home/gdtr/ros2/colcon_mk/install/paramter_demo/share/paramter_demo/local_setup.sh
-- Up-to-date: /home/gdtr/ros2/colcon_mk/install/paramter_demo/share/paramter_demo/local_setup.zsh
-- Up-to-date: /home/gdtr/ros2/colcon_mk/install/paramter_demo/share/paramter_demo/local_setup.dsv
-- Installing: /home/gdtr/ros2/colcon_mk/install/paramter_demo/share/paramter_demo/package.dsv
-- Up-to-date: /home/gdtr/ros2/colcon_mk/install/paramter_demo/share/ament_index/resource_index/packages/paramter_demo
-- Up-to-date: /home/gdtr/ros2/colcon_mk/install/paramter_demo/share/paramter_demo/cmake/paramter_demoConfig.cmake
-- Up-to-date: /home/gdtr/ros2/colcon_mk/install/paramter_demo/share/paramter_demo/cmake/paramter_demoConfig-version.cmake
-- Up-to-date: /home/gdtr/ros2/colcon_mk/install/paramter_demo/share/paramter_demo/package.xml
