running egg_info
creating ../../build/launch_demo_py/launch_demo_py.egg-info
writing ../../build/launch_demo_py/launch_demo_py.egg-info/PKG-INFO
writing dependency_links to ../../build/launch_demo_py/launch_demo_py.egg-info/dependency_links.txt
writing entry points to ../../build/launch_demo_py/launch_demo_py.egg-info/entry_points.txt
writing requirements to ../../build/launch_demo_py/launch_demo_py.egg-info/requires.txt
writing top-level names to ../../build/launch_demo_py/launch_demo_py.egg-info/top_level.txt
writing manifest file '../../build/launch_demo_py/launch_demo_py.egg-info/SOURCES.txt'
reading manifest file '../../build/launch_demo_py/launch_demo_py.egg-info/SOURCES.txt'
writing manifest file '../../build/launch_demo_py/launch_demo_py.egg-info/SOURCES.txt'
running build
running build_py
creating /home/gdtr/ros2/colcon_mk/build/launch_demo_py/build
creating /home/gdtr/ros2/colcon_mk/build/launch_demo_py/build/lib
creating /home/gdtr/ros2/colcon_mk/build/launch_demo_py/build/lib/launch_demo_py
copying launch_demo_py/__init__.py -> /home/gdtr/ros2/colcon_mk/build/launch_demo_py/build/lib/launch_demo_py
running install
running install_lib
creating /home/gdtr/ros2/colcon_mk/install/launch_demo_py/lib/python3.10/site-packages/launch_demo_py
copying /home/gdtr/ros2/colcon_mk/build/launch_demo_py/build/lib/launch_demo_py/__init__.py -> /home/gdtr/ros2/colcon_mk/install/launch_demo_py/lib/python3.10/site-packages/launch_demo_py
byte-compiling /home/gdtr/ros2/colcon_mk/install/launch_demo_py/lib/python3.10/site-packages/launch_demo_py/__init__.py to __init__.cpython-310.pyc
running install_data
creating /home/gdtr/ros2/colcon_mk/install/launch_demo_py/share/ament_index
creating /home/gdtr/ros2/colcon_mk/install/launch_demo_py/share/ament_index/resource_index
creating /home/gdtr/ros2/colcon_mk/install/launch_demo_py/share/ament_index/resource_index/packages
copying resource/launch_demo_py -> /home/gdtr/ros2/colcon_mk/install/launch_demo_py/share/ament_index/resource_index/packages
copying package.xml -> /home/gdtr/ros2/colcon_mk/install/launch_demo_py/share/launch_demo_py
