-- The C compiler identification is GNU 11.3.0
-- The CXX compiler identification is GNU 11.3.0
-- Detecting C compiler ABI info
-- Detecting C compiler ABI info - done
-- Check for working C compiler: /usr/bin/cc - skipped
-- Detecting C compile features
-- Detecting C compile features - done
-- Detecting CXX compiler ABI info
-- Detecting CXX compiler ABI info - done
-- Check for working CXX compiler: /usr/bin/c++ - skipped
-- Detecting CXX compile features
-- Detecting CXX compile features - done
-- Found ament_cmake: 1.5.2 (/opt/ros/rolling/share/ament_cmake/cmake)
-- Found Python3: /usr/bin/python3.10 (found version "3.10.6") found components: Interpreter 
-- Found rclcpp: 19.0.0 (/opt/ros/rolling/share/rclcpp/cmake)
-- Found rosidl_generator_c: 3.3.1 (/opt/ros/rolling/share/rosidl_generator_c/cmake)
-- Found rosidl_generator_cpp: 3.3.1 (/opt/ros/rolling/share/rosidl_generator_cpp/cmake)
-- Using all available rosidl_typesupport_c: rosidl_typesupport_fastrtps_c;rosidl_typesupport_introspection_c
-- Using all available rosidl_typesupport_cpp: rosidl_typesupport_fastrtps_cpp;rosidl_typesupport_introspection_cpp
-- Found rmw_implementation_cmake: 6.4.0 (/opt/ros/rolling/share/rmw_implementation_cmake/cmake)
-- Found rmw_fastrtps_cpp: 6.5.0 (/opt/ros/rolling/share/rmw_fastrtps_cpp/cmake)
-- Found OpenSSL: /usr/lib/x86_64-linux-gnu/libcrypto.so (found version "3.0.2")  
-- Found FastRTPS: /opt/ros/rolling/include  
-- Using RMW implementation 'rmw_fastrtps_cpp' as default
-- Looking for pthread.h
-- Looking for pthread.h - found
-- Performing Test CMAKE_HAVE_LIBC_PTHREAD
-- Performing Test CMAKE_HAVE_LIBC_PTHREAD - Success
-- Found Threads: TRUE  
-- Found plumbing_interface_demo: 0.0.0 (/home/gdtr/ros2/colcon_mk/install/plumbing_interface_demo/share/plumbing_interface_demo/cmake)
-- Found ament_lint_auto: 0.13.2 (/opt/ros/rolling/share/ament_lint_auto/cmake)
-- Added test 'cppcheck' to perform static code analysis on C / C++ code
-- Configured cppcheck include dirs: $<BUILD_INTERFACE:/home/gdtr/ros2/colcon_mk/src/service_demo_py/include>
-- Configured cppcheck exclude dirs and/or files: 
-- Added test 'lint_cmake' to check CMake code style
-- Added test 'uncrustify' to check C / C++ code style
-- Configured uncrustify additional arguments: 
-- Added test 'xmllint' to check XML markup files
-- Configuring done
-- Generating done
-- Build files have been written to: /home/gdtr/ros2/colcon_mk/build/service_demo_py
[ 50%] [32mBuilding CXX object CMakeFiles/service_server_py.dir/src/service_server_py.cpp.o[0m
[100%] [32m[1mLinking CXX executable service_server_py[0m
[100%] Built target service_server_py
-- Install configuration: ""
-- Installing: /home/gdtr/ros2/colcon_mk/install/service_demo_py/lib/service_demo_py/service_server_py
-- Set runtime path of "/home/gdtr/ros2/colcon_mk/install/service_demo_py/lib/service_demo_py/service_server_py" to ""
-- Installing: /home/gdtr/ros2/colcon_mk/install/service_demo_py/share/ament_index/resource_index/package_run_dependencies/service_demo_py
-- Installing: /home/gdtr/ros2/colcon_mk/install/service_demo_py/share/ament_index/resource_index/parent_prefix_path/service_demo_py
-- Installing: /home/gdtr/ros2/colcon_mk/install/service_demo_py/share/service_demo_py/environment/ament_prefix_path.sh
-- Installing: /home/gdtr/ros2/colcon_mk/install/service_demo_py/share/service_demo_py/environment/ament_prefix_path.dsv
-- Installing: /home/gdtr/ros2/colcon_mk/install/service_demo_py/share/service_demo_py/environment/path.sh
-- Installing: /home/gdtr/ros2/colcon_mk/install/service_demo_py/share/service_demo_py/environment/path.dsv
-- Installing: /home/gdtr/ros2/colcon_mk/install/service_demo_py/share/service_demo_py/local_setup.bash
-- Installing: /home/gdtr/ros2/colcon_mk/install/service_demo_py/share/service_demo_py/local_setup.sh
-- Installing: /home/gdtr/ros2/colcon_mk/install/service_demo_py/share/service_demo_py/local_setup.zsh
-- Installing: /home/gdtr/ros2/colcon_mk/install/service_demo_py/share/service_demo_py/local_setup.dsv
-- Installing: /home/gdtr/ros2/colcon_mk/install/service_demo_py/share/service_demo_py/package.dsv
-- Installing: /home/gdtr/ros2/colcon_mk/install/service_demo_py/share/ament_index/resource_index/packages/service_demo_py
-- Installing: /home/gdtr/ros2/colcon_mk/install/service_demo_py/share/service_demo_py/cmake/service_demo_pyConfig.cmake
-- Installing: /home/gdtr/ros2/colcon_mk/install/service_demo_py/share/service_demo_py/cmake/service_demo_pyConfig-version.cmake
-- Installing: /home/gdtr/ros2/colcon_mk/install/service_demo_py/share/service_demo_py/package.xml
