[0.050s] Invoking command in '/home/gdtr/ros2/colcon_mk/build/service_demo_py': CMAKE_PREFIX_PATH=${CMAKE_PREFIX_PATH}:/opt/ros/rolling /usr/bin/cmake /home/gdtr/ros2/colcon_mk/src/service_demo_py -DCMAKE_INSTALL_PREFIX=/home/gdtr/ros2/colcon_mk/install/service_demo_py
[0.202s] -- The C compiler identification is GNU 11.3.0
[0.368s] -- The CXX compiler identification is GNU 11.3.0
[0.382s] -- Detecting C compiler ABI info
[0.649s] -- Detecting C compiler ABI info - done
[0.672s] -- Check for working C compiler: /usr/bin/cc - skipped
[0.672s] -- Detecting C compile features
[0.673s] -- Detecting C compile features - done
[0.679s] -- Detecting CXX compiler ABI info
[0.982s] -- Detecting CXX compiler ABI info - done
[1.026s] -- Check for working CXX compiler: /usr/bin/c++ - skipped
[1.026s] -- Detecting CXX compile features
[1.028s] -- Detecting CXX compile features - done
[1.038s] -- Found ament_cmake: 1.5.2 (/opt/ros/rolling/share/ament_cmake/cmake)
[1.973s] -- Found Python3: /usr/bin/python3.10 (found version "3.10.6") found components: Interpreter 
[2.491s] -- Found rclcpp: 19.0.0 (/opt/ros/rolling/share/rclcpp/cmake)
[2.580s] -- Found rosidl_generator_c: 3.3.1 (/opt/ros/rolling/share/rosidl_generator_c/cmake)
[2.593s] -- Found rosidl_generator_cpp: 3.3.1 (/opt/ros/rolling/share/rosidl_generator_cpp/cmake)
[2.610s] -- Using all available rosidl_typesupport_c: rosidl_typesupport_fastrtps_c;rosidl_typesupport_introspection_c
[2.653s] -- Using all available rosidl_typesupport_cpp: rosidl_typesupport_fastrtps_cpp;rosidl_typesupport_introspection_cpp
[2.775s] -- Found rmw_implementation_cmake: 6.4.0 (/opt/ros/rolling/share/rmw_implementation_cmake/cmake)
[2.779s] -- Found rmw_fastrtps_cpp: 6.5.0 (/opt/ros/rolling/share/rmw_fastrtps_cpp/cmake)
[3.019s] -- Found OpenSSL: /usr/lib/x86_64-linux-gnu/libcrypto.so (found version "3.0.2")  
[3.108s] -- Found FastRTPS: /opt/ros/rolling/include  
[3.249s] -- Using RMW implementation 'rmw_fastrtps_cpp' as default
[3.281s] -- Looking for pthread.h
[3.719s] -- Looking for pthread.h - found
[3.721s] -- Performing Test CMAKE_HAVE_LIBC_PTHREAD
[4.090s] -- Performing Test CMAKE_HAVE_LIBC_PTHREAD - Success
[4.094s] -- Found Threads: TRUE  
[4.472s] -- Found plumbing_interface_demo: 0.0.0 (/home/gdtr/ros2/colcon_mk/install/plumbing_interface_demo/share/plumbing_interface_demo/cmake)
[4.519s] -- Found ament_lint_auto: 0.13.2 (/opt/ros/rolling/share/ament_lint_auto/cmake)
[4.744s] -- Added test 'cppcheck' to perform static code analysis on C / C++ code
[4.744s] -- Configured cppcheck include dirs: $<BUILD_INTERFACE:/home/gdtr/ros2/colcon_mk/src/service_demo_py/include>
[4.744s] -- Configured cppcheck exclude dirs and/or files: 
[4.746s] -- Added test 'lint_cmake' to check CMake code style
[4.749s] -- Added test 'uncrustify' to check C / C++ code style
[4.749s] -- Configured uncrustify additional arguments: 
[4.750s] -- Added test 'xmllint' to check XML markup files
[4.756s] -- Configuring done
[4.773s] -- Generating done
[4.776s] -- Build files have been written to: /home/gdtr/ros2/colcon_mk/build/service_demo_py
[4.803s] Invoked command in '/home/gdtr/ros2/colcon_mk/build/service_demo_py' returned '0': CMAKE_PREFIX_PATH=${CMAKE_PREFIX_PATH}:/opt/ros/rolling /usr/bin/cmake /home/gdtr/ros2/colcon_mk/src/service_demo_py -DCMAKE_INSTALL_PREFIX=/home/gdtr/ros2/colcon_mk/install/service_demo_py
[4.806s] Invoking command in '/home/gdtr/ros2/colcon_mk/build/service_demo_py': CMAKE_PREFIX_PATH=${CMAKE_PREFIX_PATH}:/opt/ros/rolling /usr/bin/cmake --build /home/gdtr/ros2/colcon_mk/build/service_demo_py -- -j8 -l8
[4.909s] [ 50%] [32mBuilding CXX object CMakeFiles/service_server_py.dir/src/service_server_py.cpp.o[0m
[5.033s] [100%] [32m[1mLinking CXX executable service_server_py[0m
[5.282s] [100%] Built target service_server_py
[5.324s] Invoked command in '/home/gdtr/ros2/colcon_mk/build/service_demo_py' returned '0': CMAKE_PREFIX_PATH=${CMAKE_PREFIX_PATH}:/opt/ros/rolling /usr/bin/cmake --build /home/gdtr/ros2/colcon_mk/build/service_demo_py -- -j8 -l8
[5.415s] Invoking command in '/home/gdtr/ros2/colcon_mk/build/service_demo_py': CMAKE_PREFIX_PATH=${CMAKE_PREFIX_PATH}:/opt/ros/rolling /usr/bin/cmake --install /home/gdtr/ros2/colcon_mk/build/service_demo_py
[5.437s] -- Install configuration: ""
[5.437s] -- Installing: /home/gdtr/ros2/colcon_mk/install/service_demo_py/lib/service_demo_py/service_server_py
[5.442s] -- Set runtime path of "/home/gdtr/ros2/colcon_mk/install/service_demo_py/lib/service_demo_py/service_server_py" to ""
[5.442s] -- Installing: /home/gdtr/ros2/colcon_mk/install/service_demo_py/share/ament_index/resource_index/package_run_dependencies/service_demo_py
[5.443s] -- Installing: /home/gdtr/ros2/colcon_mk/install/service_demo_py/share/ament_index/resource_index/parent_prefix_path/service_demo_py
[5.444s] -- Installing: /home/gdtr/ros2/colcon_mk/install/service_demo_py/share/service_demo_py/environment/ament_prefix_path.sh
[5.448s] -- Installing: /home/gdtr/ros2/colcon_mk/install/service_demo_py/share/service_demo_py/environment/ament_prefix_path.dsv
[5.449s] -- Installing: /home/gdtr/ros2/colcon_mk/install/service_demo_py/share/service_demo_py/environment/path.sh
[5.449s] -- Installing: /home/gdtr/ros2/colcon_mk/install/service_demo_py/share/service_demo_py/environment/path.dsv
[5.450s] -- Installing: /home/gdtr/ros2/colcon_mk/install/service_demo_py/share/service_demo_py/local_setup.bash
[5.450s] -- Installing: /home/gdtr/ros2/colcon_mk/install/service_demo_py/share/service_demo_py/local_setup.sh
[5.451s] -- Installing: /home/gdtr/ros2/colcon_mk/install/service_demo_py/share/service_demo_py/local_setup.zsh
[5.451s] -- Installing: /home/gdtr/ros2/colcon_mk/install/service_demo_py/share/service_demo_py/local_setup.dsv
[5.451s] -- Installing: /home/gdtr/ros2/colcon_mk/install/service_demo_py/share/service_demo_py/package.dsv
[5.451s] -- Installing: /home/gdtr/ros2/colcon_mk/install/service_demo_py/share/ament_index/resource_index/packages/service_demo_py
[5.452s] -- Installing: /home/gdtr/ros2/colcon_mk/install/service_demo_py/share/service_demo_py/cmake/service_demo_pyConfig.cmake
[5.457s] -- Installing: /home/gdtr/ros2/colcon_mk/install/service_demo_py/share/service_demo_py/cmake/service_demo_pyConfig-version.cmake
[5.462s] -- Installing: /home/gdtr/ros2/colcon_mk/install/service_demo_py/share/service_demo_py/package.xml
[5.475s] Invoked command in '/home/gdtr/ros2/colcon_mk/build/service_demo_py' returned '0': CMAKE_PREFIX_PATH=${CMAKE_PREFIX_PATH}:/opt/ros/rolling /usr/bin/cmake --install /home/gdtr/ros2/colcon_mk/build/service_demo_py
