[0.018s] Invoking command in '/home/gdtr/ros2/colcon_mk/build/topic_demo': CMAKE_PREFIX_PATH=/home/gdtr/ros2/colcon_mk/install/plumbing_interface_demo:/home/gdtr/ros2/colcon_mk/install/topic_talker_demo:/home/gdtr/ros2/colcon_mk/install/plumbing_demo:/home/gdtr/ros2/colcon_mk/install/hello_world_node:/opt/ros/rolling /usr/bin/cmake --build /home/gdtr/ros2/colcon_mk/build/topic_demo -- -j8 -l8
[0.053s] -- Found ament_cmake: 1.5.2 (/opt/ros/rolling/share/ament_cmake/cmake)
[0.257s] -- Found rclcpp: 19.0.0 (/opt/ros/rolling/share/rclcpp/cmake)
[0.299s] -- Found rosidl_generator_c: 3.3.1 (/opt/ros/rolling/share/rosidl_generator_c/cmake)
[0.308s] -- Found rosidl_generator_cpp: 3.3.1 (/opt/ros/rolling/share/rosidl_generator_cpp/cmake)
[0.323s] -- Using all available rosidl_typesupport_c: rosidl_typesupport_fastrtps_c;rosidl_typesupport_introspection_c
[0.343s] -- Using all available rosidl_typesupport_cpp: rosidl_typesupport_fastrtps_cpp;rosidl_typesupport_introspection_cpp
[0.426s] -- Found rmw_implementation_cmake: 6.4.0 (/opt/ros/rolling/share/rmw_implementation_cmake/cmake)
[0.428s] -- Found rmw_fastrtps_cpp: 6.5.0 (/opt/ros/rolling/share/rmw_fastrtps_cpp/cmake)
[0.654s] -- Using RMW implementation 'rmw_fastrtps_cpp' as default
[0.829s] -- Found std_msgs: 4.6.1 (/opt/ros/rolling/share/std_msgs/cmake)
[0.881s] -- Found plumbing_interface_demo: 0.0.0 (/home/gdtr/ros2/colcon_mk/install/plumbing_interface_demo/share/plumbing_interface_demo/cmake)
[0.883s] -- Found ament_lint_auto: 0.13.2 (/opt/ros/rolling/share/ament_lint_auto/cmake)
[0.988s] -- Added test 'cppcheck' to perform static code analysis on C / C++ code
[0.988s] -- Configured cppcheck include dirs: $<BUILD_INTERFACE:/home/gdtr/ros2/colcon_mk/src/topic_demo/include>
[0.988s] -- Configured cppcheck exclude dirs and/or files: 
[0.989s] -- Added test 'lint_cmake' to check CMake code style
[0.990s] -- Added test 'uncrustify' to check C / C++ code style
[0.990s] -- Configured uncrustify additional arguments: 
[0.991s] -- Added test 'xmllint' to check XML markup files
[0.994s] -- Configuring done
[1.014s] -- Generating done
[1.016s] -- Build files have been written to: /home/gdtr/ros2/colcon_mk/build/topic_demo
[1.058s] [35m[1mConsolidate compiler generated dependencies of target topic_talker[0m
[1.063s] [ 25%] [32mBuilding CXX object CMakeFiles/topic_listener.dir/src/topic_listener.cpp.o[0m
[1.079s] [ 75%] Built target topic_talker
[4.429s] [100%] [32m[1mLinking CXX executable topic_listener[0m
[4.576s] [100%] Built target topic_listener
[4.592s] Invoked command in '/home/gdtr/ros2/colcon_mk/build/topic_demo' returned '0': CMAKE_PREFIX_PATH=/home/gdtr/ros2/colcon_mk/install/plumbing_interface_demo:/home/gdtr/ros2/colcon_mk/install/topic_talker_demo:/home/gdtr/ros2/colcon_mk/install/plumbing_demo:/home/gdtr/ros2/colcon_mk/install/hello_world_node:/opt/ros/rolling /usr/bin/cmake --build /home/gdtr/ros2/colcon_mk/build/topic_demo -- -j8 -l8
[4.632s] Invoking command in '/home/gdtr/ros2/colcon_mk/build/topic_demo': CMAKE_PREFIX_PATH=/home/gdtr/ros2/colcon_mk/install/plumbing_interface_demo:/home/gdtr/ros2/colcon_mk/install/topic_talker_demo:/home/gdtr/ros2/colcon_mk/install/plumbing_demo:/home/gdtr/ros2/colcon_mk/install/hello_world_node:/opt/ros/rolling /usr/bin/cmake --install /home/gdtr/ros2/colcon_mk/build/topic_demo
[4.641s] -- Install configuration: ""
[4.641s] -- Up-to-date: /home/gdtr/ros2/colcon_mk/install/topic_demo/lib/topic_demo/topic_talker
[4.642s] -- Installing: /home/gdtr/ros2/colcon_mk/install/topic_demo/lib/topic_demo/topic_listener
[4.642s] -- Set runtime path of "/home/gdtr/ros2/colcon_mk/install/topic_demo/lib/topic_demo/topic_listener" to ""
[4.643s] -- Up-to-date: /home/gdtr/ros2/colcon_mk/install/topic_demo/share/ament_index/resource_index/package_run_dependencies/topic_demo
[4.643s] -- Up-to-date: /home/gdtr/ros2/colcon_mk/install/topic_demo/share/ament_index/resource_index/parent_prefix_path/topic_demo
[4.643s] -- Up-to-date: /home/gdtr/ros2/colcon_mk/install/topic_demo/share/topic_demo/environment/ament_prefix_path.sh
[4.643s] -- Installing: /home/gdtr/ros2/colcon_mk/install/topic_demo/share/topic_demo/environment/ament_prefix_path.dsv
[4.644s] -- Up-to-date: /home/gdtr/ros2/colcon_mk/install/topic_demo/share/topic_demo/environment/path.sh
[4.644s] -- Installing: /home/gdtr/ros2/colcon_mk/install/topic_demo/share/topic_demo/environment/path.dsv
[4.644s] -- Up-to-date: /home/gdtr/ros2/colcon_mk/install/topic_demo/share/topic_demo/local_setup.bash
[4.644s] -- Up-to-date: /home/gdtr/ros2/colcon_mk/install/topic_demo/share/topic_demo/local_setup.sh
[4.644s] -- Up-to-date: /home/gdtr/ros2/colcon_mk/install/topic_demo/share/topic_demo/local_setup.zsh
[4.645s] -- Installing: /home/gdtr/ros2/colcon_mk/install/topic_demo/share/topic_demo/local_setup.dsv
[4.645s] -- Installing: /home/gdtr/ros2/colcon_mk/install/topic_demo/share/topic_demo/package.dsv
[4.645s] -- Up-to-date: /home/gdtr/ros2/colcon_mk/install/topic_demo/share/ament_index/resource_index/packages/topic_demo
[4.645s] -- Up-to-date: /home/gdtr/ros2/colcon_mk/install/topic_demo/share/topic_demo/cmake/topic_demoConfig.cmake
[4.645s] -- Up-to-date: /home/gdtr/ros2/colcon_mk/install/topic_demo/share/topic_demo/cmake/topic_demoConfig-version.cmake
[4.645s] -- Up-to-date: /home/gdtr/ros2/colcon_mk/install/topic_demo/share/topic_demo/package.xml
[4.648s] Invoked command in '/home/gdtr/ros2/colcon_mk/build/topic_demo' returned '0': CMAKE_PREFIX_PATH=/home/gdtr/ros2/colcon_mk/install/plumbing_interface_demo:/home/gdtr/ros2/colcon_mk/install/topic_talker_demo:/home/gdtr/ros2/colcon_mk/install/plumbing_demo:/home/gdtr/ros2/colcon_mk/install/hello_world_node:/opt/ros/rolling /usr/bin/cmake --install /home/gdtr/ros2/colcon_mk/build/topic_demo
